#
# There is insufficient memory for the Java Runtime Environment to continue.
# Native memory allocation (malloc) failed to allocate 1708176 bytes. Error detail: Chunk::new
# Possible reasons:
#   The system is out of physical RAM or swap space
#   This process is running with CompressedOops enabled, and the Java Heap may be blocking the growth of the native heap
# Possible solutions:
#   Reduce memory load on the system
#   Increase physical memory or swap space
#   Check if swap backing store is full
#   Decrease Java heap size (-Xmx/-Xms)
#   Decrease number of Java threads
#   Decrease Java thread stack sizes (-Xss)
#   Set larger code cache with -XX:ReservedCodeCacheSize=
#   JVM is running with Unscaled Compressed Oops mode in which the Java heap is
#     placed in the first 4GB address space. The Java Heap base address is the
#     maximum limit for the native heap growth. Please use -XX:HeapBaseMinAddress
#     to set the Java Heap base and to place the Java Heap above 4GB virtual address.
# This output file may be truncated or incomplete.
#
#  Out of Memory Error (arena.cpp:168), pid=13984, tid=25208
#
# JRE version: OpenJDK Runtime Environment Temurin-21.0.10+7 (21.0.10+7) (build 21.0.10+7-LTS)
# Java VM: OpenJDK 64-Bit Server VM Temurin-21.0.10+7 (21.0.10+7-LTS, mixed mode, sharing, tiered, compressed oops, compressed class ptrs, parallel gc, windows-amd64)
# No core dump will be written. Minidumps are not enabled by default on client versions of Windows
#

---------------  S U M M A R Y ------------

Command Line: --add-modules=ALL-SYSTEM --add-opens=java.base/java.util=ALL-UNNAMED --add-opens=java.base/java.lang=ALL-UNNAMED --add-opens=java.base/sun.nio.fs=ALL-UNNAMED -Declipse.application=org.eclipse.jdt.ls.core.id1 -Dosgi.bundles.defaultStartLevel=4 -Declipse.product=org.eclipse.jdt.ls.core.product -Djava.import.generatesMetadataFilesAtProjectRoot=false -DDetectVMInstallationsJob.disabled=true -Dfile.encoding=utf8 -XX:+UseParallelGC -XX:GCTimeRatio=4 -XX:AdaptiveSizePolicyWeight=90 -Dsun.zip.disableMemoryMapping=true -Xmx2G -Xms100m -Xlog:disable -javaagent:c:\Users\Prova\.antigravity-ide\extensions\redhat.java-1.54.0-win32-x64\lombok\lombok-1.18.39-4050.jar -XX:+HeapDumpOnOutOfMemoryError -XX:HeapDumpPath=c:\Users\Prova\AppData\Roaming\Antigravity IDE\User\workspaceStorage\bf4ca5e79a2f26db4c188add9793b0df\redhat.java -Daether.dependencyCollector.impl=bf c:\Users\Prova\.antigravity-ide\extensions\redhat.java-1.54.0-win32-x64\server\plugins\org.eclipse.equinox.launcher_1.7.100.v20251111-0406.jar -configuration c:\Users\Prova\AppData\Roaming\Antigravity IDE\User\globalStorage\redhat.java\1.54.0\config_win -data c:\Users\Prova\AppData\Roaming\Antigravity IDE\User\workspaceStorage\bf4ca5e79a2f26db4c188add9793b0df\redhat.java\jdt_ws --pipe=\\.\pipe\lsp-aefdfa187eb3ba6bb6e198df9313f6c9-sock

Host: Intel(R) Core(TM) i5-8350U CPU @ 1.70GHz, 8 cores, 7G,  Windows 11 , 64 bit Build 26100 (10.0.26100.8521)
Time: Sun Jun 21 14:55:59 2026 W. Central Africa Standard Time elapsed time: 260.668505 seconds (0d 0h 4m 20s)

---------------  T H R E A D  ---------------

Current thread (0x0000014ba0a3f170):  JavaThread "C2 CompilerThread0" daemon [_thread_in_native, id=25208, stack(0x0000000ef7800000,0x0000000ef7900000) (1024K)]


Current CompileTask:
C2:260717 11911       4       lombok.core.AST::buildWithField (21 bytes)

Stack: [0x0000000ef7800000,0x0000000ef7900000]
Native frames: (J=compiled Java code, j=interpreted, Vv=VM code, C=native code)
V  [jvm.dll+0x6d7a39]
V  [jvm.dll+0x8b4b26]
V  [jvm.dll+0x8b70de]
V  [jvm.dll+0x8b77c3]
V  [jvm.dll+0x284346]
V  [jvm.dll+0xc66ed]
V  [jvm.dll+0xc6c31]
V  [jvm.dll+0x3bec01]
V  [jvm.dll+0x38b162]
V  [jvm.dll+0x38a5aa]
V  [jvm.dll+0x24c560]
V  [jvm.dll+0x24bb40]
V  [jvm.dll+0x1cb34e]
V  [jvm.dll+0x25b85d]
V  [jvm.dll+0x259dea]
V  [jvm.dll+0x3f857e]
V  [jvm.dll+0x85f59d]
V  [jvm.dll+0x6d626d]
C  [ucrtbase.dll+0x2cd30]
C  [KERNEL32.DLL+0x2e957]
C  [ntdll.dll+0x87c1c]


---------------  P R O C E S S  ---------------

Threads class SMR info:
_java_thread_list=0x0000014b806b09e0, length=54, elements={
0x0000014b9e6f9030, 0x0000014ba0a31100, 0x0000014ba0a351d0, 0x0000014ba0a36990,
0x0000014ba0a373f0, 0x0000014ba0a392f0, 0x0000014ba0a3b210, 0x0000014ba0a3f170,
0x0000014ba0a6e700, 0x0000014bfe1d9fb0, 0x0000014bfe322910, 0x0000014bfe916c60,
0x0000014bfeb5a9e0, 0x0000014bfe9e3650, 0x0000014bfe6f7130, 0x0000014bff70e3f0,
0x0000014bfe0629f0, 0x0000014bfed90c60, 0x0000014b80258350, 0x0000014bfefe26d0,
0x0000014bffc99380, 0x0000014bffc98cf0, 0x0000014b803c0440, 0x0000014b803bf090,
0x0000014b803bfdb0, 0x0000014b803c0ad0, 0x0000014b803c1160, 0x0000014b803bdce0,
0x0000014b803c38c0, 0x0000014b803c2ba0, 0x0000014b803c3f50, 0x0000014b803c4c70,
0x0000014b803c1e80, 0x0000014b803c45e0, 0x0000014b803c5300, 0x0000014b803c2510,
0x0000014b81bc0330, 0x0000014b81bc1d70, 0x0000014b81bbf610, 0x0000014b81bc2400,
0x0000014b81bbef80, 0x0000014b81bc1050, 0x0000014b81bc09c0, 0x0000014b81bc16e0,
0x0000014b81bc2a90, 0x0000014b81bc3120, 0x0000014b81bbfca0, 0x0000014b81bc5880,
0x0000014b81bc3e40, 0x0000014b81bc5f10, 0x0000014b81bc44d0, 0x0000014b81bc4b60,
0x0000014b81bc51f0, 0x0000014b803be370
}

Java Threads: ( => current thread )
  0x0000014b9e6f9030 JavaThread "main"                              [_thread_blocked, id=11412, stack(0x0000000ef6e00000,0x0000000ef6f00000) (1024K)]
  0x0000014ba0a31100 JavaThread "Reference Handler"          daemon [_thread_blocked, id=27956, stack(0x0000000ef7200000,0x0000000ef7300000) (1024K)]
  0x0000014ba0a351d0 JavaThread "Finalizer"                  daemon [_thread_blocked, id=14548, stack(0x0000000ef7300000,0x0000000ef7400000) (1024K)]
  0x0000014ba0a36990 JavaThread "Signal Dispatcher"          daemon [_thread_blocked, id=17584, stack(0x0000000ef7400000,0x0000000ef7500000) (1024K)]
  0x0000014ba0a373f0 JavaThread "Attach Listener"            daemon [_thread_blocked, id=9000, stack(0x0000000ef7500000,0x0000000ef7600000) (1024K)]
  0x0000014ba0a392f0 JavaThread "Service Thread"             daemon [_thread_blocked, id=26948, stack(0x0000000ef7600000,0x0000000ef7700000) (1024K)]
  0x0000014ba0a3b210 JavaThread "Monitor Deflation Thread"   daemon [_thread_blocked, id=29628, stack(0x0000000ef7700000,0x0000000ef7800000) (1024K)]
=>0x0000014ba0a3f170 JavaThread "C2 CompilerThread0"         daemon [_thread_in_native, id=25208, stack(0x0000000ef7800000,0x0000000ef7900000) (1024K)]
  0x0000014ba0a6e700 JavaThread "C1 CompilerThread0"         daemon [_thread_in_native, id=29344, stack(0x0000000ef7900000,0x0000000ef7a00000) (1024K)]
  0x0000014bfe1d9fb0 JavaThread "Common-Cleaner"             daemon [_thread_blocked, id=8528, stack(0x0000000ef7a00000,0x0000000ef7b00000) (1024K)]
  0x0000014bfe322910 JavaThread "Notification Thread"        daemon [_thread_blocked, id=23788, stack(0x0000000ef7b00000,0x0000000ef7c00000) (1024K)]
  0x0000014bfe916c60 JavaThread "Active Thread: Equinox Container: b72ba949-749e-45cf-ab4f-439b15f11c5a"        [_thread_blocked, id=8812, stack(0x0000000ef8200000,0x0000000ef8300000) (1024K)]
  0x0000014bfeb5a9e0 JavaThread "Refresh Thread: Equinox Container: b72ba949-749e-45cf-ab4f-439b15f11c5a" daemon [_thread_blocked, id=18588, stack(0x0000000ef8400000,0x0000000ef8500000) (1024K)]
  0x0000014bfe9e3650 JavaThread "Framework Event Dispatcher: Equinox Container: b72ba949-749e-45cf-ab4f-439b15f11c5a" daemon [_thread_blocked, id=13040, stack(0x0000000ef8500000,0x0000000ef8600000) (1024K)]
  0x0000014bfe6f7130 JavaThread "Start Level: Equinox Container: b72ba949-749e-45cf-ab4f-439b15f11c5a" daemon [_thread_blocked, id=6340, stack(0x0000000ef8600000,0x0000000ef8700000) (1024K)]
  0x0000014bff70e3f0 JavaThread "Bundle File Closer"         daemon [_thread_blocked, id=21904, stack(0x0000000ef8800000,0x0000000ef8900000) (1024K)]
  0x0000014bfe0629f0 JavaThread "SCR Component Actor"        daemon [_thread_blocked, id=2928, stack(0x0000000ef6b00000,0x0000000ef6c00000) (1024K)]
  0x0000014bfed90c60 JavaThread "Worker-JM"                         [_thread_blocked, id=28428, stack(0x0000000ef6c00000,0x0000000ef6d00000) (1024K)]
  0x0000014b80258350 JavaThread "JNA Cleaner"                daemon [_thread_blocked, id=13260, stack(0x0000000ef8900000,0x0000000ef8a00000) (1024K)]
  0x0000014bfefe26d0 JavaThread "Worker-0: Initialize workspace"        [_thread_blocked, id=27684, stack(0x0000000ef8a00000,0x0000000ef8b00000) (1024K)]
  0x0000014bffc99380 JavaThread "Worker-1"                          [_thread_blocked, id=18724, stack(0x0000000ef8b00000,0x0000000ef8c00000) (1024K)]
  0x0000014bffc98cf0 JavaThread "Worker-4: Java indexing... "        [_thread_blocked, id=5440, stack(0x0000000ef8f00000,0x0000000ef9000000) (1024K)]
  0x0000014b803c0440 JavaThread "Java indexing"              daemon [_thread_in_native, id=21564, stack(0x0000000ef9000000,0x0000000ef9100000) (1024K)]
  0x0000014b803bf090 JavaThread "Worker-6: Building"                [_thread_in_native, id=21864, stack(0x0000000ef9400000,0x0000000ef9500000) (1024K)]
  0x0000014b803bfdb0 JavaThread "Thread-1"                   daemon [_thread_in_native, id=12336, stack(0x0000000ef8e00000,0x0000000ef8f00000) (1024K)]
  0x0000014b803c0ad0 JavaThread "Thread-2"                   daemon [_thread_in_native, id=1860, stack(0x0000000ef9600000,0x0000000ef9700000) (1024K)]
  0x0000014b803c1160 JavaThread "Thread-3"                   daemon [_thread_in_native, id=3452, stack(0x0000000ef9700000,0x0000000ef9800000) (1024K)]
  0x0000014b803bdce0 JavaThread "Thread-4"                   daemon [_thread_in_native, id=9428, stack(0x0000000ef9800000,0x0000000ef9900000) (1024K)]
  0x0000014b803c38c0 JavaThread "Thread-5"                   daemon [_thread_in_native, id=28728, stack(0x0000000ef9900000,0x0000000ef9a00000) (1024K)]
  0x0000014b803c2ba0 JavaThread "Thread-6"                   daemon [_thread_in_native, id=25364, stack(0x0000000ef9a00000,0x0000000ef9b00000) (1024K)]
  0x0000014b803c3f50 JavaThread "Thread-7"                   daemon [_thread_in_native, id=14740, stack(0x0000000ef9b00000,0x0000000ef9c00000) (1024K)]
  0x0000014b803c4c70 JavaThread "Thread-8"                   daemon [_thread_in_native, id=22516, stack(0x0000000ef9c00000,0x0000000ef9d00000) (1024K)]
  0x0000014b803c1e80 JavaThread "Thread-9"                   daemon [_thread_in_native, id=27036, stack(0x0000000ef9d00000,0x0000000ef9e00000) (1024K)]
  0x0000014b803c45e0 JavaThread "pool-2-thread-1"                   [_thread_blocked, id=25520, stack(0x0000000ef9e00000,0x0000000ef9f00000) (1024K)]
  0x0000014b803c5300 JavaThread "WorkspaceEventsHandler"            [_thread_blocked, id=20528, stack(0x0000000efa100000,0x0000000efa200000) (1024K)]
  0x0000014b803c2510 JavaThread "pool-1-thread-1"                   [_thread_blocked, id=5260, stack(0x0000000efa200000,0x0000000efa300000) (1024K)]
  0x0000014b81bc0330 JavaThread "Timer-0"                           [_thread_blocked, id=26848, stack(0x0000000efa400000,0x0000000efa500000) (1024K)]
  0x0000014b81bc1d70 JavaThread "Worker-8"                          [_thread_blocked, id=11404, stack(0x0000000ef8700000,0x0000000ef8800000) (1024K)]
  0x0000014b81bbf610 JavaThread "Worker-9"                          [_thread_blocked, id=27664, stack(0x0000000ef6d00000,0x0000000ef6e00000) (1024K)]
  0x0000014b81bc2400 JavaThread "LocalFile Deleter"          daemon [_thread_blocked, id=23900, stack(0x0000000ef8c00000,0x0000000ef8d00000) (1024K)]
  0x0000014b81bbef80 JavaThread "LocalFile Deleter"          daemon [_thread_blocked, id=19532, stack(0x0000000ef8d00000,0x0000000ef8e00000) (1024K)]
  0x0000014b81bc1050 JavaThread "LocalFile Deleter"          daemon [_thread_blocked, id=21724, stack(0x0000000ef9100000,0x0000000ef9200000) (1024K)]
  0x0000014b81bc09c0 JavaThread "LocalFile Deleter"          daemon [_thread_blocked, id=24484, stack(0x0000000ef9300000,0x0000000ef9400000) (1024K)]
  0x0000014b81bc16e0 JavaThread "LocalFile Deleter"          daemon [_thread_blocked, id=17736, stack(0x0000000ef9500000,0x0000000ef9600000) (1024K)]
  0x0000014b81bc2a90 JavaThread "LocalFile Deleter"          daemon [_thread_blocked, id=29160, stack(0x0000000ef9f00000,0x0000000efa000000) (1024K)]
  0x0000014b81bc3120 JavaThread "LocalFile Deleter"          daemon [_thread_blocked, id=27676, stack(0x0000000efa000000,0x0000000efa100000) (1024K)]
  0x0000014b81bbfca0 JavaThread "LocalFile Deleter"          daemon [_thread_blocked, id=14596, stack(0x0000000efa300000,0x0000000efa400000) (1024K)]
  0x0000014b81bc5880 JavaThread "Compiler Source File Reader" daemon [_thread_blocked, id=25848, stack(0x0000000efa500000,0x0000000efa600000) (1024K)]
  0x0000014b81bc3e40 JavaThread "Compiler Source File Reader" daemon [_thread_blocked, id=28744, stack(0x0000000efa600000,0x0000000efa700000) (1024K)]
  0x0000014b81bc5f10 JavaThread "Compiler Source File Reader" daemon [_thread_blocked, id=12368, stack(0x0000000efa700000,0x0000000efa800000) (1024K)]
  0x0000014b81bc44d0 JavaThread "Compiler Source File Reader" daemon [_thread_blocked, id=4964, stack(0x0000000efa800000,0x0000000efa900000) (1024K)]
  0x0000014b81bc4b60 JavaThread "Compiler Source File Reader" daemon [_thread_blocked, id=18820, stack(0x0000000efa900000,0x0000000efaa00000) (1024K)]
  0x0000014b81bc51f0 JavaThread "Compiler Source File Reader" daemon [_thread_blocked, id=24412, stack(0x0000000efaa00000,0x0000000efab00000) (1024K)]
  0x0000014b803be370 JavaThread "Compiler Processing Task"   daemon [_thread_in_Java, id=28660, stack(0x0000000efab00000,0x0000000efac00000) (1024K)]
Total: 54

Other Threads:
  0x0000014ba0b7e860 VMThread "VM Thread"                           [id=620, stack(0x0000000ef7100000,0x0000000ef7200000) (1024K)]
  0x0000014ba094cbf0 WatcherThread "VM Periodic Task Thread"        [id=23480, stack(0x0000000ef7000000,0x0000000ef7100000) (1024K)]
  0x0000014ba0ada870 WorkerThread "GC Thread#0"                     [id=22264, stack(0x0000000ef6f00000,0x0000000ef7000000) (1024K)]
  0x0000014bfe536730 WorkerThread "GC Thread#1"                     [id=10504, stack(0x0000000ef7c00000,0x0000000ef7d00000) (1024K)]
  0x0000014bfe64f450 WorkerThread "GC Thread#2"                     [id=26724, stack(0x0000000ef7d00000,0x0000000ef7e00000) (1024K)]
  0x0000014bfe727450 WorkerThread "GC Thread#3"                     [id=20404, stack(0x0000000ef7e00000,0x0000000ef7f00000) (1024K)]
  0x0000014bfe7a7200 WorkerThread "GC Thread#4"                     [id=21756, stack(0x0000000ef7f00000,0x0000000ef8000000) (1024K)]
  0x0000014bfe7a75b0 WorkerThread "GC Thread#5"                     [id=23544, stack(0x0000000ef8000000,0x0000000ef8100000) (1024K)]
  0x0000014bfe7a7960 WorkerThread "GC Thread#6"                     [id=8524, stack(0x0000000ef8100000,0x0000000ef8200000) (1024K)]
  0x0000014bfea61f40 WorkerThread "GC Thread#7"                     [id=22184, stack(0x0000000ef8300000,0x0000000ef8400000) (1024K)]
Total: 10

Threads with active compile tasks:
C2 CompilerThread0  265490 11911       4       lombok.core.AST::buildWithField (21 bytes)
C1 CompilerThread0  265490 12303   !   2       org.eclipse.jdt.internal.compiler.lookup.SourceTypeBinding::resolveTypesWithSuspendedTempErrorHandlingPolicy (2061 bytes)
Total: 2

VM state: not at safepoint (normal execution)

VM Mutex/Monitor currently owned by a thread:  ([mutex/lock_event])
[0x00007fff23d7d060] MethodCompileQueue_lock - owner thread: 0x0000014ba0a6e700
[0x00007fff23d7e460] CodeCache_lock - owner thread: 0x0000014ba0a6e700
[0x00007fff23d7e5e0] Compile_lock - owner thread: 0x0000014ba0a6e700

OutOfMemory and StackOverflow Exception counts:
OutOfMemoryError java_heap_errors=1
LinkageErrors=123

Heap address: 0x0000000080000000, size: 2048 MB, Compressed Oops mode: 32-bit

CDS archive(s) mapped at: [0x0000014bb8000000-0x0000014bb8ba0000-0x0000014bb8ba0000), size 12189696, SharedBaseAddress: 0x0000014bb8000000, ArchiveRelocationMode: 1.
Compressed class space mapped at: 0x0000014bb9000000-0x0000014bf9000000, reserved size: 1073741824
Narrow klass base: 0x0000014bb8000000, Narrow klass shift: 0, Narrow klass range: 0x100000000

GC Precious Log:
 CardTable entry size: 512
 CPUs: 8 total, 8 available
 Memory: 8066M
 Large Page Support: Disabled
 NUMA Support: Disabled
 Compressed Oops: Enabled (32-bit)
 Alignments: Space 512K, Generation 512K, Heap 2M
 Heap Min Capacity: 100M
 Heap Initial Capacity: 100M
 Heap Max Capacity: 2G
 Pre-touch: Disabled
 Parallel Workers: 8

Heap:
 PSYoungGen      total 16384K, used 13507K [0x00000000d5580000, 0x00000000d7080000, 0x0000000100000000)
  eden space 11776K, 75% used [0x00000000d5580000,0x00000000d5e32de0,0x00000000d6100000)
  from space 4608K, 99% used [0x00000000d6100000,0x00000000d657df00,0x00000000d6580000)
  to   space 7680K, 0% used [0x00000000d6900000,0x00000000d6900000,0x00000000d7080000)
 ParOldGen       total 1398272K, used 68957K [0x0000000080000000, 0x00000000d5580000, 0x00000000d5580000)
  object space 1398272K, 4% used [0x0000000080000000,0x0000000084357778,0x00000000d5580000)
 Metaspace       used 68261K, committed 69504K, reserved 1114112K
  class space    used 7584K, committed 8192K, reserved 1048576K

Card table byte_map: [0x0000014ba0460000,0x0000014ba0870000] _byte_map_base: 0x0000014ba0060000

Marking Bits: (ParMarkBitMap*) 0x00007fff23d83450
 Begin Bits: [0x0000014bb2f70000, 0x0000014bb4f70000)
 End Bits:   [0x0000014bb4f70000, 0x0000014bb6f70000)

Polling page: 0x0000014b9e910000

Metaspace:

Usage:
  Non-class:     59.34 MB used.
      Class:      7.41 MB used.
       Both:     66.75 MB used.

Virtual space:
  Non-class space:       64.00 MB reserved,      59.94 MB ( 94%) committed,  1 nodes.
      Class space:        1.00 GB reserved,       8.00 MB ( <1%) committed,  1 nodes.
             Both:        1.06 GB reserved,      67.94 MB (  6%) committed. 

Chunk freelists:
   Non-Class:  3.88 MB
       Class:  7.87 MB
        Both:  11.75 MB

MaxMetaspaceSize: unlimited
CompressedClassSpaceSize: 1.00 GB
Initial GC threshold: 21.00 MB
Current GC threshold: 110.12 MB
CDS: on
 - commit_granule_bytes: 65536.
 - commit_granule_words: 8192.
 - virtual_space_node_default_size: 8388608.
 - enlarge_chunks_in_place: 1.
 - use_allocation_guard: 0.


Internal statistics:

num_allocs_failed_limit: 9.
num_arena_births: 1302.
num_arena_deaths: 434.
num_vsnodes_births: 2.
num_vsnodes_deaths: 0.
num_space_committed: 1088.
num_space_uncommitted: 0.
num_chunks_returned_to_freelist: 474.
num_chunks_taken_from_freelist: 4603.
num_chunk_merges: 128.
num_chunk_splits: 2726.
num_chunks_enlarged: 1648.
num_inconsistent_stats: 0.

CodeHeap 'non-profiled nmethods': size=120000Kb used=8563Kb max_used=8942Kb free=111437Kb
 bounds [0x0000014bab790000, 0x0000014bac050000, 0x0000014bb2cc0000]
CodeHeap 'profiled nmethods': size=120000Kb used=21390Kb max_used=22440Kb free=98609Kb
 bounds [0x0000014ba3cc0000, 0x0000014ba52b0000, 0x0000014bab1f0000]
CodeHeap 'non-nmethods': size=5760Kb used=1429Kb max_used=1522Kb free=4330Kb
 bounds [0x0000014bab1f0000, 0x0000014bab460000, 0x0000014bab790000]
CodeCache: size=245760Kb, used=31382Kb, max_used=32904Kb, free=214376Kb
 total_blobs=10707, nmethods=9969, adapters=642, full_count=0
Compilation: enabled, stopped_count=0, restarted_count=0

Compilation events (20 events):
Event: 258.846 Thread 0x0000014ba0a6e700 11969       3       org.eclipse.jdt.internal.compiler.ast.SingleNameReference::resolveType (411 bytes)
Event: 258.849 Thread 0x0000014ba0a6e700 nmethod 11969 0x0000014ba43a1f90 code [0x0000014ba43a2300, 0x0000014ba43a3ef0]
Event: 258.849 Thread 0x0000014ba0a6e700 11968   !   3       org.eclipse.jdt.internal.compiler.ast.Statement::resolveWithBindings (27 bytes)
Event: 258.850 Thread 0x0000014ba0a6e700 nmethod 11968 0x0000014ba456ef10 code [0x0000014ba456f100, 0x0000014ba456f568]
Event: 258.850 Thread 0x0000014ba0a6e700 11970       3       org.eclipse.jdt.internal.compiler.lookup.ReferenceBinding::isPublic (13 bytes)
Event: 258.850 Thread 0x0000014ba0a6e700 nmethod 11970 0x0000014ba42f6b10 code [0x0000014ba42f6cc0, 0x0000014ba42f6e38]
Event: 258.850 Thread 0x0000014ba0a6e700 11967       1       org.eclipse.jdt.internal.compiler.lookup.TypeBinding::isPolyType (2 bytes)
Event: 258.850 Thread 0x0000014ba0a6e700 nmethod 11967 0x0000014babf36490 code [0x0000014babf36620, 0x0000014babf366e8]
Event: 258.868 Thread 0x0000014ba0a6e700 11972       3       org.eclipse.jdt.internal.compiler.lookup.CompilationUnitScope::faultInImports (1223 bytes)
Event: 259.843 Thread 0x0000014ba0a6e700 nmethod 11972 0x0000014ba46a7790 code [0x0000014ba46a8020, 0x0000014ba46adc60]
Event: 259.849 Thread 0x0000014ba0a6e700 11973       3       org.eclipse.jdt.internal.compiler.lookup.PackageBinding::getType (104 bytes)
Event: 259.850 Thread 0x0000014ba0a6e700 nmethod 11973 0x0000014ba3f39510 code [0x0000014ba3f397c0, 0x0000014ba3f3a7b0]
Event: 259.850 Thread 0x0000014ba0a6e700 11974   !   3       org.eclipse.jdt.internal.compiler.lookup.FieldBinding::constant (59 bytes)
Event: 259.851 Thread 0x0000014ba0a6e700 nmethod 11974 0x0000014ba4e62a90 code [0x0000014ba4e62c80, 0x0000014ba4e63478]
Event: 259.851 Thread 0x0000014ba0a6e700 11975       1       org.eclipse.jdt.internal.compiler.lookup.ProblemMethodBinding::problemId (5 bytes)
Event: 259.851 Thread 0x0000014ba0a6e700 nmethod 11975 0x0000014babf36190 code [0x0000014babf36320, 0x0000014babf363e8]
Event: 259.881 Thread 0x0000014ba0a6e700 11976       3       org.eclipse.jdt.internal.compiler.lookup.VariableBinding::isPublic (13 bytes)
Event: 259.882 Thread 0x0000014ba0a6e700 nmethod 11976 0x0000014ba4e62590 code [0x0000014ba4e62740, 0x0000014ba4e628b8]
Event: 259.882 Thread 0x0000014ba0a6e700 11977       3       org.eclipse.jdt.internal.compiler.lookup.MethodBinding::getTypeVariable (41 bytes)
Event: 259.882 Thread 0x0000014ba0a6e700 nmethod 11977 0x0000014ba45d3390 code [0x0000014ba45d3560, 0x0000014ba45d3898]

GC Heap History (20 events):
Event: 243.357 GC heap before
{Heap before GC invocations=288 (full 5):
 PSYoungGen      total 9728K, used 9696K [0x00000000d5580000, 0x00000000d6000000, 0x0000000100000000)
  eden space 9216K, 100% used [0x00000000d5580000,0x00000000d5e80000,0x00000000d5e80000)
  from space 512K, 93% used [0x00000000d5f80000,0x00000000d5ff8000,0x00000000d6000000)
  to   space 512K, 0% used [0x00000000d5f00000,0x00000000d5f00000,0x00000000d5f80000)
 ParOldGen       total 1398272K, used 63535K [0x0000000080000000, 0x00000000d5580000, 0x00000000d5580000)
  object space 1398272K, 4% used [0x0000000080000000,0x0000000083e0bf20,0x00000000d5580000)
 Metaspace       used 65927K, committed 67712K, reserved 1114112K
  class space    used 7388K, committed 8128K, reserved 1048576K
}
Event: 243.361 GC heap after
{Heap after GC invocations=288 (full 5):
 PSYoungGen      total 10240K, used 512K [0x00000000d5580000, 0x00000000d6100000, 0x0000000100000000)
  eden space 9728K, 0% used [0x00000000d5580000,0x00000000d5580000,0x00000000d5f00000)
  from space 512K, 100% used [0x00000000d5f00000,0x00000000d5f80000,0x00000000d5f80000)
  to   space 1024K, 0% used [0x00000000d6000000,0x00000000d6000000,0x00000000d6100000)
 ParOldGen       total 1398272K, used 63535K [0x0000000080000000, 0x00000000d5580000, 0x00000000d5580000)
  object space 1398272K, 4% used [0x0000000080000000,0x0000000083e0bf20,0x00000000d5580000)
 Metaspace       used 65927K, committed 67712K, reserved 1114112K
  class space    used 7388K, committed 8128K, reserved 1048576K
}
Event: 244.041 GC heap before
{Heap before GC invocations=289 (full 5):
 PSYoungGen      total 10240K, used 10240K [0x00000000d5580000, 0x00000000d6100000, 0x0000000100000000)
  eden space 9728K, 100% used [0x00000000d5580000,0x00000000d5f00000,0x00000000d5f00000)
  from space 512K, 100% used [0x00000000d5f00000,0x00000000d5f80000,0x00000000d5f80000)
  to   space 1024K, 0% used [0x00000000d6000000,0x00000000d6000000,0x00000000d6100000)
 ParOldGen       total 1398272K, used 63535K [0x0000000080000000, 0x00000000d5580000, 0x00000000d5580000)
  object space 1398272K, 4% used [0x0000000080000000,0x0000000083e0bf20,0x00000000d5580000)
 Metaspace       used 65927K, committed 67712K, reserved 1114112K
  class space    used 7388K, committed 8128K, reserved 1048576K
}
Event: 244.043 GC heap after
{Heap after GC invocations=289 (full 5):
 PSYoungGen      total 10752K, used 512K [0x00000000d5580000, 0x00000000d6180000, 0x0000000100000000)
  eden space 9728K, 0% used [0x00000000d5580000,0x00000000d5580000,0x00000000d5f00000)
  from space 1024K, 50% used [0x00000000d6000000,0x00000000d6080000,0x00000000d6100000)
  to   space 1024K, 0% used [0x00000000d5f00000,0x00000000d5f00000,0x00000000d6000000)
 ParOldGen       total 1398272K, used 63535K [0x0000000080000000, 0x00000000d5580000, 0x00000000d5580000)
  object space 1398272K, 4% used [0x0000000080000000,0x0000000083e0bf20,0x00000000d5580000)
 Metaspace       used 65927K, committed 67712K, reserved 1114112K
  class space    used 7388K, committed 8128K, reserved 1048576K
}
Event: 244.552 GC heap before
{Heap before GC invocations=290 (full 5):
 PSYoungGen      total 10752K, used 10240K [0x00000000d5580000, 0x00000000d6180000, 0x0000000100000000)
  eden space 9728K, 100% used [0x00000000d5580000,0x00000000d5f00000,0x00000000d5f00000)
  from space 1024K, 50% used [0x00000000d6000000,0x00000000d6080000,0x00000000d6100000)
  to   space 1024K, 0% used [0x00000000d5f00000,0x00000000d5f00000,0x00000000d6000000)
 ParOldGen       total 1398272K, used 63535K [0x0000000080000000, 0x00000000d5580000, 0x00000000d5580000)
  object space 1398272K, 4% used [0x0000000080000000,0x0000000083e0bf20,0x00000000d5580000)
 Metaspace       used 65934K, committed 67712K, reserved 1114112K
  class space    used 7388K, committed 8128K, reserved 1048576K
}
Event: 244.554 GC heap after
{Heap after GC invocations=290 (full 5):
 PSYoungGen      total 10752K, used 512K [0x00000000d5580000, 0x00000000d6180000, 0x0000000100000000)
  eden space 9728K, 0% used [0x00000000d5580000,0x00000000d5580000,0x00000000d5f00000)
  from space 1024K, 50% used [0x00000000d5f00000,0x00000000d5f80000,0x00000000d6000000)
  to   space 1024K, 0% used [0x00000000d6080000,0x00000000d6080000,0x00000000d6180000)
 ParOldGen       total 1398272K, used 63543K [0x0000000080000000, 0x00000000d5580000, 0x00000000d5580000)
  object space 1398272K, 4% used [0x0000000080000000,0x0000000083e0df20,0x00000000d5580000)
 Metaspace       used 65934K, committed 67712K, reserved 1114112K
  class space    used 7388K, committed 8128K, reserved 1048576K
}
Event: 245.438 GC heap before
{Heap before GC invocations=291 (full 5):
 PSYoungGen      total 10752K, used 10240K [0x00000000d5580000, 0x00000000d6180000, 0x0000000100000000)
  eden space 9728K, 100% used [0x00000000d5580000,0x00000000d5f00000,0x00000000d5f00000)
  from space 1024K, 50% used [0x00000000d5f00000,0x00000000d5f80000,0x00000000d6000000)
  to   space 1024K, 0% used [0x00000000d6080000,0x00000000d6080000,0x00000000d6180000)
 ParOldGen       total 1398272K, used 63543K [0x0000000080000000, 0x00000000d5580000, 0x00000000d5580000)
  object space 1398272K, 4% used [0x0000000080000000,0x0000000083e0df20,0x00000000d5580000)
 Metaspace       used 65934K, committed 67712K, reserved 1114112K
  class space    used 7388K, committed 8128K, reserved 1048576K
}
Event: 245.441 GC heap after
{Heap after GC invocations=291 (full 5):
 PSYoungGen      total 10752K, used 384K [0x00000000d5580000, 0x00000000d6100000, 0x0000000100000000)
  eden space 10240K, 0% used [0x00000000d5580000,0x00000000d5580000,0x00000000d5f80000)
  from space 512K, 75% used [0x00000000d6080000,0x00000000d60e0000,0x00000000d6100000)
  to   space 512K, 0% used [0x00000000d6000000,0x00000000d6000000,0x00000000d6080000)
 ParOldGen       total 1398272K, used 63647K [0x0000000080000000, 0x00000000d5580000, 0x00000000d5580000)
  object space 1398272K, 4% used [0x0000000080000000,0x0000000083e27f20,0x00000000d5580000)
 Metaspace       used 65934K, committed 67712K, reserved 1114112K
  class space    used 7388K, committed 8128K, reserved 1048576K
}
Event: 246.120 GC heap before
{Heap before GC invocations=292 (full 5):
 PSYoungGen      total 10752K, used 10624K [0x00000000d5580000, 0x00000000d6100000, 0x0000000100000000)
  eden space 10240K, 100% used [0x00000000d5580000,0x00000000d5f80000,0x00000000d5f80000)
  from space 512K, 75% used [0x00000000d6080000,0x00000000d60e0000,0x00000000d6100000)
  to   space 512K, 0% used [0x00000000d6000000,0x00000000d6000000,0x00000000d6080000)
 ParOldGen       total 1398272K, used 63647K [0x0000000080000000, 0x00000000d5580000, 0x00000000d5580000)
  object space 1398272K, 4% used [0x0000000080000000,0x0000000083e27f20,0x00000000d5580000)
 Metaspace       used 65934K, committed 67712K, reserved 1114112K
  class space    used 7388K, committed 8128K, reserved 1048576K
}
Event: 246.121 GC heap after
{Heap after GC invocations=292 (full 5):
 PSYoungGen      total 11264K, used 384K [0x00000000d5580000, 0x00000000d6100000, 0x0000000100000000)
  eden space 10752K, 0% used [0x00000000d5580000,0x00000000d5580000,0x00000000d6000000)
  from space 512K, 75% used [0x00000000d6000000,0x00000000d6060000,0x00000000d6080000)
  to   space 512K, 0% used [0x00000000d6080000,0x00000000d6080000,0x00000000d6100000)
 ParOldGen       total 1398272K, used 63735K [0x0000000080000000, 0x00000000d5580000, 0x00000000d5580000)
  object space 1398272K, 4% used [0x0000000080000000,0x0000000083e3df20,0x00000000d5580000)
 Metaspace       used 65934K, committed 67712K, reserved 1114112K
  class space    used 7388K, committed 8128K, reserved 1048576K
}
Event: 246.874 GC heap before
{Heap before GC invocations=293 (full 5):
 PSYoungGen      total 11264K, used 11136K [0x00000000d5580000, 0x00000000d6100000, 0x0000000100000000)
  eden space 10752K, 100% used [0x00000000d5580000,0x00000000d6000000,0x00000000d6000000)
  from space 512K, 75% used [0x00000000d6000000,0x00000000d6060000,0x00000000d6080000)
  to   space 512K, 0% used [0x00000000d6080000,0x00000000d6080000,0x00000000d6100000)
 ParOldGen       total 1398272K, used 63735K [0x0000000080000000, 0x00000000d5580000, 0x00000000d5580000)
  object space 1398272K, 4% used [0x0000000080000000,0x0000000083e3df20,0x00000000d5580000)
 Metaspace       used 65934K, committed 67712K, reserved 1114112K
  class space    used 7388K, committed 8128K, reserved 1048576K
}
Event: 246.877 GC heap after
{Heap after GC invocations=293 (full 5):
 PSYoungGen      total 11264K, used 320K [0x00000000d5580000, 0x00000000d6180000, 0x0000000100000000)
  eden space 10752K, 0% used [0x00000000d5580000,0x00000000d5580000,0x00000000d6000000)
  from space 512K, 62% used [0x00000000d6080000,0x00000000d60d0000,0x00000000d6100000)
  to   space 512K, 0% used [0x00000000d6000000,0x00000000d6000000,0x00000000d6080000)
 ParOldGen       total 1398272K, used 63799K [0x0000000080000000, 0x00000000d5580000, 0x00000000d5580000)
  object space 1398272K, 4% used [0x0000000080000000,0x0000000083e4df20,0x00000000d5580000)
 Metaspace       used 65934K, committed 67712K, reserved 1114112K
  class space    used 7388K, committed 8128K, reserved 1048576K
}
Event: 249.571 GC heap before
{Heap before GC invocations=294 (full 5):
 PSYoungGen      total 11264K, used 11065K [0x00000000d5580000, 0x00000000d6180000, 0x0000000100000000)
  eden space 10752K, 99% used [0x00000000d5580000,0x00000000d5ffe670,0x00000000d6000000)
  from space 512K, 62% used [0x00000000d6080000,0x00000000d60d0000,0x00000000d6100000)
  to   space 512K, 0% used [0x00000000d6000000,0x00000000d6000000,0x00000000d6080000)
 ParOldGen       total 1398272K, used 63799K [0x0000000080000000, 0x00000000d5580000, 0x00000000d5580000)
  object space 1398272K, 4% used [0x0000000080000000,0x0000000083e4df20,0x00000000d5580000)
 Metaspace       used 65967K, committed 67712K, reserved 1114112K
  class space    used 7392K, committed 8128K, reserved 1048576K
}
Event: 249.574 GC heap after
{Heap after GC invocations=294 (full 5):
 PSYoungGen      total 11264K, used 507K [0x00000000d5580000, 0x00000000d6280000, 0x0000000100000000)
  eden space 10752K, 0% used [0x00000000d5580000,0x00000000d5580000,0x00000000d6000000)
  from space 512K, 99% used [0x00000000d6000000,0x00000000d607ec08,0x00000000d6080000)
  to   space 1024K, 0% used [0x00000000d6180000,0x00000000d6180000,0x00000000d6280000)
 ParOldGen       total 1398272K, used 63927K [0x0000000080000000, 0x00000000d5580000, 0x00000000d5580000)
  object space 1398272K, 4% used [0x0000000080000000,0x0000000083e6df20,0x00000000d5580000)
 Metaspace       used 65967K, committed 67712K, reserved 1114112K
  class space    used 7392K, committed 8128K, reserved 1048576K
}
Event: 252.572 GC heap before
{Heap before GC invocations=295 (full 5):
 PSYoungGen      total 11264K, used 11258K [0x00000000d5580000, 0x00000000d6280000, 0x0000000100000000)
  eden space 10752K, 99% used [0x00000000d5580000,0x00000000d5fffff0,0x00000000d6000000)
  from space 512K, 99% used [0x00000000d6000000,0x00000000d607ec08,0x00000000d6080000)
  to   space 1024K, 0% used [0x00000000d6180000,0x00000000d6180000,0x00000000d6280000)
 ParOldGen       total 1398272K, used 63927K [0x0000000080000000, 0x00000000d5580000, 0x00000000d5580000)
  object space 1398272K, 4% used [0x0000000080000000,0x0000000083e6df20,0x00000000d5580000)
 Metaspace       used 66659K, committed 68096K, reserved 1114112K
  class space    used 7462K, committed 8128K, reserved 1048576K
}
Event: 252.576 GC heap after
{Heap after GC invocations=295 (full 5):
 PSYoungGen      total 12288K, used 763K [0x00000000d5580000, 0x00000000d6280000, 0x0000000100000000)
  eden space 11264K, 0% used [0x00000000d5580000,0x00000000d5580000,0x00000000d6080000)
  from space 1024K, 74% used [0x00000000d6180000,0x00000000d623ec28,0x00000000d6280000)
  to   space 1024K, 0% used [0x00000000d6080000,0x00000000d6080000,0x00000000d6180000)
 ParOldGen       total 1398272K, used 63959K [0x0000000080000000, 0x00000000d5580000, 0x00000000d5580000)
  object space 1398272K, 4% used [0x0000000080000000,0x0000000083e75f20,0x00000000d5580000)
 Metaspace       used 66659K, committed 68096K, reserved 1114112K
  class space    used 7462K, committed 8128K, reserved 1048576K
}
Event: 256.191 GC heap before
{Heap before GC invocations=296 (full 5):
 PSYoungGen      total 12288K, used 12027K [0x00000000d5580000, 0x00000000d6280000, 0x0000000100000000)
  eden space 11264K, 100% used [0x00000000d5580000,0x00000000d6080000,0x00000000d6080000)
  from space 1024K, 74% used [0x00000000d6180000,0x00000000d623ec28,0x00000000d6280000)
  to   space 1024K, 0% used [0x00000000d6080000,0x00000000d6080000,0x00000000d6180000)
 ParOldGen       total 1398272K, used 63959K [0x0000000080000000, 0x00000000d5580000, 0x00000000d5580000)
  object space 1398272K, 4% used [0x0000000080000000,0x0000000083e75f20,0x00000000d5580000)
 Metaspace       used 66921K, committed 68224K, reserved 1114112K
  class space    used 7480K, committed 8128K, reserved 1048576K
}
Event: 256.207 GC heap after
{Heap after GC invocations=296 (full 5):
 PSYoungGen      total 12288K, used 1012K [0x00000000d5580000, 0x00000000d6a00000, 0x0000000100000000)
  eden space 11264K, 0% used [0x00000000d5580000,0x00000000d5580000,0x00000000d6080000)
  from space 1024K, 98% used [0x00000000d6080000,0x00000000d617d098,0x00000000d6180000)
  to   space 4608K, 0% used [0x00000000d6580000,0x00000000d6580000,0x00000000d6a00000)
 ParOldGen       total 1398272K, used 66720K [0x0000000080000000, 0x00000000d5580000, 0x00000000d5580000)
  object space 1398272K, 4% used [0x0000000080000000,0x0000000084128180,0x00000000d5580000)
 Metaspace       used 66921K, committed 68224K, reserved 1114112K
  class space    used 7480K, committed 8128K, reserved 1048576K
}
Event: 258.454 GC heap before
{Heap before GC invocations=297 (full 5):
 PSYoungGen      total 12288K, used 12276K [0x00000000d5580000, 0x00000000d6a00000, 0x0000000100000000)
  eden space 11264K, 100% used [0x00000000d5580000,0x00000000d6080000,0x00000000d6080000)
  from space 1024K, 98% used [0x00000000d6080000,0x00000000d617d098,0x00000000d6180000)
  to   space 4608K, 0% used [0x00000000d6580000,0x00000000d6580000,0x00000000d6a00000)
 ParOldGen       total 1398272K, used 66720K [0x0000000080000000, 0x00000000d5580000, 0x00000000d5580000)
  object space 1398272K, 4% used [0x0000000080000000,0x0000000084128180,0x00000000d5580000)
 Metaspace       used 67543K, committed 68800K, reserved 1114112K
  class space    used 7536K, committed 8128K, reserved 1048576K
}
Event: 258.462 GC heap after
{Heap after GC invocations=297 (full 5):
 PSYoungGen      total 16384K, used 4361K [0x00000000d5580000, 0x00000000d6a00000, 0x0000000100000000)
  eden space 11776K, 0% used [0x00000000d5580000,0x00000000d5580000,0x00000000d6100000)
  from space 4608K, 94% used [0x00000000d6580000,0x00000000d69c2698,0x00000000d6a00000)
  to   space 4608K, 0% used [0x00000000d6100000,0x00000000d6100000,0x00000000d6580000)
 ParOldGen       total 1398272K, used 66776K [0x0000000080000000, 0x00000000d5580000, 0x00000000d5580000)
  object space 1398272K, 4% used [0x0000000080000000,0x0000000084136180,0x00000000d5580000)
 Metaspace       used 67543K, committed 68800K, reserved 1114112K
  class space    used 7536K, committed 8128K, reserved 1048576K
}

Dll operation events (13 events):
Event: 0.030 Loaded shared library c:\Users\Prova\.antigravity-ide\extensions\redhat.java-1.54.0-win32-x64\jre\21.0.10-win32-x86_64\bin\java.dll
Event: 0.211 Loaded shared library c:\Users\Prova\.antigravity-ide\extensions\redhat.java-1.54.0-win32-x64\jre\21.0.10-win32-x86_64\bin\zip.dll
Event: 0.281 Loaded shared library C:\Users\Prova\.antigravity-ide\extensions\redhat.java-1.54.0-win32-x64\jre\21.0.10-win32-x86_64\bin\instrument.dll
Event: 0.294 Loaded shared library C:\Users\Prova\.antigravity-ide\extensions\redhat.java-1.54.0-win32-x64\jre\21.0.10-win32-x86_64\bin\net.dll
Event: 0.300 Loaded shared library C:\Users\Prova\.antigravity-ide\extensions\redhat.java-1.54.0-win32-x64\jre\21.0.10-win32-x86_64\bin\nio.dll
Event: 0.308 Loaded shared library C:\Users\Prova\.antigravity-ide\extensions\redhat.java-1.54.0-win32-x64\jre\21.0.10-win32-x86_64\bin\zip.dll
Event: 0.362 Loaded shared library C:\Users\Prova\.antigravity-ide\extensions\redhat.java-1.54.0-win32-x64\jre\21.0.10-win32-x86_64\bin\jimage.dll
Event: 0.676 Loaded shared library c:\Users\Prova\.antigravity-ide\extensions\redhat.java-1.54.0-win32-x64\jre\21.0.10-win32-x86_64\bin\verify.dll
Event: 31.965 Loaded shared library C:\Users\Prova\AppData\Roaming\Antigravity IDE\User\globalStorage\redhat.java\1.54.0\config_win\org.eclipse.equinox.launcher\org.eclipse.equinox.launcher.win32.win32.x86_64_1.3.0.v20260203-2149\eclipse_11919.dll
Event: 77.866 Loaded shared library C:\Users\Prova\AppData\Local\Temp\jna-77388280\jna8945655202653237648.dll
Event: 156.964 Loaded shared library C:\Users\Prova\.gradle\native\1def1411415f61bf3af743bc5b6707747c0891f09f0c88961ee8f79bc544acac\windows-amd64\native-platform.dll
Event: 197.556 Loaded shared library C:\Users\Prova\.antigravity-ide\extensions\redhat.java-1.54.0-win32-x64\jre\21.0.10-win32-x86_64\bin\management.dll
Event: 197.685 Loaded shared library C:\Users\Prova\.antigravity-ide\extensions\redhat.java-1.54.0-win32-x64\jre\21.0.10-win32-x86_64\bin\management_ext.dll

Deoptimization events (20 events):
Event: 258.338 Thread 0x0000014b803bf090 Uncommon trap: trap_request=0xffffffbe fr.pc=0x0000014bab93a390 relative=0x0000000000000570
Event: 258.338 Thread 0x0000014b803bf090 Uncommon trap: reason=profile_predicate action=maybe_recompile pc=0x0000014bab93a390 method=org.eclipse.core.internal.resources.MarkerAttributeMap.putAll(Ljava/util/Map;Ljava/util/Map;Z)V @ 100 c2
Event: 258.338 Thread 0x0000014b803bf090 DEOPT PACKING pc=0x0000014bab93a390 sp=0x0000000ef94fe270
Event: 258.338 Thread 0x0000014b803bf090 DEOPT UNPACKING pc=0x0000014bab243aa2 sp=0x0000000ef94fe218 mode 2
Event: 258.338 Thread 0x0000014b803bf090 Uncommon trap: trap_request=0xffffffbe fr.pc=0x0000014bab93a390 relative=0x0000000000000570
Event: 258.338 Thread 0x0000014b803bf090 Uncommon trap: reason=profile_predicate action=maybe_recompile pc=0x0000014bab93a390 method=org.eclipse.core.internal.resources.MarkerAttributeMap.putAll(Ljava/util/Map;Ljava/util/Map;Z)V @ 100 c2
Event: 258.338 Thread 0x0000014b803bf090 DEOPT PACKING pc=0x0000014bab93a390 sp=0x0000000ef94fe270
Event: 258.338 Thread 0x0000014b803bf090 DEOPT UNPACKING pc=0x0000014bab243aa2 sp=0x0000000ef94fe218 mode 2
Event: 258.450 Thread 0x0000014b803be370 Uncommon trap: trap_request=0xffffffc6 fr.pc=0x0000014baba95998 relative=0x0000000000000ab8
Event: 258.450 Thread 0x0000014b803be370 Uncommon trap: reason=bimorphic_or_optimized_type_check action=maybe_recompile pc=0x0000014baba95998 method=lombok.eclipse.EclipseNode.traverse(Llombok/eclipse/EclipseASTVisitor;)V @ 512 c2
Event: 258.450 Thread 0x0000014b803be370 DEOPT PACKING pc=0x0000014baba95998 sp=0x0000000efabfe740
Event: 258.450 Thread 0x0000014b803be370 DEOPT UNPACKING pc=0x0000014bab243aa2 sp=0x0000000efabfe6d0 mode 2
Event: 258.464 Thread 0x0000014b803be370 Uncommon trap: trap_request=0xffffff76 fr.pc=0x0000014babf1d608 relative=0x000000000000bf48
Event: 258.464 Thread 0x0000014b803be370 Uncommon trap: reason=predicate action=maybe_recompile pc=0x0000014babf1d608 method=org.eclipse.jdt.internal.compiler.lookup.BinaryTypeBinding.createMethod(Lorg/eclipse/jdt/internal/compiler/env/IBinaryMethod;Lorg/eclipse/jdt/internal/compiler/env/IBinary
Event: 258.464 Thread 0x0000014b803be370 DEOPT PACKING pc=0x0000014babf1d608 sp=0x0000000efabfe450
Event: 258.464 Thread 0x0000014b803be370 DEOPT UNPACKING pc=0x0000014bab243aa2 sp=0x0000000efabfe430 mode 2
Event: 259.849 Thread 0x0000014b81bc1d70 Uncommon trap: trap_request=0xffffff45 fr.pc=0x0000014bab7dfe1c relative=0x000000000000007c
Event: 259.849 Thread 0x0000014b81bc1d70 Uncommon trap: reason=unstable_if action=reinterpret pc=0x0000014bab7dfe1c method=org.eclipse.core.internal.events.ResourceComparator.compareLocal(Lorg/eclipse/core/internal/resources/ResourceInfo;Lorg/eclipse/core/internal/resources/ResourceInfo;)Z @ 6 c
Event: 259.849 Thread 0x0000014b81bc1d70 DEOPT PACKING pc=0x0000014bab7dfe1c sp=0x0000000ef87fe380
Event: 259.849 Thread 0x0000014b81bc1d70 DEOPT UNPACKING pc=0x0000014bab243aa2 sp=0x0000000ef87fe2e8 mode 2

Classes loaded (20 events):
Event: 224.582 Loading class java/lang/StackStreamFactory$CallerClassFinder
Event: 224.598 Loading class java/lang/StackStreamFactory$CallerClassFinder done
Event: 224.598 Loading class java/lang/StackStreamFactory$CallerClassFinder$ClassBuffer
Event: 224.599 Loading class java/lang/StackStreamFactory$CallerClassFinder$ClassBuffer done
Event: 224.626 Loading class java/lang/Throwable$WrappedPrintWriter
Event: 224.640 Loading class java/lang/Throwable$PrintStreamOrWriter
Event: 224.641 Loading class java/lang/Throwable$PrintStreamOrWriter done
Event: 224.641 Loading class java/lang/Throwable$WrappedPrintWriter done
Event: 249.911 Loading class java/util/zip/CheckedInputStream
Event: 249.912 Loading class java/util/zip/CheckedInputStream done
Event: 250.166 Loading class java/util/TreeMap$AscendingSubMap
Event: 250.168 Loading class java/util/TreeMap$NavigableSubMap
Event: 250.169 Loading class java/util/TreeMap$NavigableSubMap done
Event: 250.169 Loading class java/util/TreeMap$AscendingSubMap done
Event: 250.170 Loading class java/util/TreeMap$NavigableSubMap$SubMapKeyIterator
Event: 250.170 Loading class java/util/TreeMap$NavigableSubMap$SubMapIterator
Event: 250.170 Loading class java/util/TreeMap$NavigableSubMap$SubMapIterator done
Event: 250.170 Loading class java/util/TreeMap$NavigableSubMap$SubMapKeyIterator done
Event: 258.327 Loading class java/util/Hashtable$ValueCollection
Event: 258.328 Loading class java/util/Hashtable$ValueCollection done

Classes unloaded (20 events):
Event: 222.813 Thread 0x0000014ba0b7e860 Unloading class 0x0000014bb9016400 'java/lang/invoke/LambdaForm$MH+0x0000014bb9016400'
Event: 222.813 Thread 0x0000014ba0b7e860 Unloading class 0x0000014bb900d800 'java/lang/invoke/LambdaForm$MH+0x0000014bb900d800'
Event: 222.813 Thread 0x0000014ba0b7e860 Unloading class 0x0000014bb900d400 'java/lang/invoke/LambdaForm$MH+0x0000014bb900d400'
Event: 222.813 Thread 0x0000014ba0b7e860 Unloading class 0x0000014bb900d000 'java/lang/invoke/LambdaForm$MH+0x0000014bb900d000'
Event: 222.813 Thread 0x0000014ba0b7e860 Unloading class 0x0000014bb900cc00 'java/lang/invoke/LambdaForm$MH+0x0000014bb900cc00'
Event: 222.813 Thread 0x0000014ba0b7e860 Unloading class 0x0000014bb900c800 'java/lang/invoke/LambdaForm$BMH+0x0000014bb900c800'
Event: 222.813 Thread 0x0000014ba0b7e860 Unloading class 0x0000014bb900c000 'java/lang/invoke/LambdaForm$DMH+0x0000014bb900c000'
Event: 222.814 Thread 0x0000014ba0b7e860 Unloading class 0x0000014bb9008c00 'java/lang/invoke/LambdaForm$MH+0x0000014bb9008c00'
Event: 222.814 Thread 0x0000014ba0b7e860 Unloading class 0x0000014bb9008800 'java/lang/invoke/LambdaForm$MH+0x0000014bb9008800'
Event: 222.814 Thread 0x0000014ba0b7e860 Unloading class 0x0000014bb9008400 'java/lang/invoke/LambdaForm$MH+0x0000014bb9008400'
Event: 222.814 Thread 0x0000014ba0b7e860 Unloading class 0x0000014bb9007000 'java/lang/invoke/LambdaForm$MH+0x0000014bb9007000'
Event: 222.814 Thread 0x0000014ba0b7e860 Unloading class 0x0000014bb9006800 'java/lang/invoke/LambdaForm$MH+0x0000014bb9006800'
Event: 222.814 Thread 0x0000014ba0b7e860 Unloading class 0x0000014bb9006400 'java/lang/invoke/LambdaForm$MH+0x0000014bb9006400'
Event: 222.814 Thread 0x0000014ba0b7e860 Unloading class 0x0000014bb9006000 'java/lang/invoke/LambdaForm$MH+0x0000014bb9006000'
Event: 222.814 Thread 0x0000014ba0b7e860 Unloading class 0x0000014bb9005c00 'java/lang/invoke/LambdaForm$BMH+0x0000014bb9005c00'
Event: 222.814 Thread 0x0000014ba0b7e860 Unloading class 0x0000014bb9004800 'java/lang/invoke/LambdaForm$DMH+0x0000014bb9004800'
Event: 222.814 Thread 0x0000014ba0b7e860 Unloading class 0x0000014bb9002400 'java/lang/invoke/LambdaForm$MH+0x0000014bb9002400'
Event: 222.814 Thread 0x0000014ba0b7e860 Unloading class 0x0000014bb9002000 'java/lang/invoke/LambdaForm$MH+0x0000014bb9002000'
Event: 222.814 Thread 0x0000014ba0b7e860 Unloading class 0x0000014bb9001800 'java/lang/invoke/LambdaForm$MH+0x0000014bb9001800'
Event: 222.814 Thread 0x0000014ba0b7e860 Unloading class 0x0000014bb9000400 'java/lang/invoke/LambdaForm$MH+0x0000014bb9000400'

Classes redefined (0 events):
No events

Internal exceptions (20 events):
Event: 252.090 Thread 0x0000014b803bf090 Exception <a 'sun/nio/fs/WindowsException'{0x00000000d5f45500}> (0x00000000d5f45500) 
thrown [s\src\hotspot\share\prims\jni.cpp, line 520]
Event: 252.159 Thread 0x0000014b803bf090 Exception <a 'sun/nio/fs/WindowsException'{0x00000000d5f67308}> (0x00000000d5f67308) 
thrown [s\src\hotspot\share\prims\jni.cpp, line 520]
Event: 252.161 Thread 0x0000014b81bc3120 Exception <a 'sun/nio/fs/WindowsException'{0x00000000d5d5cd98}> (0x00000000d5d5cd98) 
thrown [s\src\hotspot\share\prims\jni.cpp, line 520]
Event: 252.162 Thread 0x0000014b81bc3120 Exception <a 'sun/nio/fs/WindowsException'{0x00000000d5d5e118}> (0x00000000d5d5e118) 
thrown [s\src\hotspot\share\prims\jni.cpp, line 520]
Event: 252.189 Thread 0x0000014b803bf090 Exception <a 'sun/nio/fs/WindowsException'{0x00000000d5fbe9e0}> (0x00000000d5fbe9e0) 
thrown [s\src\hotspot\share\prims\jni.cpp, line 520]
Event: 252.467 Thread 0x0000014b803bf090 Exception <a 'sun/nio/fs/WindowsException'{0x00000000d5ff0f70}> (0x00000000d5ff0f70) 
thrown [s\src\hotspot\share\prims\jni.cpp, line 520]
Event: 252.584 Thread 0x0000014b803bf090 Exception <a 'sun/nio/fs/WindowsException'{0x00000000d558ba58}> (0x00000000d558ba58) 
thrown [s\src\hotspot\share\prims\jni.cpp, line 520]
Event: 252.584 Thread 0x0000014b803bf090 Exception <a 'sun/nio/fs/WindowsException'{0x00000000d558bfe0}> (0x00000000d558bfe0) 
thrown [s\src\hotspot\share\prims\jni.cpp, line 520]
Event: 252.585 Thread 0x0000014b803bf090 Exception <a 'sun/nio/fs/WindowsException'{0x00000000d558ccd8}> (0x00000000d558ccd8) 
thrown [s\src\hotspot\share\prims\jni.cpp, line 520]
Event: 252.585 Thread 0x0000014b803bf090 Exception <a 'sun/nio/fs/WindowsException'{0x00000000d558d1c0}> (0x00000000d558d1c0) 
thrown [s\src\hotspot\share\prims\jni.cpp, line 520]
Event: 252.586 Thread 0x0000014b803bf090 Exception <a 'sun/nio/fs/WindowsException'{0x00000000d558dea0}> (0x00000000d558dea0) 
thrown [s\src\hotspot\share\prims\jni.cpp, line 520]
Event: 252.586 Thread 0x0000014b803bf090 Exception <a 'sun/nio/fs/WindowsException'{0x00000000d558e388}> (0x00000000d558e388) 
thrown [s\src\hotspot\share\prims\jni.cpp, line 520]
Event: 252.587 Thread 0x0000014b803bf090 Exception <a 'sun/nio/fs/WindowsException'{0x00000000d558eb88}> (0x00000000d558eb88) 
thrown [s\src\hotspot\share\prims\jni.cpp, line 520]
Event: 252.587 Thread 0x0000014b803bf090 Exception <a 'sun/nio/fs/WindowsException'{0x00000000d558f070}> (0x00000000d558f070) 
thrown [s\src\hotspot\share\prims\jni.cpp, line 520]
Event: 252.805 Thread 0x0000014b803bf090 Exception <a 'sun/nio/fs/WindowsException'{0x00000000d56895c8}> (0x00000000d56895c8) 
thrown [s\src\hotspot\share\prims\jni.cpp, line 520]
Event: 252.806 Thread 0x0000014b803bf090 Exception <a 'sun/nio/fs/WindowsException'{0x00000000d5689ab0}> (0x00000000d5689ab0) 
thrown [s\src\hotspot\share\prims\jni.cpp, line 520]
Event: 253.310 Thread 0x0000014b803bf090 Implicit null exception at 0x0000014bab9ab0da to 0x0000014bab9ab133
Event: 257.564 Thread 0x0000014b803bf090 Implicit null exception at 0x0000014babc0964c to 0x0000014babc09692
Event: 257.830 Thread 0x0000014b803be370 Exception <a 'java/lang/NoSuchMethodError'{0x00000000d5dd8df8}: 'void java.lang.invoke.DelegatingMethodHandle$Holder.reinvoke_L(java.lang.Object, java.lang.Object, int)'> (0x00000000d5dd8df8) 
thrown [s\src\hotspot\share\interpreter\linkResolver.cpp, line 773]
Event: 258.757 Thread 0x0000014b803be370 Exception <a 'java/lang/NoSuchMethodError'{0x00000000d57a27f0}: 'java.lang.Object java.lang.invoke.DirectMethodHandle$Holder.invokeStatic(java.lang.Object, java.lang.Object, int, java.lang.Object, java.lang.Object)'> (0x00000000d57a27f0) 
thrown [s\src\hotspot\share\interpreter\linkResolver.cpp, line 773]

ZGC Phase Switch (0 events):
No events

VM Operations (20 events):
Event: 253.576 Executing safepoint VM operation: Cleanup
Event: 253.705 Executing safepoint VM operation: Cleanup done
Event: 253.705 Executing non-safepoint VM operation: HandshakeAllThreads (Deoptimize)
Event: 253.736 Executing non-safepoint VM operation: HandshakeAllThreads (Deoptimize) done
Event: 254.741 Executing safepoint VM operation: Cleanup
Event: 254.741 Executing safepoint VM operation: Cleanup done
Event: 255.748 Executing safepoint VM operation: Cleanup
Event: 255.749 Executing safepoint VM operation: Cleanup done
Event: 256.187 Executing safepoint VM operation: ParallelGCFailedAllocation (Allocation Failure)
Event: 256.207 Executing safepoint VM operation: ParallelGCFailedAllocation (Allocation Failure) done
Event: 258.213 Executing safepoint VM operation: Cleanup
Event: 258.214 Executing safepoint VM operation: Cleanup done
Event: 258.335 Executing non-safepoint VM operation: HandshakeAllThreads (Deoptimize)
Event: 258.335 Executing non-safepoint VM operation: HandshakeAllThreads (Deoptimize) done
Event: 258.453 Executing safepoint VM operation: ParallelGCFailedAllocation (Allocation Failure)
Event: 258.462 Executing safepoint VM operation: ParallelGCFailedAllocation (Allocation Failure) done
Event: 259.463 Executing safepoint VM operation: Cleanup
Event: 259.848 Executing safepoint VM operation: Cleanup done
Event: 259.853 Executing non-safepoint VM operation: HandshakeAllThreads (Deoptimize)
Event: 259.879 Executing non-safepoint VM operation: HandshakeAllThreads (Deoptimize) done

Memory protections (0 events):
No events

Nmethod flushes (20 events):
Event: 222.871 Thread 0x0000014ba0b7e860 flushing  nmethod 0x0000014ba51f2e90
Event: 222.871 Thread 0x0000014ba0b7e860 flushing  nmethod 0x0000014ba51f3290
Event: 222.871 Thread 0x0000014ba0b7e860 flushing  nmethod 0x0000014ba5214d10
Event: 222.871 Thread 0x0000014ba0b7e860 flushing  nmethod 0x0000014ba5215a10
Event: 222.871 Thread 0x0000014ba0b7e860 flushing  nmethod 0x0000014ba5217e90
Event: 222.871 Thread 0x0000014ba0b7e860 flushing  nmethod 0x0000014ba5218290
Event: 222.871 Thread 0x0000014ba0b7e860 flushing  nmethod 0x0000014ba521fd10
Event: 222.871 Thread 0x0000014ba0b7e860 flushing  nmethod 0x0000014ba5228a90
Event: 222.871 Thread 0x0000014ba0b7e860 flushing  nmethod 0x0000014ba5228e90
Event: 222.871 Thread 0x0000014ba0b7e860 flushing  nmethod 0x0000014ba522f090
Event: 222.871 Thread 0x0000014ba0b7e860 flushing  nmethod 0x0000014ba5235190
Event: 222.871 Thread 0x0000014ba0b7e860 flushing  nmethod 0x0000014ba5236390
Event: 222.871 Thread 0x0000014ba0b7e860 flushing  nmethod 0x0000014ba5236a90
Event: 222.871 Thread 0x0000014ba0b7e860 flushing  nmethod 0x0000014ba523f810
Event: 222.871 Thread 0x0000014ba0b7e860 flushing  nmethod 0x0000014ba523fb90
Event: 222.871 Thread 0x0000014ba0b7e860 flushing  nmethod 0x0000014ba5241110
Event: 222.871 Thread 0x0000014ba0b7e860 flushing  nmethod 0x0000014ba5241890
Event: 222.871 Thread 0x0000014ba0b7e860 flushing  nmethod 0x0000014ba5246990
Event: 222.871 Thread 0x0000014ba0b7e860 flushing  nmethod 0x0000014ba5255b10
Event: 222.871 Thread 0x0000014ba0b7e860 flushing  nmethod 0x0000014ba5288a90

Events (20 events):
Event: 226.004 Thread 0x0000014b803bf090 Thread added: 0x0000014b81bbf610
Event: 226.020 Thread 0x0000014ba0a6e700 Thread added: 0x0000014bfef88040
Event: 228.833 Thread 0x0000014ba0a6e700 Thread added: 0x0000014bfe0300a0
Event: 229.038 Thread 0x0000014bfe0300a0 Thread exited: 0x0000014bfe0300a0
Event: 231.577 Thread 0x0000014bfef88040 Thread exited: 0x0000014bfef88040
Event: 250.140 Thread 0x0000014b803bf090 Thread added: 0x0000014b81bc2400
Event: 250.145 Thread 0x0000014b81bc2400 Thread added: 0x0000014b81bbef80
Event: 250.148 Thread 0x0000014b81bc2400 Thread added: 0x0000014b81bc1050
Event: 250.947 Thread 0x0000014b81bc2400 Thread added: 0x0000014b81bc09c0
Event: 250.950 Thread 0x0000014b81bc1050 Thread added: 0x0000014b81bc16e0
Event: 250.953 Thread 0x0000014b81bc1050 Thread added: 0x0000014b81bc2a90
Event: 250.953 Thread 0x0000014b81bc2400 Thread added: 0x0000014b81bc3120
Event: 250.954 Thread 0x0000014b81bc09c0 Thread added: 0x0000014b81bbfca0
Event: 253.089 Thread 0x0000014b803bf090 Thread added: 0x0000014b81bc5880
Event: 253.090 Thread 0x0000014b803bf090 Thread added: 0x0000014b81bc3e40
Event: 253.090 Thread 0x0000014b803bf090 Thread added: 0x0000014b81bc5f10
Event: 253.090 Thread 0x0000014b803bf090 Thread added: 0x0000014b81bc44d0
Event: 253.090 Thread 0x0000014b803bf090 Thread added: 0x0000014b81bc4b60
Event: 253.090 Thread 0x0000014b803bf090 Thread added: 0x0000014b81bc51f0
Event: 257.764 Thread 0x0000014b803bf090 Thread added: 0x0000014b803be370


Dynamic libraries:
0x00007ff74e160000 - 0x00007ff74e16e000 	c:\Users\Prova\.antigravity-ide\extensions\redhat.java-1.54.0-win32-x64\jre\21.0.10-win32-x86_64\bin\java.exe
0x00007fffd9260000 - 0x00007fffd94c6000 	C:\WINDOWS\SYSTEM32\ntdll.dll
0x00007fffd7450000 - 0x00007fffd7519000 	C:\WINDOWS\System32\KERNEL32.DLL
0x00007fffd6a70000 - 0x00007fffd6e6a000 	C:\WINDOWS\System32\KERNELBASE.dll
0x00007fffd67c0000 - 0x00007fffd690c000 	C:\WINDOWS\System32\ucrtbase.dll
0x00007fffb5170000 - 0x00007fffb5188000 	c:\Users\Prova\.antigravity-ide\extensions\redhat.java-1.54.0-win32-x64\jre\21.0.10-win32-x86_64\bin\jli.dll
0x00007fffc8160000 - 0x00007fffc817e000 	c:\Users\Prova\.antigravity-ide\extensions\redhat.java-1.54.0-win32-x64\jre\21.0.10-win32-x86_64\bin\VCRUNTIME140.dll
0x00007fffd8fc0000 - 0x00007fffd9187000 	C:\WINDOWS\System32\USER32.dll
0x00007fffc16d0000 - 0x00007fffc1962000 	C:\WINDOWS\WinSxS\amd64_microsoft.windows.common-controls_6595b64144ccf1df_6.0.26100.8521_none_3e08b75ce33403b3\COMCTL32.dll
0x00007fffd6910000 - 0x00007fffd6937000 	C:\WINDOWS\System32\win32u.dll
0x00007fffd7ec0000 - 0x00007fffd7f69000 	C:\WINDOWS\System32\msvcrt.dll
0x00007fffd8090000 - 0x00007fffd80bb000 	C:\WINDOWS\System32\GDI32.dll
0x00007fffd6940000 - 0x00007fffd6a6b000 	C:\WINDOWS\System32\gdi32full.dll
0x00007fffd6f20000 - 0x00007fffd6fc3000 	C:\WINDOWS\System32\msvcp_win.dll
0x00007fffd8050000 - 0x00007fffd8082000 	C:\WINDOWS\System32\IMM32.DLL
0x00007fffc9330000 - 0x00007fffc933c000 	c:\Users\Prova\.antigravity-ide\extensions\redhat.java-1.54.0-win32-x64\jre\21.0.10-win32-x86_64\bin\vcruntime140_1.dll
0x00007fff83760000 - 0x00007fff837ed000 	c:\Users\Prova\.antigravity-ide\extensions\redhat.java-1.54.0-win32-x64\jre\21.0.10-win32-x86_64\bin\msvcp140.dll
0x00007fff230c0000 - 0x00007fff23e61000 	c:\Users\Prova\.antigravity-ide\extensions\redhat.java-1.54.0-win32-x64\jre\21.0.10-win32-x86_64\bin\server\jvm.dll
0x00007fffd8ef0000 - 0x00007fffd8fa6000 	C:\WINDOWS\System32\ADVAPI32.dll
0x00007fffd7db0000 - 0x00007fffd7e5a000 	C:\WINDOWS\System32\sechost.dll
0x00007fffd7c90000 - 0x00007fffd7da8000 	C:\WINDOWS\System32\RPCRT4.dll
0x00007fffd9190000 - 0x00007fffd9210000 	C:\WINDOWS\System32\WS2_32.dll
0x00007fffd6350000 - 0x00007fffd63ae000 	C:\WINDOWS\SYSTEM32\POWRPROF.dll
0x00007fffce3e0000 - 0x00007fffce3eb000 	C:\WINDOWS\SYSTEM32\VERSION.dll
0x00007fffc3440000 - 0x00007fffc3476000 	C:\WINDOWS\SYSTEM32\WINMM.dll
0x00007fffd6330000 - 0x00007fffd6344000 	C:\WINDOWS\SYSTEM32\UMPDC.dll
0x00007fffd5280000 - 0x00007fffd529b000 	C:\WINDOWS\SYSTEM32\kernel.appcore.dll
0x00007fffc8150000 - 0x00007fffc815a000 	c:\Users\Prova\.antigravity-ide\extensions\redhat.java-1.54.0-win32-x64\jre\21.0.10-win32-x86_64\bin\jimage.dll
0x00007fffd3dc0000 - 0x00007fffd4002000 	C:\WINDOWS\SYSTEM32\DBGHELP.DLL
0x00007fffd8ae0000 - 0x00007fffd8e63000 	C:\WINDOWS\System32\combase.dll
0x00007fffd7f70000 - 0x00007fffd8049000 	C:\WINDOWS\System32\OLEAUT32.dll
0x00007fffbfc70000 - 0x00007fffbfcab000 	C:\WINDOWS\SYSTEM32\dbgcore.DLL
0x00007fffd6e70000 - 0x00007fffd6f18000 	C:\WINDOWS\System32\bcryptPrimitives.dll
0x00007fffd2e20000 - 0x00007fffd2e2f000 	c:\Users\Prova\.antigravity-ide\extensions\redhat.java-1.54.0-win32-x64\jre\21.0.10-win32-x86_64\bin\instrument.dll
0x00007fffb3ff0000 - 0x00007fffb4010000 	c:\Users\Prova\.antigravity-ide\extensions\redhat.java-1.54.0-win32-x64\jre\21.0.10-win32-x86_64\bin\java.dll
0x00007fffd8250000 - 0x00007fffd89d4000 	C:\WINDOWS\System32\SHELL32.dll
0x00007fffd40f0000 - 0x00007fffd4970000 	C:\WINDOWS\SYSTEM32\windows.storage.dll
0x00007fffd79e0000 - 0x00007fffd7ad6000 	C:\WINDOWS\System32\SHCORE.dll
0x00007fffd8e80000 - 0x00007fffd8ee7000 	C:\WINDOWS\System32\shlwapi.dll
0x00007fffd6410000 - 0x00007fffd6439000 	C:\WINDOWS\SYSTEM32\profapi.dll
0x00007fffad430000 - 0x00007fffad448000 	c:\Users\Prova\.antigravity-ide\extensions\redhat.java-1.54.0-win32-x64\jre\21.0.10-win32-x86_64\bin\zip.dll
0x00007fffc7100000 - 0x00007fffc7110000 	C:\Users\Prova\.antigravity-ide\extensions\redhat.java-1.54.0-win32-x64\jre\21.0.10-win32-x86_64\bin\net.dll
0x00007fffc8e90000 - 0x00007fffc8fb9000 	C:\WINDOWS\SYSTEM32\WINHTTP.dll
0x00007fffd57f0000 - 0x00007fffd585c000 	C:\WINDOWS\system32\mswsock.dll
0x00007fffa8e50000 - 0x00007fffa8e66000 	C:\Users\Prova\.antigravity-ide\extensions\redhat.java-1.54.0-win32-x64\jre\21.0.10-win32-x86_64\bin\nio.dll
0x00007fffc90d0000 - 0x00007fffc90e0000 	c:\Users\Prova\.antigravity-ide\extensions\redhat.java-1.54.0-win32-x64\jre\21.0.10-win32-x86_64\bin\verify.dll
0x00007fff79470000 - 0x00007fff794b5000 	C:\Users\Prova\AppData\Roaming\Antigravity IDE\User\globalStorage\redhat.java\1.54.0\config_win\org.eclipse.equinox.launcher\org.eclipse.equinox.launcher.win32.win32.x86_64_1.3.0.v20260203-2149\eclipse_11919.dll
0x00007fffd7ae0000 - 0x00007fffd7c78000 	C:\WINDOWS\System32\ole32.dll
0x00007fffd5ad0000 - 0x00007fffd5aeb000 	C:\WINDOWS\SYSTEM32\CRYPTSP.dll
0x00007fffd51e0000 - 0x00007fffd5219000 	C:\WINDOWS\system32\rsaenh.dll
0x00007fffd58a0000 - 0x00007fffd58d3000 	C:\WINDOWS\SYSTEM32\USERENV.dll
0x00007fffd63e0000 - 0x00007fffd640a000 	C:\WINDOWS\SYSTEM32\bcrypt.dll
0x00007fffd5af0000 - 0x00007fffd5afc000 	C:\WINDOWS\SYSTEM32\CRYPTBASE.dll
0x00007fffd4cd0000 - 0x00007fffd4d03000 	C:\WINDOWS\SYSTEM32\IPHLPAPI.DLL
0x00007fffd7c80000 - 0x00007fffd7c8a000 	C:\WINDOWS\System32\NSI.dll
0x00007fffc1350000 - 0x00007fffc1399000 	C:\Users\Prova\AppData\Local\Temp\jna-77388280\jna8945655202653237648.dll
0x00007fffd8e70000 - 0x00007fffd8e78000 	C:\WINDOWS\System32\PSAPI.DLL
0x00007fffcd020000 - 0x00007fffcd03d000 	C:\WINDOWS\SYSTEM32\dhcpcsvc6.DLL
0x00007fffc8ce0000 - 0x00007fffc8d05000 	C:\WINDOWS\SYSTEM32\dhcpcsvc.DLL
0x00007fffc7080000 - 0x00007fffc70a7000 	C:\Users\Prova\.gradle\native\1def1411415f61bf3af743bc5b6707747c0891f09f0c88961ee8f79bc544acac\windows-amd64\native-platform.dll
0x00007fffc9370000 - 0x00007fffc937a000 	C:\Users\Prova\.antigravity-ide\extensions\redhat.java-1.54.0-win32-x64\jre\21.0.10-win32-x86_64\bin\management.dll
0x00007fffc0bc0000 - 0x00007fffc0bcc000 	C:\Users\Prova\.antigravity-ide\extensions\redhat.java-1.54.0-win32-x64\jre\21.0.10-win32-x86_64\bin\management_ext.dll

JVMTI agents:
c:\Users\Prova\.antigravity-ide\extensions\redhat.java-1.54.0-win32-x64\lombok\lombok-1.18.39-4050.jar path:c:\Users\Prova\.antigravity-ide\extensions\redhat.java-1.54.0-win32-x64\jre\21.0.10-win32-x86_64\bin\instrument.dll, loaded, initialized, instrumentlib options:none

dbghelp: loaded successfully - version: 4.0.5 - missing functions: none
symbol engine: initialized successfully - sym options: 0x614 - pdb path: .;c:\Users\Prova\.antigravity-ide\extensions\redhat.java-1.54.0-win32-x64\jre\21.0.10-win32-x86_64\bin;C:\WINDOWS\SYSTEM32;C:\WINDOWS\WinSxS\amd64_microsoft.windows.common-controls_6595b64144ccf1df_6.0.26100.8521_none_3e08b75ce33403b3;c:\Users\Prova\.antigravity-ide\extensions\redhat.java-1.54.0-win32-x64\jre\21.0.10-win32-x86_64\bin\server;C:\Users\Prova\AppData\Roaming\Antigravity IDE\User\globalStorage\redhat.java\1.54.0\config_win\org.eclipse.equinox.launcher\org.eclipse.equinox.launcher.win32.win32.x86_64_1.3.0.v20260203-2149;C:\Users\Prova\AppData\Local\Temp\jna-77388280;C:\Users\Prova\.gradle\native\1def1411415f61bf3af743bc5b6707747c0891f09f0c88961ee8f79bc544acac\windows-amd64

VM Arguments:
jvm_args: --add-modules=ALL-SYSTEM --add-opens=java.base/java.util=ALL-UNNAMED --add-opens=java.base/java.lang=ALL-UNNAMED --add-opens=java.base/sun.nio.fs=ALL-UNNAMED -Declipse.application=org.eclipse.jdt.ls.core.id1 -Dosgi.bundles.defaultStartLevel=4 -Declipse.product=org.eclipse.jdt.ls.core.product -Djava.import.generatesMetadataFilesAtProjectRoot=false -DDetectVMInstallationsJob.disabled=true -Dfile.encoding=utf8 -XX:+UseParallelGC -XX:GCTimeRatio=4 -XX:AdaptiveSizePolicyWeight=90 -Dsun.zip.disableMemoryMapping=true -Xmx2G -Xms100m -Xlog:disable -javaagent:c:\Users\Prova\.antigravity-ide\extensions\redhat.java-1.54.0-win32-x64\lombok\lombok-1.18.39-4050.jar -XX:+HeapDumpOnOutOfMemoryError -XX:HeapDumpPath=c:\Users\Prova\AppData\Roaming\Antigravity IDE\User\workspaceStorage\bf4ca5e79a2f26db4c188add9793b0df\redhat.java -Daether.dependencyCollector.impl=bf 
java_command: c:\Users\Prova\.antigravity-ide\extensions\redhat.java-1.54.0-win32-x64\server\plugins\org.eclipse.equinox.launcher_1.7.100.v20251111-0406.jar -configuration c:\Users\Prova\AppData\Roaming\Antigravity IDE\User\globalStorage\redhat.java\1.54.0\config_win -data c:\Users\Prova\AppData\Roaming\Antigravity IDE\User\workspaceStorage\bf4ca5e79a2f26db4c188add9793b0df\redhat.java\jdt_ws --pipe=\\.\pipe\lsp-aefdfa187eb3ba6bb6e198df9313f6c9-sock
java_class_path (initial): c:\Users\Prova\.antigravity-ide\extensions\redhat.java-1.54.0-win32-x64\server\plugins\org.eclipse.equinox.launcher_1.7.100.v20251111-0406.jar
Launcher Type: SUN_STANDARD

[Global flags]
    uintx AdaptiveSizePolicyWeight                 = 90                                        {product} {command line}
     intx CICompilerCount                          = 4                                         {product} {ergonomic}
    uintx GCTimeRatio                              = 4                                         {product} {command line}
     bool HeapDumpOnOutOfMemoryError               = true                                   {manageable} {command line}
    ccstr HeapDumpPath                             = c:\Users\Prova\AppData\Roaming\Antigravity IDE\User\workspaceStorage\bf4ca5e79a2f26db4c188add9793b0df\redhat.java         {manageable} {command line}
   size_t InitialHeapSize                          = 104857600                                 {product} {command line}
   size_t MaxHeapSize                              = 2147483648                                {product} {command line}
   size_t MaxNewSize                               = 715653120                                 {product} {ergonomic}
   size_t MinHeapDeltaBytes                        = 524288                                    {product} {ergonomic}
   size_t MinHeapSize                              = 104857600                                 {product} {command line}
   size_t NewSize                                  = 34603008                                  {product} {ergonomic}
    uintx NonNMethodCodeHeapSize                   = 5839372                                {pd product} {ergonomic}
    uintx NonProfiledCodeHeapSize                  = 122909434                              {pd product} {ergonomic}
   size_t OldSize                                  = 70254592                                  {product} {ergonomic}
    uintx ProfiledCodeHeapSize                     = 122909434                              {pd product} {ergonomic}
    uintx ReservedCodeCacheSize                    = 251658240                              {pd product} {ergonomic}
     bool SegmentedCodeCache                       = true                                      {product} {ergonomic}
   size_t SoftMaxHeapSize                          = 2147483648                             {manageable} {ergonomic}
     bool UseCompressedOops                        = true                           {product lp64_product} {ergonomic}
     bool UseLargePagesIndividualAllocation        = false                                  {pd product} {ergonomic}
     bool UseParallelGC                            = true                                      {product} {command line}

Logging:
Log output configuration:
 #0: stdout all=off uptime,level,tags foldmultilines=false
 #1: stderr all=off uptime,level,tags foldmultilines=false

Release file:
JAVA_VERSION="21.0.10" 
MODULES="java.base java.compiler java.datatransfer java.xml java.prefs java.desktop java.instrument java.logging java.management java.security.sasl java.naming java.rmi java.management.rmi java.net.http java.scripting java.security.jgss java.transaction.xa java.sql java.sql.rowset java.xml.crypto java.se java.smartcardio jdk.accessibility jdk.internal.jvmstat jdk.attach jdk.charsets jdk.internal.opt jdk.zipfs jdk.compiler jdk.crypto.ec jdk.crypto.cryptoki jdk.crypto.mscapi jdk.dynalink jdk.internal.ed jdk.editpad jdk.hotspot.agent jdk.httpserver jdk.internal.le jdk.internal.vm.ci jdk.internal.vm.compiler jdk.internal.vm.compiler.management jdk.jartool jdk.javadoc jdk.jcmd jdk.management jdk.management.agent jdk.jconsole jdk.jdeps jdk.jdwp.agent jdk.jdi jdk.jfr jdk.jshell jdk.jsobject jdk.jstatd jdk.localedata jdk.management.jfr jdk.naming.dns jdk.naming.rmi jdk.net jdk.nio.mapmode jdk.random jdk.sctp jdk.security.auth jdk.security.jgss jdk.unsupported jdk.unsupported.desktop jdk.xml.dom" 

Environment Variables:
JAVA_HOME=C:\Program Files\Eclipse Adoptium\jdk-17.0.19.10-hotspot
PATH=C:\Program Files\Eclipse Adoptium\jdk-17.0.19.10-hotspot\bin;C:\WINDOWS\system32;C:\WINDOWS;C:\WINDOWS\System32\Wbem;C:\WINDOWS\System32\WindowsPowerShell\v1.0\;C:\WINDOWS\System32\OpenSSH\;C:\Program Files\Intel\WiFi\bin\;C:\Program Files\Common Files\Intel\WirelessCommon\;C:\Program Files\dotnet\;C:\Program Files\Git\cmd;C:\Program Files\cursor\resources\app\bin;C:\Program Files\nodejs\;C:\Users\Prova\.local\bin;C:\Users\Prova\AppData\Local\Programs\Python\Launcher\;C:\Users\Prova\AppData\Local\Programs\Python\Python313\Scripts\;C:\Users\Prova\AppData\Local\Programs\Python\Python313\;C:\Users\Prova\AppData\Local\Microsoft\WindowsApps;C:\Users\Prova\AppData\Local\Programs\Microsoft VS Code\bin;C:\Program Files\Git\bin\git.exe;C:\Users\Prova\AppData\Roaming\npm;C:\Users\Prova\AppData\Local\Programs\Antigravity\bin;C:\Users\Prova\.cargo\bin;C:\Users\Prova\AppData\Local\Programs\Antigravity IDE\bin;C:\Users\Prova\AppData\Local\Android\Sdk\platform-tools;C:\Program Files\Eclipse Adoptium\jdk-17.0.19.10-hotspot\bin;C:\Users\Prova\AppData\Local\Android\Sdk\platform-tools;C:\Users\Prova\AppData\Local\Android\Sdk\cmdline-tools\latest\bin;C:\Users\Prova\AppData\Local\Android\Sdk\emulator;
USERNAME=Prova
OS=Windows_NT
PROCESSOR_IDENTIFIER=Intel64 Family 6 Model 142 Stepping 10, GenuineIntel
TMP=C:\Users\Prova\AppData\Local\Temp
TEMP=C:\Users\Prova\AppData\Local\Temp




Periodic native trim disabled

---------------  S Y S T E M  ---------------

OS:
 Windows 11 , 64 bit Build 26100 (10.0.26100.8521)
OS uptime: 1 days 3:42 hours

CPU: total 8 (initial active 8) (4 cores per cpu, 2 threads per core) family 6 model 142 stepping 10 microcode 0xf4, cx8, cmov, fxsr, ht, mmx, 3dnowpref, sse, sse2, sse3, ssse3, sse4.1, sse4.2, popcnt, lzcnt, tsc, tscinvbit, avx, avx2, aes, erms, clmul, bmi1, bmi2, rtm, adx, fma, vzeroupper, clflush, clflushopt, rdtscp, f16c
Processor Information for the first 8 processors :
  Max Mhz: 1896, Current Mhz: 1696, Mhz Limit: 1687

Memory: 4k page, system-wide physical 8066M (318M free)
TotalPageFile size 32642M (AvailPageFile size 5M)
current process WorkingSet (physical memory assigned to process): 175M, peak: 354M
current process commit charge ("private bytes"): 1697M, peak: 1697M

vm_info: OpenJDK 64-Bit Server VM (21.0.10+7-LTS) for windows-amd64 JRE (21.0.10+7-LTS), built on 2026-01-20T00:00:00Z by "admin" with MS VC++ 17.12 (VS2022)

END.
