#
# There is insufficient memory for the Java Runtime Environment to continue.
# Native memory allocation (malloc) failed to allocate 1582608 bytes. Error detail: Chunk::new
# Possible reasons:
#   The system is out of physical RAM or swap space
#   This process is running with CompressedOops enabled, and the Java Heap may be blocking the growth of the native heap
# Possible solutions:
#   Reduce memory load on the system
#   Increase physical memory or swap space
#   Check if swap backing store is full
#   Decrease Java heap size (-Xmx/-Xms)
#   Decrease number of Java threads
#   Decrease Java thread stack sizes (-Xss)
#   Set larger code cache with -XX:ReservedCodeCacheSize=
#   JVM is running with Unscaled Compressed Oops mode in which the Java heap is
#     placed in the first 4GB address space. The Java Heap base address is the
#     maximum limit for the native heap growth. Please use -XX:HeapBaseMinAddress
#     to set the Java Heap base and to place the Java Heap above 4GB virtual address.
# This output file may be truncated or incomplete.
#
#  Out of Memory Error (arena.cpp:168), pid=31592, tid=9660
#
# JRE version: OpenJDK Runtime Environment Temurin-21.0.11+10 (21.0.11+10) (build 21.0.11+10-LTS)
# Java VM: OpenJDK 64-Bit Server VM Temurin-21.0.11+10 (21.0.11+10-LTS, mixed mode, sharing, tiered, compressed oops, compressed class ptrs, g1 gc, windows-amd64)
# No core dump will be written. Minidumps are not enabled by default on client versions of Windows
#

---------------  S U M M A R Y ------------

Command Line: --add-opens=java.base/java.util=ALL-UNNAMED --add-opens=java.base/java.lang=ALL-UNNAMED --add-opens=java.base/java.lang.invoke=ALL-UNNAMED --add-opens=java.prefs/java.util.prefs=ALL-UNNAMED --add-exports=jdk.compiler/com.sun.tools.javac.api=ALL-UNNAMED --add-exports=jdk.compiler/com.sun.tools.javac.util=ALL-UNNAMED --add-opens=java.base/java.nio.charset=ALL-UNNAMED --add-opens=java.base/java.net=ALL-UNNAMED --add-opens=java.base/java.util.concurrent.atomic=ALL-UNNAMED -XX:MaxMetaspaceSize=384m -XX:+HeapDumpOnOutOfMemoryError -Xms256m -Xmx512m -Dfile.encoding=utf8 -Duser.country=US -Duser.language=en -Duser.variant -javaagent:C:\Users\Prova\.gradle\wrapper\dists\gradle-8.9-bin\90cnw93cvbtalezasaz0blq0a\gradle-8.9\lib\agents\gradle-instrumentation-agent-8.9.jar org.gradle.launcher.daemon.bootstrap.GradleDaemon 8.9

Host: Intel(R) Core(TM) i5-8350U CPU @ 1.70GHz, 8 cores, 7G,  Windows 11 , 64 bit Build 26100 (10.0.26100.8737)
Time: Tue Jul  7 13:57:09 2026 W. Central Africa Standard Time elapsed time: 39.926894 seconds (0d 0h 0m 39s)

---------------  T H R E A D  ---------------

Current thread (0x000001f3ee000080):  JavaThread "C2 CompilerThread0" daemon [_thread_in_native, id=9660, stack(0x00000035c2f00000,0x00000035c3000000) (1024K)]


Current CompileTask:
C2:39927 10422       4       org.gradle.api.internal.attributes.DefaultImmutableAttributesFactory::concat (46 bytes)

Stack: [0x00000035c2f00000,0x00000035c3000000]
Native frames: (J=compiled Java code, j=interpreted, Vv=VM code, C=native code)
V  [jvm.dll+0x6d7e19]
V  [jvm.dll+0x8b5096]
V  [jvm.dll+0x8b764e]
V  [jvm.dll+0x8b7d33]
V  [jvm.dll+0x284596]
V  [jvm.dll+0xc685d]
V  [jvm.dll+0xc6da1]
V  [jvm.dll+0x3bed6b]
V  [jvm.dll+0x1e4149]
V  [jvm.dll+0x24c853]
V  [jvm.dll+0x24bce0]
V  [jvm.dll+0x1cb4ae]
V  [jvm.dll+0x25baad]
V  [jvm.dll+0x25a03a]
V  [jvm.dll+0x3f868e]
V  [jvm.dll+0x85fb0d]
V  [jvm.dll+0x6d664d]
C  [ucrtbase.dll+0x2cd30]
C  [KERNEL32.DLL+0x2e957]
C  [ntdll.dll+0xaad6c]


---------------  P R O C E S S  ---------------

Threads class SMR info:
_java_thread_list=0x000001f3efdfe1e0, length=64, elements={
0x000001f3bd1190b0, 0x000001f3d4e4f9b0, 0x000001f3d4e53140, 0x000001f3d4e5bbb0,
0x000001f3d4e5c870, 0x000001f3d4e5d760, 0x000001f3d4e5e1c0, 0x000001f3ee000080,
0x000001f3ee003280, 0x000001f3ee29b590, 0x000001f3ee2675b0, 0x000001f3efa83900,
0x000001f3eface590, 0x000001f3efa5c250, 0x000001f3efb2d7e0, 0x000001f3efb76d20,
0x000001f3efb74c50, 0x000001f3efb75970, 0x000001f3efb76000, 0x000001f3f0311420,
0x000001f3f030e630, 0x000001f3f030f350, 0x000001f3f030ecc0, 0x000001f3f0310070,
0x000001f3f0779a70, 0x000001f3f0778030, 0x000001f3f077cef0, 0x000001f3f0b949f0,
0x000001f3f3341e20, 0x000001f3f3340a70, 0x000001f3f3343ef0, 0x000001f3f274b820,
0x000001f3f3341100, 0x000001f3f33424b0, 0x000001f3f3341790, 0x000001f3f333f030,
0x000001f3f3342b40, 0x000001f3f333f6c0, 0x000001f3f33431d0, 0x000001f3f333fd50,
0x000001f3f3343860, 0x000001f3f33403e0, 0x000001f3f3344c10, 0x000001f3f3344580,
0x000001f3f3346650, 0x000001f3f3345930, 0x000001f3f33452a0, 0x000001f3f3345fc0,
0x000001f3f0b92290, 0x000001f3f0b90ee0, 0x000001f3f0b90850, 0x000001f3f0b91c00,
0x000001f3f0b901c0, 0x000001f3f0b91570, 0x000001f3f0b8f4a0, 0x000001f3f0b92920,
0x000001f3f0b92fb0, 0x000001f3f0b8fb30, 0x000001f3f0b93cd0, 0x000001f3f0b95710,
0x000001f3f0b95da0, 0x000001f3f0b94360, 0x000001f3f077a100, 0x000001f3f0776c80
}

Java Threads: ( => current thread )
  0x000001f3bd1190b0 JavaThread "main"                              [_thread_blocked, id=29700, stack(0x00000035c2100000,0x00000035c2200000) (1024K)]
  0x000001f3d4e4f9b0 JavaThread "Reference Handler"          daemon [_thread_blocked, id=21624, stack(0x00000035c2900000,0x00000035c2a00000) (1024K)]
  0x000001f3d4e53140 JavaThread "Finalizer"                  daemon [_thread_blocked, id=18896, stack(0x00000035c2a00000,0x00000035c2b00000) (1024K)]
  0x000001f3d4e5bbb0 JavaThread "Signal Dispatcher"          daemon [_thread_blocked, id=17540, stack(0x00000035c2b00000,0x00000035c2c00000) (1024K)]
  0x000001f3d4e5c870 JavaThread "Attach Listener"            daemon [_thread_blocked, id=33208, stack(0x00000035c2c00000,0x00000035c2d00000) (1024K)]
  0x000001f3d4e5d760 JavaThread "Service Thread"             daemon [_thread_blocked, id=31648, stack(0x00000035c2d00000,0x00000035c2e00000) (1024K)]
  0x000001f3d4e5e1c0 JavaThread "Monitor Deflation Thread"   daemon [_thread_blocked, id=31284, stack(0x00000035c2e00000,0x00000035c2f00000) (1024K)]
=>0x000001f3ee000080 JavaThread "C2 CompilerThread0"         daemon [_thread_in_native, id=9660, stack(0x00000035c2f00000,0x00000035c3000000) (1024K)]
  0x000001f3ee003280 JavaThread "C1 CompilerThread0"         daemon [_thread_blocked, id=4556, stack(0x00000035c3000000,0x00000035c3100000) (1024K)]
  0x000001f3ee29b590 JavaThread "Common-Cleaner"             daemon [_thread_blocked, id=17228, stack(0x00000035c3100000,0x00000035c3200000) (1024K)]
  0x000001f3ee2675b0 JavaThread "Notification Thread"        daemon [_thread_blocked, id=18948, stack(0x00000035c3200000,0x00000035c3300000) (1024K)]
  0x000001f3efa83900 JavaThread "Daemon health stats"               [_thread_blocked, id=32992, stack(0x00000035c3a00000,0x00000035c3b00000) (1024K)]
  0x000001f3eface590 JavaThread "Incoming local TCP Connector on port 50322"        [_thread_in_native, id=27956, stack(0x00000035c3900000,0x00000035c3a00000) (1024K)]
  0x000001f3efa5c250 JavaThread "Daemon periodic checks"            [_thread_blocked, id=33140, stack(0x00000035c3b00000,0x00000035c3c00000) (1024K)]
  0x000001f3efb2d7e0 JavaThread "Daemon"                            [_thread_blocked, id=19824, stack(0x00000035c3c00000,0x00000035c3d00000) (1024K)]
  0x000001f3efb76d20 JavaThread "Daemon worker"                     [_thread_in_native, id=7440, stack(0x00000035c3f00000,0x00000035c4000000) (1024K)]
  0x000001f3efb74c50 JavaThread "Cache worker for journal cache (C:\Users\Prova\.gradle\caches\journal-1)"        [_thread_blocked, id=21324, stack(0x00000035c4300000,0x00000035c4400000) (1024K)]
  0x000001f3efb75970 JavaThread "File lock request listener"        [_thread_in_native, id=12792, stack(0x00000035c4400000,0x00000035c4500000) (1024K)]
  0x000001f3efb76000 JavaThread "Cache worker for file hash cache (C:\Users\Prova\.gradle\caches\8.9\fileHashes)"        [_thread_blocked, id=2072, stack(0x00000035c4500000,0x00000035c4600000) (1024K)]
  0x000001f3f0311420 JavaThread "File watcher server"        daemon [_thread_in_native, id=14280, stack(0x00000035c4b00000,0x00000035c4c00000) (1024K)]
  0x000001f3f030e630 JavaThread "File watcher consumer"      daemon [_thread_blocked, id=28916, stack(0x00000035c4c00000,0x00000035c4d00000) (1024K)]
  0x000001f3f030f350 JavaThread "Cache worker for file content cache (C:\Users\Prova\.gradle\caches\8.9\fileContent)"        [_thread_blocked, id=8324, stack(0x00000035c4e00000,0x00000035c4f00000) (1024K)]
  0x000001f3f030ecc0 JavaThread "jar transforms"                    [_thread_blocked, id=30852, stack(0x00000035c5100000,0x00000035c5200000) (1024K)]
  0x000001f3f0310070 JavaThread "jar transforms Thread 2"           [_thread_blocked, id=14204, stack(0x00000035c5200000,0x00000035c5300000) (1024K)]
  0x000001f3f0779a70 JavaThread "jar transforms Thread 3"           [_thread_blocked, id=20732, stack(0x00000035c4200000,0x00000035c4300000) (1024K)]
  0x000001f3f0778030 JavaThread "VFS cleanup"                       [_thread_blocked, id=34128, stack(0x00000035c3800000,0x00000035c3900000) (1024K)]
  0x000001f3f077cef0 JavaThread "jar transforms Thread 4"           [_thread_blocked, id=34784, stack(0x00000035c5500000,0x00000035c5600000) (1024K)]
  0x000001f3f0b949f0 JavaThread "Memory manager"                    [_thread_blocked, id=23332, stack(0x00000035c6b00000,0x00000035c6c00000) (1024K)]
  0x000001f3f3341e20 JavaThread "included builds"                   [_thread_blocked, id=28296, stack(0x00000035c8200000,0x00000035c8300000) (1024K)]
  0x000001f3f3340a70 JavaThread "jar transforms Thread 5"           [_thread_blocked, id=26572, stack(0x00000035c5300000,0x00000035c5400000) (1024K)]
  0x000001f3f3343ef0 JavaThread "jar transforms Thread 6"           [_thread_blocked, id=25856, stack(0x00000035c5400000,0x00000035c5500000) (1024K)]
  0x000001f3f274b820 JavaThread "C2 CompilerThread1"         daemon [_thread_in_native, id=22292, stack(0x00000035c5600000,0x00000035c5700000) (1024K)]
  0x000001f3f3341100 JavaThread "Handler for socket connection from /127.0.0.1:50322 to /127.0.0.1:50010"        [_thread_in_native, id=24836, stack(0x00000035c1e00000,0x00000035c1f00000) (1024K)]
  0x000001f3f33424b0 JavaThread "Cancel handler"                    [_thread_blocked, id=18048, stack(0x00000035c3d00000,0x00000035c3e00000) (1024K)]
  0x000001f3f3341790 JavaThread "Asynchronous log dispatcher for DefaultDaemonConnection: socket connection from /127.0.0.1:50322 to /127.0.0.1:50010"        [_thread_blocked, id=31344, stack(0x00000035c3e00000,0x00000035c3f00000) (1024K)]
  0x000001f3f333f030 JavaThread "Stdin handler"                     [_thread_blocked, id=20212, stack(0x00000035c4000000,0x00000035c4100000) (1024K)]
  0x000001f3f3342b40 JavaThread "Daemon client event forwarder"        [_thread_blocked, id=19404, stack(0x00000035c4100000,0x00000035c4200000) (1024K)]
  0x000001f3f333f6c0 JavaThread "Cache worker for file hash cache (C:\Users\Prova\Videos\Fixam\app\node_modules\expo-modules-core\expo-module-gradle-plugin\.gradle\8.9\fileHashes)"        [_thread_blocked, id=32896, stack(0x00000035c4600000,0x00000035c4700000) (1024K)]
  0x000001f3f33431d0 JavaThread "Cache worker for Build Output Cleanup Cache (C:\Users\Prova\Videos\Fixam\app\node_modules\expo-modules-core\expo-module-gradle-plugin\.gradle\buildOutputCleanup)"        [_thread_blocked, id=22812, stack(0x00000035c4700000,0x00000035c4800000) (1024K)]
  0x000001f3f333fd50 JavaThread "Cache worker for checksums cache (C:\Users\Prova\Videos\Fixam\app\node_modules\expo-modules-core\expo-module-gradle-plugin\.gradle\8.9\checksums)"        [_thread_blocked, id=22108, stack(0x00000035c4d00000,0x00000035c4e00000) (1024K)]
  0x000001f3f3343860 JavaThread "Cache worker for cache directory md-rule (C:\Users\Prova\.gradle\caches\8.9\md-rule)"        [_thread_blocked, id=33136, stack(0x00000035c4f00000,0x00000035c5000000) (1024K)]
  0x000001f3f33403e0 JavaThread "Cache worker for cache directory md-supplier (C:\Users\Prova\.gradle\caches\8.9\md-supplier)"        [_thread_blocked, id=30972, stack(0x00000035c5000000,0x00000035c5100000) (1024K)]
  0x000001f3f3344c10 JavaThread "Unconstrained build operations"        [_thread_blocked, id=30308, stack(0x00000035c5700000,0x00000035c5800000) (1024K)]
  0x000001f3f3344580 JavaThread "Unconstrained build operations Thread 2"        [_thread_blocked, id=8896, stack(0x00000035c5800000,0x00000035c5900000) (1024K)]
  0x000001f3f3346650 JavaThread "Unconstrained build operations Thread 3"        [_thread_blocked, id=8396, stack(0x00000035c5900000,0x00000035c5a00000) (1024K)]
  0x000001f3f3345930 JavaThread "Unconstrained build operations Thread 4"        [_thread_blocked, id=30684, stack(0x00000035c5a00000,0x00000035c5b00000) (1024K)]
  0x000001f3f33452a0 JavaThread "Unconstrained build operations Thread 5"        [_thread_blocked, id=9680, stack(0x00000035c5b00000,0x00000035c5c00000) (1024K)]
  0x000001f3f3345fc0 JavaThread "Unconstrained build operations Thread 6"        [_thread_blocked, id=30500, stack(0x00000035c5c00000,0x00000035c5d00000) (1024K)]
  0x000001f3f0b92290 JavaThread "Unconstrained build operations Thread 7"        [_thread_blocked, id=30924, stack(0x00000035c5d00000,0x00000035c5e00000) (1024K)]
  0x000001f3f0b90ee0 JavaThread "Unconstrained build operations Thread 8"        [_thread_blocked, id=33256, stack(0x00000035c5e00000,0x00000035c5f00000) (1024K)]
  0x000001f3f0b90850 JavaThread "Unconstrained build operations Thread 9"        [_thread_blocked, id=33888, stack(0x00000035c5f00000,0x00000035c6000000) (1024K)]
  0x000001f3f0b91c00 JavaThread "Unconstrained build operations Thread 10"        [_thread_blocked, id=13796, stack(0x00000035c6000000,0x00000035c6100000) (1024K)]
  0x000001f3f0b901c0 JavaThread "Unconstrained build operations Thread 11"        [_thread_blocked, id=30544, stack(0x00000035c6100000,0x00000035c6200000) (1024K)]
  0x000001f3f0b91570 JavaThread "Unconstrained build operations Thread 12"        [_thread_blocked, id=368, stack(0x00000035c6200000,0x00000035c6300000) (1024K)]
  0x000001f3f0b8f4a0 JavaThread "Unconstrained build operations Thread 13"        [_thread_blocked, id=18416, stack(0x00000035c6300000,0x00000035c6400000) (1024K)]
  0x000001f3f0b92920 JavaThread "Unconstrained build operations Thread 14"        [_thread_blocked, id=16580, stack(0x00000035c6400000,0x00000035c6500000) (1024K)]
  0x000001f3f0b92fb0 JavaThread "Unconstrained build operations Thread 15"        [_thread_blocked, id=32244, stack(0x00000035c6500000,0x00000035c6600000) (1024K)]
  0x000001f3f0b8fb30 JavaThread "Unconstrained build operations Thread 16"        [_thread_blocked, id=20508, stack(0x00000035c6600000,0x00000035c6700000) (1024K)]
  0x000001f3f0b93cd0 JavaThread "Unconstrained build operations Thread 17"        [_thread_blocked, id=14544, stack(0x00000035c6700000,0x00000035c6800000) (1024K)]
  0x000001f3f0b95710 JavaThread "Unconstrained build operations Thread 18"        [_thread_blocked, id=32096, stack(0x00000035c6800000,0x00000035c6900000) (1024K)]
  0x000001f3f0b95da0 JavaThread "Unconstrained build operations Thread 19"        [_thread_blocked, id=13640, stack(0x00000035c6900000,0x00000035c6a00000) (1024K)]
  0x000001f3f0b94360 JavaThread "Unconstrained build operations Thread 20"        [_thread_blocked, id=3164, stack(0x00000035c6a00000,0x00000035c6b00000) (1024K)]
  0x000001f3f077a100 JavaThread "Unconstrained build operations Thread 21"        [_thread_blocked, id=10576, stack(0x00000035c6c00000,0x00000035c6d00000) (1024K)]
  0x000001f3f0776c80 JavaThread "build event listener"              [_thread_blocked, id=19044, stack(0x00000035c6d00000,0x00000035c6e00000) (1024K)]
Total: 64

Other Threads:
  0x000001f3d4e33e00 VMThread "VM Thread"                           [id=22436, stack(0x00000035c2800000,0x00000035c2900000) (1024K)]
  0x000001f3d4e27810 WatcherThread "VM Periodic Task Thread"        [id=13544, stack(0x00000035c2700000,0x00000035c2800000) (1024K)]
  0x000001f3bf4c8a20 WorkerThread "GC Thread#0"                     [id=34708, stack(0x00000035c2200000,0x00000035c2300000) (1024K)]
  0x000001f3eee6eed0 WorkerThread "GC Thread#1"                     [id=4848, stack(0x00000035c3300000,0x00000035c3400000) (1024K)]
  0x000001f3ee7d89d0 WorkerThread "GC Thread#2"                     [id=7192, stack(0x00000035c3400000,0x00000035c3500000) (1024K)]
  0x000001f3ee7d8d80 WorkerThread "GC Thread#3"                     [id=6712, stack(0x00000035c3500000,0x00000035c3600000) (1024K)]
  0x000001f3eebf9360 WorkerThread "GC Thread#4"                     [id=10112, stack(0x00000035c3600000,0x00000035c3700000) (1024K)]
  0x000001f3eebf9710 WorkerThread "GC Thread#5"                     [id=10176, stack(0x00000035c3700000,0x00000035c3800000) (1024K)]
  0x000001f3f0a8b7e0 WorkerThread "GC Thread#6"                     [id=30904, stack(0x00000035c4800000,0x00000035c4900000) (1024K)]
  0x000001f3f0a8d910 WorkerThread "GC Thread#7"                     [id=33352, stack(0x00000035c4900000,0x00000035c4a00000) (1024K)]
  0x000001f3bf4cf940 ConcurrentGCThread "G1 Main Marker"            [id=17648, stack(0x00000035c2300000,0x00000035c2400000) (1024K)]
  0x000001f3bf4d0360 WorkerThread "G1 Conc#0"                       [id=21432, stack(0x00000035c2400000,0x00000035c2500000) (1024K)]
  0x000001f3f0a8f2e0 WorkerThread "G1 Conc#1"                       [id=21780, stack(0x00000035c4a00000,0x00000035c4b00000) (1024K)]
  0x000001f3bf55ea80 ConcurrentGCThread "G1 Refine#0"               [id=27640, stack(0x00000035c2500000,0x00000035c2600000) (1024K)]
  0x000001f3d4cf75f0 ConcurrentGCThread "G1 Service"                [id=34084, stack(0x00000035c2600000,0x00000035c2700000) (1024K)]
Total: 15

Threads with active compile tasks:
C2 CompilerThread0  40997 10422       4       org.gradle.api.internal.attributes.DefaultImmutableAttributesFactory::concat (46 bytes)
C2 CompilerThread1  40997 10540       4       org.gradle.cache.internal.btree.BTreePersistentIndexedCache::load (40 bytes)
Total: 2

VM state: not at safepoint (normal execution)

VM Mutex/Monitor currently owned by a thread: None

Heap address: 0x00000000e0000000, size: 512 MB, Compressed Oops mode: 32-bit

CDS archive(s) mapped at: [0x000001f3d5000000-0x000001f3d5ba0000-0x000001f3d5ba0000), size 12189696, SharedBaseAddress: 0x000001f3d5000000, ArchiveRelocationMode: 1.
Compressed class space mapped at: 0x000001f3d6000000-0x000001f3ea000000, reserved size: 335544320
Narrow klass base: 0x000001f3d5000000, Narrow klass shift: 0, Narrow klass range: 0x100000000

GC Precious Log:
 CardTable entry size: 512
 Card Set container configuration: InlinePtr #cards 5 size 8 Array Of Cards #cards 12 size 40 Howl #buckets 4 coarsen threshold 1843 Howl Bitmap #cards 512 size 80 coarsen threshold 460 Card regions per heap region 1 cards per card region 2048
 CPUs: 8 total, 8 available
 Memory: 8066M
 Large Page Support: Disabled
 NUMA Support: Disabled
 Compressed Oops: Enabled (32-bit)
 Heap Region Size: 1M
 Heap Min Capacity: 256M
 Heap Initial Capacity: 256M
 Heap Max Capacity: 512M
 Pre-touch: Disabled
 Parallel Workers: 8
 Concurrent Workers: 2
 Concurrent Refinement Workers: 8
 Periodic GC: Disabled

Heap:
 garbage-first heap   total 262144K, used 109004K [0x00000000e0000000, 0x0000000100000000)
  region size 1024K, 54 young (55296K), 19 survivors (19456K)
 Metaspace       used 77812K, committed 80064K, reserved 458752K
  class space    used 11283K, committed 12416K, reserved 327680K

Heap Regions: E=young(eden), S=young(survivor), O=old, HS=humongous(starts), HC=humongous(continues), CS=collection set, F=free, TAMS=top-at-mark-start, PB=parsable bottom
|   0|0x00000000e0000000, 0x00000000e0100000, 0x00000000e0100000|100%|HS|  |TAMS 0x00000000e0000000| PB 0x00000000e0000000| Complete 
|   1|0x00000000e0100000, 0x00000000e0200000, 0x00000000e0200000|100%|HC|  |TAMS 0x00000000e0100000| PB 0x00000000e0100000| Complete 
|   2|0x00000000e0200000, 0x00000000e0300000, 0x00000000e0300000|100%|HC|  |TAMS 0x00000000e0200000| PB 0x00000000e0200000| Complete 
|   3|0x00000000e0300000, 0x00000000e0400000, 0x00000000e0400000|100%|HC|  |TAMS 0x00000000e0300000| PB 0x00000000e0300000| Complete 
|   4|0x00000000e0400000, 0x00000000e0500000, 0x00000000e0500000|100%| O|  |TAMS 0x00000000e0400000| PB 0x00000000e0400000| Untracked 
|   5|0x00000000e0500000, 0x00000000e0600000, 0x00000000e0600000|100%| O|  |TAMS 0x00000000e0500000| PB 0x00000000e0500000| Untracked 
|   6|0x00000000e0600000, 0x00000000e0700000, 0x00000000e0700000|100%| O|  |TAMS 0x00000000e0600000| PB 0x00000000e0600000| Untracked 
|   7|0x00000000e0700000, 0x00000000e0800000, 0x00000000e0800000|100%| O|  |TAMS 0x00000000e0700000| PB 0x00000000e0700000| Untracked 
|   8|0x00000000e0800000, 0x00000000e0900000, 0x00000000e0900000|100%| O|  |TAMS 0x00000000e0800000| PB 0x00000000e0800000| Untracked 
|   9|0x00000000e0900000, 0x00000000e0a00000, 0x00000000e0a00000|100%| O|  |TAMS 0x00000000e0900000| PB 0x00000000e0900000| Untracked 
|  10|0x00000000e0a00000, 0x00000000e0b00000, 0x00000000e0b00000|100%| O|  |TAMS 0x00000000e0a00000| PB 0x00000000e0a00000| Untracked 
|  11|0x00000000e0b00000, 0x00000000e0c00000, 0x00000000e0c00000|100%|HS|  |TAMS 0x00000000e0b00000| PB 0x00000000e0b00000| Complete 
|  12|0x00000000e0c00000, 0x00000000e0d00000, 0x00000000e0d00000|100%| O|  |TAMS 0x00000000e0c00000| PB 0x00000000e0c00000| Untracked 
|  13|0x00000000e0d00000, 0x00000000e0e00000, 0x00000000e0e00000|100%| O|  |TAMS 0x00000000e0d00000| PB 0x00000000e0d00000| Untracked 
|  14|0x00000000e0e00000, 0x00000000e0f00000, 0x00000000e0f00000|100%| O|  |TAMS 0x00000000e0e00000| PB 0x00000000e0e00000| Untracked 
|  15|0x00000000e0f00000, 0x00000000e1000000, 0x00000000e1000000|100%| O|  |TAMS 0x00000000e0f00000| PB 0x00000000e0f00000| Untracked 
|  16|0x00000000e1000000, 0x00000000e1100000, 0x00000000e1100000|100%| O|  |TAMS 0x00000000e1000000| PB 0x00000000e1000000| Untracked 
|  17|0x00000000e1100000, 0x00000000e1200000, 0x00000000e1200000|100%| O|  |TAMS 0x00000000e1100000| PB 0x00000000e1100000| Untracked 
|  18|0x00000000e1200000, 0x00000000e1300000, 0x00000000e1300000|100%| O|  |TAMS 0x00000000e1200000| PB 0x00000000e1200000| Untracked 
|  19|0x00000000e1300000, 0x00000000e1400000, 0x00000000e1400000|100%| O|  |TAMS 0x00000000e1300000| PB 0x00000000e1300000| Untracked 
|  20|0x00000000e1400000, 0x00000000e1500000, 0x00000000e1500000|100%| O|  |TAMS 0x00000000e1400000| PB 0x00000000e1400000| Untracked 
|  21|0x00000000e1500000, 0x00000000e1600000, 0x00000000e1600000|100%| O|  |TAMS 0x00000000e1500000| PB 0x00000000e1500000| Untracked 
|  22|0x00000000e1600000, 0x00000000e1700000, 0x00000000e1700000|100%| O|  |TAMS 0x00000000e1600000| PB 0x00000000e1600000| Untracked 
|  23|0x00000000e1700000, 0x00000000e1800000, 0x00000000e1800000|100%| O|  |TAMS 0x00000000e1700000| PB 0x00000000e1700000| Untracked 
|  24|0x00000000e1800000, 0x00000000e1900000, 0x00000000e1900000|100%| O|  |TAMS 0x00000000e1800000| PB 0x00000000e1800000| Untracked 
|  25|0x00000000e1900000, 0x00000000e1900000, 0x00000000e1a00000|  0%| F|  |TAMS 0x00000000e1900000| PB 0x00000000e1900000| Untracked 
|  26|0x00000000e1a00000, 0x00000000e1b00000, 0x00000000e1b00000|100%|HS|  |TAMS 0x00000000e1a00000| PB 0x00000000e1a00000| Complete 
|  27|0x00000000e1b00000, 0x00000000e1c00000, 0x00000000e1c00000|100%|HC|  |TAMS 0x00000000e1b00000| PB 0x00000000e1b00000| Complete 
|  28|0x00000000e1c00000, 0x00000000e1d00000, 0x00000000e1d00000|100%|HC|  |TAMS 0x00000000e1c00000| PB 0x00000000e1c00000| Complete 
|  29|0x00000000e1d00000, 0x00000000e1e00000, 0x00000000e1e00000|100%|HS|  |TAMS 0x00000000e1d00000| PB 0x00000000e1d00000| Complete 
|  30|0x00000000e1e00000, 0x00000000e1f00000, 0x00000000e1f00000|100%|HC|  |TAMS 0x00000000e1e00000| PB 0x00000000e1e00000| Complete 
|  31|0x00000000e1f00000, 0x00000000e2000000, 0x00000000e2000000|100%|HC|  |TAMS 0x00000000e1f00000| PB 0x00000000e1f00000| Complete 
|  32|0x00000000e2000000, 0x00000000e2100000, 0x00000000e2100000|100%| O|  |TAMS 0x00000000e2000000| PB 0x00000000e2000000| Untracked 
|  33|0x00000000e2100000, 0x00000000e2200000, 0x00000000e2200000|100%| O|  |TAMS 0x00000000e2100000| PB 0x00000000e2100000| Untracked 
|  34|0x00000000e2200000, 0x00000000e2300000, 0x00000000e2300000|100%| O|  |TAMS 0x00000000e2200000| PB 0x00000000e2200000| Untracked 
|  35|0x00000000e2300000, 0x00000000e2400000, 0x00000000e2400000|100%| O|  |TAMS 0x00000000e2300000| PB 0x00000000e2300000| Untracked 
|  36|0x00000000e2400000, 0x00000000e2500000, 0x00000000e2500000|100%| O|  |TAMS 0x00000000e2400000| PB 0x00000000e2400000| Untracked 
|  37|0x00000000e2500000, 0x00000000e2600000, 0x00000000e2600000|100%| O|  |TAMS 0x00000000e2500000| PB 0x00000000e2500000| Untracked 
|  38|0x00000000e2600000, 0x00000000e2700000, 0x00000000e2700000|100%| O|  |TAMS 0x00000000e2600000| PB 0x00000000e2600000| Untracked 
|  39|0x00000000e2700000, 0x00000000e2800000, 0x00000000e2800000|100%| O|  |TAMS 0x00000000e2700000| PB 0x00000000e2700000| Untracked 
|  40|0x00000000e2800000, 0x00000000e2900000, 0x00000000e2900000|100%| O|  |TAMS 0x00000000e2800000| PB 0x00000000e2800000| Untracked 
|  41|0x00000000e2900000, 0x00000000e2a00000, 0x00000000e2a00000|100%| O|  |TAMS 0x00000000e2900000| PB 0x00000000e2900000| Untracked 
|  42|0x00000000e2a00000, 0x00000000e2b00000, 0x00000000e2b00000|100%| O|  |TAMS 0x00000000e2a00000| PB 0x00000000e2a00000| Untracked 
|  43|0x00000000e2b00000, 0x00000000e2c00000, 0x00000000e2c00000|100%| O|  |TAMS 0x00000000e2b00000| PB 0x00000000e2b00000| Untracked 
|  44|0x00000000e2c00000, 0x00000000e2d00000, 0x00000000e2d00000|100%| O|  |TAMS 0x00000000e2c00000| PB 0x00000000e2c00000| Untracked 
|  45|0x00000000e2d00000, 0x00000000e2e00000, 0x00000000e2e00000|100%| O|  |TAMS 0x00000000e2d00000| PB 0x00000000e2d00000| Untracked 
|  46|0x00000000e2e00000, 0x00000000e2f00000, 0x00000000e2f00000|100%| O|  |TAMS 0x00000000e2e00000| PB 0x00000000e2e00000| Untracked 
|  47|0x00000000e2f00000, 0x00000000e3000000, 0x00000000e3000000|100%| O|  |TAMS 0x00000000e2f00000| PB 0x00000000e2f00000| Untracked 
|  48|0x00000000e3000000, 0x00000000e3100000, 0x00000000e3100000|100%| O|  |TAMS 0x00000000e3000000| PB 0x00000000e3000000| Untracked 
|  49|0x00000000e3100000, 0x00000000e3200000, 0x00000000e3200000|100%| O|  |TAMS 0x00000000e3100000| PB 0x00000000e3100000| Untracked 
|  50|0x00000000e3200000, 0x00000000e3300000, 0x00000000e3300000|100%| O|  |TAMS 0x00000000e3200000| PB 0x00000000e3200000| Untracked 
|  51|0x00000000e3300000, 0x00000000e3400000, 0x00000000e3400000|100%| O|  |TAMS 0x00000000e3300000| PB 0x00000000e3300000| Untracked 
|  52|0x00000000e3400000, 0x00000000e3500000, 0x00000000e3500000|100%| O|  |TAMS 0x00000000e3400000| PB 0x00000000e3400000| Untracked 
|  53|0x00000000e3500000, 0x00000000e3600000, 0x00000000e3600000|100%| O|  |TAMS 0x00000000e3500000| PB 0x00000000e3500000| Untracked 
|  54|0x00000000e3600000, 0x00000000e3673038, 0x00000000e3700000| 44%| O|  |TAMS 0x00000000e3600000| PB 0x00000000e3600000| Untracked 
|  55|0x00000000e3700000, 0x00000000e3700000, 0x00000000e3800000|  0%| F|  |TAMS 0x00000000e3700000| PB 0x00000000e3700000| Untracked 
|  56|0x00000000e3800000, 0x00000000e3800000, 0x00000000e3900000|  0%| F|  |TAMS 0x00000000e3800000| PB 0x00000000e3800000| Untracked 
|  57|0x00000000e3900000, 0x00000000e3900000, 0x00000000e3a00000|  0%| F|  |TAMS 0x00000000e3900000| PB 0x00000000e3900000| Untracked 
|  58|0x00000000e3a00000, 0x00000000e3a00000, 0x00000000e3b00000|  0%| F|  |TAMS 0x00000000e3a00000| PB 0x00000000e3a00000| Untracked 
|  59|0x00000000e3b00000, 0x00000000e3b00000, 0x00000000e3c00000|  0%| F|  |TAMS 0x00000000e3b00000| PB 0x00000000e3b00000| Untracked 
|  60|0x00000000e3c00000, 0x00000000e3c00000, 0x00000000e3d00000|  0%| F|  |TAMS 0x00000000e3c00000| PB 0x00000000e3c00000| Untracked 
|  61|0x00000000e3d00000, 0x00000000e3d00000, 0x00000000e3e00000|  0%| F|  |TAMS 0x00000000e3d00000| PB 0x00000000e3d00000| Untracked 
|  62|0x00000000e3e00000, 0x00000000e3e00000, 0x00000000e3f00000|  0%| F|  |TAMS 0x00000000e3e00000| PB 0x00000000e3e00000| Untracked 
|  63|0x00000000e3f00000, 0x00000000e3f00000, 0x00000000e4000000|  0%| F|  |TAMS 0x00000000e3f00000| PB 0x00000000e3f00000| Untracked 
|  64|0x00000000e4000000, 0x00000000e4000000, 0x00000000e4100000|  0%| F|  |TAMS 0x00000000e4000000| PB 0x00000000e4000000| Untracked 
|  65|0x00000000e4100000, 0x00000000e4100000, 0x00000000e4200000|  0%| F|  |TAMS 0x00000000e4100000| PB 0x00000000e4100000| Untracked 
|  66|0x00000000e4200000, 0x00000000e4200000, 0x00000000e4300000|  0%| F|  |TAMS 0x00000000e4200000| PB 0x00000000e4200000| Untracked 
|  67|0x00000000e4300000, 0x00000000e4300000, 0x00000000e4400000|  0%| F|  |TAMS 0x00000000e4300000| PB 0x00000000e4300000| Untracked 
|  68|0x00000000e4400000, 0x00000000e4400000, 0x00000000e4500000|  0%| F|  |TAMS 0x00000000e4400000| PB 0x00000000e4400000| Untracked 
|  69|0x00000000e4500000, 0x00000000e4500000, 0x00000000e4600000|  0%| F|  |TAMS 0x00000000e4500000| PB 0x00000000e4500000| Untracked 
|  70|0x00000000e4600000, 0x00000000e4600000, 0x00000000e4700000|  0%| F|  |TAMS 0x00000000e4600000| PB 0x00000000e4600000| Untracked 
|  71|0x00000000e4700000, 0x00000000e4700000, 0x00000000e4800000|  0%| F|  |TAMS 0x00000000e4700000| PB 0x00000000e4700000| Untracked 
|  72|0x00000000e4800000, 0x00000000e4800000, 0x00000000e4900000|  0%| F|  |TAMS 0x00000000e4800000| PB 0x00000000e4800000| Untracked 
|  73|0x00000000e4900000, 0x00000000e4900000, 0x00000000e4a00000|  0%| F|  |TAMS 0x00000000e4900000| PB 0x00000000e4900000| Untracked 
|  74|0x00000000e4a00000, 0x00000000e4a00000, 0x00000000e4b00000|  0%| F|  |TAMS 0x00000000e4a00000| PB 0x00000000e4a00000| Untracked 
|  75|0x00000000e4b00000, 0x00000000e4b00000, 0x00000000e4c00000|  0%| F|  |TAMS 0x00000000e4b00000| PB 0x00000000e4b00000| Untracked 
|  76|0x00000000e4c00000, 0x00000000e4c00000, 0x00000000e4d00000|  0%| F|  |TAMS 0x00000000e4c00000| PB 0x00000000e4c00000| Untracked 
|  77|0x00000000e4d00000, 0x00000000e4d00000, 0x00000000e4e00000|  0%| F|  |TAMS 0x00000000e4d00000| PB 0x00000000e4d00000| Untracked 
|  78|0x00000000e4e00000, 0x00000000e4e00000, 0x00000000e4f00000|  0%| F|  |TAMS 0x00000000e4e00000| PB 0x00000000e4e00000| Untracked 
|  79|0x00000000e4f00000, 0x00000000e4f00000, 0x00000000e5000000|  0%| F|  |TAMS 0x00000000e4f00000| PB 0x00000000e4f00000| Untracked 
|  80|0x00000000e5000000, 0x00000000e5000000, 0x00000000e5100000|  0%| F|  |TAMS 0x00000000e5000000| PB 0x00000000e5000000| Untracked 
|  81|0x00000000e5100000, 0x00000000e5100000, 0x00000000e5200000|  0%| F|  |TAMS 0x00000000e5100000| PB 0x00000000e5100000| Untracked 
|  82|0x00000000e5200000, 0x00000000e5200000, 0x00000000e5300000|  0%| F|  |TAMS 0x00000000e5200000| PB 0x00000000e5200000| Untracked 
|  83|0x00000000e5300000, 0x00000000e5300000, 0x00000000e5400000|  0%| F|  |TAMS 0x00000000e5300000| PB 0x00000000e5300000| Untracked 
|  84|0x00000000e5400000, 0x00000000e5500000, 0x00000000e5500000|100%| S|CS|TAMS 0x00000000e5400000| PB 0x00000000e5400000| Complete 
|  85|0x00000000e5500000, 0x00000000e5500000, 0x00000000e5600000|  0%| F|  |TAMS 0x00000000e5500000| PB 0x00000000e5500000| Untracked 
|  86|0x00000000e5600000, 0x00000000e5600000, 0x00000000e5700000|  0%| F|  |TAMS 0x00000000e5600000| PB 0x00000000e5600000| Untracked 
|  87|0x00000000e5700000, 0x00000000e5700000, 0x00000000e5800000|  0%| F|  |TAMS 0x00000000e5700000| PB 0x00000000e5700000| Untracked 
|  88|0x00000000e5800000, 0x00000000e5800000, 0x00000000e5900000|  0%| F|  |TAMS 0x00000000e5800000| PB 0x00000000e5800000| Untracked 
|  89|0x00000000e5900000, 0x00000000e5900000, 0x00000000e5a00000|  0%| F|  |TAMS 0x00000000e5900000| PB 0x00000000e5900000| Untracked 
|  90|0x00000000e5a00000, 0x00000000e5a00000, 0x00000000e5b00000|  0%| F|  |TAMS 0x00000000e5a00000| PB 0x00000000e5a00000| Untracked 
|  91|0x00000000e5b00000, 0x00000000e5b00000, 0x00000000e5c00000|  0%| F|  |TAMS 0x00000000e5b00000| PB 0x00000000e5b00000| Untracked 
|  92|0x00000000e5c00000, 0x00000000e5c00000, 0x00000000e5d00000|  0%| F|  |TAMS 0x00000000e5c00000| PB 0x00000000e5c00000| Untracked 
|  93|0x00000000e5d00000, 0x00000000e5d00000, 0x00000000e5e00000|  0%| F|  |TAMS 0x00000000e5d00000| PB 0x00000000e5d00000| Untracked 
|  94|0x00000000e5e00000, 0x00000000e5e00000, 0x00000000e5f00000|  0%| F|  |TAMS 0x00000000e5e00000| PB 0x00000000e5e00000| Untracked 
|  95|0x00000000e5f00000, 0x00000000e5f00000, 0x00000000e6000000|  0%| F|  |TAMS 0x00000000e5f00000| PB 0x00000000e5f00000| Untracked 
|  96|0x00000000e6000000, 0x00000000e6000000, 0x00000000e6100000|  0%| F|  |TAMS 0x00000000e6000000| PB 0x00000000e6000000| Untracked 
|  97|0x00000000e6100000, 0x00000000e6100000, 0x00000000e6200000|  0%| F|  |TAMS 0x00000000e6100000| PB 0x00000000e6100000| Untracked 
|  98|0x00000000e6200000, 0x00000000e6200000, 0x00000000e6300000|  0%| F|  |TAMS 0x00000000e6200000| PB 0x00000000e6200000| Untracked 
|  99|0x00000000e6300000, 0x00000000e6300000, 0x00000000e6400000|  0%| F|  |TAMS 0x00000000e6300000| PB 0x00000000e6300000| Untracked 
| 100|0x00000000e6400000, 0x00000000e6400000, 0x00000000e6500000|  0%| F|  |TAMS 0x00000000e6400000| PB 0x00000000e6400000| Untracked 
| 101|0x00000000e6500000, 0x00000000e6500000, 0x00000000e6600000|  0%| F|  |TAMS 0x00000000e6500000| PB 0x00000000e6500000| Untracked 
| 102|0x00000000e6600000, 0x00000000e6600000, 0x00000000e6700000|  0%| F|  |TAMS 0x00000000e6600000| PB 0x00000000e6600000| Untracked 
| 103|0x00000000e6700000, 0x00000000e6800000, 0x00000000e6800000|100%| S|CS|TAMS 0x00000000e6700000| PB 0x00000000e6700000| Complete 
| 104|0x00000000e6800000, 0x00000000e6900000, 0x00000000e6900000|100%| S|CS|TAMS 0x00000000e6800000| PB 0x00000000e6800000| Complete 
| 105|0x00000000e6900000, 0x00000000e6a00000, 0x00000000e6a00000|100%| S|CS|TAMS 0x00000000e6900000| PB 0x00000000e6900000| Complete 
| 106|0x00000000e6a00000, 0x00000000e6b00000, 0x00000000e6b00000|100%| S|CS|TAMS 0x00000000e6a00000| PB 0x00000000e6a00000| Complete 
| 107|0x00000000e6b00000, 0x00000000e6c00000, 0x00000000e6c00000|100%| S|CS|TAMS 0x00000000e6b00000| PB 0x00000000e6b00000| Complete 
| 108|0x00000000e6c00000, 0x00000000e6d00000, 0x00000000e6d00000|100%| S|CS|TAMS 0x00000000e6c00000| PB 0x00000000e6c00000| Complete 
| 109|0x00000000e6d00000, 0x00000000e6e00000, 0x00000000e6e00000|100%| S|CS|TAMS 0x00000000e6d00000| PB 0x00000000e6d00000| Complete 
| 110|0x00000000e6e00000, 0x00000000e6f00000, 0x00000000e6f00000|100%| S|CS|TAMS 0x00000000e6e00000| PB 0x00000000e6e00000| Complete 
| 111|0x00000000e6f00000, 0x00000000e7000000, 0x00000000e7000000|100%| S|CS|TAMS 0x00000000e6f00000| PB 0x00000000e6f00000| Complete 
| 112|0x00000000e7000000, 0x00000000e7100000, 0x00000000e7100000|100%| S|CS|TAMS 0x00000000e7000000| PB 0x00000000e7000000| Complete 
| 113|0x00000000e7100000, 0x00000000e7200000, 0x00000000e7200000|100%| S|CS|TAMS 0x00000000e7100000| PB 0x00000000e7100000| Complete 
| 114|0x00000000e7200000, 0x00000000e7300000, 0x00000000e7300000|100%| S|CS|TAMS 0x00000000e7200000| PB 0x00000000e7200000| Complete 
| 115|0x00000000e7300000, 0x00000000e7400000, 0x00000000e7400000|100%| S|CS|TAMS 0x00000000e7300000| PB 0x00000000e7300000| Complete 
| 116|0x00000000e7400000, 0x00000000e7500000, 0x00000000e7500000|100%| S|CS|TAMS 0x00000000e7400000| PB 0x00000000e7400000| Complete 
| 117|0x00000000e7500000, 0x00000000e7600000, 0x00000000e7600000|100%| S|CS|TAMS 0x00000000e7500000| PB 0x00000000e7500000| Complete 
| 118|0x00000000e7600000, 0x00000000e7700000, 0x00000000e7700000|100%| S|CS|TAMS 0x00000000e7600000| PB 0x00000000e7600000| Complete 
| 119|0x00000000e7700000, 0x00000000e7800000, 0x00000000e7800000|100%| S|CS|TAMS 0x00000000e7700000| PB 0x00000000e7700000| Complete 
| 120|0x00000000e7800000, 0x00000000e7900000, 0x00000000e7900000|100%| S|CS|TAMS 0x00000000e7800000| PB 0x00000000e7800000| Complete 
| 121|0x00000000e7900000, 0x00000000e7900000, 0x00000000e7a00000|  0%| F|  |TAMS 0x00000000e7900000| PB 0x00000000e7900000| Untracked 
| 122|0x00000000e7a00000, 0x00000000e7a00000, 0x00000000e7b00000|  0%| F|  |TAMS 0x00000000e7a00000| PB 0x00000000e7a00000| Untracked 
| 123|0x00000000e7b00000, 0x00000000e7b00000, 0x00000000e7c00000|  0%| F|  |TAMS 0x00000000e7b00000| PB 0x00000000e7b00000| Untracked 
| 124|0x00000000e7c00000, 0x00000000e7c00000, 0x00000000e7d00000|  0%| F|  |TAMS 0x00000000e7c00000| PB 0x00000000e7c00000| Untracked 
| 125|0x00000000e7d00000, 0x00000000e7d00000, 0x00000000e7e00000|  0%| F|  |TAMS 0x00000000e7d00000| PB 0x00000000e7d00000| Untracked 
| 126|0x00000000e7e00000, 0x00000000e7e00000, 0x00000000e7f00000|  0%| F|  |TAMS 0x00000000e7e00000| PB 0x00000000e7e00000| Untracked 
| 127|0x00000000e7f00000, 0x00000000e7f00000, 0x00000000e8000000|  0%| F|  |TAMS 0x00000000e7f00000| PB 0x00000000e7f00000| Untracked 
| 128|0x00000000e8000000, 0x00000000e8000000, 0x00000000e8100000|  0%| F|  |TAMS 0x00000000e8000000| PB 0x00000000e8000000| Untracked 
| 129|0x00000000e8100000, 0x00000000e8100000, 0x00000000e8200000|  0%| F|  |TAMS 0x00000000e8100000| PB 0x00000000e8100000| Untracked 
| 130|0x00000000e8200000, 0x00000000e8200000, 0x00000000e8300000|  0%| F|  |TAMS 0x00000000e8200000| PB 0x00000000e8200000| Untracked 
| 131|0x00000000e8300000, 0x00000000e8300000, 0x00000000e8400000|  0%| F|  |TAMS 0x00000000e8300000| PB 0x00000000e8300000| Untracked 
| 132|0x00000000e8400000, 0x00000000e8400000, 0x00000000e8500000|  0%| F|  |TAMS 0x00000000e8400000| PB 0x00000000e8400000| Untracked 
| 133|0x00000000e8500000, 0x00000000e8500000, 0x00000000e8600000|  0%| F|  |TAMS 0x00000000e8500000| PB 0x00000000e8500000| Untracked 
| 134|0x00000000e8600000, 0x00000000e8600000, 0x00000000e8700000|  0%| F|  |TAMS 0x00000000e8600000| PB 0x00000000e8600000| Untracked 
| 135|0x00000000e8700000, 0x00000000e8700000, 0x00000000e8800000|  0%| F|  |TAMS 0x00000000e8700000| PB 0x00000000e8700000| Untracked 
| 136|0x00000000e8800000, 0x00000000e8800000, 0x00000000e8900000|  0%| F|  |TAMS 0x00000000e8800000| PB 0x00000000e8800000| Untracked 
| 137|0x00000000e8900000, 0x00000000e8900000, 0x00000000e8a00000|  0%| F|  |TAMS 0x00000000e8900000| PB 0x00000000e8900000| Untracked 
| 138|0x00000000e8a00000, 0x00000000e8a00000, 0x00000000e8b00000|  0%| F|  |TAMS 0x00000000e8a00000| PB 0x00000000e8a00000| Untracked 
| 139|0x00000000e8b00000, 0x00000000e8b00000, 0x00000000e8c00000|  0%| F|  |TAMS 0x00000000e8b00000| PB 0x00000000e8b00000| Untracked 
| 140|0x00000000e8c00000, 0x00000000e8c00000, 0x00000000e8d00000|  0%| F|  |TAMS 0x00000000e8c00000| PB 0x00000000e8c00000| Untracked 
| 141|0x00000000e8d00000, 0x00000000e8d00000, 0x00000000e8e00000|  0%| F|  |TAMS 0x00000000e8d00000| PB 0x00000000e8d00000| Untracked 
| 142|0x00000000e8e00000, 0x00000000e8e00000, 0x00000000e8f00000|  0%| F|  |TAMS 0x00000000e8e00000| PB 0x00000000e8e00000| Untracked 
| 143|0x00000000e8f00000, 0x00000000e8f00000, 0x00000000e9000000|  0%| F|  |TAMS 0x00000000e8f00000| PB 0x00000000e8f00000| Untracked 
| 144|0x00000000e9000000, 0x00000000e9000000, 0x00000000e9100000|  0%| F|  |TAMS 0x00000000e9000000| PB 0x00000000e9000000| Untracked 
| 145|0x00000000e9100000, 0x00000000e9100000, 0x00000000e9200000|  0%| F|  |TAMS 0x00000000e9100000| PB 0x00000000e9100000| Untracked 
| 146|0x00000000e9200000, 0x00000000e9200000, 0x00000000e9300000|  0%| F|  |TAMS 0x00000000e9200000| PB 0x00000000e9200000| Untracked 
| 147|0x00000000e9300000, 0x00000000e9300000, 0x00000000e9400000|  0%| F|  |TAMS 0x00000000e9300000| PB 0x00000000e9300000| Untracked 
| 148|0x00000000e9400000, 0x00000000e9400000, 0x00000000e9500000|  0%| F|  |TAMS 0x00000000e9400000| PB 0x00000000e9400000| Untracked 
| 149|0x00000000e9500000, 0x00000000e9500000, 0x00000000e9600000|  0%| F|  |TAMS 0x00000000e9500000| PB 0x00000000e9500000| Untracked 
| 150|0x00000000e9600000, 0x00000000e9600000, 0x00000000e9700000|  0%| F|  |TAMS 0x00000000e9600000| PB 0x00000000e9600000| Untracked 
| 151|0x00000000e9700000, 0x00000000e9700000, 0x00000000e9800000|  0%| F|  |TAMS 0x00000000e9700000| PB 0x00000000e9700000| Untracked 
| 152|0x00000000e9800000, 0x00000000e9800000, 0x00000000e9900000|  0%| F|  |TAMS 0x00000000e9800000| PB 0x00000000e9800000| Untracked 
| 153|0x00000000e9900000, 0x00000000e9900000, 0x00000000e9a00000|  0%| F|  |TAMS 0x00000000e9900000| PB 0x00000000e9900000| Untracked 
| 154|0x00000000e9a00000, 0x00000000e9a00000, 0x00000000e9b00000|  0%| F|  |TAMS 0x00000000e9a00000| PB 0x00000000e9a00000| Untracked 
| 155|0x00000000e9b00000, 0x00000000e9b00000, 0x00000000e9c00000|  0%| F|  |TAMS 0x00000000e9b00000| PB 0x00000000e9b00000| Untracked 
| 156|0x00000000e9c00000, 0x00000000e9c00000, 0x00000000e9d00000|  0%| F|  |TAMS 0x00000000e9c00000| PB 0x00000000e9c00000| Untracked 
| 157|0x00000000e9d00000, 0x00000000e9d00000, 0x00000000e9e00000|  0%| F|  |TAMS 0x00000000e9d00000| PB 0x00000000e9d00000| Untracked 
| 158|0x00000000e9e00000, 0x00000000e9e00000, 0x00000000e9f00000|  0%| F|  |TAMS 0x00000000e9e00000| PB 0x00000000e9e00000| Untracked 
| 159|0x00000000e9f00000, 0x00000000e9f00000, 0x00000000ea000000|  0%| F|  |TAMS 0x00000000e9f00000| PB 0x00000000e9f00000| Untracked 
| 160|0x00000000ea000000, 0x00000000ea000000, 0x00000000ea100000|  0%| F|  |TAMS 0x00000000ea000000| PB 0x00000000ea000000| Untracked 
| 161|0x00000000ea100000, 0x00000000ea100000, 0x00000000ea200000|  0%| F|  |TAMS 0x00000000ea100000| PB 0x00000000ea100000| Untracked 
| 162|0x00000000ea200000, 0x00000000ea200000, 0x00000000ea300000|  0%| F|  |TAMS 0x00000000ea200000| PB 0x00000000ea200000| Untracked 
| 163|0x00000000ea300000, 0x00000000ea300000, 0x00000000ea400000|  0%| F|  |TAMS 0x00000000ea300000| PB 0x00000000ea300000| Untracked 
| 164|0x00000000ea400000, 0x00000000ea400000, 0x00000000ea500000|  0%| F|  |TAMS 0x00000000ea400000| PB 0x00000000ea400000| Untracked 
| 165|0x00000000ea500000, 0x00000000ea500000, 0x00000000ea600000|  0%| F|  |TAMS 0x00000000ea500000| PB 0x00000000ea500000| Untracked 
| 166|0x00000000ea600000, 0x00000000ea600000, 0x00000000ea700000|  0%| F|  |TAMS 0x00000000ea600000| PB 0x00000000ea600000| Untracked 
| 167|0x00000000ea700000, 0x00000000ea700000, 0x00000000ea800000|  0%| F|  |TAMS 0x00000000ea700000| PB 0x00000000ea700000| Untracked 
| 168|0x00000000ea800000, 0x00000000ea800000, 0x00000000ea900000|  0%| F|  |TAMS 0x00000000ea800000| PB 0x00000000ea800000| Untracked 
| 169|0x00000000ea900000, 0x00000000ea900000, 0x00000000eaa00000|  0%| F|  |TAMS 0x00000000ea900000| PB 0x00000000ea900000| Untracked 
| 170|0x00000000eaa00000, 0x00000000eaa00000, 0x00000000eab00000|  0%| F|  |TAMS 0x00000000eaa00000| PB 0x00000000eaa00000| Untracked 
| 171|0x00000000eab00000, 0x00000000eab00000, 0x00000000eac00000|  0%| F|  |TAMS 0x00000000eab00000| PB 0x00000000eab00000| Untracked 
| 172|0x00000000eac00000, 0x00000000eac00000, 0x00000000ead00000|  0%| F|  |TAMS 0x00000000eac00000| PB 0x00000000eac00000| Untracked 
| 173|0x00000000ead00000, 0x00000000ead00000, 0x00000000eae00000|  0%| F|  |TAMS 0x00000000ead00000| PB 0x00000000ead00000| Untracked 
| 174|0x00000000eae00000, 0x00000000eae00000, 0x00000000eaf00000|  0%| F|  |TAMS 0x00000000eae00000| PB 0x00000000eae00000| Untracked 
| 175|0x00000000eaf00000, 0x00000000eaf00000, 0x00000000eb000000|  0%| F|  |TAMS 0x00000000eaf00000| PB 0x00000000eaf00000| Untracked 
| 176|0x00000000eb000000, 0x00000000eb000000, 0x00000000eb100000|  0%| F|  |TAMS 0x00000000eb000000| PB 0x00000000eb000000| Untracked 
| 177|0x00000000eb100000, 0x00000000eb100000, 0x00000000eb200000|  0%| F|  |TAMS 0x00000000eb100000| PB 0x00000000eb100000| Untracked 
| 178|0x00000000eb200000, 0x00000000eb200000, 0x00000000eb300000|  0%| F|  |TAMS 0x00000000eb200000| PB 0x00000000eb200000| Untracked 
| 179|0x00000000eb300000, 0x00000000eb300000, 0x00000000eb400000|  0%| F|  |TAMS 0x00000000eb300000| PB 0x00000000eb300000| Untracked 
| 180|0x00000000eb400000, 0x00000000eb400000, 0x00000000eb500000|  0%| F|  |TAMS 0x00000000eb400000| PB 0x00000000eb400000| Untracked 
| 181|0x00000000eb500000, 0x00000000eb500000, 0x00000000eb600000|  0%| F|  |TAMS 0x00000000eb500000| PB 0x00000000eb500000| Untracked 
| 182|0x00000000eb600000, 0x00000000eb600000, 0x00000000eb700000|  0%| F|  |TAMS 0x00000000eb600000| PB 0x00000000eb600000| Untracked 
| 183|0x00000000eb700000, 0x00000000eb700000, 0x00000000eb800000|  0%| F|  |TAMS 0x00000000eb700000| PB 0x00000000eb700000| Untracked 
| 184|0x00000000eb800000, 0x00000000eb800000, 0x00000000eb900000|  0%| F|  |TAMS 0x00000000eb800000| PB 0x00000000eb800000| Untracked 
| 185|0x00000000eb900000, 0x00000000eb900000, 0x00000000eba00000|  0%| F|  |TAMS 0x00000000eb900000| PB 0x00000000eb900000| Untracked 
| 186|0x00000000eba00000, 0x00000000eba00000, 0x00000000ebb00000|  0%| F|  |TAMS 0x00000000eba00000| PB 0x00000000eba00000| Untracked 
| 187|0x00000000ebb00000, 0x00000000ebb00000, 0x00000000ebc00000|  0%| F|  |TAMS 0x00000000ebb00000| PB 0x00000000ebb00000| Untracked 
| 188|0x00000000ebc00000, 0x00000000ebc00000, 0x00000000ebd00000|  0%| F|  |TAMS 0x00000000ebc00000| PB 0x00000000ebc00000| Untracked 
| 189|0x00000000ebd00000, 0x00000000ebd00000, 0x00000000ebe00000|  0%| F|  |TAMS 0x00000000ebd00000| PB 0x00000000ebd00000| Untracked 
| 190|0x00000000ebe00000, 0x00000000ebe00000, 0x00000000ebf00000|  0%| F|  |TAMS 0x00000000ebe00000| PB 0x00000000ebe00000| Untracked 
| 191|0x00000000ebf00000, 0x00000000ebf00000, 0x00000000ec000000|  0%| F|  |TAMS 0x00000000ebf00000| PB 0x00000000ebf00000| Untracked 
| 192|0x00000000ec000000, 0x00000000ec000000, 0x00000000ec100000|  0%| F|  |TAMS 0x00000000ec000000| PB 0x00000000ec000000| Untracked 
| 193|0x00000000ec100000, 0x00000000ec100000, 0x00000000ec200000|  0%| F|  |TAMS 0x00000000ec100000| PB 0x00000000ec100000| Untracked 
| 194|0x00000000ec200000, 0x00000000ec200000, 0x00000000ec300000|  0%| F|  |TAMS 0x00000000ec200000| PB 0x00000000ec200000| Untracked 
| 195|0x00000000ec300000, 0x00000000ec300000, 0x00000000ec400000|  0%| F|  |TAMS 0x00000000ec300000| PB 0x00000000ec300000| Untracked 
| 196|0x00000000ec400000, 0x00000000ec400000, 0x00000000ec500000|  0%| F|  |TAMS 0x00000000ec400000| PB 0x00000000ec400000| Untracked 
| 197|0x00000000ec500000, 0x00000000ec500000, 0x00000000ec600000|  0%| F|  |TAMS 0x00000000ec500000| PB 0x00000000ec500000| Untracked 
| 198|0x00000000ec600000, 0x00000000ec600000, 0x00000000ec700000|  0%| F|  |TAMS 0x00000000ec600000| PB 0x00000000ec600000| Untracked 
| 199|0x00000000ec700000, 0x00000000ec700000, 0x00000000ec800000|  0%| F|  |TAMS 0x00000000ec700000| PB 0x00000000ec700000| Untracked 
| 200|0x00000000ec800000, 0x00000000ec800000, 0x00000000ec900000|  0%| F|  |TAMS 0x00000000ec800000| PB 0x00000000ec800000| Untracked 
| 201|0x00000000ec900000, 0x00000000ec900000, 0x00000000eca00000|  0%| F|  |TAMS 0x00000000ec900000| PB 0x00000000ec900000| Untracked 
| 202|0x00000000eca00000, 0x00000000eca00000, 0x00000000ecb00000|  0%| F|  |TAMS 0x00000000eca00000| PB 0x00000000eca00000| Untracked 
| 203|0x00000000ecb00000, 0x00000000ecb00000, 0x00000000ecc00000|  0%| F|  |TAMS 0x00000000ecb00000| PB 0x00000000ecb00000| Untracked 
| 204|0x00000000ecc00000, 0x00000000ecc00000, 0x00000000ecd00000|  0%| F|  |TAMS 0x00000000ecc00000| PB 0x00000000ecc00000| Untracked 
| 205|0x00000000ecd00000, 0x00000000ecd00000, 0x00000000ece00000|  0%| F|  |TAMS 0x00000000ecd00000| PB 0x00000000ecd00000| Untracked 
| 206|0x00000000ece00000, 0x00000000ece00000, 0x00000000ecf00000|  0%| F|  |TAMS 0x00000000ece00000| PB 0x00000000ece00000| Untracked 
| 207|0x00000000ecf00000, 0x00000000ecf00000, 0x00000000ed000000|  0%| F|  |TAMS 0x00000000ecf00000| PB 0x00000000ecf00000| Untracked 
| 208|0x00000000ed000000, 0x00000000ed000000, 0x00000000ed100000|  0%| F|  |TAMS 0x00000000ed000000| PB 0x00000000ed000000| Untracked 
| 209|0x00000000ed100000, 0x00000000ed100000, 0x00000000ed200000|  0%| F|  |TAMS 0x00000000ed100000| PB 0x00000000ed100000| Untracked 
| 210|0x00000000ed200000, 0x00000000ed200000, 0x00000000ed300000|  0%| F|  |TAMS 0x00000000ed200000| PB 0x00000000ed200000| Untracked 
| 211|0x00000000ed300000, 0x00000000ed300000, 0x00000000ed400000|  0%| F|  |TAMS 0x00000000ed300000| PB 0x00000000ed300000| Untracked 
| 212|0x00000000ed400000, 0x00000000ed400000, 0x00000000ed500000|  0%| F|  |TAMS 0x00000000ed400000| PB 0x00000000ed400000| Untracked 
| 213|0x00000000ed500000, 0x00000000ed500000, 0x00000000ed600000|  0%| F|  |TAMS 0x00000000ed500000| PB 0x00000000ed500000| Untracked 
| 214|0x00000000ed600000, 0x00000000ed600000, 0x00000000ed700000|  0%| F|  |TAMS 0x00000000ed600000| PB 0x00000000ed600000| Untracked 
| 215|0x00000000ed700000, 0x00000000ed700000, 0x00000000ed800000|  0%| F|  |TAMS 0x00000000ed700000| PB 0x00000000ed700000| Untracked 
| 216|0x00000000ed800000, 0x00000000ed800000, 0x00000000ed900000|  0%| F|  |TAMS 0x00000000ed800000| PB 0x00000000ed800000| Untracked 
| 217|0x00000000ed900000, 0x00000000ed900000, 0x00000000eda00000|  0%| F|  |TAMS 0x00000000ed900000| PB 0x00000000ed900000| Untracked 
| 218|0x00000000eda00000, 0x00000000eda00000, 0x00000000edb00000|  0%| F|  |TAMS 0x00000000eda00000| PB 0x00000000eda00000| Untracked 
| 219|0x00000000edb00000, 0x00000000edb00000, 0x00000000edc00000|  0%| F|  |TAMS 0x00000000edb00000| PB 0x00000000edb00000| Untracked 
| 220|0x00000000edc00000, 0x00000000edc00000, 0x00000000edd00000|  0%| F|  |TAMS 0x00000000edc00000| PB 0x00000000edc00000| Untracked 
| 221|0x00000000edd00000, 0x00000000eddfd290, 0x00000000ede00000| 98%| E|  |TAMS 0x00000000edd00000| PB 0x00000000edd00000| Complete 
| 222|0x00000000ede00000, 0x00000000edf00000, 0x00000000edf00000|100%| E|CS|TAMS 0x00000000ede00000| PB 0x00000000ede00000| Complete 
| 223|0x00000000edf00000, 0x00000000ee000000, 0x00000000ee000000|100%| E|CS|TAMS 0x00000000edf00000| PB 0x00000000edf00000| Complete 
| 224|0x00000000ee000000, 0x00000000ee100000, 0x00000000ee100000|100%| E|CS|TAMS 0x00000000ee000000| PB 0x00000000ee000000| Complete 
| 225|0x00000000ee100000, 0x00000000ee200000, 0x00000000ee200000|100%| E|CS|TAMS 0x00000000ee100000| PB 0x00000000ee100000| Complete 
| 226|0x00000000ee200000, 0x00000000ee300000, 0x00000000ee300000|100%| E|CS|TAMS 0x00000000ee200000| PB 0x00000000ee200000| Complete 
| 227|0x00000000ee300000, 0x00000000ee400000, 0x00000000ee400000|100%| E|CS|TAMS 0x00000000ee300000| PB 0x00000000ee300000| Complete 
| 228|0x00000000ee400000, 0x00000000ee500000, 0x00000000ee500000|100%| E|CS|TAMS 0x00000000ee400000| PB 0x00000000ee400000| Complete 
| 229|0x00000000ee500000, 0x00000000ee600000, 0x00000000ee600000|100%| E|CS|TAMS 0x00000000ee500000| PB 0x00000000ee500000| Complete 
| 230|0x00000000ee600000, 0x00000000ee700000, 0x00000000ee700000|100%| E|CS|TAMS 0x00000000ee600000| PB 0x00000000ee600000| Complete 
| 231|0x00000000ee700000, 0x00000000ee800000, 0x00000000ee800000|100%| E|CS|TAMS 0x00000000ee700000| PB 0x00000000ee700000| Complete 
| 232|0x00000000ee800000, 0x00000000ee900000, 0x00000000ee900000|100%| E|CS|TAMS 0x00000000ee800000| PB 0x00000000ee800000| Complete 
| 233|0x00000000ee900000, 0x00000000eea00000, 0x00000000eea00000|100%| E|CS|TAMS 0x00000000ee900000| PB 0x00000000ee900000| Complete 
| 234|0x00000000eea00000, 0x00000000eeb00000, 0x00000000eeb00000|100%| E|CS|TAMS 0x00000000eea00000| PB 0x00000000eea00000| Complete 
| 235|0x00000000eeb00000, 0x00000000eec00000, 0x00000000eec00000|100%| E|CS|TAMS 0x00000000eeb00000| PB 0x00000000eeb00000| Complete 
| 236|0x00000000eec00000, 0x00000000eed00000, 0x00000000eed00000|100%| E|CS|TAMS 0x00000000eec00000| PB 0x00000000eec00000| Complete 
| 237|0x00000000eed00000, 0x00000000eee00000, 0x00000000eee00000|100%| E|CS|TAMS 0x00000000eed00000| PB 0x00000000eed00000| Complete 
| 238|0x00000000eee00000, 0x00000000eef00000, 0x00000000eef00000|100%| E|CS|TAMS 0x00000000eee00000| PB 0x00000000eee00000| Complete 
| 239|0x00000000eef00000, 0x00000000ef000000, 0x00000000ef000000|100%| E|CS|TAMS 0x00000000eef00000| PB 0x00000000eef00000| Complete 
| 240|0x00000000ef000000, 0x00000000ef100000, 0x00000000ef100000|100%| E|CS|TAMS 0x00000000ef000000| PB 0x00000000ef000000| Complete 
| 241|0x00000000ef100000, 0x00000000ef200000, 0x00000000ef200000|100%| E|CS|TAMS 0x00000000ef100000| PB 0x00000000ef100000| Complete 
| 242|0x00000000ef200000, 0x00000000ef300000, 0x00000000ef300000|100%| E|CS|TAMS 0x00000000ef200000| PB 0x00000000ef200000| Complete 
| 243|0x00000000ef300000, 0x00000000ef400000, 0x00000000ef400000|100%| E|CS|TAMS 0x00000000ef300000| PB 0x00000000ef300000| Complete 
| 244|0x00000000ef400000, 0x00000000ef500000, 0x00000000ef500000|100%| E|CS|TAMS 0x00000000ef400000| PB 0x00000000ef400000| Complete 
| 245|0x00000000ef500000, 0x00000000ef600000, 0x00000000ef600000|100%| E|CS|TAMS 0x00000000ef500000| PB 0x00000000ef500000| Complete 
| 246|0x00000000ef600000, 0x00000000ef700000, 0x00000000ef700000|100%| E|CS|TAMS 0x00000000ef600000| PB 0x00000000ef600000| Complete 
| 247|0x00000000ef700000, 0x00000000ef800000, 0x00000000ef800000|100%| E|CS|TAMS 0x00000000ef700000| PB 0x00000000ef700000| Complete 
| 248|0x00000000ef800000, 0x00000000ef900000, 0x00000000ef900000|100%| E|CS|TAMS 0x00000000ef800000| PB 0x00000000ef800000| Complete 
| 249|0x00000000ef900000, 0x00000000efa00000, 0x00000000efa00000|100%| E|CS|TAMS 0x00000000ef900000| PB 0x00000000ef900000| Complete 
| 250|0x00000000efa00000, 0x00000000efb00000, 0x00000000efb00000|100%| E|CS|TAMS 0x00000000efa00000| PB 0x00000000efa00000| Complete 
| 251|0x00000000efb00000, 0x00000000efc00000, 0x00000000efc00000|100%| E|CS|TAMS 0x00000000efb00000| PB 0x00000000efb00000| Complete 
| 252|0x00000000efc00000, 0x00000000efd00000, 0x00000000efd00000|100%| E|CS|TAMS 0x00000000efc00000| PB 0x00000000efc00000| Complete 
| 253|0x00000000efd00000, 0x00000000efe00000, 0x00000000efe00000|100%| E|CS|TAMS 0x00000000efd00000| PB 0x00000000efd00000| Complete 
| 254|0x00000000efe00000, 0x00000000eff00000, 0x00000000eff00000|100%| E|CS|TAMS 0x00000000efe00000| PB 0x00000000efe00000| Complete 
| 255|0x00000000eff00000, 0x00000000f0000000, 0x00000000f0000000|100%| E|CS|TAMS 0x00000000eff00000| PB 0x00000000eff00000| Complete 

Card table byte_map: [0x000001f3d1ad0000,0x000001f3d1bd0000] _byte_map_base: 0x000001f3d13d0000

Marking Bits: (CMBitMap*) 0x000001f3bf4cb060
 Bits: [0x000001f3d1bd0000, 0x000001f3d23d0000)

Polling page: 0x000001f3bd0d0000

Metaspace:

Usage:
  Non-class:     64.97 MB used.
      Class:     11.02 MB used.
       Both:     75.99 MB used.

Virtual space:
  Non-class space:      128.00 MB reserved,      66.06 MB ( 52%) committed,  2 nodes.
      Class space:      320.00 MB reserved,      12.12 MB (  4%) committed,  1 nodes.
             Both:      448.00 MB reserved,      78.19 MB ( 17%) committed. 

Chunk freelists:
   Non-Class:  13.41 MB
       Class:  3.81 MB
        Both:  17.22 MB

MaxMetaspaceSize: 384.00 MB
CompressedClassSpaceSize: 320.00 MB
Initial GC threshold: 21.00 MB
Current GC threshold: 100.56 MB
CDS: on
 - commit_granule_bytes: 65536.
 - commit_granule_words: 8192.
 - virtual_space_node_default_size: 8388608.
 - enlarge_chunks_in_place: 1.
 - use_allocation_guard: 0.


Internal statistics:

num_allocs_failed_limit: 18.
num_arena_births: 3846.
num_arena_deaths: 0.
num_vsnodes_births: 3.
num_vsnodes_deaths: 0.
num_space_committed: 1251.
num_space_uncommitted: 0.
num_chunks_returned_to_freelist: 18.
num_chunks_taken_from_freelist: 7595.
num_chunk_merges: 18.
num_chunk_splits: 4920.
num_chunks_enlarged: 3015.
num_inconsistent_stats: 0.

CodeHeap 'non-profiled nmethods': size=120000Kb used=5783Kb max_used=5783Kb free=114216Kb
 bounds [0x000001f3ca170000, 0x000001f3ca720000, 0x000001f3d16a0000]
CodeHeap 'profiled nmethods': size=120000Kb used=19060Kb max_used=19060Kb free=100939Kb
 bounds [0x000001f3c26a0000, 0x000001f3c3940000, 0x000001f3c9bd0000]
CodeHeap 'non-nmethods': size=5760Kb used=2663Kb max_used=2763Kb free=3096Kb
 bounds [0x000001f3c9bd0000, 0x000001f3c9ea0000, 0x000001f3ca170000]
CodeCache: size=245760Kb, used=27506Kb, max_used=27606Kb, free=218251Kb
 total_blobs=10762, nmethods=9834, adapters=832, full_count=0
Compilation: enabled, stopped_count=0, restarted_count=0

Compilation events (20 events):
Event: 38.692 Thread 0x000001f3f274b820 nmethod 10538 0x000001f3ca714690 code [0x000001f3ca714840, 0x000001f3ca714ca8]
Event: 38.692 Thread 0x000001f3f274b820 10492       4       java.util.HashSet::<init> (16 bytes)
Event: 38.696 Thread 0x000001f3f274b820 nmethod 10492 0x000001f3ca714e90 code [0x000001f3ca715020, 0x000001f3ca7151f8]
Event: 38.696 Thread 0x000001f3f274b820 10448       4       groovy.lang.MetaMethod::isStatic (16 bytes)
Event: 38.697 Thread 0x000001f3f274b820 nmethod 10448 0x000001f3ca715290 code [0x000001f3ca715420, 0x000001f3ca7154d0]
Event: 38.697 Thread 0x000001f3f274b820 10485       4       org.gradle.tooling.internal.provider.runner.ClientBuildEventGenerator$Disabled::accept (20 bytes)
Event: 38.700 Thread 0x000001f3f274b820 nmethod 10485 0x000001f3ca715590 code [0x000001f3ca715720, 0x000001f3ca715860]
Event: 38.712 Thread 0x000001f3f274b820 10540       4       org.gradle.cache.internal.btree.BTreePersistentIndexedCache::load (40 bytes)
Event: 38.723 Thread 0x000001f3ee003280 10544       3       com.google.common.cache.LocalCache$Segment::enqueueNotification (67 bytes)
Event: 38.724 Thread 0x000001f3ee003280 nmethod 10544 0x000001f3c3938090 code [0x000001f3c3938280, 0x000001f3c39386e0]
Event: 38.780 Thread 0x000001f3ee003280 10548       3       org.gradle.internal.vfs.impl.DefaultSnapshotHierarchy::rootSnapshotsUnder (25 bytes)
Event: 38.782 Thread 0x000001f3ee003280 nmethod 10548 0x000001f3c3938890 code [0x000001f3c3938b40, 0x000001f3c3939928]
Event: 38.782 Thread 0x000001f3ee003280 10549       3       org.gradle.internal.vfs.impl.DefaultSnapshotHierarchy$$Lambda/0x000001f3d652b000::get (4 bytes)
Event: 38.783 Thread 0x000001f3ee003280 nmethod 10549 0x000001f3c3939d10 code [0x000001f3c3939ec0, 0x000001f3c393a0c8]
Event: 39.860 Thread 0x000001f3ee003280 10550       3       java.util.HashMap$ValueSpliterator::characteristics (28 bytes)
Event: 39.860 Thread 0x000001f3ee003280 nmethod 10550 0x000001f3c393a190 code [0x000001f3c393a340, 0x000001f3c393a500]
Event: 39.860 Thread 0x000001f3ee003280 10551       3       java.util.HashMap$ValueSpliterator::tryAdvance (138 bytes)
Event: 39.860 Thread 0x000001f3ee003280 nmethod 10551 0x000001f3c393a590 code [0x000001f3c393a7c0, 0x000001f3c393aed8]
Event: 39.860 Thread 0x000001f3ee003280 10552       3       java.lang.management.ManagementFactory$PlatformMBeanFinder$$Lambda/0x000001f3d6072c80::test (12 bytes)
Event: 39.861 Thread 0x000001f3ee003280 nmethod 10552 0x000001f3c393b110 code [0x000001f3c393b2e0, 0x000001f3c393b6f8]

GC Heap History (20 events):
Event: 3.614 GC heap before
{Heap before GC invocations=1 (full 0):
 garbage-first heap   total 262144K, used 41109K [0x00000000e0000000, 0x0000000100000000)
  region size 1024K, 33 young (33792K), 3 survivors (3072K)
 Metaspace       used 4294K, committed 4480K, reserved 393216K
  class space    used 545K, committed 640K, reserved 327680K
}
Event: 3.619 GC heap after
{Heap after GC invocations=2 (full 0):
 garbage-first heap   total 262144K, used 12154K [0x00000000e0000000, 0x0000000100000000)
  region size 1024K, 2 young (2048K), 2 survivors (2048K)
 Metaspace       used 4294K, committed 4480K, reserved 393216K
  class space    used 545K, committed 640K, reserved 327680K
}
Event: 7.715 GC heap before
{Heap before GC invocations=2 (full 0):
 garbage-first heap   total 262144K, used 145274K [0x00000000e0000000, 0x0000000100000000)
  region size 1024K, 131 young (134144K), 2 survivors (2048K)
 Metaspace       used 20812K, committed 21504K, reserved 393216K
  class space    used 3076K, committed 3392K, reserved 327680K
}
Event: 7.737 GC heap after
{Heap after GC invocations=3 (full 0):
 garbage-first heap   total 262144K, used 25187K [0x00000000e0000000, 0x0000000100000000)
  region size 1024K, 14 young (14336K), 14 survivors (14336K)
 Metaspace       used 20812K, committed 21504K, reserved 393216K
  class space    used 3076K, committed 3392K, reserved 327680K
}
Event: 12.287 GC heap before
{Heap before GC invocations=4 (full 0):
 garbage-first heap   total 262144K, used 115299K [0x00000000e0000000, 0x0000000100000000)
  region size 1024K, 104 young (106496K), 14 survivors (14336K)
 Metaspace       used 34734K, committed 35968K, reserved 393216K
  class space    used 5154K, committed 5760K, reserved 327680K
}
Event: 12.309 GC heap after
{Heap after GC invocations=5 (full 0):
 garbage-first heap   total 262144K, used 32319K [0x00000000e0000000, 0x0000000100000000)
  region size 1024K, 8 young (8192K), 8 survivors (8192K)
 Metaspace       used 34734K, committed 35968K, reserved 393216K
  class space    used 5154K, committed 5760K, reserved 327680K
}
Event: 12.361 GC heap before
{Heap before GC invocations=5 (full 0):
 garbage-first heap   total 262144K, used 32319K [0x00000000e0000000, 0x0000000100000000)
  region size 1024K, 9 young (9216K), 8 survivors (8192K)
 Metaspace       used 35005K, committed 36288K, reserved 393216K
  class space    used 5168K, committed 5824K, reserved 327680K
}
Event: 12.373 GC heap after
{Heap after GC invocations=6 (full 0):
 garbage-first heap   total 262144K, used 32765K [0x00000000e0000000, 0x0000000100000000)
  region size 1024K, 7 young (7168K), 7 survivors (7168K)
 Metaspace       used 35005K, committed 36288K, reserved 393216K
  class space    used 5168K, committed 5824K, reserved 327680K
}
Event: 12.597 GC heap before
{Heap before GC invocations=6 (full 0):
 garbage-first heap   total 262144K, used 34813K [0x00000000e0000000, 0x0000000100000000)
  region size 1024K, 11 young (11264K), 7 survivors (7168K)
 Metaspace       used 35350K, committed 36608K, reserved 393216K
  class space    used 5206K, committed 5824K, reserved 327680K
}
Event: 12.609 GC heap after
{Heap after GC invocations=7 (full 0):
 garbage-first heap   total 262144K, used 33240K [0x00000000e0000000, 0x0000000100000000)
  region size 1024K, 8 young (8192K), 8 survivors (8192K)
 Metaspace       used 35350K, committed 36608K, reserved 393216K
  class space    used 5206K, committed 5824K, reserved 327680K
}
Event: 18.220 GC heap before
{Heap before GC invocations=8 (full 0):
 garbage-first heap   total 262144K, used 187864K [0x00000000e0000000, 0x0000000100000000)
  region size 1024K, 153 young (156672K), 8 survivors (8192K)
 Metaspace       used 46462K, committed 48192K, reserved 393216K
  class space    used 6759K, committed 7616K, reserved 327680K
}
Event: 18.242 GC heap after
{Heap after GC invocations=9 (full 0):
 garbage-first heap   total 262144K, used 42789K [0x00000000e0000000, 0x0000000100000000)
  region size 1024K, 17 young (17408K), 17 survivors (17408K)
 Metaspace       used 46462K, committed 48192K, reserved 393216K
  class space    used 6759K, committed 7616K, reserved 327680K
}
Event: 23.558 GC heap before
{Heap before GC invocations=9 (full 0):
 garbage-first heap   total 262144K, used 181029K [0x00000000e0000000, 0x0000000100000000)
  region size 1024K, 147 young (150528K), 17 survivors (17408K)
 Metaspace       used 59303K, committed 61248K, reserved 393216K
  class space    used 8698K, committed 9664K, reserved 327680K
}
Event: 23.599 GC heap after
{Heap after GC invocations=10 (full 0):
 garbage-first heap   total 262144K, used 56928K [0x00000000e0000000, 0x0000000100000000)
  region size 1024K, 20 young (20480K), 20 survivors (20480K)
 Metaspace       used 59303K, committed 61248K, reserved 393216K
  class space    used 8698K, committed 9664K, reserved 327680K
}
Event: 23.743 GC heap before
{Heap before GC invocations=10 (full 0):
 garbage-first heap   total 262144K, used 60000K [0x00000000e0000000, 0x0000000100000000)
  region size 1024K, 24 young (24576K), 20 survivors (20480K)
 Metaspace       used 59591K, committed 61568K, reserved 393216K
  class space    used 8733K, committed 9664K, reserved 327680K
}
Event: 23.767 GC heap after
{Heap after GC invocations=11 (full 0):
 garbage-first heap   total 262144K, used 58310K [0x00000000e0000000, 0x0000000100000000)
  region size 1024K, 11 young (11264K), 11 survivors (11264K)
 Metaspace       used 59591K, committed 61568K, reserved 393216K
  class space    used 8733K, committed 9664K, reserved 327680K
}
Event: 28.865 GC heap before
{Heap before GC invocations=12 (full 0):
 garbage-first heap   total 262144K, used 202694K [0x00000000e0000000, 0x0000000100000000)
  region size 1024K, 153 young (156672K), 11 survivors (11264K)
 Metaspace       used 69951K, committed 72064K, reserved 393216K
  class space    used 10170K, committed 11200K, reserved 327680K
}
Event: 28.889 GC heap after
{Heap after GC invocations=13 (full 0):
 garbage-first heap   total 262144K, used 65663K [0x00000000e0000000, 0x0000000100000000)
  region size 1024K, 18 young (18432K), 18 survivors (18432K)
 Metaspace       used 69951K, committed 72064K, reserved 393216K
  class space    used 10170K, committed 11200K, reserved 327680K
}
Event: 37.181 GC heap before
{Heap before GC invocations=13 (full 0):
 garbage-first heap   total 262144K, used 202879K [0x00000000e0000000, 0x0000000100000000)
  region size 1024K, 153 young (156672K), 18 survivors (18432K)
 Metaspace       used 75419K, committed 77632K, reserved 458752K
  class space    used 10944K, committed 12032K, reserved 327680K
}
Event: 37.224 GC heap after
{Heap after GC invocations=14 (full 0):
 garbage-first heap   total 262144K, used 74188K [0x00000000e0000000, 0x0000000100000000)
  region size 1024K, 19 young (19456K), 19 survivors (19456K)
 Metaspace       used 75419K, committed 77632K, reserved 458752K
  class space    used 10944K, committed 12032K, reserved 327680K
}

Dll operation events (14 events):
Event: 0.028 Loaded shared library C:\Users\Prova\.antigravity-ide\extensions\redhat.java-1.55.0-win32-x64\jre\21.0.11-win32-x86_64\bin\java.dll
Event: 0.285 Loaded shared library C:\Users\Prova\.antigravity-ide\extensions\redhat.java-1.55.0-win32-x64\jre\21.0.11-win32-x86_64\bin\zip.dll
Event: 0.393 Loaded shared library C:\Users\Prova\.antigravity-ide\extensions\redhat.java-1.55.0-win32-x64\jre\21.0.11-win32-x86_64\bin\instrument.dll
Event: 0.416 Loaded shared library C:\Users\Prova\.antigravity-ide\extensions\redhat.java-1.55.0-win32-x64\jre\21.0.11-win32-x86_64\bin\net.dll
Event: 0.428 Loaded shared library C:\Users\Prova\.antigravity-ide\extensions\redhat.java-1.55.0-win32-x64\jre\21.0.11-win32-x86_64\bin\nio.dll
Event: 0.440 Loaded shared library C:\Users\Prova\.antigravity-ide\extensions\redhat.java-1.55.0-win32-x64\jre\21.0.11-win32-x86_64\bin\zip.dll
Event: 1.553 Loaded shared library C:\Users\Prova\.antigravity-ide\extensions\redhat.java-1.55.0-win32-x64\jre\21.0.11-win32-x86_64\bin\jimage.dll
Event: 2.199 Loaded shared library C:\Users\Prova\.antigravity-ide\extensions\redhat.java-1.55.0-win32-x64\jre\21.0.11-win32-x86_64\bin\verify.dll
Event: 2.582 Loaded shared library C:\Users\Prova\.gradle\native\c067742578af261105cb4f569cf0c3c89f3d7b1fecec35dd04571415982c5e48\windows-amd64\native-platform.dll
Event: 2.611 Loaded shared library C:\Users\Prova\.gradle\native\100fb08df4bc3b14c8652ba06237920a3bd2aa13389f12d3474272988ae205f9\windows-amd64\native-platform-file-events.dll
Event: 4.793 Loaded shared library C:\Users\Prova\.antigravity-ide\extensions\redhat.java-1.55.0-win32-x64\jre\21.0.11-win32-x86_64\bin\management.dll
Event: 4.797 Loaded shared library C:\Users\Prova\.antigravity-ide\extensions\redhat.java-1.55.0-win32-x64\jre\21.0.11-win32-x86_64\bin\management_ext.dll
Event: 5.136 Loaded shared library C:\Users\Prova\.antigravity-ide\extensions\redhat.java-1.55.0-win32-x64\jre\21.0.11-win32-x86_64\bin\extnet.dll
Event: 5.365 Loaded shared library C:\Users\Prova\.antigravity-ide\extensions\redhat.java-1.55.0-win32-x64\jre\21.0.11-win32-x86_64\bin\sunmscapi.dll

Deoptimization events (20 events):
Event: 33.596 Thread 0x000001f3efb76d20 DEOPT PACKING pc=0x000001f3c31c191d sp=0x00000035c3ffa280
Event: 33.596 Thread 0x000001f3efb76d20 DEOPT UNPACKING pc=0x000001f3c9c24bc2 sp=0x00000035c3ff97b8 mode 0
Event: 35.627 Thread 0x000001f3efb76d20 Uncommon trap: trap_request=0xffffffd6 fr.pc=0x000001f3ca1dbe94 relative=0x00000000000003d4
Event: 35.627 Thread 0x000001f3efb76d20 Uncommon trap: reason=array_check action=maybe_recompile pc=0x000001f3ca1dbe94 method=java.util.LinkedHashMap.keysToArray([Ljava/lang/Object;Z)[Ljava/lang/Object; @ 67 c2
Event: 35.627 Thread 0x000001f3efb76d20 DEOPT PACKING pc=0x000001f3ca1dbe94 sp=0x00000035c3ff99d0
Event: 35.627 Thread 0x000001f3efb76d20 DEOPT UNPACKING pc=0x000001f3c9c24422 sp=0x00000035c3ff9970 mode 2
Event: 36.146 Thread 0x000001f3f0b901c0 Uncommon trap: trap_request=0xffffff45 fr.pc=0x000001f3ca5c2620 relative=0x00000000000003e0
Event: 36.146 Thread 0x000001f3f0b901c0 Uncommon trap: reason=unstable_if action=reinterpret pc=0x000001f3ca5c2620 method=java.util.concurrent.ConcurrentLinkedQueue.offer(Ljava/lang/Object;)Z @ 96 c2
Event: 36.146 Thread 0x000001f3f0b901c0 DEOPT PACKING pc=0x000001f3ca5c2620 sp=0x00000035c61fd2a0
Event: 36.146 Thread 0x000001f3f0b901c0 DEOPT UNPACKING pc=0x000001f3c9c24422 sp=0x00000035c61fd248 mode 2
Event: 36.162 Thread 0x000001f3f0b93cd0 Uncommon trap: trap_request=0xffffff45 fr.pc=0x000001f3ca5069a0 relative=0x00000000000005e0
Event: 36.162 Thread 0x000001f3f0b93cd0 Uncommon trap: reason=unstable_if action=reinterpret pc=0x000001f3ca5069a0 method=java.util.concurrent.ConcurrentLinkedQueue.updateHead(Ljava/util/concurrent/ConcurrentLinkedQueue$Node;Ljava/util/concurrent/ConcurrentLinkedQueue$Node;)V @ 14 c2
Event: 36.162 Thread 0x000001f3f0b93cd0 DEOPT PACKING pc=0x000001f3ca5069a0 sp=0x00000035c67fcc80
Event: 36.162 Thread 0x000001f3f0b93cd0 DEOPT UNPACKING pc=0x000001f3c9c24422 sp=0x00000035c67fcbb8 mode 2
Event: 36.599 Thread 0x000001f3efb76d20 Uncommon trap: trap_request=0xffffff66 fr.pc=0x000001f3ca6af3f0 relative=0x0000000000000190
Event: 36.599 Thread 0x000001f3efb76d20 Uncommon trap: reason=speculate_class_check action=maybe_recompile pc=0x000001f3ca6af3f0 method=java.io.ObjectStreamClass$FieldReflector.getObjFieldValues(Ljava/lang/Object;[Ljava/lang/Object;)V @ 74 c2
Event: 36.599 Thread 0x000001f3efb76d20 DEOPT PACKING pc=0x000001f3ca6af3f0 sp=0x00000035c3ff7b30
Event: 36.599 Thread 0x000001f3efb76d20 DEOPT UNPACKING pc=0x000001f3c9c24422 sp=0x00000035c3ff7ad8 mode 2
Event: 38.063 Thread 0x000001f3efb76d20 DEOPT PACKING pc=0x000001f3c307bd86 sp=0x00000035c3ff8050
Event: 38.063 Thread 0x000001f3efb76d20 DEOPT UNPACKING pc=0x000001f3c9c24bc2 sp=0x00000035c3ff7538 mode 0

Classes loaded (20 events):
Event: 30.144 Loading class java/util/LinkedHashMapCustomizer
Event: 30.144 Loading class java/util/LinkedHashMapCustomizer done
Event: 30.432 Loading class java/lang/StringBeanInfo
Event: 30.432 Loading class java/lang/StringBeanInfo done
Event: 30.433 Loading class java/lang/StringBeanInfo
Event: 30.433 Loading class java/lang/StringBeanInfo done
Event: 30.433 Loading class java/lang/StringCustomizer
Event: 30.433 Loading class java/lang/StringCustomizer done
Event: 30.434 Loading class java/lang/StringCustomizer
Event: 30.434 Loading class java/lang/StringCustomizer done
Event: 31.423 Loading class sun/reflect/misc/MethodUtil
Event: 31.424 Loading class sun/reflect/misc/MethodUtil done
Event: 31.424 Loading class sun/reflect/misc/MethodUtil$1
Event: 31.425 Loading class sun/reflect/misc/MethodUtil$1 done
Event: 35.624 Loading class sun/nio/cs/ISO_8859_1$Encoder
Event: 35.625 Loading class sun/nio/cs/ISO_8859_1$Encoder done
Event: 35.625 Loading class sun/nio/cs/Surrogate$Parser
Event: 35.626 Loading class sun/nio/cs/Surrogate$Parser done
Event: 35.626 Loading class sun/nio/cs/Surrogate
Event: 35.626 Loading class sun/nio/cs/Surrogate done

Classes unloaded (0 events):
No events

Classes redefined (0 events):
No events

Internal exceptions (20 events):
Event: 36.337 Thread 0x000001f3efb76d20 Exception <a 'java/lang/NoClassDefFoundError'{0x00000000e937d8c0}: com/android/Version> (0x00000000e937d8c0) 
thrown [s\src\hotspot\share\classfile\systemDictionary.cpp, line 302]
Event: 36.443 Thread 0x000001f3efb76d20 Exception <a 'java/lang/NoSuchMethodError'{0x00000000e8f1a6d0}: static Lorg/jetbrains/kotlin/gradle/plugin/internal/DefaultProjectIsolationStartParameterAccessor$Factory;.<clinit>()V> (0x00000000e8f1a6d0) 
thrown [s\src\hotspot\share\prims\jni.cpp, line 1111]
Event: 36.446 Thread 0x000001f3efb76d20 Exception <a 'java/lang/NoSuchMethodError'{0x00000000e8f32c98}: static Lorg/jetbrains/kotlin/gradle/plugin/internal/DefaultJavaExecTaskParametersCompatibility$Factory;.<clinit>()V> (0x00000000e8f32c98) 
thrown [s\src\hotspot\share\prims\jni.cpp, line 1111]
Event: 36.449 Thread 0x000001f3efb76d20 Exception <a 'java/lang/NoSuchMethodError'{0x00000000e8f549b0}: static Lorg/jetbrains/kotlin/gradle/plugin/internal/DefaultMavenPublicationComponentAccessorFactory;.<clinit>()V> (0x00000000e8f549b0) 
thrown [s\src\hotspot\share\prims\jni.cpp, line 1111]
Event: 36.453 Thread 0x000001f3efb76d20 Exception <a 'java/lang/NoSuchMethodError'{0x00000000e8f72be8}: static Lorg/jetbrains/kotlin/gradle/plugin/internal/DefaultCompatibilityConventionRegistrar$Factory;.<clinit>()V> (0x00000000e8f72be8) 
thrown [s\src\hotspot\share\prims\jni.cpp, line 1111]
Event: 36.458 Thread 0x000001f3efb76d20 Exception <a 'java/lang/NoSuchMethodError'{0x00000000e8f8c218}: static Lorg/jetbrains/kotlin/gradle/plugin/internal/DefaultConfigurationCacheStartParameterAccessorVariantFactory;.<clinit>()V> (0x00000000e8f8c218) 
thrown [s\src\hotspot\share\prims\jni.cpp, line 1111]
Event: 36.591 Thread 0x000001f3efb76d20 Exception <a 'java/lang/NoSuchMethodError'{0x00000000e8be2118}: static Ljava/lang/Object;.<clinit>()V> (0x00000000e8be2118) 
thrown [s\src\hotspot\share\prims\jni.cpp, line 1111]
Event: 36.598 Thread 0x000001f3efb76d20 Exception <a 'java/lang/NoSuchMethodError'{0x00000000e8a291a0}: static Lorg/jetbrains/kotlin/gradle/plugin/statistics/MetricContainer;.<clinit>()V> (0x00000000e8a291a0) 
thrown [s\src\hotspot\share\prims\jni.cpp, line 1111]
Event: 38.152 Thread 0x000001f3efb76d20 Exception <a 'java/lang/ClassNotFoundException'{0x00000000eeb766b0}: org/jetbrains/kotlin/gradle/targets/js/npm/DefaultNpmDependencyExtensionBeanInfo> (0x00000000eeb766b0) 
thrown [s\src\hotspot\share\classfile\systemDictionary.cpp, line 313]
Event: 38.154 Thread 0x000001f3efb76d20 Exception <a 'java/lang/ClassNotFoundException'{0x00000000eeb7ce98}: org/jetbrains/kotlin/gradle/targets/js/npm/DefaultNpmDependencyExtensionCustomizer> (0x00000000eeb7ce98) 
thrown [s\src\hotspot\share\classfile\systemDictionary.cpp, line 313]
Event: 38.177 Thread 0x000001f3efb76d20 Exception <a 'java/lang/ClassNotFoundException'{0x00000000eebf1ee0}: org/jetbrains/kotlin/gradle/targets/js/npm/NpmDependencyExtensionKt$defaultNpmDependencyDelegate$1BeanInfo> (0x00000000eebf1ee0) 
thrown [s\src\hotspot\share\classfile\systemDictionary.cpp, line 313]
Event: 38.177 Thread 0x000001f3efb76d20 Exception <a 'java/lang/ClassNotFoundException'{0x00000000eebf9480}: org/jetbrains/kotlin/gradle/targets/js/npm/NpmDependencyExtensionDelegateBeanInfo> (0x00000000eebf9480) 
thrown [s\src\hotspot\share\classfile\systemDictionary.cpp, line 313]
Event: 38.178 Thread 0x000001f3efb76d20 Exception <a 'java/lang/ClassNotFoundException'{0x00000000eea00c70}: org/jetbrains/kotlin/gradle/targets/js/npm/NpmDependencyExtensionDelegateCustomizer> (0x00000000eea00c70) 
thrown [s\src\hotspot\share\classfile\systemDictionary.cpp, line 313]
Event: 38.182 Thread 0x000001f3efb76d20 Exception <a 'java/lang/ClassNotFoundException'{0x00000000eea2b7c8}: org/jetbrains/kotlin/gradle/targets/js/npm/NpmDependencyExtensionKt$defaultNpmDependencyDelegate$1Customizer> (0x00000000eea2b7c8) 
thrown [s\src\hotspot\share\classfile\systemDictionary.cpp, line 313]
Event: 38.193 Thread 0x000001f3efb76d20 Exception <a 'java/lang/ClassNotFoundException'{0x00000000eea5ecd8}: org/jetbrains/kotlin/gradle/targets/js/npm/DefaultDevNpmDependencyExtensionBeanInfo> (0x00000000eea5ecd8) 
thrown [s\src\hotspot\share\classfile\systemDictionary.cpp, line 313]
Event: 38.194 Thread 0x000001f3efb76d20 Exception <a 'java/lang/ClassNotFoundException'{0x00000000eea654d0}: org/jetbrains/kotlin/gradle/targets/js/npm/DefaultDevNpmDependencyExtensionCustomizer> (0x00000000eea654d0) 
thrown [s\src\hotspot\share\classfile\systemDictionary.cpp, line 313]
Event: 38.207 Thread 0x000001f3efb76d20 Exception <a 'java/lang/ClassNotFoundException'{0x00000000eeaa1178}: org/jetbrains/kotlin/gradle/targets/js/npm/DefaultPeerNpmDependencyExtensionBeanInfo> (0x00000000eeaa1178) 
thrown [s\src\hotspot\share\classfile\systemDictionary.cpp, line 313]
Event: 38.208 Thread 0x000001f3efb76d20 Exception <a 'java/lang/ClassNotFoundException'{0x00000000eeaa7978}: org/jetbrains/kotlin/gradle/targets/js/npm/DefaultPeerNpmDependencyExtensionCustomizer> (0x00000000eeaa7978) 
thrown [s\src\hotspot\share\classfile\systemDictionary.cpp, line 313]
Event: 38.215 Thread 0x000001f3efb76d20 Exception <a 'java/lang/ClassNotFoundException'{0x00000000eeaec278}: org/jetbrains/kotlin/gradle/targets/js/npm/DefaultPeerNpmDependencyExtension$delegate$1BeanInfo> (0x00000000eeaec278) 
thrown [s\src\hotspot\share\classfile\systemDictionary.cpp, line 313]
Event: 38.216 Thread 0x000001f3efb76d20 Exception <a 'java/lang/ClassNotFoundException'{0x00000000eeaf2e00}: org/jetbrains/kotlin/gradle/targets/js/npm/DefaultPeerNpmDependencyExtension$delegate$1Customizer> (0x00000000eeaf2e00) 
thrown [s\src\hotspot\share\classfile\systemDictionary.cpp, line 313]

ZGC Phase Switch (0 events):
No events

VM Operations (20 events):
Event: 30.998 Executing safepoint VM operation: Cleanup
Event: 30.998 Executing safepoint VM operation: Cleanup done
Event: 32.005 Executing safepoint VM operation: Cleanup
Event: 32.005 Executing safepoint VM operation: Cleanup done
Event: 33.017 Executing safepoint VM operation: Cleanup
Event: 33.017 Executing safepoint VM operation: Cleanup done
Event: 34.031 Executing safepoint VM operation: Cleanup
Event: 34.032 Executing safepoint VM operation: Cleanup done
Event: 35.040 Executing safepoint VM operation: Cleanup
Event: 35.040 Executing safepoint VM operation: Cleanup done
Event: 36.049 Executing safepoint VM operation: Cleanup
Event: 36.049 Executing safepoint VM operation: Cleanup done
Event: 37.060 Executing safepoint VM operation: Cleanup
Event: 37.060 Executing safepoint VM operation: Cleanup done
Event: 37.181 Executing safepoint VM operation: G1CollectForAllocation (G1 Evacuation Pause)
Event: 37.224 Executing safepoint VM operation: G1CollectForAllocation (G1 Evacuation Pause) done
Event: 38.225 Executing safepoint VM operation: Cleanup
Event: 38.225 Executing safepoint VM operation: Cleanup done
Event: 39.237 Executing safepoint VM operation: Cleanup
Event: 39.238 Executing safepoint VM operation: Cleanup done

Memory protections (0 events):
No events

Nmethod flushes (20 events):
Event: 23.871 Thread 0x000001f3d4e33e00 flushing  nmethod 0x000001f3c27a7d10
Event: 23.871 Thread 0x000001f3d4e33e00 flushing  nmethod 0x000001f3c27fc290
Event: 23.871 Thread 0x000001f3d4e33e00 flushing  nmethod 0x000001f3c27fcb10
Event: 23.871 Thread 0x000001f3d4e33e00 flushing  nmethod 0x000001f3c283ec90
Event: 23.871 Thread 0x000001f3d4e33e00 flushing  nmethod 0x000001f3c283f090
Event: 23.871 Thread 0x000001f3d4e33e00 flushing  nmethod 0x000001f3c283f610
Event: 23.871 Thread 0x000001f3d4e33e00 flushing  nmethod 0x000001f3c2842b90
Event: 23.871 Thread 0x000001f3d4e33e00 flushing  nmethod 0x000001f3c2843590
Event: 23.871 Thread 0x000001f3d4e33e00 flushing  nmethod 0x000001f3c2860b90
Event: 23.871 Thread 0x000001f3d4e33e00 flushing  nmethod 0x000001f3c2863590
Event: 23.871 Thread 0x000001f3d4e33e00 flushing  nmethod 0x000001f3c29d8410
Event: 23.871 Thread 0x000001f3d4e33e00 flushing  nmethod 0x000001f3c2af4910
Event: 23.871 Thread 0x000001f3d4e33e00 flushing  nmethod 0x000001f3c2b0fb90
Event: 23.871 Thread 0x000001f3d4e33e00 flushing  nmethod 0x000001f3c2c32510
Event: 23.871 Thread 0x000001f3d4e33e00 flushing  nmethod 0x000001f3c2cae110
Event: 23.871 Thread 0x000001f3d4e33e00 flushing  nmethod 0x000001f3c2cb2890
Event: 23.871 Thread 0x000001f3d4e33e00 flushing  nmethod 0x000001f3c2cd3890
Event: 23.871 Thread 0x000001f3d4e33e00 flushing  nmethod 0x000001f3c2cd9990
Event: 23.871 Thread 0x000001f3d4e33e00 flushing  nmethod 0x000001f3c2e17e90
Event: 23.871 Thread 0x000001f3d4e33e00 flushing  nmethod 0x000001f3c2e18d90

Events (20 events):
Event: 36.105 Thread 0x000001f3efb76d20 Thread added: 0x000001f3f3346650
Event: 36.105 Thread 0x000001f3efb76d20 Thread added: 0x000001f3f3345930
Event: 36.106 Thread 0x000001f3efb76d20 Thread added: 0x000001f3f33452a0
Event: 36.107 Thread 0x000001f3efb76d20 Thread added: 0x000001f3f3345fc0
Event: 36.108 Thread 0x000001f3efb76d20 Thread added: 0x000001f3f0b92290
Event: 36.129 Thread 0x000001f3efb76d20 Thread added: 0x000001f3f0b90ee0
Event: 36.130 Thread 0x000001f3efb76d20 Thread added: 0x000001f3f0b90850
Event: 36.131 Thread 0x000001f3efb76d20 Thread added: 0x000001f3f0b91c00
Event: 36.132 Thread 0x000001f3efb76d20 Thread added: 0x000001f3f0b901c0
Event: 36.134 Thread 0x000001f3efb76d20 Thread added: 0x000001f3f0b91570
Event: 36.135 Thread 0x000001f3efb76d20 Thread added: 0x000001f3f0b8f4a0
Event: 36.138 Thread 0x000001f3efb76d20 Thread added: 0x000001f3f0b92920
Event: 36.155 Thread 0x000001f3efb76d20 Thread added: 0x000001f3f0b92fb0
Event: 36.158 Thread 0x000001f3efb76d20 Thread added: 0x000001f3f0b8fb30
Event: 36.160 Thread 0x000001f3efb76d20 Thread added: 0x000001f3f0b93cd0
Event: 36.161 Thread 0x000001f3efb76d20 Thread added: 0x000001f3f0b95710
Event: 36.162 Thread 0x000001f3efb76d20 Thread added: 0x000001f3f0b95da0
Event: 36.163 Thread 0x000001f3efb76d20 Thread added: 0x000001f3f0b94360
Event: 36.164 Thread 0x000001f3efb76d20 Thread added: 0x000001f3f077a100
Event: 36.630 Thread 0x000001f3efb76d20 Thread added: 0x000001f3f0776c80


Dynamic libraries:
0x00007ff74d900000 - 0x00007ff74d90e000 	C:\Users\Prova\.antigravity-ide\extensions\redhat.java-1.55.0-win32-x64\jre\21.0.11-win32-x86_64\bin\java.exe
0x00007ff890f80000 - 0x00007ff8911e6000 	C:\WINDOWS\SYSTEM32\ntdll.dll
0x00007ff8900f0000 - 0x00007ff8901b9000 	C:\WINDOWS\System32\KERNEL32.DLL
0x00007ff88e740000 - 0x00007ff88eb40000 	C:\WINDOWS\System32\KERNELBASE.dll
0x00007ff88e2f0000 - 0x00007ff88e43c000 	C:\WINDOWS\System32\ucrtbase.dll
0x00007ff81ee20000 - 0x00007ff81ee38000 	C:\Users\Prova\.antigravity-ide\extensions\redhat.java-1.55.0-win32-x64\jre\21.0.11-win32-x86_64\bin\jli.dll
0x00007ff88ff20000 - 0x00007ff8900e7000 	C:\WINDOWS\System32\USER32.dll
0x00007ff820290000 - 0x00007ff8202ae000 	C:\Users\Prova\.antigravity-ide\extensions\redhat.java-1.55.0-win32-x64\jre\21.0.11-win32-x86_64\bin\VCRUNTIME140.dll
0x00007ff88ec80000 - 0x00007ff88eca7000 	C:\WINDOWS\System32\win32u.dll
0x00007ff890da0000 - 0x00007ff890dcb000 	C:\WINDOWS\System32\GDI32.dll
0x00007ff88eb50000 - 0x00007ff88ec79000 	C:\WINDOWS\System32\gdi32full.dll
0x00007ff88e450000 - 0x00007ff88e4f3000 	C:\WINDOWS\System32\msvcp_win.dll
0x00007ff879230000 - 0x00007ff8794c2000 	C:\WINDOWS\WinSxS\amd64_microsoft.windows.common-controls_6595b64144ccf1df_6.0.26100.8737_none_3e092eaee333b772\COMCTL32.dll
0x00007ff88f3b0000 - 0x00007ff88f459000 	C:\WINDOWS\System32\msvcrt.dll
0x00007ff88f370000 - 0x00007ff88f3a2000 	C:\WINDOWS\System32\IMM32.DLL
0x00007ff873a80000 - 0x00007ff873a8c000 	C:\Users\Prova\.antigravity-ide\extensions\redhat.java-1.55.0-win32-x64\jre\21.0.11-win32-x86_64\bin\vcruntime140_1.dll
0x00007ff81ec90000 - 0x00007ff81ed1d000 	C:\Users\Prova\.antigravity-ide\extensions\redhat.java-1.55.0-win32-x64\jre\21.0.11-win32-x86_64\bin\msvcp140.dll
0x00007fffa71a0000 - 0x00007fffa7f42000 	C:\Users\Prova\.antigravity-ide\extensions\redhat.java-1.55.0-win32-x64\jre\21.0.11-win32-x86_64\bin\server\jvm.dll
0x00007ff890ae0000 - 0x00007ff890b97000 	C:\WINDOWS\System32\ADVAPI32.dll
0x00007ff890ba0000 - 0x00007ff890c4a000 	C:\WINDOWS\System32\sechost.dll
0x00007ff890df0000 - 0x00007ff890f08000 	C:\WINDOWS\System32\RPCRT4.dll
0x00007ff88f2d0000 - 0x00007ff88f350000 	C:\WINDOWS\System32\WS2_32.dll
0x00007ff88e000000 - 0x00007ff88e05e000 	C:\WINDOWS\SYSTEM32\POWRPROF.dll
0x00007ff87ac60000 - 0x00007ff87ac96000 	C:\WINDOWS\SYSTEM32\WINMM.dll
0x00007ff884750000 - 0x00007ff88475b000 	C:\WINDOWS\SYSTEM32\VERSION.dll
0x00007ff88dfe0000 - 0x00007ff88dff4000 	C:\WINDOWS\SYSTEM32\UMPDC.dll
0x00007ff88ce80000 - 0x00007ff88ce9b000 	C:\WINDOWS\SYSTEM32\kernel.appcore.dll
0x00007ff86f2b0000 - 0x00007ff86f2ba000 	C:\Users\Prova\.antigravity-ide\extensions\redhat.java-1.55.0-win32-x64\jre\21.0.11-win32-x86_64\bin\jimage.dll
0x00007ff88b7d0000 - 0x00007ff88ba12000 	C:\WINDOWS\SYSTEM32\DBGHELP.DLL
0x00007ff88f460000 - 0x00007ff88f7e3000 	C:\WINDOWS\System32\combase.dll
0x00007ff88fe40000 - 0x00007ff88ff19000 	C:\WINDOWS\System32\OLEAUT32.dll
0x00007ff87ba90000 - 0x00007ff87bacb000 	C:\WINDOWS\SYSTEM32\dbgcore.DLL
0x00007ff88e230000 - 0x00007ff88e2dc000 	C:\WINDOWS\System32\bcryptPrimitives.dll
0x00007ff879c70000 - 0x00007ff879c7f000 	C:\Users\Prova\.antigravity-ide\extensions\redhat.java-1.55.0-win32-x64\jre\21.0.11-win32-x86_64\bin\instrument.dll
0x00007ff81ee00000 - 0x00007ff81ee20000 	C:\Users\Prova\.antigravity-ide\extensions\redhat.java-1.55.0-win32-x64\jre\21.0.11-win32-x86_64\bin\java.dll
0x00007ff8901c0000 - 0x00007ff890952000 	C:\WINDOWS\System32\SHELL32.dll
0x00007ff88bc80000 - 0x00007ff88c512000 	C:\WINDOWS\SYSTEM32\windows.storage.dll
0x00007ff8909e0000 - 0x00007ff890ad7000 	C:\WINDOWS\System32\SHCORE.dll
0x00007ff88ecb0000 - 0x00007ff88ed17000 	C:\WINDOWS\System32\shlwapi.dll
0x00007ff88e0c0000 - 0x00007ff88e0e9000 	C:\WINDOWS\SYSTEM32\profapi.dll
0x00007ff86d840000 - 0x00007ff86d858000 	C:\Users\Prova\.antigravity-ide\extensions\redhat.java-1.55.0-win32-x64\jre\21.0.11-win32-x86_64\bin\zip.dll
0x00007ff86d780000 - 0x00007ff86d790000 	C:\Users\Prova\.antigravity-ide\extensions\redhat.java-1.55.0-win32-x64\jre\21.0.11-win32-x86_64\bin\net.dll
0x00007ff8804e0000 - 0x00007ff880609000 	C:\WINDOWS\SYSTEM32\WINHTTP.dll
0x00007ff88d430000 - 0x00007ff88d49c000 	C:\WINDOWS\system32\mswsock.dll
0x00007ff84e580000 - 0x00007ff84e596000 	C:\Users\Prova\.antigravity-ide\extensions\redhat.java-1.55.0-win32-x64\jre\21.0.11-win32-x86_64\bin\nio.dll
0x00007ff879c10000 - 0x00007ff879c20000 	C:\Users\Prova\.antigravity-ide\extensions\redhat.java-1.55.0-win32-x64\jre\21.0.11-win32-x86_64\bin\verify.dll
0x00007ff879b80000 - 0x00007ff879ba7000 	C:\Users\Prova\.gradle\native\c067742578af261105cb4f569cf0c3c89f3d7b1fecec35dd04571415982c5e48\windows-amd64\native-platform.dll
0x00007ff8282f0000 - 0x00007ff828434000 	C:\Users\Prova\.gradle\native\100fb08df4bc3b14c8652ba06237920a3bd2aa13389f12d3474272988ae205f9\windows-amd64\native-platform-file-events.dll
0x00007ff87ee00000 - 0x00007ff87ee0a000 	C:\Users\Prova\.antigravity-ide\extensions\redhat.java-1.55.0-win32-x64\jre\21.0.11-win32-x86_64\bin\management.dll
0x00007ff8804b0000 - 0x00007ff8804bc000 	C:\Users\Prova\.antigravity-ide\extensions\redhat.java-1.55.0-win32-x64\jre\21.0.11-win32-x86_64\bin\management_ext.dll
0x00007ff88f210000 - 0x00007ff88f218000 	C:\WINDOWS\System32\PSAPI.DLL
0x00007ff88d730000 - 0x00007ff88d74b000 	C:\WINDOWS\SYSTEM32\CRYPTSP.dll
0x00007ff88cde0000 - 0x00007ff88ce19000 	C:\WINDOWS\system32\rsaenh.dll
0x00007ff88d4f0000 - 0x00007ff88d522000 	C:\WINDOWS\SYSTEM32\USERENV.dll
0x00007ff88e090000 - 0x00007ff88e0ba000 	C:\WINDOWS\SYSTEM32\bcrypt.dll
0x00007ff88d750000 - 0x00007ff88d75c000 	C:\WINDOWS\SYSTEM32\CRYPTBASE.dll
0x00007ff88c8a0000 - 0x00007ff88c8d3000 	C:\WINDOWS\SYSTEM32\IPHLPAPI.DLL
0x00007ff88f7f0000 - 0x00007ff88f7fa000 	C:\WINDOWS\System32\NSI.dll
0x00007ff879c80000 - 0x00007ff879c89000 	C:\Users\Prova\.antigravity-ide\extensions\redhat.java-1.55.0-win32-x64\jre\21.0.11-win32-x86_64\bin\extnet.dll
0x00007ff880460000 - 0x00007ff88046e000 	C:\Users\Prova\.antigravity-ide\extensions\redhat.java-1.55.0-win32-x64\jre\21.0.11-win32-x86_64\bin\sunmscapi.dll
0x00007ff88e5c0000 - 0x00007ff88e738000 	C:\WINDOWS\System32\CRYPT32.dll
0x00007ff88d970000 - 0x00007ff88d9a0000 	C:\WINDOWS\SYSTEM32\ncrypt.dll
0x00007ff88d920000 - 0x00007ff88d95f000 	C:\WINDOWS\SYSTEM32\NTASN1.dll
0x00007ff869250000 - 0x00007ff869258000 	C:\WINDOWS\system32\wshunix.dll

JVMTI agents:
C:\Users\Prova\.gradle\wrapper\dists\gradle-8.9-bin\90cnw93cvbtalezasaz0blq0a\gradle-8.9\lib\agents\gradle-instrumentation-agent-8.9.jar path:C:\Users\Prova\.antigravity-ide\extensions\redhat.java-1.55.0-win32-x64\jre\21.0.11-win32-x86_64\bin\instrument.dll, loaded, initialized, instrumentlib options:none

dbghelp: loaded successfully - version: 4.0.5 - missing functions: none
symbol engine: initialized successfully - sym options: 0x614 - pdb path: .;C:\Users\Prova\.antigravity-ide\extensions\redhat.java-1.55.0-win32-x64\jre\21.0.11-win32-x86_64\bin;C:\WINDOWS\SYSTEM32;C:\WINDOWS\WinSxS\amd64_microsoft.windows.common-controls_6595b64144ccf1df_6.0.26100.8737_none_3e092eaee333b772;C:\Users\Prova\.antigravity-ide\extensions\redhat.java-1.55.0-win32-x64\jre\21.0.11-win32-x86_64\bin\server;C:\Users\Prova\.gradle\native\c067742578af261105cb4f569cf0c3c89f3d7b1fecec35dd04571415982c5e48\windows-amd64;C:\Users\Prova\.gradle\native\100fb08df4bc3b14c8652ba06237920a3bd2aa13389f12d3474272988ae205f9\windows-amd64

VM Arguments:
jvm_args: --add-opens=java.base/java.util=ALL-UNNAMED --add-opens=java.base/java.lang=ALL-UNNAMED --add-opens=java.base/java.lang.invoke=ALL-UNNAMED --add-opens=java.prefs/java.util.prefs=ALL-UNNAMED --add-exports=jdk.compiler/com.sun.tools.javac.api=ALL-UNNAMED --add-exports=jdk.compiler/com.sun.tools.javac.util=ALL-UNNAMED --add-opens=java.base/java.nio.charset=ALL-UNNAMED --add-opens=java.base/java.net=ALL-UNNAMED --add-opens=java.base/java.util.concurrent.atomic=ALL-UNNAMED -XX:MaxMetaspaceSize=384m -XX:+HeapDumpOnOutOfMemoryError -Xms256m -Xmx512m -Dfile.encoding=utf8 -Duser.country=US -Duser.language=en -Duser.variant -javaagent:C:\Users\Prova\.gradle\wrapper\dists\gradle-8.9-bin\90cnw93cvbtalezasaz0blq0a\gradle-8.9\lib\agents\gradle-instrumentation-agent-8.9.jar 
java_command: org.gradle.launcher.daemon.bootstrap.GradleDaemon 8.9
java_class_path (initial): C:\Users\Prova\.gradle\wrapper\dists\gradle-8.9-bin\90cnw93cvbtalezasaz0blq0a\gradle-8.9\lib\gradle-daemon-main-8.9.jar
Launcher Type: SUN_STANDARD

[Global flags]
     intx CICompilerCount                          = 4                                         {product} {ergonomic}
   size_t CompressedClassSpaceSize                 = 335544320                                 {product} {ergonomic}
     uint ConcGCThreads                            = 2                                         {product} {ergonomic}
     uint G1ConcRefinementThreads                  = 8                                         {product} {ergonomic}
   size_t G1HeapRegionSize                         = 1048576                                   {product} {ergonomic}
    uintx GCDrainStackTargetSize                   = 64                                        {product} {ergonomic}
     bool HeapDumpOnOutOfMemoryError               = true                                   {manageable} {command line}
   size_t InitialHeapSize                          = 268435456                                 {product} {command line}
   size_t MarkStackSize                            = 4194304                                   {product} {ergonomic}
   size_t MaxHeapSize                              = 536870912                                 {product} {command line}
   size_t MaxMetaspaceSize                         = 402653184                                 {product} {command line}
   size_t MaxNewSize                               = 321912832                                 {product} {ergonomic}
   size_t MinHeapDeltaBytes                        = 1048576                                   {product} {ergonomic}
   size_t MinHeapSize                              = 268435456                                 {product} {command line}
    uintx NonNMethodCodeHeapSize                   = 5839372                                {pd product} {ergonomic}
    uintx NonProfiledCodeHeapSize                  = 122909434                              {pd product} {ergonomic}
    uintx ProfiledCodeHeapSize                     = 122909434                              {pd product} {ergonomic}
    uintx ReservedCodeCacheSize                    = 251658240                              {pd product} {ergonomic}
     bool SegmentedCodeCache                       = true                                      {product} {ergonomic}
   size_t SoftMaxHeapSize                          = 536870912                              {manageable} {ergonomic}
     bool UseCompressedOops                        = true                           {product lp64_product} {ergonomic}
     bool UseG1GC                                  = true                                      {product} {ergonomic}
     bool UseLargePagesIndividualAllocation        = false                                  {pd product} {ergonomic}

Logging:
Log output configuration:
 #0: stdout all=warning uptime,level,tags foldmultilines=false
 #1: stderr all=off uptime,level,tags foldmultilines=false

Release file:
JAVA_VERSION="21.0.11" 
MODULES="java.base java.compiler java.datatransfer java.xml java.prefs java.desktop java.instrument java.logging java.management java.security.sasl java.naming java.rmi java.management.rmi java.net.http java.scripting java.security.jgss java.transaction.xa java.sql java.sql.rowset java.xml.crypto java.se java.smartcardio jdk.accessibility jdk.internal.jvmstat jdk.attach jdk.charsets jdk.internal.opt jdk.zipfs jdk.compiler jdk.crypto.ec jdk.crypto.cryptoki jdk.crypto.mscapi jdk.dynalink jdk.internal.ed jdk.editpad jdk.hotspot.agent jdk.httpserver jdk.internal.le jdk.internal.vm.ci jdk.internal.vm.compiler jdk.internal.vm.compiler.management jdk.jartool jdk.javadoc jdk.jcmd jdk.management jdk.management.agent jdk.jconsole jdk.jdeps jdk.jdwp.agent jdk.jdi jdk.jfr jdk.jshell jdk.jsobject jdk.jstatd jdk.localedata jdk.management.jfr jdk.naming.dns jdk.naming.rmi jdk.net jdk.nio.mapmode jdk.random jdk.sctp jdk.security.auth jdk.security.jgss jdk.unsupported jdk.unsupported.desktop jdk.xml.dom" 

Environment Variables:
JAVA_HOME=C:\Program Files\Eclipse Adoptium\jdk-17.0.19.10-hotspot
PATH=C:\Program Files\Eclipse Adoptium\jdk-17.0.19.10-hotspot\bin;C:\WINDOWS\system32;C:\WINDOWS;C:\WINDOWS\System32\Wbem;C:\WINDOWS\System32\WindowsPowerShell\v1.0\;C:\WINDOWS\System32\OpenSSH\;C:\Program Files\Intel\WiFi\bin\;C:\Program Files\Common Files\Intel\WirelessCommon\;C:\Program Files\dotnet\;C:\Program Files\Git\cmd;C:\Program Files\nodejs\;C:\Users\Prova\.local\bin;C:\Users\Prova\AppData\Local\Programs\Python\Launcher\;C:\Users\Prova\AppData\Local\Programs\Python\Python313\Scripts\;C:\Users\Prova\AppData\Local\Programs\Python\Python313\;C:\Users\Prova\AppData\Local\Microsoft\WindowsApps;C:\Users\Prova\AppData\Local\Programs\Microsoft VS Code\bin;C:\Program Files\Git\bin\git.exe;C:\Users\Prova\AppData\Roaming\npm;C:\Users\Prova\AppData\Local\Programs\Antigravity\bin;C:\Users\Prova\.cargo\bin;C:\Users\Prova\AppData\Local\Programs\Antigravity IDE\bin;C:\Users\Prova\AppData\Local\Android\Sdk\platform-tools;C:\Program Files\Eclipse Adoptium\jdk-17.0.19.10-hotspot\bin;C:\Users\Prova\AppData\Local\Android\Sdk\platform-tools;C:\Users\Prova\AppData\Local\Android\Sdk\cmdline-tools\latest\bin;C:\Users\Prova\AppData\Local\Android\Sdk\emulator;
USERNAME=Prova
OS=Windows_NT
PROCESSOR_IDENTIFIER=Intel64 Family 6 Model 142 Stepping 10, GenuineIntel
TMP=C:\Users\Prova\AppData\Local\Temp
TEMP=C:\Users\Prova\AppData\Local\Temp




Periodic native trim disabled

---------------  S Y S T E M  ---------------

OS:
 Windows 11 , 64 bit Build 26100 (10.0.26100.8737)
OS uptime: 1 days 5:41 hours

CPU: total 8 (initial active 8) (4 cores per cpu, 2 threads per core) family 6 model 142 stepping 10 microcode 0xf4, cx8, cmov, fxsr, ht, mmx, 3dnowpref, sse, sse2, sse3, ssse3, sse4.1, sse4.2, popcnt, lzcnt, tsc, tscinvbit, avx, avx2, aes, erms, clmul, bmi1, bmi2, rtm, adx, fma, vzeroupper, clflush, clflushopt, rdtscp, f16c
Processor Information for the first 8 processors :
  Max Mhz: 1896, Current Mhz: 1696, Mhz Limit: 1687

Memory: 4k page, system-wide physical 8066M (407M free)
TotalPageFile size 32642M (AvailPageFile size 104M)
current process WorkingSet (physical memory assigned to process): 467M, peak: 472M
current process commit charge ("private bytes"): 551M, peak: 553M

vm_info: OpenJDK 64-Bit Server VM (21.0.11+10-LTS) for windows-amd64 JRE (21.0.11+10-LTS), built on 2026-04-21T00:00:00Z by "admin" with MS VC++ 17.12 (VS2022)

END.
