#
# There is insufficient memory for the Java Runtime Environment to continue.
# Native memory allocation (malloc) failed to allocate 1504336 bytes. Error detail: Chunk::new
# Possible reasons:
#   The system is out of physical RAM or swap space
#   This process is running with CompressedOops enabled, and the Java Heap may be blocking the growth of the native heap
# Possible solutions:
#   Reduce memory load on the system
#   Increase physical memory or swap space
#   Check if swap backing store is full
#   Decrease Java heap size (-Xmx/-Xms)
#   Decrease number of Java threads
#   Decrease Java thread stack sizes (-Xss)
#   Set larger code cache with -XX:ReservedCodeCacheSize=
#   JVM is running with Unscaled Compressed Oops mode in which the Java heap is
#     placed in the first 4GB address space. The Java Heap base address is the
#     maximum limit for the native heap growth. Please use -XX:HeapBaseMinAddress
#     to set the Java Heap base and to place the Java Heap above 4GB virtual address.
# This output file may be truncated or incomplete.
#
#  Out of Memory Error (arena.cpp:168), pid=34108, tid=18840
#
# JRE version: OpenJDK Runtime Environment Temurin-21.0.11+10 (21.0.11+10) (build 21.0.11+10-LTS)
# Java VM: OpenJDK 64-Bit Server VM Temurin-21.0.11+10 (21.0.11+10-LTS, mixed mode, sharing, tiered, compressed oops, compressed class ptrs, g1 gc, windows-amd64)
# No core dump will be written. Minidumps are not enabled by default on client versions of Windows
#

---------------  S U M M A R Y ------------

Command Line: --add-opens=java.base/java.util=ALL-UNNAMED --add-opens=java.base/java.lang=ALL-UNNAMED --add-opens=java.base/java.lang.invoke=ALL-UNNAMED --add-opens=java.prefs/java.util.prefs=ALL-UNNAMED --add-exports=jdk.compiler/com.sun.tools.javac.api=ALL-UNNAMED --add-exports=jdk.compiler/com.sun.tools.javac.util=ALL-UNNAMED --add-opens=java.base/java.nio.charset=ALL-UNNAMED --add-opens=java.base/java.net=ALL-UNNAMED --add-opens=java.base/java.util.concurrent.atomic=ALL-UNNAMED -XX:MaxMetaspaceSize=384m -XX:+HeapDumpOnOutOfMemoryError -Xms256m -Xmx512m -Dfile.encoding=utf8 -Duser.country=US -Duser.language=en -Duser.variant -javaagent:C:\Users\Prova\.gradle\wrapper\dists\gradle-8.9-bin\90cnw93cvbtalezasaz0blq0a\gradle-8.9\lib\agents\gradle-instrumentation-agent-8.9.jar org.gradle.launcher.daemon.bootstrap.GradleDaemon 8.9

Host: Intel(R) Core(TM) i5-8350U CPU @ 1.70GHz, 8 cores, 7G,  Windows 11 , 64 bit Build 26100 (10.0.26100.8737)
Time: Tue Jul  7 13:56:26 2026 W. Central Africa Standard Time elapsed time: 31.375296 seconds (0d 0h 0m 31s)

---------------  T H R E A D  ---------------

Current thread (0x000001c8ab5446e0):  JavaThread "C2 CompilerThread0" daemon [_thread_in_native, id=18840, stack(0x000000bd53e00000,0x000000bd53f00000) (1024K)]


Current CompileTask:
C2:31375 7117   !   4       java.io.ObjectOutputStream::writeObject0 (620 bytes)

Stack: [0x000000bd53e00000,0x000000bd53f00000]
Native frames: (J=compiled Java code, j=interpreted, Vv=VM code, C=native code)
V  [jvm.dll+0x6d7e19]
V  [jvm.dll+0x8b5096]
V  [jvm.dll+0x8b764e]
V  [jvm.dll+0x8b7d33]
V  [jvm.dll+0x284596]
V  [jvm.dll+0xc685d]
V  [jvm.dll+0xc6da1]
V  [jvm.dll+0x3bed31]
V  [jvm.dll+0x1e4149]
V  [jvm.dll+0x24c853]
V  [jvm.dll+0x24bce0]
V  [jvm.dll+0x1cb4ae]
V  [jvm.dll+0x25baad]
V  [jvm.dll+0x25a03a]
V  [jvm.dll+0x3f868e]
V  [jvm.dll+0x85fb0d]
V  [jvm.dll+0x6d664d]
C  [ucrtbase.dll+0x2cd30]
C  [KERNEL32.DLL+0x2e957]
C  [ntdll.dll+0xaad6c]


---------------  P R O C E S S  ---------------

Threads class SMR info:
_java_thread_list=0x000001c8c6ebced0, length=37, elements={
0x000001c895bce8a0, 0x000001c8ab5380c0, 0x000001c8ab53b850, 0x000001c8ab53cfd0,
0x000001c8ab53da30, 0x000001c8ab5411c0, 0x000001c8ab541c20, 0x000001c8ab5446e0,
0x000001c8ab549c80, 0x000001c8ab8dd660, 0x000001c8ab83d4e0, 0x000001c8c6997100,
0x000001c8ab8552d0, 0x000001c8c6608a30, 0x000001c8c51ebe50, 0x000001c8c673ccb0,
0x000001c8c5169e80, 0x000001c8c516aba0, 0x000001c8c516a510, 0x000001c8c6afbd60,
0x000001c8c6afde30, 0x000001c8c6afd7a0, 0x000001c8c6afb040, 0x000001c8c6aff870,
0x000001c8c6b01940, 0x000001c8c6afa9b0, 0x000001c8c5169160, 0x000001c8c6b01fd0,
0x000001c8c6afe4c0, 0x000001c8c6afca80, 0x000001c8c6afc3f0, 0x000001c8c6b00590,
0x000001c8c6b012b0, 0x000001c8c5073130, 0x000001c8c5078680, 0x000001c8c50765b0,
0x000001c8c7717bd0
}

Java Threads: ( => current thread )
  0x000001c895bce8a0 JavaThread "main"                              [_thread_blocked, id=25852, stack(0x000000bd53000000,0x000000bd53100000) (1024K)]
  0x000001c8ab5380c0 JavaThread "Reference Handler"          daemon [_thread_blocked, id=33068, stack(0x000000bd53800000,0x000000bd53900000) (1024K)]
  0x000001c8ab53b850 JavaThread "Finalizer"                  daemon [_thread_blocked, id=26364, stack(0x000000bd53900000,0x000000bd53a00000) (1024K)]
  0x000001c8ab53cfd0 JavaThread "Signal Dispatcher"          daemon [_thread_blocked, id=25700, stack(0x000000bd53a00000,0x000000bd53b00000) (1024K)]
  0x000001c8ab53da30 JavaThread "Attach Listener"            daemon [_thread_blocked, id=33432, stack(0x000000bd53b00000,0x000000bd53c00000) (1024K)]
  0x000001c8ab5411c0 JavaThread "Service Thread"             daemon [_thread_blocked, id=31252, stack(0x000000bd53c00000,0x000000bd53d00000) (1024K)]
  0x000001c8ab541c20 JavaThread "Monitor Deflation Thread"   daemon [_thread_blocked, id=30824, stack(0x000000bd53d00000,0x000000bd53e00000) (1024K)]
=>0x000001c8ab5446e0 JavaThread "C2 CompilerThread0"         daemon [_thread_in_native, id=18840, stack(0x000000bd53e00000,0x000000bd53f00000) (1024K)]
  0x000001c8ab549c80 JavaThread "C1 CompilerThread0"         daemon [_thread_blocked, id=29676, stack(0x000000bd53f00000,0x000000bd54000000) (1024K)]
  0x000001c8ab8dd660 JavaThread "Common-Cleaner"             daemon [_thread_blocked, id=7092, stack(0x000000bd54000000,0x000000bd54100000) (1024K)]
  0x000001c8ab83d4e0 JavaThread "Notification Thread"        daemon [_thread_blocked, id=19832, stack(0x000000bd54100000,0x000000bd54200000) (1024K)]
  0x000001c8c6997100 JavaThread "Daemon health stats"               [_thread_blocked, id=22076, stack(0x000000bd54300000,0x000000bd54400000) (1024K)]
  0x000001c8ab8552d0 JavaThread "Incoming local TCP Connector on port 56726"        [_thread_in_native, id=14848, stack(0x000000bd54900000,0x000000bd54a00000) (1024K)]
  0x000001c8c6608a30 JavaThread "Daemon periodic checks"            [_thread_blocked, id=24152, stack(0x000000bd54a00000,0x000000bd54b00000) (1024K)]
  0x000001c8c51ebe50 JavaThread "Daemon"                            [_thread_blocked, id=9040, stack(0x000000bd54b00000,0x000000bd54c00000) (1024K)]
  0x000001c8c673ccb0 JavaThread "Daemon worker"                     [_thread_blocked, id=27848, stack(0x000000bd54d00000,0x000000bd54e00000) (1024K)]
  0x000001c8c5169e80 JavaThread "Cache worker for journal cache (C:\Users\Prova\.gradle\caches\journal-1)"        [_thread_blocked, id=18980, stack(0x000000bd55200000,0x000000bd55300000) (1024K)]
  0x000001c8c516aba0 JavaThread "File lock request listener"        [_thread_in_native, id=34716, stack(0x000000bd55300000,0x000000bd55400000) (1024K)]
  0x000001c8c516a510 JavaThread "Cache worker for file hash cache (C:\Users\Prova\.gradle\caches\8.9\fileHashes)"        [_thread_blocked, id=22728, stack(0x000000bd55400000,0x000000bd55500000) (1024K)]
  0x000001c8c6afbd60 JavaThread "File watcher server"        daemon [_thread_in_native, id=28968, stack(0x000000bd55a00000,0x000000bd55b00000) (1024K)]
  0x000001c8c6afde30 JavaThread "File watcher consumer"      daemon [_thread_blocked, id=31016, stack(0x000000bd55b00000,0x000000bd55c00000) (1024K)]
  0x000001c8c6afd7a0 JavaThread "Cache worker for file content cache (C:\Users\Prova\.gradle\caches\8.9\fileContent)"        [_thread_blocked, id=29632, stack(0x000000bd55d00000,0x000000bd55e00000) (1024K)]
  0x000001c8c6afb040 JavaThread "jar transforms"                    [_thread_blocked, id=26460, stack(0x000000bd56000000,0x000000bd56100000) (1024K)]
  0x000001c8c6aff870 JavaThread "jar transforms Thread 2"           [_thread_blocked, id=32888, stack(0x000000bd56100000,0x000000bd56200000) (1024K)]
  0x000001c8c6b01940 JavaThread "jar transforms Thread 3"           [_thread_blocked, id=30256, stack(0x000000bd56200000,0x000000bd56300000) (1024K)]
  0x000001c8c6afa9b0 JavaThread "VFS cleanup"                       [_thread_blocked, id=31052, stack(0x000000bd54e00000,0x000000bd54f00000) (1024K)]
  0x000001c8c5169160 JavaThread "jar transforms Thread 4"           [_thread_blocked, id=3600, stack(0x000000bd56400000,0x000000bd56500000) (1024K)]
  0x000001c8c6b01fd0 JavaThread "jar transforms Thread 5"           [_thread_blocked, id=30272, stack(0x000000bd56500000,0x000000bd56600000) (1024K)]
  0x000001c8c6afe4c0 JavaThread "Handler for socket connection from /127.0.0.1:56726 to /127.0.0.1:63559"        [_thread_in_native, id=6468, stack(0x000000bd54200000,0x000000bd54300000) (1024K)]
  0x000001c8c6afca80 JavaThread "Cancel handler"                    [_thread_blocked, id=19392, stack(0x000000bd54c00000,0x000000bd54d00000) (1024K)]
  0x000001c8c6afc3f0 JavaThread "Asynchronous log dispatcher for DefaultDaemonConnection: socket connection from /127.0.0.1:56726 to /127.0.0.1:63559"        [_thread_blocked, id=33044, stack(0x000000bd54f00000,0x000000bd55000000) (1024K)]
  0x000001c8c6b00590 JavaThread "Stdin handler"                     [_thread_blocked, id=22044, stack(0x000000bd55000000,0x000000bd55100000) (1024K)]
  0x000001c8c6b012b0 JavaThread "Daemon client event forwarder"        [_thread_blocked, id=21272, stack(0x000000bd55100000,0x000000bd55200000) (1024K)]
  0x000001c8c5073130 JavaThread "Unconstrained build operations Thread 8"        [_thread_blocked, id=34088, stack(0x000000bd56d00000,0x000000bd56e00000) (1024K)]
  0x000001c8c5078680 JavaThread "Unconstrained build operations Thread 9"        [_thread_blocked, id=33964, stack(0x000000bd56e00000,0x000000bd56f00000) (1024K)]
  0x000001c8c50765b0 JavaThread "Unconstrained build operations Thread 10"        [_thread_blocked, id=31832, stack(0x000000bd56f00000,0x000000bd57000000) (1024K)]
  0x000001c8c7717bd0 JavaThread "C2 CompilerThread1"         daemon [_thread_in_native, id=31116, stack(0x000000bd57700000,0x000000bd57800000) (1024K)]
Total: 37

Other Threads:
  0x000001c8ab51c100 VMThread "VM Thread"                           [id=10328, stack(0x000000bd53700000,0x000000bd53800000) (1024K)]
  0x000001c8ab6119e0 WatcherThread "VM Periodic Task Thread"        [id=34672, stack(0x000000bd53600000,0x000000bd53700000) (1024K)]
  0x000001c895bf9db0 WorkerThread "GC Thread#0"                     [id=10392, stack(0x000000bd53100000,0x000000bd53200000) (1024K)]
  0x000001c8c5059fe0 WorkerThread "GC Thread#1"                     [id=8524, stack(0x000000bd54400000,0x000000bd54500000) (1024K)]
  0x000001c8c52d3230 WorkerThread "GC Thread#2"                     [id=9584, stack(0x000000bd54500000,0x000000bd54600000) (1024K)]
  0x000001c8c52d35e0 WorkerThread "GC Thread#3"                     [id=27992, stack(0x000000bd54600000,0x000000bd54700000) (1024K)]
  0x000001c8c5199d40 WorkerThread "GC Thread#4"                     [id=8892, stack(0x000000bd54700000,0x000000bd54800000) (1024K)]
  0x000001c8c519a0f0 WorkerThread "GC Thread#5"                     [id=33536, stack(0x000000bd54800000,0x000000bd54900000) (1024K)]
  0x000001c8c6d9fb70 WorkerThread "GC Thread#6"                     [id=34656, stack(0x000000bd55700000,0x000000bd55800000) (1024K)]
  0x000001c8c6da1190 WorkerThread "GC Thread#7"                     [id=6684, stack(0x000000bd55800000,0x000000bd55900000) (1024K)]
  0x000001c895c00cd0 ConcurrentGCThread "G1 Main Marker"            [id=32996, stack(0x000000bd53200000,0x000000bd53300000) (1024K)]
  0x000001c895c016f0 WorkerThread "G1 Conc#0"                       [id=14048, stack(0x000000bd53300000,0x000000bd53400000) (1024K)]
  0x000001c8c6da0680 WorkerThread "G1 Conc#1"                       [id=19996, stack(0x000000bd55900000,0x000000bd55a00000) (1024K)]
  0x000001c8ab463ea0 ConcurrentGCThread "G1 Refine#0"               [id=33664, stack(0x000000bd53400000,0x000000bd53500000) (1024K)]
  0x000001c8ab4666e0 ConcurrentGCThread "G1 Service"                [id=8332, stack(0x000000bd53500000,0x000000bd53600000) (1024K)]
Total: 15

Threads with active compile tasks:
C2 CompilerThread0  33455 7117   !   4       java.io.ObjectOutputStream::writeObject0 (620 bytes)
C2 CompilerThread1  33455 7150       4       org.gradle.internal.serialize.ExceptionReplacingObjectOutputStream::replaceObject (11 bytes)
Total: 2

VM state: not at safepoint (normal execution)

VM Mutex/Monitor currently owned by a thread: None

OutOfMemory and StackOverflow Exception counts:
OutOfMemoryError java_heap_errors=1
LinkageErrors=181

Heap address: 0x00000000e0000000, size: 512 MB, Compressed Oops mode: 32-bit

CDS archive(s) mapped at: [0x000001c8ac000000-0x000001c8acba0000-0x000001c8acba0000), size 12189696, SharedBaseAddress: 0x000001c8ac000000, ArchiveRelocationMode: 1.
Compressed class space mapped at: 0x000001c8ad000000-0x000001c8c1000000, reserved size: 335544320
Narrow klass base: 0x000001c8ac000000, Narrow klass shift: 0, Narrow klass range: 0x100000000

GC Precious Log:
 CardTable entry size: 512
 Card Set container configuration: InlinePtr #cards 5 size 8 Array Of Cards #cards 12 size 40 Howl #buckets 4 coarsen threshold 1843 Howl Bitmap #cards 512 size 80 coarsen threshold 460 Card regions per heap region 1 cards per card region 2048
 CPUs: 8 total, 8 available
 Memory: 8066M
 Large Page Support: Disabled
 NUMA Support: Disabled
 Compressed Oops: Enabled (32-bit)
 Heap Region Size: 1M
 Heap Min Capacity: 256M
 Heap Initial Capacity: 256M
 Heap Max Capacity: 512M
 Pre-touch: Disabled
 Parallel Workers: 8
 Concurrent Workers: 2
 Concurrent Refinement Workers: 8
 Periodic GC: Disabled

Heap:
 garbage-first heap   total 262144K, used 127195K [0x00000000e0000000, 0x0000000100000000)
  region size 1024K, 100 young (102400K), 17 survivors (17408K)
 Metaspace       used 56717K, committed 58496K, reserved 393216K
  class space    used 8172K, committed 9088K, reserved 327680K

Heap Regions: E=young(eden), S=young(survivor), O=old, HS=humongous(starts), HC=humongous(continues), CS=collection set, F=free, TAMS=top-at-mark-start, PB=parsable bottom
|   0|0x00000000e0000000, 0x00000000e0100000, 0x00000000e0100000|100%|HS|  |TAMS 0x00000000e0000000| PB 0x00000000e0000000| Complete 
|   1|0x00000000e0100000, 0x00000000e0200000, 0x00000000e0200000|100%|HC|  |TAMS 0x00000000e0100000| PB 0x00000000e0100000| Complete 
|   2|0x00000000e0200000, 0x00000000e0300000, 0x00000000e0300000|100%|HC|  |TAMS 0x00000000e0200000| PB 0x00000000e0200000| Complete 
|   3|0x00000000e0300000, 0x00000000e0400000, 0x00000000e0400000|100%|HC|  |TAMS 0x00000000e0300000| PB 0x00000000e0300000| Complete 
|   4|0x00000000e0400000, 0x00000000e0500000, 0x00000000e0500000|100%| O|  |TAMS 0x00000000e0400000| PB 0x00000000e0400000| Untracked 
|   5|0x00000000e0500000, 0x00000000e0600000, 0x00000000e0600000|100%| O|  |TAMS 0x00000000e0500000| PB 0x00000000e0500000| Untracked 
|   6|0x00000000e0600000, 0x00000000e0700000, 0x00000000e0700000|100%| O|  |TAMS 0x00000000e0600000| PB 0x00000000e0600000| Untracked 
|   7|0x00000000e0700000, 0x00000000e0800000, 0x00000000e0800000|100%| O|  |TAMS 0x00000000e0700000| PB 0x00000000e0700000| Untracked 
|   8|0x00000000e0800000, 0x00000000e0900000, 0x00000000e0900000|100%|HS|  |TAMS 0x00000000e0800000| PB 0x00000000e0800000| Complete 
|   9|0x00000000e0900000, 0x00000000e0a00000, 0x00000000e0a00000|100%| O|  |TAMS 0x00000000e0900000| PB 0x00000000e0900000| Untracked 
|  10|0x00000000e0a00000, 0x00000000e0b00000, 0x00000000e0b00000|100%| O|  |TAMS 0x00000000e0a00000| PB 0x00000000e0a00000| Untracked 
|  11|0x00000000e0b00000, 0x00000000e0c00000, 0x00000000e0c00000|100%|HS|  |TAMS 0x00000000e0b00000| PB 0x00000000e0b00000| Complete 
|  12|0x00000000e0c00000, 0x00000000e0d00000, 0x00000000e0d00000|100%| O|  |TAMS 0x00000000e0c00000| PB 0x00000000e0c00000| Untracked 
|  13|0x00000000e0d00000, 0x00000000e0e00000, 0x00000000e0e00000|100%| O|  |TAMS 0x00000000e0d00000| PB 0x00000000e0d00000| Untracked 
|  14|0x00000000e0e00000, 0x00000000e0f00000, 0x00000000e0f00000|100%| O|  |TAMS 0x00000000e0e00000| PB 0x00000000e0e00000| Untracked 
|  15|0x00000000e0f00000, 0x00000000e1000000, 0x00000000e1000000|100%| O|  |TAMS 0x00000000e0f00000| PB 0x00000000e0f00000| Untracked 
|  16|0x00000000e1000000, 0x00000000e1100000, 0x00000000e1100000|100%| O|  |TAMS 0x00000000e1000000| PB 0x00000000e1000000| Untracked 
|  17|0x00000000e1100000, 0x00000000e1200000, 0x00000000e1200000|100%| O|  |TAMS 0x00000000e1100000| PB 0x00000000e1100000| Untracked 
|  18|0x00000000e1200000, 0x00000000e1300000, 0x00000000e1300000|100%| O|  |TAMS 0x00000000e1200000| PB 0x00000000e1200000| Untracked 
|  19|0x00000000e1300000, 0x00000000e1400000, 0x00000000e1400000|100%| O|  |TAMS 0x00000000e1300000| PB 0x00000000e1300000| Untracked 
|  20|0x00000000e1400000, 0x00000000e1500000, 0x00000000e1500000|100%| O|  |TAMS 0x00000000e1400000| PB 0x00000000e1400000| Untracked 
|  21|0x00000000e1500000, 0x00000000e1600000, 0x00000000e1600000|100%| O|  |TAMS 0x00000000e1500000| PB 0x00000000e1500000| Untracked 
|  22|0x00000000e1600000, 0x00000000e1700000, 0x00000000e1700000|100%| O|  |TAMS 0x00000000e1600000| PB 0x00000000e1600000| Untracked 
|  23|0x00000000e1700000, 0x00000000e1800000, 0x00000000e1800000|100%| O|Cm|TAMS 0x00000000e1700000| PB 0x00000000e1700000| Complete 
|  24|0x00000000e1800000, 0x00000000e1900000, 0x00000000e1900000|100%| O|  |TAMS 0x00000000e1800000| PB 0x00000000e1800000| Untracked 
|  25|0x00000000e1900000, 0x00000000e1a00000, 0x00000000e1a00000|100%| O|  |TAMS 0x00000000e1900000| PB 0x00000000e1900000| Untracked 
|  26|0x00000000e1a00000, 0x00000000e1a36c98, 0x00000000e1b00000| 21%| O|  |TAMS 0x00000000e1a00000| PB 0x00000000e1a00000| Untracked 
|  27|0x00000000e1b00000, 0x00000000e1b00000, 0x00000000e1c00000|  0%| F|  |TAMS 0x00000000e1b00000| PB 0x00000000e1b00000| Untracked 
|  28|0x00000000e1c00000, 0x00000000e1c00000, 0x00000000e1d00000|  0%| F|  |TAMS 0x00000000e1c00000| PB 0x00000000e1c00000| Untracked 
|  29|0x00000000e1d00000, 0x00000000e1d00000, 0x00000000e1e00000|  0%| F|  |TAMS 0x00000000e1d00000| PB 0x00000000e1d00000| Untracked 
|  30|0x00000000e1e00000, 0x00000000e1e00000, 0x00000000e1f00000|  0%| F|  |TAMS 0x00000000e1e00000| PB 0x00000000e1e00000| Untracked 
|  31|0x00000000e1f00000, 0x00000000e1f00000, 0x00000000e2000000|  0%| F|  |TAMS 0x00000000e1f00000| PB 0x00000000e1f00000| Untracked 
|  32|0x00000000e2000000, 0x00000000e2000000, 0x00000000e2100000|  0%| F|  |TAMS 0x00000000e2000000| PB 0x00000000e2000000| Untracked 
|  33|0x00000000e2100000, 0x00000000e2100000, 0x00000000e2200000|  0%| F|  |TAMS 0x00000000e2100000| PB 0x00000000e2100000| Untracked 
|  34|0x00000000e2200000, 0x00000000e2200000, 0x00000000e2300000|  0%| F|  |TAMS 0x00000000e2200000| PB 0x00000000e2200000| Untracked 
|  35|0x00000000e2300000, 0x00000000e2300000, 0x00000000e2400000|  0%| F|  |TAMS 0x00000000e2300000| PB 0x00000000e2300000| Untracked 
|  36|0x00000000e2400000, 0x00000000e2400000, 0x00000000e2500000|  0%| F|  |TAMS 0x00000000e2400000| PB 0x00000000e2400000| Untracked 
|  37|0x00000000e2500000, 0x00000000e2500000, 0x00000000e2600000|  0%| F|  |TAMS 0x00000000e2500000| PB 0x00000000e2500000| Untracked 
|  38|0x00000000e2600000, 0x00000000e2600000, 0x00000000e2700000|  0%| F|  |TAMS 0x00000000e2600000| PB 0x00000000e2600000| Untracked 
|  39|0x00000000e2700000, 0x00000000e2700000, 0x00000000e2800000|  0%| F|  |TAMS 0x00000000e2700000| PB 0x00000000e2700000| Untracked 
|  40|0x00000000e2800000, 0x00000000e2800000, 0x00000000e2900000|  0%| F|  |TAMS 0x00000000e2800000| PB 0x00000000e2800000| Untracked 
|  41|0x00000000e2900000, 0x00000000e2900000, 0x00000000e2a00000|  0%| F|  |TAMS 0x00000000e2900000| PB 0x00000000e2900000| Untracked 
|  42|0x00000000e2a00000, 0x00000000e2a00000, 0x00000000e2b00000|  0%| F|  |TAMS 0x00000000e2a00000| PB 0x00000000e2a00000| Untracked 
|  43|0x00000000e2b00000, 0x00000000e2b00000, 0x00000000e2c00000|  0%| F|  |TAMS 0x00000000e2b00000| PB 0x00000000e2b00000| Untracked 
|  44|0x00000000e2c00000, 0x00000000e2c00000, 0x00000000e2d00000|  0%| F|  |TAMS 0x00000000e2c00000| PB 0x00000000e2c00000| Untracked 
|  45|0x00000000e2d00000, 0x00000000e2d00000, 0x00000000e2e00000|  0%| F|  |TAMS 0x00000000e2d00000| PB 0x00000000e2d00000| Untracked 
|  46|0x00000000e2e00000, 0x00000000e2e00000, 0x00000000e2f00000|  0%| F|  |TAMS 0x00000000e2e00000| PB 0x00000000e2e00000| Untracked 
|  47|0x00000000e2f00000, 0x00000000e2f00000, 0x00000000e3000000|  0%| F|  |TAMS 0x00000000e2f00000| PB 0x00000000e2f00000| Untracked 
|  48|0x00000000e3000000, 0x00000000e3000000, 0x00000000e3100000|  0%| F|  |TAMS 0x00000000e3000000| PB 0x00000000e3000000| Untracked 
|  49|0x00000000e3100000, 0x00000000e3100000, 0x00000000e3200000|  0%| F|  |TAMS 0x00000000e3100000| PB 0x00000000e3100000| Untracked 
|  50|0x00000000e3200000, 0x00000000e3200000, 0x00000000e3300000|  0%| F|  |TAMS 0x00000000e3200000| PB 0x00000000e3200000| Untracked 
|  51|0x00000000e3300000, 0x00000000e3300000, 0x00000000e3400000|  0%| F|  |TAMS 0x00000000e3300000| PB 0x00000000e3300000| Untracked 
|  52|0x00000000e3400000, 0x00000000e3400000, 0x00000000e3500000|  0%| F|  |TAMS 0x00000000e3400000| PB 0x00000000e3400000| Untracked 
|  53|0x00000000e3500000, 0x00000000e3500000, 0x00000000e3600000|  0%| F|  |TAMS 0x00000000e3500000| PB 0x00000000e3500000| Untracked 
|  54|0x00000000e3600000, 0x00000000e3600000, 0x00000000e3700000|  0%| F|  |TAMS 0x00000000e3600000| PB 0x00000000e3600000| Untracked 
|  55|0x00000000e3700000, 0x00000000e3700000, 0x00000000e3800000|  0%| F|  |TAMS 0x00000000e3700000| PB 0x00000000e3700000| Untracked 
|  56|0x00000000e3800000, 0x00000000e3800000, 0x00000000e3900000|  0%| F|  |TAMS 0x00000000e3800000| PB 0x00000000e3800000| Untracked 
|  57|0x00000000e3900000, 0x00000000e3900000, 0x00000000e3a00000|  0%| F|  |TAMS 0x00000000e3900000| PB 0x00000000e3900000| Untracked 
|  58|0x00000000e3a00000, 0x00000000e3a00000, 0x00000000e3b00000|  0%| F|  |TAMS 0x00000000e3a00000| PB 0x00000000e3a00000| Untracked 
|  59|0x00000000e3b00000, 0x00000000e3b00000, 0x00000000e3c00000|  0%| F|  |TAMS 0x00000000e3b00000| PB 0x00000000e3b00000| Untracked 
|  60|0x00000000e3c00000, 0x00000000e3c00000, 0x00000000e3d00000|  0%| F|  |TAMS 0x00000000e3c00000| PB 0x00000000e3c00000| Untracked 
|  61|0x00000000e3d00000, 0x00000000e3d00000, 0x00000000e3e00000|  0%| F|  |TAMS 0x00000000e3d00000| PB 0x00000000e3d00000| Untracked 
|  62|0x00000000e3e00000, 0x00000000e3e00000, 0x00000000e3f00000|  0%| F|  |TAMS 0x00000000e3e00000| PB 0x00000000e3e00000| Untracked 
|  63|0x00000000e3f00000, 0x00000000e3f00000, 0x00000000e4000000|  0%| F|  |TAMS 0x00000000e3f00000| PB 0x00000000e3f00000| Untracked 
|  64|0x00000000e4000000, 0x00000000e4000000, 0x00000000e4100000|  0%| F|  |TAMS 0x00000000e4000000| PB 0x00000000e4000000| Untracked 
|  65|0x00000000e4100000, 0x00000000e4100000, 0x00000000e4200000|  0%| F|  |TAMS 0x00000000e4100000| PB 0x00000000e4100000| Untracked 
|  66|0x00000000e4200000, 0x00000000e4200000, 0x00000000e4300000|  0%| F|  |TAMS 0x00000000e4200000| PB 0x00000000e4200000| Untracked 
|  67|0x00000000e4300000, 0x00000000e4300000, 0x00000000e4400000|  0%| F|  |TAMS 0x00000000e4300000| PB 0x00000000e4300000| Untracked 
|  68|0x00000000e4400000, 0x00000000e4400000, 0x00000000e4500000|  0%| F|  |TAMS 0x00000000e4400000| PB 0x00000000e4400000| Untracked 
|  69|0x00000000e4500000, 0x00000000e4500000, 0x00000000e4600000|  0%| F|  |TAMS 0x00000000e4500000| PB 0x00000000e4500000| Untracked 
|  70|0x00000000e4600000, 0x00000000e4600000, 0x00000000e4700000|  0%| F|  |TAMS 0x00000000e4600000| PB 0x00000000e4600000| Untracked 
|  71|0x00000000e4700000, 0x00000000e4700000, 0x00000000e4800000|  0%| F|  |TAMS 0x00000000e4700000| PB 0x00000000e4700000| Untracked 
|  72|0x00000000e4800000, 0x00000000e4800000, 0x00000000e4900000|  0%| F|  |TAMS 0x00000000e4800000| PB 0x00000000e4800000| Untracked 
|  73|0x00000000e4900000, 0x00000000e4900000, 0x00000000e4a00000|  0%| F|  |TAMS 0x00000000e4900000| PB 0x00000000e4900000| Untracked 
|  74|0x00000000e4a00000, 0x00000000e4a00000, 0x00000000e4b00000|  0%| F|  |TAMS 0x00000000e4a00000| PB 0x00000000e4a00000| Untracked 
|  75|0x00000000e4b00000, 0x00000000e4b00000, 0x00000000e4c00000|  0%| F|  |TAMS 0x00000000e4b00000| PB 0x00000000e4b00000| Untracked 
|  76|0x00000000e4c00000, 0x00000000e4c00000, 0x00000000e4d00000|  0%| F|  |TAMS 0x00000000e4c00000| PB 0x00000000e4c00000| Untracked 
|  77|0x00000000e4d00000, 0x00000000e4d00000, 0x00000000e4e00000|  0%| F|  |TAMS 0x00000000e4d00000| PB 0x00000000e4d00000| Untracked 
|  78|0x00000000e4e00000, 0x00000000e4e00000, 0x00000000e4f00000|  0%| F|  |TAMS 0x00000000e4e00000| PB 0x00000000e4e00000| Untracked 
|  79|0x00000000e4f00000, 0x00000000e4f00000, 0x00000000e5000000|  0%| F|  |TAMS 0x00000000e4f00000| PB 0x00000000e4f00000| Untracked 
|  80|0x00000000e5000000, 0x00000000e5000000, 0x00000000e5100000|  0%| F|  |TAMS 0x00000000e5000000| PB 0x00000000e5000000| Untracked 
|  81|0x00000000e5100000, 0x00000000e5100000, 0x00000000e5200000|  0%| F|  |TAMS 0x00000000e5100000| PB 0x00000000e5100000| Untracked 
|  82|0x00000000e5200000, 0x00000000e5200000, 0x00000000e5300000|  0%| F|  |TAMS 0x00000000e5200000| PB 0x00000000e5200000| Untracked 
|  83|0x00000000e5300000, 0x00000000e5300000, 0x00000000e5400000|  0%| F|  |TAMS 0x00000000e5300000| PB 0x00000000e5300000| Untracked 
|  84|0x00000000e5400000, 0x00000000e5400000, 0x00000000e5500000|  0%| F|  |TAMS 0x00000000e5400000| PB 0x00000000e5400000| Untracked 
|  85|0x00000000e5500000, 0x00000000e5500000, 0x00000000e5600000|  0%| F|  |TAMS 0x00000000e5500000| PB 0x00000000e5500000| Untracked 
|  86|0x00000000e5600000, 0x00000000e5700000, 0x00000000e5700000|100%| S|CS|TAMS 0x00000000e5600000| PB 0x00000000e5600000| Complete 
|  87|0x00000000e5700000, 0x00000000e5800000, 0x00000000e5800000|100%| S|CS|TAMS 0x00000000e5700000| PB 0x00000000e5700000| Complete 
|  88|0x00000000e5800000, 0x00000000e5900000, 0x00000000e5900000|100%| S|CS|TAMS 0x00000000e5800000| PB 0x00000000e5800000| Complete 
|  89|0x00000000e5900000, 0x00000000e5a00000, 0x00000000e5a00000|100%| S|CS|TAMS 0x00000000e5900000| PB 0x00000000e5900000| Complete 
|  90|0x00000000e5a00000, 0x00000000e5b00000, 0x00000000e5b00000|100%| S|CS|TAMS 0x00000000e5a00000| PB 0x00000000e5a00000| Complete 
|  91|0x00000000e5b00000, 0x00000000e5c00000, 0x00000000e5c00000|100%| S|CS|TAMS 0x00000000e5b00000| PB 0x00000000e5b00000| Complete 
|  92|0x00000000e5c00000, 0x00000000e5d00000, 0x00000000e5d00000|100%| S|CS|TAMS 0x00000000e5c00000| PB 0x00000000e5c00000| Complete 
|  93|0x00000000e5d00000, 0x00000000e5e00000, 0x00000000e5e00000|100%| S|CS|TAMS 0x00000000e5d00000| PB 0x00000000e5d00000| Complete 
|  94|0x00000000e5e00000, 0x00000000e5f00000, 0x00000000e5f00000|100%| S|CS|TAMS 0x00000000e5e00000| PB 0x00000000e5e00000| Complete 
|  95|0x00000000e5f00000, 0x00000000e6000000, 0x00000000e6000000|100%| S|CS|TAMS 0x00000000e5f00000| PB 0x00000000e5f00000| Complete 
|  96|0x00000000e6000000, 0x00000000e6100000, 0x00000000e6100000|100%| S|CS|TAMS 0x00000000e6000000| PB 0x00000000e6000000| Complete 
|  97|0x00000000e6100000, 0x00000000e6200000, 0x00000000e6200000|100%| S|CS|TAMS 0x00000000e6100000| PB 0x00000000e6100000| Complete 
|  98|0x00000000e6200000, 0x00000000e6300000, 0x00000000e6300000|100%| S|CS|TAMS 0x00000000e6200000| PB 0x00000000e6200000| Complete 
|  99|0x00000000e6300000, 0x00000000e6400000, 0x00000000e6400000|100%| S|CS|TAMS 0x00000000e6300000| PB 0x00000000e6300000| Complete 
| 100|0x00000000e6400000, 0x00000000e6500000, 0x00000000e6500000|100%| S|CS|TAMS 0x00000000e6400000| PB 0x00000000e6400000| Complete 
| 101|0x00000000e6500000, 0x00000000e6600000, 0x00000000e6600000|100%| S|CS|TAMS 0x00000000e6500000| PB 0x00000000e6500000| Complete 
| 102|0x00000000e6600000, 0x00000000e6700000, 0x00000000e6700000|100%| S|CS|TAMS 0x00000000e6600000| PB 0x00000000e6600000| Complete 
| 103|0x00000000e6700000, 0x00000000e6700000, 0x00000000e6800000|  0%| F|  |TAMS 0x00000000e6700000| PB 0x00000000e6700000| Untracked 
| 104|0x00000000e6800000, 0x00000000e6800000, 0x00000000e6900000|  0%| F|  |TAMS 0x00000000e6800000| PB 0x00000000e6800000| Untracked 
| 105|0x00000000e6900000, 0x00000000e6900000, 0x00000000e6a00000|  0%| F|  |TAMS 0x00000000e6900000| PB 0x00000000e6900000| Untracked 
| 106|0x00000000e6a00000, 0x00000000e6a00000, 0x00000000e6b00000|  0%| F|  |TAMS 0x00000000e6a00000| PB 0x00000000e6a00000| Untracked 
| 107|0x00000000e6b00000, 0x00000000e6b00000, 0x00000000e6c00000|  0%| F|  |TAMS 0x00000000e6b00000| PB 0x00000000e6b00000| Untracked 
| 108|0x00000000e6c00000, 0x00000000e6c00000, 0x00000000e6d00000|  0%| F|  |TAMS 0x00000000e6c00000| PB 0x00000000e6c00000| Untracked 
| 109|0x00000000e6d00000, 0x00000000e6d00000, 0x00000000e6e00000|  0%| F|  |TAMS 0x00000000e6d00000| PB 0x00000000e6d00000| Untracked 
| 110|0x00000000e6e00000, 0x00000000e6e00000, 0x00000000e6f00000|  0%| F|  |TAMS 0x00000000e6e00000| PB 0x00000000e6e00000| Untracked 
| 111|0x00000000e6f00000, 0x00000000e6f00000, 0x00000000e7000000|  0%| F|  |TAMS 0x00000000e6f00000| PB 0x00000000e6f00000| Untracked 
| 112|0x00000000e7000000, 0x00000000e7000000, 0x00000000e7100000|  0%| F|  |TAMS 0x00000000e7000000| PB 0x00000000e7000000| Untracked 
| 113|0x00000000e7100000, 0x00000000e7100000, 0x00000000e7200000|  0%| F|  |TAMS 0x00000000e7100000| PB 0x00000000e7100000| Untracked 
| 114|0x00000000e7200000, 0x00000000e7200000, 0x00000000e7300000|  0%| F|  |TAMS 0x00000000e7200000| PB 0x00000000e7200000| Untracked 
| 115|0x00000000e7300000, 0x00000000e7300000, 0x00000000e7400000|  0%| F|  |TAMS 0x00000000e7300000| PB 0x00000000e7300000| Untracked 
| 116|0x00000000e7400000, 0x00000000e7400000, 0x00000000e7500000|  0%| F|  |TAMS 0x00000000e7400000| PB 0x00000000e7400000| Untracked 
| 117|0x00000000e7500000, 0x00000000e7500000, 0x00000000e7600000|  0%| F|  |TAMS 0x00000000e7500000| PB 0x00000000e7500000| Untracked 
| 118|0x00000000e7600000, 0x00000000e7600000, 0x00000000e7700000|  0%| F|  |TAMS 0x00000000e7600000| PB 0x00000000e7600000| Untracked 
| 119|0x00000000e7700000, 0x00000000e7700000, 0x00000000e7800000|  0%| F|  |TAMS 0x00000000e7700000| PB 0x00000000e7700000| Untracked 
| 120|0x00000000e7800000, 0x00000000e7800000, 0x00000000e7900000|  0%| F|  |TAMS 0x00000000e7800000| PB 0x00000000e7800000| Untracked 
| 121|0x00000000e7900000, 0x00000000e7900000, 0x00000000e7a00000|  0%| F|  |TAMS 0x00000000e7900000| PB 0x00000000e7900000| Untracked 
| 122|0x00000000e7a00000, 0x00000000e7a00000, 0x00000000e7b00000|  0%| F|  |TAMS 0x00000000e7a00000| PB 0x00000000e7a00000| Untracked 
| 123|0x00000000e7b00000, 0x00000000e7b00000, 0x00000000e7c00000|  0%| F|  |TAMS 0x00000000e7b00000| PB 0x00000000e7b00000| Untracked 
| 124|0x00000000e7c00000, 0x00000000e7c00000, 0x00000000e7d00000|  0%| F|  |TAMS 0x00000000e7c00000| PB 0x00000000e7c00000| Untracked 
| 125|0x00000000e7d00000, 0x00000000e7d00000, 0x00000000e7e00000|  0%| F|  |TAMS 0x00000000e7d00000| PB 0x00000000e7d00000| Untracked 
| 126|0x00000000e7e00000, 0x00000000e7e00000, 0x00000000e7f00000|  0%| F|  |TAMS 0x00000000e7e00000| PB 0x00000000e7e00000| Untracked 
| 127|0x00000000e7f00000, 0x00000000e7f00000, 0x00000000e8000000|  0%| F|  |TAMS 0x00000000e7f00000| PB 0x00000000e7f00000| Untracked 
| 128|0x00000000e8000000, 0x00000000e8000000, 0x00000000e8100000|  0%| F|  |TAMS 0x00000000e8000000| PB 0x00000000e8000000| Untracked 
| 129|0x00000000e8100000, 0x00000000e8100000, 0x00000000e8200000|  0%| F|  |TAMS 0x00000000e8100000| PB 0x00000000e8100000| Untracked 
| 130|0x00000000e8200000, 0x00000000e8200000, 0x00000000e8300000|  0%| F|  |TAMS 0x00000000e8200000| PB 0x00000000e8200000| Untracked 
| 131|0x00000000e8300000, 0x00000000e8300000, 0x00000000e8400000|  0%| F|  |TAMS 0x00000000e8300000| PB 0x00000000e8300000| Untracked 
| 132|0x00000000e8400000, 0x00000000e8400000, 0x00000000e8500000|  0%| F|  |TAMS 0x00000000e8400000| PB 0x00000000e8400000| Untracked 
| 133|0x00000000e8500000, 0x00000000e8500000, 0x00000000e8600000|  0%| F|  |TAMS 0x00000000e8500000| PB 0x00000000e8500000| Untracked 
| 134|0x00000000e8600000, 0x00000000e8600000, 0x00000000e8700000|  0%| F|  |TAMS 0x00000000e8600000| PB 0x00000000e8600000| Untracked 
| 135|0x00000000e8700000, 0x00000000e8700000, 0x00000000e8800000|  0%| F|  |TAMS 0x00000000e8700000| PB 0x00000000e8700000| Untracked 
| 136|0x00000000e8800000, 0x00000000e8800000, 0x00000000e8900000|  0%| F|  |TAMS 0x00000000e8800000| PB 0x00000000e8800000| Untracked 
| 137|0x00000000e8900000, 0x00000000e8900000, 0x00000000e8a00000|  0%| F|  |TAMS 0x00000000e8900000| PB 0x00000000e8900000| Untracked 
| 138|0x00000000e8a00000, 0x00000000e8a00000, 0x00000000e8b00000|  0%| F|  |TAMS 0x00000000e8a00000| PB 0x00000000e8a00000| Untracked 
| 139|0x00000000e8b00000, 0x00000000e8b00000, 0x00000000e8c00000|  0%| F|  |TAMS 0x00000000e8b00000| PB 0x00000000e8b00000| Untracked 
| 140|0x00000000e8c00000, 0x00000000e8c00000, 0x00000000e8d00000|  0%| F|  |TAMS 0x00000000e8c00000| PB 0x00000000e8c00000| Untracked 
| 141|0x00000000e8d00000, 0x00000000e8d00000, 0x00000000e8e00000|  0%| F|  |TAMS 0x00000000e8d00000| PB 0x00000000e8d00000| Untracked 
| 142|0x00000000e8e00000, 0x00000000e8e00000, 0x00000000e8f00000|  0%| F|  |TAMS 0x00000000e8e00000| PB 0x00000000e8e00000| Untracked 
| 143|0x00000000e8f00000, 0x00000000e8f00000, 0x00000000e9000000|  0%| F|  |TAMS 0x00000000e8f00000| PB 0x00000000e8f00000| Untracked 
| 144|0x00000000e9000000, 0x00000000e9000000, 0x00000000e9100000|  0%| F|  |TAMS 0x00000000e9000000| PB 0x00000000e9000000| Untracked 
| 145|0x00000000e9100000, 0x00000000e9100000, 0x00000000e9200000|  0%| F|  |TAMS 0x00000000e9100000| PB 0x00000000e9100000| Untracked 
| 146|0x00000000e9200000, 0x00000000e9200000, 0x00000000e9300000|  0%| F|  |TAMS 0x00000000e9200000| PB 0x00000000e9200000| Untracked 
| 147|0x00000000e9300000, 0x00000000e9300000, 0x00000000e9400000|  0%| F|  |TAMS 0x00000000e9300000| PB 0x00000000e9300000| Untracked 
| 148|0x00000000e9400000, 0x00000000e9400000, 0x00000000e9500000|  0%| F|  |TAMS 0x00000000e9400000| PB 0x00000000e9400000| Untracked 
| 149|0x00000000e9500000, 0x00000000e9500000, 0x00000000e9600000|  0%| F|  |TAMS 0x00000000e9500000| PB 0x00000000e9500000| Untracked 
| 150|0x00000000e9600000, 0x00000000e9600000, 0x00000000e9700000|  0%| F|  |TAMS 0x00000000e9600000| PB 0x00000000e9600000| Untracked 
| 151|0x00000000e9700000, 0x00000000e9700000, 0x00000000e9800000|  0%| F|  |TAMS 0x00000000e9700000| PB 0x00000000e9700000| Untracked 
| 152|0x00000000e9800000, 0x00000000e9800000, 0x00000000e9900000|  0%| F|  |TAMS 0x00000000e9800000| PB 0x00000000e9800000| Untracked 
| 153|0x00000000e9900000, 0x00000000e9900000, 0x00000000e9a00000|  0%| F|  |TAMS 0x00000000e9900000| PB 0x00000000e9900000| Untracked 
| 154|0x00000000e9a00000, 0x00000000e9a00000, 0x00000000e9b00000|  0%| F|  |TAMS 0x00000000e9a00000| PB 0x00000000e9a00000| Untracked 
| 155|0x00000000e9b00000, 0x00000000e9b00000, 0x00000000e9c00000|  0%| F|  |TAMS 0x00000000e9b00000| PB 0x00000000e9b00000| Untracked 
| 156|0x00000000e9c00000, 0x00000000e9c00000, 0x00000000e9d00000|  0%| F|  |TAMS 0x00000000e9c00000| PB 0x00000000e9c00000| Untracked 
| 157|0x00000000e9d00000, 0x00000000e9d00000, 0x00000000e9e00000|  0%| F|  |TAMS 0x00000000e9d00000| PB 0x00000000e9d00000| Untracked 
| 158|0x00000000e9e00000, 0x00000000e9e00000, 0x00000000e9f00000|  0%| F|  |TAMS 0x00000000e9e00000| PB 0x00000000e9e00000| Untracked 
| 159|0x00000000e9f00000, 0x00000000e9f00000, 0x00000000ea000000|  0%| F|  |TAMS 0x00000000e9f00000| PB 0x00000000e9f00000| Untracked 
| 160|0x00000000ea000000, 0x00000000ea000000, 0x00000000ea100000|  0%| F|  |TAMS 0x00000000ea000000| PB 0x00000000ea000000| Untracked 
| 161|0x00000000ea100000, 0x00000000ea100000, 0x00000000ea200000|  0%| F|  |TAMS 0x00000000ea100000| PB 0x00000000ea100000| Untracked 
| 162|0x00000000ea200000, 0x00000000ea200000, 0x00000000ea300000|  0%| F|  |TAMS 0x00000000ea200000| PB 0x00000000ea200000| Untracked 
| 163|0x00000000ea300000, 0x00000000ea300000, 0x00000000ea400000|  0%| F|  |TAMS 0x00000000ea300000| PB 0x00000000ea300000| Untracked 
| 164|0x00000000ea400000, 0x00000000ea400000, 0x00000000ea500000|  0%| F|  |TAMS 0x00000000ea400000| PB 0x00000000ea400000| Untracked 
| 165|0x00000000ea500000, 0x00000000ea500000, 0x00000000ea600000|  0%| F|  |TAMS 0x00000000ea500000| PB 0x00000000ea500000| Untracked 
| 166|0x00000000ea600000, 0x00000000ea600000, 0x00000000ea700000|  0%| F|  |TAMS 0x00000000ea600000| PB 0x00000000ea600000| Untracked 
| 167|0x00000000ea700000, 0x00000000ea700000, 0x00000000ea800000|  0%| F|  |TAMS 0x00000000ea700000| PB 0x00000000ea700000| Untracked 
| 168|0x00000000ea800000, 0x00000000ea800000, 0x00000000ea900000|  0%| F|  |TAMS 0x00000000ea800000| PB 0x00000000ea800000| Untracked 
| 169|0x00000000ea900000, 0x00000000ea900000, 0x00000000eaa00000|  0%| F|  |TAMS 0x00000000ea900000| PB 0x00000000ea900000| Untracked 
| 170|0x00000000eaa00000, 0x00000000eaa00000, 0x00000000eab00000|  0%| F|  |TAMS 0x00000000eaa00000| PB 0x00000000eaa00000| Untracked 
| 171|0x00000000eab00000, 0x00000000eab00000, 0x00000000eac00000|  0%| F|  |TAMS 0x00000000eab00000| PB 0x00000000eab00000| Untracked 
| 172|0x00000000eac00000, 0x00000000eac00000, 0x00000000ead00000|  0%| F|  |TAMS 0x00000000eac00000| PB 0x00000000eac00000| Untracked 
| 173|0x00000000ead00000, 0x00000000eae00000, 0x00000000eae00000|100%| E|  |TAMS 0x00000000ead00000| PB 0x00000000ead00000| Complete 
| 174|0x00000000eae00000, 0x00000000eaf00000, 0x00000000eaf00000|100%| E|CS|TAMS 0x00000000eae00000| PB 0x00000000eae00000| Complete 
| 175|0x00000000eaf00000, 0x00000000eb000000, 0x00000000eb000000|100%| E|CS|TAMS 0x00000000eaf00000| PB 0x00000000eaf00000| Complete 
| 176|0x00000000eb000000, 0x00000000eb100000, 0x00000000eb100000|100%| E|CS|TAMS 0x00000000eb000000| PB 0x00000000eb000000| Complete 
| 177|0x00000000eb100000, 0x00000000eb200000, 0x00000000eb200000|100%| E|CS|TAMS 0x00000000eb100000| PB 0x00000000eb100000| Complete 
| 178|0x00000000eb200000, 0x00000000eb300000, 0x00000000eb300000|100%| E|CS|TAMS 0x00000000eb200000| PB 0x00000000eb200000| Complete 
| 179|0x00000000eb300000, 0x00000000eb400000, 0x00000000eb400000|100%| E|CS|TAMS 0x00000000eb300000| PB 0x00000000eb300000| Complete 
| 180|0x00000000eb400000, 0x00000000eb500000, 0x00000000eb500000|100%| E|CS|TAMS 0x00000000eb400000| PB 0x00000000eb400000| Complete 
| 181|0x00000000eb500000, 0x00000000eb600000, 0x00000000eb600000|100%| E|CS|TAMS 0x00000000eb500000| PB 0x00000000eb500000| Complete 
| 182|0x00000000eb600000, 0x00000000eb700000, 0x00000000eb700000|100%| E|CS|TAMS 0x00000000eb600000| PB 0x00000000eb600000| Complete 
| 183|0x00000000eb700000, 0x00000000eb800000, 0x00000000eb800000|100%| E|CS|TAMS 0x00000000eb700000| PB 0x00000000eb700000| Complete 
| 184|0x00000000eb800000, 0x00000000eb900000, 0x00000000eb900000|100%| E|CS|TAMS 0x00000000eb800000| PB 0x00000000eb800000| Complete 
| 185|0x00000000eb900000, 0x00000000eba00000, 0x00000000eba00000|100%| E|CS|TAMS 0x00000000eb900000| PB 0x00000000eb900000| Complete 
| 186|0x00000000eba00000, 0x00000000ebb00000, 0x00000000ebb00000|100%| E|CS|TAMS 0x00000000eba00000| PB 0x00000000eba00000| Complete 
| 187|0x00000000ebb00000, 0x00000000ebc00000, 0x00000000ebc00000|100%| E|CS|TAMS 0x00000000ebb00000| PB 0x00000000ebb00000| Complete 
| 188|0x00000000ebc00000, 0x00000000ebd00000, 0x00000000ebd00000|100%| E|CS|TAMS 0x00000000ebc00000| PB 0x00000000ebc00000| Complete 
| 189|0x00000000ebd00000, 0x00000000ebe00000, 0x00000000ebe00000|100%| E|CS|TAMS 0x00000000ebd00000| PB 0x00000000ebd00000| Complete 
| 190|0x00000000ebe00000, 0x00000000ebf00000, 0x00000000ebf00000|100%| E|CS|TAMS 0x00000000ebe00000| PB 0x00000000ebe00000| Complete 
| 191|0x00000000ebf00000, 0x00000000ec000000, 0x00000000ec000000|100%| E|CS|TAMS 0x00000000ebf00000| PB 0x00000000ebf00000| Complete 
| 192|0x00000000ec000000, 0x00000000ec100000, 0x00000000ec100000|100%| E|CS|TAMS 0x00000000ec000000| PB 0x00000000ec000000| Complete 
| 193|0x00000000ec100000, 0x00000000ec200000, 0x00000000ec200000|100%| E|CS|TAMS 0x00000000ec100000| PB 0x00000000ec100000| Complete 
| 194|0x00000000ec200000, 0x00000000ec300000, 0x00000000ec300000|100%| E|CS|TAMS 0x00000000ec200000| PB 0x00000000ec200000| Complete 
| 195|0x00000000ec300000, 0x00000000ec400000, 0x00000000ec400000|100%| E|CS|TAMS 0x00000000ec300000| PB 0x00000000ec300000| Complete 
| 196|0x00000000ec400000, 0x00000000ec500000, 0x00000000ec500000|100%| E|CS|TAMS 0x00000000ec400000| PB 0x00000000ec400000| Complete 
| 197|0x00000000ec500000, 0x00000000ec600000, 0x00000000ec600000|100%| E|CS|TAMS 0x00000000ec500000| PB 0x00000000ec500000| Complete 
| 198|0x00000000ec600000, 0x00000000ec700000, 0x00000000ec700000|100%| E|CS|TAMS 0x00000000ec600000| PB 0x00000000ec600000| Complete 
| 199|0x00000000ec700000, 0x00000000ec800000, 0x00000000ec800000|100%| E|CS|TAMS 0x00000000ec700000| PB 0x00000000ec700000| Complete 
| 200|0x00000000ec800000, 0x00000000ec900000, 0x00000000ec900000|100%| E|CS|TAMS 0x00000000ec800000| PB 0x00000000ec800000| Complete 
| 201|0x00000000ec900000, 0x00000000eca00000, 0x00000000eca00000|100%| E|CS|TAMS 0x00000000ec900000| PB 0x00000000ec900000| Complete 
| 202|0x00000000eca00000, 0x00000000ecb00000, 0x00000000ecb00000|100%| E|CS|TAMS 0x00000000eca00000| PB 0x00000000eca00000| Complete 
| 203|0x00000000ecb00000, 0x00000000ecc00000, 0x00000000ecc00000|100%| E|CS|TAMS 0x00000000ecb00000| PB 0x00000000ecb00000| Complete 
| 204|0x00000000ecc00000, 0x00000000ecd00000, 0x00000000ecd00000|100%| E|CS|TAMS 0x00000000ecc00000| PB 0x00000000ecc00000| Complete 
| 205|0x00000000ecd00000, 0x00000000ece00000, 0x00000000ece00000|100%| E|CS|TAMS 0x00000000ecd00000| PB 0x00000000ecd00000| Complete 
| 206|0x00000000ece00000, 0x00000000ecf00000, 0x00000000ecf00000|100%| E|CS|TAMS 0x00000000ece00000| PB 0x00000000ece00000| Complete 
| 207|0x00000000ecf00000, 0x00000000ed000000, 0x00000000ed000000|100%| E|CS|TAMS 0x00000000ecf00000| PB 0x00000000ecf00000| Complete 
| 208|0x00000000ed000000, 0x00000000ed100000, 0x00000000ed100000|100%| E|CS|TAMS 0x00000000ed000000| PB 0x00000000ed000000| Complete 
| 209|0x00000000ed100000, 0x00000000ed200000, 0x00000000ed200000|100%| E|CS|TAMS 0x00000000ed100000| PB 0x00000000ed100000| Complete 
| 210|0x00000000ed200000, 0x00000000ed300000, 0x00000000ed300000|100%| E|CS|TAMS 0x00000000ed200000| PB 0x00000000ed200000| Complete 
| 211|0x00000000ed300000, 0x00000000ed400000, 0x00000000ed400000|100%| E|CS|TAMS 0x00000000ed300000| PB 0x00000000ed300000| Complete 
| 212|0x00000000ed400000, 0x00000000ed500000, 0x00000000ed500000|100%| E|CS|TAMS 0x00000000ed400000| PB 0x00000000ed400000| Complete 
| 213|0x00000000ed500000, 0x00000000ed600000, 0x00000000ed600000|100%| E|CS|TAMS 0x00000000ed500000| PB 0x00000000ed500000| Complete 
| 214|0x00000000ed600000, 0x00000000ed700000, 0x00000000ed700000|100%| E|CS|TAMS 0x00000000ed600000| PB 0x00000000ed600000| Complete 
| 215|0x00000000ed700000, 0x00000000ed800000, 0x00000000ed800000|100%| E|CS|TAMS 0x00000000ed700000| PB 0x00000000ed700000| Complete 
| 216|0x00000000ed800000, 0x00000000ed900000, 0x00000000ed900000|100%| E|CS|TAMS 0x00000000ed800000| PB 0x00000000ed800000| Complete 
| 217|0x00000000ed900000, 0x00000000eda00000, 0x00000000eda00000|100%| E|CS|TAMS 0x00000000ed900000| PB 0x00000000ed900000| Complete 
| 218|0x00000000eda00000, 0x00000000edb00000, 0x00000000edb00000|100%| E|CS|TAMS 0x00000000eda00000| PB 0x00000000eda00000| Complete 
| 219|0x00000000edb00000, 0x00000000edc00000, 0x00000000edc00000|100%| E|CS|TAMS 0x00000000edb00000| PB 0x00000000edb00000| Complete 
| 220|0x00000000edc00000, 0x00000000edd00000, 0x00000000edd00000|100%| E|CS|TAMS 0x00000000edc00000| PB 0x00000000edc00000| Complete 
| 221|0x00000000edd00000, 0x00000000ede00000, 0x00000000ede00000|100%| E|CS|TAMS 0x00000000edd00000| PB 0x00000000edd00000| Complete 
| 222|0x00000000ede00000, 0x00000000edf00000, 0x00000000edf00000|100%| E|  |TAMS 0x00000000ede00000| PB 0x00000000ede00000| Complete 
| 223|0x00000000edf00000, 0x00000000ee000000, 0x00000000ee000000|100%| E|CS|TAMS 0x00000000edf00000| PB 0x00000000edf00000| Complete 
| 224|0x00000000ee000000, 0x00000000ee100000, 0x00000000ee100000|100%| E|CS|TAMS 0x00000000ee000000| PB 0x00000000ee000000| Complete 
| 225|0x00000000ee100000, 0x00000000ee200000, 0x00000000ee200000|100%| E|CS|TAMS 0x00000000ee100000| PB 0x00000000ee100000| Complete 
| 226|0x00000000ee200000, 0x00000000ee300000, 0x00000000ee300000|100%| E|CS|TAMS 0x00000000ee200000| PB 0x00000000ee200000| Complete 
| 227|0x00000000ee300000, 0x00000000ee400000, 0x00000000ee400000|100%| E|CS|TAMS 0x00000000ee300000| PB 0x00000000ee300000| Complete 
| 228|0x00000000ee400000, 0x00000000ee500000, 0x00000000ee500000|100%| E|CS|TAMS 0x00000000ee400000| PB 0x00000000ee400000| Complete 
| 229|0x00000000ee500000, 0x00000000ee600000, 0x00000000ee600000|100%| E|CS|TAMS 0x00000000ee500000| PB 0x00000000ee500000| Complete 
| 230|0x00000000ee600000, 0x00000000ee700000, 0x00000000ee700000|100%| E|CS|TAMS 0x00000000ee600000| PB 0x00000000ee600000| Complete 
| 231|0x00000000ee700000, 0x00000000ee800000, 0x00000000ee800000|100%| E|CS|TAMS 0x00000000ee700000| PB 0x00000000ee700000| Complete 
| 232|0x00000000ee800000, 0x00000000ee900000, 0x00000000ee900000|100%| E|CS|TAMS 0x00000000ee800000| PB 0x00000000ee800000| Complete 
| 233|0x00000000ee900000, 0x00000000eea00000, 0x00000000eea00000|100%| E|CS|TAMS 0x00000000ee900000| PB 0x00000000ee900000| Complete 
| 234|0x00000000eea00000, 0x00000000eeb00000, 0x00000000eeb00000|100%| E|CS|TAMS 0x00000000eea00000| PB 0x00000000eea00000| Complete 
| 235|0x00000000eeb00000, 0x00000000eec00000, 0x00000000eec00000|100%| E|CS|TAMS 0x00000000eeb00000| PB 0x00000000eeb00000| Complete 
| 236|0x00000000eec00000, 0x00000000eed00000, 0x00000000eed00000|100%| E|CS|TAMS 0x00000000eec00000| PB 0x00000000eec00000| Complete 
| 237|0x00000000eed00000, 0x00000000eee00000, 0x00000000eee00000|100%| E|CS|TAMS 0x00000000eed00000| PB 0x00000000eed00000| Complete 
| 238|0x00000000eee00000, 0x00000000eef00000, 0x00000000eef00000|100%| E|CS|TAMS 0x00000000eee00000| PB 0x00000000eee00000| Complete 
| 239|0x00000000eef00000, 0x00000000ef000000, 0x00000000ef000000|100%| E|CS|TAMS 0x00000000eef00000| PB 0x00000000eef00000| Complete 
| 240|0x00000000ef000000, 0x00000000ef100000, 0x00000000ef100000|100%| E|CS|TAMS 0x00000000ef000000| PB 0x00000000ef000000| Complete 
| 241|0x00000000ef100000, 0x00000000ef200000, 0x00000000ef200000|100%| E|CS|TAMS 0x00000000ef100000| PB 0x00000000ef100000| Complete 
| 242|0x00000000ef200000, 0x00000000ef300000, 0x00000000ef300000|100%| E|CS|TAMS 0x00000000ef200000| PB 0x00000000ef200000| Complete 
| 243|0x00000000ef300000, 0x00000000ef400000, 0x00000000ef400000|100%| E|CS|TAMS 0x00000000ef300000| PB 0x00000000ef300000| Complete 
| 244|0x00000000ef400000, 0x00000000ef500000, 0x00000000ef500000|100%| E|CS|TAMS 0x00000000ef400000| PB 0x00000000ef400000| Complete 
| 245|0x00000000ef500000, 0x00000000ef600000, 0x00000000ef600000|100%| E|CS|TAMS 0x00000000ef500000| PB 0x00000000ef500000| Complete 
| 246|0x00000000ef600000, 0x00000000ef700000, 0x00000000ef700000|100%| E|CS|TAMS 0x00000000ef600000| PB 0x00000000ef600000| Complete 
| 247|0x00000000ef700000, 0x00000000ef800000, 0x00000000ef800000|100%| E|CS|TAMS 0x00000000ef700000| PB 0x00000000ef700000| Complete 
| 248|0x00000000ef800000, 0x00000000ef900000, 0x00000000ef900000|100%| E|CS|TAMS 0x00000000ef800000| PB 0x00000000ef800000| Complete 
| 249|0x00000000ef900000, 0x00000000efa00000, 0x00000000efa00000|100%| E|CS|TAMS 0x00000000ef900000| PB 0x00000000ef900000| Complete 
| 250|0x00000000efa00000, 0x00000000efb00000, 0x00000000efb00000|100%| E|CS|TAMS 0x00000000efa00000| PB 0x00000000efa00000| Complete 
| 251|0x00000000efb00000, 0x00000000efc00000, 0x00000000efc00000|100%| E|CS|TAMS 0x00000000efb00000| PB 0x00000000efb00000| Complete 
| 252|0x00000000efc00000, 0x00000000efd00000, 0x00000000efd00000|100%| E|CS|TAMS 0x00000000efc00000| PB 0x00000000efc00000| Complete 
| 253|0x00000000efd00000, 0x00000000efe00000, 0x00000000efe00000|100%| E|CS|TAMS 0x00000000efd00000| PB 0x00000000efd00000| Complete 
| 254|0x00000000efe00000, 0x00000000eff00000, 0x00000000eff00000|100%| E|CS|TAMS 0x00000000efe00000| PB 0x00000000efe00000| Complete 
| 255|0x00000000eff00000, 0x00000000f0000000, 0x00000000f0000000|100%| E|CS|TAMS 0x00000000eff00000| PB 0x00000000eff00000| Complete 

Card table byte_map: [0x000001c8a8210000,0x000001c8a8310000] _byte_map_base: 0x000001c8a7b10000

Marking Bits: (CMBitMap*) 0x000001c895bfc3f0
 Bits: [0x000001c8a8310000, 0x000001c8a8b10000)

Polling page: 0x000001c893970000

Metaspace:

Usage:
  Non-class:     47.41 MB used.
      Class:      7.98 MB used.
       Both:     55.39 MB used.

Virtual space:
  Non-class space:       64.00 MB reserved,      48.25 MB ( 75%) committed,  1 nodes.
      Class space:      320.00 MB reserved,       8.88 MB (  3%) committed,  1 nodes.
             Both:      384.00 MB reserved,      57.12 MB ( 15%) committed. 

Chunk freelists:
   Non-Class:  15.75 MB
       Class:  7.00 MB
        Both:  22.75 MB

MaxMetaspaceSize: 384.00 MB
CompressedClassSpaceSize: 320.00 MB
Initial GC threshold: 21.00 MB
Current GC threshold: 59.81 MB
CDS: on
 - commit_granule_bytes: 65536.
 - commit_granule_words: 8192.
 - virtual_space_node_default_size: 8388608.
 - enlarge_chunks_in_place: 1.
 - use_allocation_guard: 0.


Internal statistics:

num_allocs_failed_limit: 12.
num_arena_births: 3124.
num_arena_deaths: 0.
num_vsnodes_births: 2.
num_vsnodes_deaths: 0.
num_space_committed: 914.
num_space_uncommitted: 0.
num_chunks_returned_to_freelist: 12.
num_chunks_taken_from_freelist: 5643.
num_chunk_merges: 9.
num_chunk_splits: 3635.
num_chunks_enlarged: 2214.
num_inconsistent_stats: 0.

CodeHeap 'non-profiled nmethods': size=120000Kb used=4108Kb max_used=4108Kb free=115891Kb
 bounds [0x000001c8a08a0000, 0x000001c8a0cb0000, 0x000001c8a7dd0000]
CodeHeap 'profiled nmethods': size=120000Kb used=12909Kb max_used=12909Kb free=107090Kb
 bounds [0x000001c898dd0000, 0x000001c899a70000, 0x000001c8a0300000]
CodeHeap 'non-nmethods': size=5760Kb used=2661Kb max_used=2724Kb free=3098Kb
 bounds [0x000001c8a0300000, 0x000001c8a05b0000, 0x000001c8a08a0000]
CodeCache: size=245760Kb, used=19678Kb, max_used=19741Kb, free=226079Kb
 total_blobs=7613, nmethods=6693, adapters=824, full_count=0
Compilation: enabled, stopped_count=0, restarted_count=0

Compilation events (20 events):
Event: 29.050 Thread 0x000001c8c7717bd0 nmethod 7143 0x000001c8a0c9e890 code [0x000001c8a0c9ea80, 0x000001c8a0c9ed90]
Event: 29.050 Thread 0x000001c8c7717bd0 7170       4       java.io.ObjectOutputStream$BlockDataOutputStream::write (152 bytes)
Event: 29.088 Thread 0x000001c8c7717bd0 nmethod 7170 0x000001c8a0c9f090 code [0x000001c8a0c9f300, 0x000001c8a0ca0010]
Event: 29.089 Thread 0x000001c8c7717bd0 7121       4       java.io.ObjectOutputStream$ReplaceTable::lookup (24 bytes)
Event: 29.098 Thread 0x000001c8c7717bd0 nmethod 7121 0x000001c8a0ca0810 code [0x000001c8a0ca09c0, 0x000001c8a0ca0cb0]
Event: 29.098 Thread 0x000001c8c7717bd0 7116       4       java.io.ObjectStreamClass::requireInitialized (19 bytes)
Event: 29.099 Thread 0x000001c8c7717bd0 nmethod 7116 0x000001c8a0ca0f10 code [0x000001c8a0ca10a0, 0x000001c8a0ca1148]
Event: 29.099 Thread 0x000001c8c7717bd0 7130       4       java.io.ObjectOutputStream::writeHandle (22 bytes)
Event: 29.105 Thread 0x000001c8c7717bd0 nmethod 7130 0x000001c8a0ca1210 code [0x000001c8a0ca13a0, 0x000001c8a0ca1578]
Event: 29.105 Thread 0x000001c8c7717bd0 7126       4       java.io.ObjectOutputStream::writeNull (10 bytes)
Event: 29.107 Thread 0x000001c8c7717bd0 nmethod 7126 0x000001c8a0ca1790 code [0x000001c8a0ca1920, 0x000001c8a0ca1a38]
Event: 29.107 Thread 0x000001c8c7717bd0 7145       4       java.util.Collections$EmptyList::listIterator (4 bytes)
Event: 29.108 Thread 0x000001c8c7717bd0 nmethod 7145 0x000001c8a0ca1b90 code [0x000001c8a0ca1d20, 0x000001c8a0ca1db0]
Event: 29.108 Thread 0x000001c8c7717bd0 7144       4       java.io.ObjectOutputStream$HandleTable::assign (52 bytes)
Event: 29.118 Thread 0x000001c8c7717bd0 nmethod 7144 0x000001c8a0ca1e90 code [0x000001c8a0ca2060, 0x000001c8a0ca24c8]
Event: 29.118 Thread 0x000001c8c7717bd0 7149       4       java.io.ClassCache::get (56 bytes)
Event: 29.128 Thread 0x000001c8c7717bd0 nmethod 7149 0x000001c8a0ca2790 code [0x000001c8a0ca2980, 0x000001c8a0ca2e00]
Event: 29.128 Thread 0x000001c8c7717bd0 7150       4       org.gradle.internal.serialize.ExceptionReplacingObjectOutputStream::replaceObject (11 bytes)
Event: 30.306 Thread 0x000001c8ab549c80 7177       3       java.util.ComparableTimSort::reverseRange (32 bytes)
Event: 30.307 Thread 0x000001c8ab549c80 nmethod 7177 0x000001c899a69290 code [0x000001c899a69460, 0x000001c899a69950]

GC Heap History (14 events):
Event: 1.633 GC heap before
{Heap before GC invocations=0 (full 0):
 garbage-first heap   total 262144K, used 26624K [0x00000000e0000000, 0x0000000100000000)
  region size 1024K, 23 young (23552K), 0 survivors (0K)
 Metaspace       used 1110K, committed 1216K, reserved 393216K
  class space    used 81K, committed 128K, reserved 327680K
}
Event: 1.645 GC heap after
{Heap after GC invocations=1 (full 0):
 garbage-first heap   total 262144K, used 10115K [0x00000000e0000000, 0x0000000100000000)
  region size 1024K, 3 young (3072K), 3 survivors (3072K)
 Metaspace       used 1110K, committed 1216K, reserved 393216K
  class space    used 81K, committed 128K, reserved 327680K
}
Event: 3.595 GC heap before
{Heap before GC invocations=1 (full 0):
 garbage-first heap   total 262144K, used 40835K [0x00000000e0000000, 0x0000000100000000)
  region size 1024K, 33 young (33792K), 3 survivors (3072K)
 Metaspace       used 4281K, committed 4480K, reserved 393216K
  class space    used 545K, committed 640K, reserved 327680K
}
Event: 3.602 GC heap after
{Heap after GC invocations=2 (full 0):
 garbage-first heap   total 262144K, used 12072K [0x00000000e0000000, 0x0000000100000000)
  region size 1024K, 2 young (2048K), 2 survivors (2048K)
 Metaspace       used 4281K, committed 4480K, reserved 393216K
  class space    used 545K, committed 640K, reserved 327680K
}
Event: 9.773 GC heap before
{Heap before GC invocations=2 (full 0):
 garbage-first heap   total 262144K, used 145192K [0x00000000e0000000, 0x0000000100000000)
  region size 1024K, 131 young (134144K), 2 survivors (2048K)
 Metaspace       used 20827K, committed 21504K, reserved 393216K
  class space    used 3081K, committed 3392K, reserved 327680K
}
Event: 9.795 GC heap after
{Heap after GC invocations=3 (full 0):
 garbage-first heap   total 262144K, used 24718K [0x00000000e0000000, 0x0000000100000000)
  region size 1024K, 13 young (13312K), 13 survivors (13312K)
 Metaspace       used 20827K, committed 21504K, reserved 393216K
  class space    used 3081K, committed 3392K, reserved 327680K
}
Event: 14.124 GC heap before
{Heap before GC invocations=4 (full 0):
 garbage-first heap   total 262144K, used 114830K [0x00000000e0000000, 0x0000000100000000)
  region size 1024K, 103 young (105472K), 13 survivors (13312K)
 Metaspace       used 34727K, committed 35968K, reserved 393216K
  class space    used 5154K, committed 5760K, reserved 327680K
}
Event: 14.147 GC heap after
{Heap after GC invocations=5 (full 0):
 garbage-first heap   total 262144K, used 32629K [0x00000000e0000000, 0x0000000100000000)
  region size 1024K, 8 young (8192K), 8 survivors (8192K)
 Metaspace       used 34727K, committed 35968K, reserved 393216K
  class space    used 5154K, committed 5760K, reserved 327680K
}
Event: 14.192 GC heap before
{Heap before GC invocations=5 (full 0):
 garbage-first heap   total 262144K, used 32629K [0x00000000e0000000, 0x0000000100000000)
  region size 1024K, 9 young (9216K), 8 survivors (8192K)
 Metaspace       used 35002K, committed 36288K, reserved 393216K
  class space    used 5174K, committed 5824K, reserved 327680K
}
Event: 14.204 GC heap after
{Heap after GC invocations=6 (full 0):
 garbage-first heap   total 262144K, used 32640K [0x00000000e0000000, 0x0000000100000000)
  region size 1024K, 7 young (7168K), 7 survivors (7168K)
 Metaspace       used 35002K, committed 36288K, reserved 393216K
  class space    used 5174K, committed 5824K, reserved 327680K
}
Event: 14.360 GC heap before
{Heap before GC invocations=6 (full 0):
 garbage-first heap   total 262144K, used 36736K [0x00000000e0000000, 0x0000000100000000)
  region size 1024K, 12 young (12288K), 7 survivors (7168K)
 Metaspace       used 35353K, committed 36608K, reserved 393216K
  class space    used 5208K, committed 5824K, reserved 327680K
}
Event: 14.370 GC heap after
{Heap after GC invocations=7 (full 0):
 garbage-first heap   total 262144K, used 33459K [0x00000000e0000000, 0x0000000100000000)
  region size 1024K, 8 young (8192K), 8 survivors (8192K)
 Metaspace       used 35353K, committed 36608K, reserved 393216K
  class space    used 5208K, committed 5824K, reserved 327680K
}
Event: 20.978 GC heap before
{Heap before GC invocations=8 (full 0):
 garbage-first heap   total 262144K, used 188083K [0x00000000e0000000, 0x0000000100000000)
  region size 1024K, 153 young (156672K), 8 survivors (8192K)
 Metaspace       used 46618K, committed 48384K, reserved 393216K
  class space    used 6773K, committed 7616K, reserved 327680K
}
Event: 21.009 GC heap after
{Heap after GC invocations=9 (full 0):
 garbage-first heap   total 262144K, used 43227K [0x00000000e0000000, 0x0000000100000000)
  region size 1024K, 17 young (17408K), 17 survivors (17408K)
 Metaspace       used 46618K, committed 48384K, reserved 393216K
  class space    used 6773K, committed 7616K, reserved 327680K
}

Dll operation events (14 events):
Event: 0.030 Loaded shared library C:\Users\Prova\.antigravity-ide\extensions\redhat.java-1.55.0-win32-x64\jre\21.0.11-win32-x86_64\bin\java.dll
Event: 0.212 Loaded shared library C:\Users\Prova\.antigravity-ide\extensions\redhat.java-1.55.0-win32-x64\jre\21.0.11-win32-x86_64\bin\zip.dll
Event: 0.288 Loaded shared library C:\Users\Prova\.antigravity-ide\extensions\redhat.java-1.55.0-win32-x64\jre\21.0.11-win32-x86_64\bin\instrument.dll
Event: 0.303 Loaded shared library C:\Users\Prova\.antigravity-ide\extensions\redhat.java-1.55.0-win32-x64\jre\21.0.11-win32-x86_64\bin\net.dll
Event: 0.314 Loaded shared library C:\Users\Prova\.antigravity-ide\extensions\redhat.java-1.55.0-win32-x64\jre\21.0.11-win32-x86_64\bin\nio.dll
Event: 0.324 Loaded shared library C:\Users\Prova\.antigravity-ide\extensions\redhat.java-1.55.0-win32-x64\jre\21.0.11-win32-x86_64\bin\zip.dll
Event: 1.196 Loaded shared library C:\Users\Prova\.antigravity-ide\extensions\redhat.java-1.55.0-win32-x64\jre\21.0.11-win32-x86_64\bin\jimage.dll
Event: 1.669 Loaded shared library C:\Users\Prova\.antigravity-ide\extensions\redhat.java-1.55.0-win32-x64\jre\21.0.11-win32-x86_64\bin\verify.dll
Event: 2.112 Loaded shared library C:\Users\Prova\.gradle\native\c067742578af261105cb4f569cf0c3c89f3d7b1fecec35dd04571415982c5e48\windows-amd64\native-platform.dll
Event: 2.128 Loaded shared library C:\Users\Prova\.gradle\native\100fb08df4bc3b14c8652ba06237920a3bd2aa13389f12d3474272988ae205f9\windows-amd64\native-platform-file-events.dll
Event: 5.231 Loaded shared library C:\Users\Prova\.antigravity-ide\extensions\redhat.java-1.55.0-win32-x64\jre\21.0.11-win32-x86_64\bin\management.dll
Event: 5.236 Loaded shared library C:\Users\Prova\.antigravity-ide\extensions\redhat.java-1.55.0-win32-x64\jre\21.0.11-win32-x86_64\bin\management_ext.dll
Event: 5.705 Loaded shared library C:\Users\Prova\.antigravity-ide\extensions\redhat.java-1.55.0-win32-x64\jre\21.0.11-win32-x86_64\bin\extnet.dll
Event: 6.096 Loaded shared library C:\Users\Prova\.antigravity-ide\extensions\redhat.java-1.55.0-win32-x64\jre\21.0.11-win32-x86_64\bin\sunmscapi.dll

Deoptimization events (20 events):
Event: 28.796 Thread 0x000001c8c673ccb0 Uncommon trap: trap_request=0xffffffc6 fr.pc=0x000001c8a0be5904 relative=0x0000000000006344
Event: 28.796 Thread 0x000001c8c673ccb0 Uncommon trap: reason=bimorphic_or_optimized_type_check action=maybe_recompile pc=0x000001c8a0be5904 method=org.gradle.internal.serialize.ExceptionPlaceholder$2.transform(Ljava/lang/Object;)Ljava/lang/Object; @ 19 c2
Event: 28.796 Thread 0x000001c8c673ccb0 DEOPT PACKING pc=0x000001c8a0be5904 sp=0x000000bd54dfd750
Event: 28.796 Thread 0x000001c8c673ccb0 DEOPT UNPACKING pc=0x000001c8a0354422 sp=0x000000bd54dfd6b8 mode 2
Event: 28.796 Thread 0x000001c8c673ccb0 Uncommon trap: trap_request=0xffffffc6 fr.pc=0x000001c8a0be5904 relative=0x0000000000006344
Event: 28.796 Thread 0x000001c8c673ccb0 Uncommon trap: reason=bimorphic_or_optimized_type_check action=maybe_recompile pc=0x000001c8a0be5904 method=org.gradle.internal.serialize.ExceptionPlaceholder$2.transform(Ljava/lang/Object;)Ljava/lang/Object; @ 19 c2
Event: 28.796 Thread 0x000001c8c673ccb0 DEOPT PACKING pc=0x000001c8a0be5904 sp=0x000000bd54dfd750
Event: 28.796 Thread 0x000001c8c673ccb0 DEOPT UNPACKING pc=0x000001c8a0354422 sp=0x000000bd54dfd6b8 mode 2
Event: 28.796 Thread 0x000001c8c673ccb0 Uncommon trap: trap_request=0xffffffc6 fr.pc=0x000001c8a0be5904 relative=0x0000000000006344
Event: 28.796 Thread 0x000001c8c673ccb0 Uncommon trap: reason=bimorphic_or_optimized_type_check action=maybe_recompile pc=0x000001c8a0be5904 method=org.gradle.internal.serialize.ExceptionPlaceholder$2.transform(Ljava/lang/Object;)Ljava/lang/Object; @ 19 c2
Event: 28.797 Thread 0x000001c8c673ccb0 DEOPT PACKING pc=0x000001c8a0be5904 sp=0x000000bd54dfd5e0
Event: 28.797 Thread 0x000001c8c673ccb0 DEOPT UNPACKING pc=0x000001c8a0354422 sp=0x000000bd54dfd560 mode 2
Event: 28.797 Thread 0x000001c8c673ccb0 Uncommon trap: trap_request=0xffffffc6 fr.pc=0x000001c8a0be5904 relative=0x0000000000006344
Event: 28.797 Thread 0x000001c8c673ccb0 Uncommon trap: reason=bimorphic_or_optimized_type_check action=maybe_recompile pc=0x000001c8a0be5904 method=org.gradle.internal.serialize.ExceptionPlaceholder$2.transform(Ljava/lang/Object;)Ljava/lang/Object; @ 19 c2
Event: 28.797 Thread 0x000001c8c673ccb0 DEOPT PACKING pc=0x000001c8a0be5904 sp=0x000000bd54dfd2d0
Event: 28.797 Thread 0x000001c8c673ccb0 DEOPT UNPACKING pc=0x000001c8a0354422 sp=0x000000bd54dfd238 mode 2
Event: 28.803 Thread 0x000001c8c673ccb0 Uncommon trap: trap_request=0xffffff45 fr.pc=0x000001c8a0b80488 relative=0x00000000000004a8
Event: 28.803 Thread 0x000001c8c673ccb0 Uncommon trap: reason=unstable_if action=reinterpret pc=0x000001c8a0b80488 method=java.io.ObjectOutputStream$BlockDataOutputStream.writeBytes(Ljava/lang/String;)V @ 22 c2
Event: 28.803 Thread 0x000001c8c673ccb0 DEOPT PACKING pc=0x000001c8a0b80488 sp=0x000000bd54dfd5b0
Event: 28.803 Thread 0x000001c8c673ccb0 DEOPT UNPACKING pc=0x000001c8a0354422 sp=0x000000bd54dfd538 mode 2

Classes loaded (20 events):
Event: 26.323 Loading class sun/security/ssl/SSLCipher$T12GcmReadCipherGenerator$GcmReadCipher
Event: 26.323 Loading class sun/security/ssl/SSLCipher$T12GcmReadCipherGenerator$GcmReadCipher done
Event: 26.324 Loading class com/sun/crypto/provider/GaloisCounterMode$GCMDecrypt
Event: 26.324 Loading class com/sun/crypto/provider/GaloisCounterMode$GCMDecrypt done
Event: 26.324 Loading class com/sun/crypto/provider/GaloisCounterMode$DecryptOp
Event: 26.325 Loading class com/sun/crypto/provider/GaloisCounterMode$DecryptOp done
Event: 26.326 Loading class jdk/internal/event/TLSHandshakeEvent
Event: 26.326 Loading class jdk/internal/event/TLSHandshakeEvent done
Event: 26.326 Loading class javax/net/ssl/SSLEngineResult$HandshakeStatus
Event: 26.326 Loading class javax/net/ssl/SSLEngineResult$HandshakeStatus done
Event: 26.776 Loading class java/nio/charset/UnsupportedCharsetException
Event: 26.776 Loading class java/nio/charset/UnsupportedCharsetException done
Event: 27.178 Loading class java/util/Collections$2
Event: 27.179 Loading class java/util/Collections$2 done
Event: 27.395 Loading class java/util/LinkedList$LLSpliterator
Event: 27.395 Loading class java/util/LinkedList$LLSpliterator done
Event: 27.520 Loading class sun/reflect/ReflectionFactory
Event: 27.520 Loading class sun/reflect/ReflectionFactory done
Event: 27.521 Loading class sun/reflect/ReflectionFactory$1
Event: 27.521 Loading class sun/reflect/ReflectionFactory$1 done

Classes unloaded (0 events):
No events

Classes redefined (0 events):
No events

Internal exceptions (20 events):
Event: 19.798 Thread 0x000001c8c673ccb0 Exception <a 'java/lang/ClassNotFoundException'{0x00000000e7b44fe8}: groovy/lang/GString$1Customizer> (0x00000000e7b44fe8) 
thrown [s\src\hotspot\share\classfile\systemDictionary.cpp, line 313]
Event: 19.808 Thread 0x000001c8c673ccb0 Exception <a 'java/lang/ClassNotFoundException'{0x00000000e7b9d1d0}: org/gradle/api/internal/artifacts/dsl/dependencies/DefaultDependencyHandler_DecoratedBeanInfo> (0x00000000e7b9d1d0) 
thrown [s\src\hotspot\share\classfile\systemDictionary.cpp, line 313]
Event: 19.810 Thread 0x000001c8c673ccb0 Exception <a 'java/lang/ClassNotFoundException'{0x00000000e7bb11a8}: org/gradle/api/internal/artifacts/dsl/dependencies/DefaultDependencyHandlerBeanInfo> (0x00000000e7bb11a8) 
thrown [s\src\hotspot\share\classfile\systemDictionary.cpp, line 313]
Event: 19.812 Thread 0x000001c8c673ccb0 Exception <a 'java/lang/ClassNotFoundException'{0x00000000e7bc4e28}: org/gradle/api/internal/artifacts/dsl/dependencies/DefaultDependencyHandlerCustomizer> (0x00000000e7bc4e28) 
thrown [s\src\hotspot\share\classfile\systemDictionary.cpp, line 313]
Event: 19.819 Thread 0x000001c8c673ccb0 Exception <a 'java/lang/ClassNotFoundException'{0x00000000e7a1bcc8}: org/gradle/api/internal/artifacts/dsl/dependencies/DefaultDependencyHandler_DecoratedCustomizer> (0x00000000e7a1bcc8) 
thrown [s\src\hotspot\share\classfile\systemDictionary.cpp, line 313]
Event: 20.019 Thread 0x000001c8c51ebe50 Exception <a 'java/lang/NoSuchMethodError'{0x00000000e781f270}: static [Ljava/net/URL;.<clinit>()V> (0x00000000e781f270) 
thrown [s\src\hotspot\share\prims\jni.cpp, line 1111]
Event: 20.660 Thread 0x000001c8c673ccb0 Exception <a 'sun/nio/fs/WindowsException'{0x00000000e74731f8}> (0x00000000e74731f8) 
thrown [s\src\hotspot\share\prims\jni.cpp, line 520]
Event: 20.661 Thread 0x000001c8c673ccb0 Exception <a 'sun/nio/fs/WindowsException'{0x00000000e74746d8}> (0x00000000e74746d8) 
thrown [s\src\hotspot\share\prims\jni.cpp, line 520]
Event: 20.662 Thread 0x000001c8c673ccb0 Exception <a 'sun/nio/fs/WindowsException'{0x00000000e7475ba8}> (0x00000000e7475ba8) 
thrown [s\src\hotspot\share\prims\jni.cpp, line 520]
Event: 20.663 Thread 0x000001c8c673ccb0 Exception <a 'sun/nio/fs/WindowsException'{0x00000000e7477058}> (0x00000000e7477058) 
thrown [s\src\hotspot\share\prims\jni.cpp, line 520]
Event: 20.698 Thread 0x000001c8c673ccb0 Exception <a 'java/lang/NoSuchMethodError'{0x00000000e74d6cb8}: 'java.lang.Object java.lang.invoke.Invokers$Holder.invoker(java.lang.Object, java.lang.Object, java.lang.Object, java.lang.Object, java.lang.Object, java.lang.Object)'> (0x00000000e74d6cb8) 
thrown [s\src\hotspot\share\interpreter\linkResolver.cpp, line 773]
Event: 20.740 Thread 0x000001c8c673ccb0 Exception <a 'java/lang/NoSuchMethodError'{0x00000000e738e678}: 'java.lang.Object java.lang.invoke.Invokers$Holder.invoker(java.lang.Object, java.lang.Object, java.lang.Object, java.lang.Object, java.lang.Object, java.lang.Object, java.lang.Object, java.lang.Object, java.lang.Object, java.lang.Object, java.lang.Object, java.lang.Object, java.lang.Object, java.lang.Object, java.lang.Object, java.lang.Object, java.lang.Object, java.lang.Object, java.lang.Object, java.lang.Object, java.lang.Object, java.lang.
Event: 20.741 Thread 0x000001c8c673ccb0 Exception <a 'java/lang/NoSuchMethodError'{0x00000000e7394c00}: 'java.lang.Object java.lang.invoke.DelegatingMethodHandle$Holder.delegate(java.lang.Object, java.lang.Object, java.lang.Object, java.lang.Object, java.lang.Object, java.lang.Object, java.lang.Object, java.lang.Object, java.lang.Object, java.lang.Object, java.lang.Object, java.lang.Object, java.lang.Object, java.lang.Object, java.lang.Object, java.lang.Object, java.lang.Object, java.lang.Object, java.lang.Object, java.lang.Object, java.lang.Obj
Event: 22.045 Thread 0x000001c8c673ccb0 Exception <a 'java/lang/NoSuchMethodError'{0x00000000ee8626a0}: 'int java.lang.invoke.DirectMethodHandle$Holder.invokeSpecialIFC(java.lang.Object, java.lang.Object, java.lang.Object)'> (0x00000000ee8626a0) 
thrown [s\src\hotspot\share\interpreter\linkResolver.cpp, line 773]
Event: 22.212 Thread 0x000001c8c673ccb0 Exception <a 'java/lang/NoSuchMethodError'{0x00000000ee42a238}: 'java.lang.Object java.lang.invoke.DirectMethodHandle$Holder.invokeSpecial(java.lang.Object, java.lang.Object, java.lang.Object, java.lang.Object, java.lang.Object, long)'> (0x00000000ee42a238) 
thrown [s\src\hotspot\share\interpreter\linkResolver.cpp, line 773]
Event: 22.216 Thread 0x000001c8c673ccb0 Exception <a 'java/lang/NoSuchMethodError'{0x00000000ee44ee18}: 'void java.lang.invoke.DirectMethodHandle$Holder.invokeStatic(java.lang.Object, java.lang.Object, java.lang.Object, int, java.lang.Object)'> (0x00000000ee44ee18) 
thrown [s\src\hotspot\share\interpreter\linkResolver.cpp, line 773]
Event: 22.349 Thread 0x000001c8c673ccb0 Exception <a 'sun/nio/fs/WindowsException'{0x00000000ee0213b0}> (0x00000000ee0213b0) 
thrown [s\src\hotspot\share\prims\jni.cpp, line 520]
Event: 26.903 Thread 0x000001c8c673ccb0 Exception <a 'java/lang/NoSuchMethodError'{0x00000000ec453180}: 'java.lang.Object java.lang.invoke.DirectMethodHandle$Holder.invokeSpecial(java.lang.Object, java.lang.Object, long, java.lang.Object, java.lang.Object)'> (0x00000000ec453180) 
thrown [s\src\hotspot\share\interpreter\linkResolver.cpp, line 773]
Event: 28.616 Thread 0x000001c8c673ccb0 Exception <a 'java/lang/OutOfMemoryError'{0x00000000ebbea008}: unable to create native thread: possibly out of memory or process/resource limits reached> (0x00000000ebbea008) 
thrown [s\src\hotspot\share\prims\jvm.cpp, line 3026]
Event: 28.679 Thread 0x000001c8c673ccb0 Exception <a 'java/lang/NoSuchMethodError'{0x00000000eb8509e0}: 'java.lang.Object java.lang.invoke.DirectMethodHandle$Holder.invokeSpecialIFC(java.lang.Object, java.lang.Object, java.lang.Object)'> (0x00000000eb8509e0) 
thrown [s\src\hotspot\share\interpreter\linkResolver.cpp, line 773]

ZGC Phase Switch (0 events):
No events

VM Operations (20 events):
Event: 22.430 Executing non-safepoint VM operation: HandshakeAllThreads (Deoptimize)
Event: 22.430 Executing non-safepoint VM operation: HandshakeAllThreads (Deoptimize) done
Event: 23.437 Executing safepoint VM operation: Cleanup
Event: 23.468 Executing safepoint VM operation: Cleanup done
Event: 24.481 Executing safepoint VM operation: Cleanup
Event: 24.512 Executing safepoint VM operation: Cleanup done
Event: 24.658 Executing non-safepoint VM operation: HandshakeAllThreads (Deoptimize)
Event: 24.658 Executing non-safepoint VM operation: HandshakeAllThreads (Deoptimize) done
Event: 25.496 Executing non-safepoint VM operation: HandshakeAllThreads (Deoptimize)
Event: 25.496 Executing non-safepoint VM operation: HandshakeAllThreads (Deoptimize) done
Event: 26.511 Executing safepoint VM operation: Cleanup
Event: 26.511 Executing safepoint VM operation: Cleanup done
Event: 27.524 Executing safepoint VM operation: Cleanup
Event: 27.524 Executing safepoint VM operation: Cleanup done
Event: 27.527 Executing non-safepoint VM operation: HandshakeAllThreads (Deoptimize)
Event: 27.527 Executing non-safepoint VM operation: HandshakeAllThreads (Deoptimize) done
Event: 28.536 Executing safepoint VM operation: Cleanup
Event: 28.616 Executing safepoint VM operation: Cleanup done
Event: 29.624 Executing safepoint VM operation: Cleanup
Event: 29.625 Executing safepoint VM operation: Cleanup done

Memory protections (0 events):
No events

Nmethod flushes (20 events):
Event: 14.423 Thread 0x000001c8ab51c100 flushing  nmethod 0x000001c898f3e810
Event: 14.423 Thread 0x000001c8ab51c100 flushing  nmethod 0x000001c898f3ec90
Event: 14.423 Thread 0x000001c8ab51c100 flushing  nmethod 0x000001c898f3fa10
Event: 14.423 Thread 0x000001c8ab51c100 flushing  nmethod 0x000001c898f40290
Event: 14.423 Thread 0x000001c8ab51c100 flushing  nmethod 0x000001c898f57e10
Event: 14.423 Thread 0x000001c8ab51c100 flushing  nmethod 0x000001c898f5a110
Event: 14.423 Thread 0x000001c8ab51c100 flushing  nmethod 0x000001c898f5ab90
Event: 14.423 Thread 0x000001c8ab51c100 flushing  nmethod 0x000001c898f5d610
Event: 14.423 Thread 0x000001c8ab51c100 flushing  nmethod 0x000001c898f6a910
Event: 14.423 Thread 0x000001c8ab51c100 flushing  nmethod 0x000001c898f6d010
Event: 14.423 Thread 0x000001c8ab51c100 flushing  nmethod 0x000001c898f6df10
Event: 14.423 Thread 0x000001c8ab51c100 flushing  nmethod 0x000001c8990afe90
Event: 14.423 Thread 0x000001c8ab51c100 flushing  nmethod 0x000001c8991aef90
Event: 14.423 Thread 0x000001c8ab51c100 flushing  nmethod 0x000001c8991afe90
Event: 14.423 Thread 0x000001c8ab51c100 flushing  nmethod 0x000001c8991b1b90
Event: 14.423 Thread 0x000001c8ab51c100 flushing  nmethod 0x000001c8991b2410
Event: 14.423 Thread 0x000001c8ab51c100 flushing  nmethod 0x000001c8991b2990
Event: 14.423 Thread 0x000001c8ab51c100 flushing  nmethod 0x000001c8991e3910
Event: 14.423 Thread 0x000001c8ab51c100 flushing  nmethod 0x000001c899259510
Event: 14.423 Thread 0x000001c8ab51c100 flushing  nmethod 0x000001c89925a690

Events (20 events):
Event: 28.763 Thread 0x000001c8ab549c80 Thread added: 0x000001c8c7717bd0
Event: 28.781 Thread 0x000001c8c50744e0 Thread exited: 0x000001c8c50744e0
Event: 28.782 Thread 0x000001c8c5167db0 Thread exited: 0x000001c8c5167db0
Event: 28.784 Thread 0x000001c8c51697f0 Thread exited: 0x000001c8c51697f0
Event: 28.961 Thread 0x000001c8c6b00c20 Thread exited: 0x000001c8c6b00c20
Event: 28.962 Thread 0x000001c8c5168ad0 Thread exited: 0x000001c8c5168ad0
Event: 28.978 Thread 0x000001c8c5074b70 Thread exited: 0x000001c8c5074b70
Event: 28.978 Thread 0x000001c8c50737c0 Thread exited: 0x000001c8c50737c0
Event: 28.978 Thread 0x000001c8c5075200 Thread exited: 0x000001c8c5075200
Event: 28.978 Thread 0x000001c8c5073e50 Thread exited: 0x000001c8c5073e50
Event: 28.978 Thread 0x000001c8c5072410 Thread exited: 0x000001c8c5072410
Event: 28.978 Thread 0x000001c8c5075890 Thread exited: 0x000001c8c5075890
Event: 28.978 Thread 0x000001c8c50793a0 Thread exited: 0x000001c8c50793a0
Event: 28.979 Thread 0x000001c8c5077ff0 Thread exited: 0x000001c8c5077ff0
Event: 28.979 Thread 0x000001c8c5075f20 Thread exited: 0x000001c8c5075f20
Event: 28.979 Thread 0x000001c8c50772d0 Thread exited: 0x000001c8c50772d0
Event: 28.979 Thread 0x000001c8c5078d10 Thread exited: 0x000001c8c5078d10
Event: 28.979 Thread 0x000001c8c5079a30 Thread exited: 0x000001c8c5079a30
Event: 28.979 Thread 0x000001c8c5072aa0 Thread exited: 0x000001c8c5072aa0
Event: 28.980 Thread 0x000001c8c5077960 Thread exited: 0x000001c8c5077960


Dynamic libraries:
0x00007ff74d900000 - 0x00007ff74d90e000 	C:\Users\Prova\.antigravity-ide\extensions\redhat.java-1.55.0-win32-x64\jre\21.0.11-win32-x86_64\bin\java.exe
0x00007ff890f80000 - 0x00007ff8911e6000 	C:\WINDOWS\SYSTEM32\ntdll.dll
0x00007ff8900f0000 - 0x00007ff8901b9000 	C:\WINDOWS\System32\KERNEL32.DLL
0x00007ff88e740000 - 0x00007ff88eb40000 	C:\WINDOWS\System32\KERNELBASE.dll
0x00007ff88e2f0000 - 0x00007ff88e43c000 	C:\WINDOWS\System32\ucrtbase.dll
0x00007ff820290000 - 0x00007ff8202ae000 	C:\Users\Prova\.antigravity-ide\extensions\redhat.java-1.55.0-win32-x64\jre\21.0.11-win32-x86_64\bin\VCRUNTIME140.dll
0x00007ff81ee20000 - 0x00007ff81ee38000 	C:\Users\Prova\.antigravity-ide\extensions\redhat.java-1.55.0-win32-x64\jre\21.0.11-win32-x86_64\bin\jli.dll
0x00007ff88ff20000 - 0x00007ff8900e7000 	C:\WINDOWS\System32\USER32.dll
0x00007ff879230000 - 0x00007ff8794c2000 	C:\WINDOWS\WinSxS\amd64_microsoft.windows.common-controls_6595b64144ccf1df_6.0.26100.8737_none_3e092eaee333b772\COMCTL32.dll
0x00007ff88ec80000 - 0x00007ff88eca7000 	C:\WINDOWS\System32\win32u.dll
0x00007ff88f3b0000 - 0x00007ff88f459000 	C:\WINDOWS\System32\msvcrt.dll
0x00007ff890da0000 - 0x00007ff890dcb000 	C:\WINDOWS\System32\GDI32.dll
0x00007ff88eb50000 - 0x00007ff88ec79000 	C:\WINDOWS\System32\gdi32full.dll
0x00007ff88e450000 - 0x00007ff88e4f3000 	C:\WINDOWS\System32\msvcp_win.dll
0x00007ff88f370000 - 0x00007ff88f3a2000 	C:\WINDOWS\System32\IMM32.DLL
0x00007ff873a80000 - 0x00007ff873a8c000 	C:\Users\Prova\.antigravity-ide\extensions\redhat.java-1.55.0-win32-x64\jre\21.0.11-win32-x86_64\bin\vcruntime140_1.dll
0x00007ff81ec90000 - 0x00007ff81ed1d000 	C:\Users\Prova\.antigravity-ide\extensions\redhat.java-1.55.0-win32-x64\jre\21.0.11-win32-x86_64\bin\msvcp140.dll
0x00007fffa71a0000 - 0x00007fffa7f42000 	C:\Users\Prova\.antigravity-ide\extensions\redhat.java-1.55.0-win32-x64\jre\21.0.11-win32-x86_64\bin\server\jvm.dll
0x00007ff890ae0000 - 0x00007ff890b97000 	C:\WINDOWS\System32\ADVAPI32.dll
0x00007ff890ba0000 - 0x00007ff890c4a000 	C:\WINDOWS\System32\sechost.dll
0x00007ff890df0000 - 0x00007ff890f08000 	C:\WINDOWS\System32\RPCRT4.dll
0x00007ff88f2d0000 - 0x00007ff88f350000 	C:\WINDOWS\System32\WS2_32.dll
0x00007ff88e000000 - 0x00007ff88e05e000 	C:\WINDOWS\SYSTEM32\POWRPROF.dll
0x00007ff87ac60000 - 0x00007ff87ac96000 	C:\WINDOWS\SYSTEM32\WINMM.dll
0x00007ff884750000 - 0x00007ff88475b000 	C:\WINDOWS\SYSTEM32\VERSION.dll
0x00007ff88dfe0000 - 0x00007ff88dff4000 	C:\WINDOWS\SYSTEM32\UMPDC.dll
0x00007ff88ce80000 - 0x00007ff88ce9b000 	C:\WINDOWS\SYSTEM32\kernel.appcore.dll
0x00007ff86f2b0000 - 0x00007ff86f2ba000 	C:\Users\Prova\.antigravity-ide\extensions\redhat.java-1.55.0-win32-x64\jre\21.0.11-win32-x86_64\bin\jimage.dll
0x00007ff88b7d0000 - 0x00007ff88ba12000 	C:\WINDOWS\SYSTEM32\DBGHELP.DLL
0x00007ff88f460000 - 0x00007ff88f7e3000 	C:\WINDOWS\System32\combase.dll
0x00007ff88fe40000 - 0x00007ff88ff19000 	C:\WINDOWS\System32\OLEAUT32.dll
0x00007ff87ba90000 - 0x00007ff87bacb000 	C:\WINDOWS\SYSTEM32\dbgcore.DLL
0x00007ff88e230000 - 0x00007ff88e2dc000 	C:\WINDOWS\System32\bcryptPrimitives.dll
0x00007ff879c70000 - 0x00007ff879c7f000 	C:\Users\Prova\.antigravity-ide\extensions\redhat.java-1.55.0-win32-x64\jre\21.0.11-win32-x86_64\bin\instrument.dll
0x00007ff81ee00000 - 0x00007ff81ee20000 	C:\Users\Prova\.antigravity-ide\extensions\redhat.java-1.55.0-win32-x64\jre\21.0.11-win32-x86_64\bin\java.dll
0x00007ff8901c0000 - 0x00007ff890952000 	C:\WINDOWS\System32\SHELL32.dll
0x00007ff88bc80000 - 0x00007ff88c512000 	C:\WINDOWS\SYSTEM32\windows.storage.dll
0x00007ff8909e0000 - 0x00007ff890ad7000 	C:\WINDOWS\System32\SHCORE.dll
0x00007ff88ecb0000 - 0x00007ff88ed17000 	C:\WINDOWS\System32\shlwapi.dll
0x00007ff88e0c0000 - 0x00007ff88e0e9000 	C:\WINDOWS\SYSTEM32\profapi.dll
0x00007ff86d840000 - 0x00007ff86d858000 	C:\Users\Prova\.antigravity-ide\extensions\redhat.java-1.55.0-win32-x64\jre\21.0.11-win32-x86_64\bin\zip.dll
0x00007ff86d780000 - 0x00007ff86d790000 	C:\Users\Prova\.antigravity-ide\extensions\redhat.java-1.55.0-win32-x64\jre\21.0.11-win32-x86_64\bin\net.dll
0x00007ff8804e0000 - 0x00007ff880609000 	C:\WINDOWS\SYSTEM32\WINHTTP.dll
0x00007ff88d430000 - 0x00007ff88d49c000 	C:\WINDOWS\system32\mswsock.dll
0x00007ff84e580000 - 0x00007ff84e596000 	C:\Users\Prova\.antigravity-ide\extensions\redhat.java-1.55.0-win32-x64\jre\21.0.11-win32-x86_64\bin\nio.dll
0x00007ff879c10000 - 0x00007ff879c20000 	C:\Users\Prova\.antigravity-ide\extensions\redhat.java-1.55.0-win32-x64\jre\21.0.11-win32-x86_64\bin\verify.dll
0x00007ff879b80000 - 0x00007ff879ba7000 	C:\Users\Prova\.gradle\native\c067742578af261105cb4f569cf0c3c89f3d7b1fecec35dd04571415982c5e48\windows-amd64\native-platform.dll
0x00007ff8282f0000 - 0x00007ff828434000 	C:\Users\Prova\.gradle\native\100fb08df4bc3b14c8652ba06237920a3bd2aa13389f12d3474272988ae205f9\windows-amd64\native-platform-file-events.dll
0x00007ff87ee00000 - 0x00007ff87ee0a000 	C:\Users\Prova\.antigravity-ide\extensions\redhat.java-1.55.0-win32-x64\jre\21.0.11-win32-x86_64\bin\management.dll
0x00007ff8804b0000 - 0x00007ff8804bc000 	C:\Users\Prova\.antigravity-ide\extensions\redhat.java-1.55.0-win32-x64\jre\21.0.11-win32-x86_64\bin\management_ext.dll
0x00007ff88f210000 - 0x00007ff88f218000 	C:\WINDOWS\System32\PSAPI.DLL
0x00007ff88d730000 - 0x00007ff88d74b000 	C:\WINDOWS\SYSTEM32\CRYPTSP.dll
0x00007ff88cde0000 - 0x00007ff88ce19000 	C:\WINDOWS\system32\rsaenh.dll
0x00007ff88d4f0000 - 0x00007ff88d522000 	C:\WINDOWS\SYSTEM32\USERENV.dll
0x00007ff88e090000 - 0x00007ff88e0ba000 	C:\WINDOWS\SYSTEM32\bcrypt.dll
0x00007ff88d750000 - 0x00007ff88d75c000 	C:\WINDOWS\SYSTEM32\CRYPTBASE.dll
0x00007ff88c8a0000 - 0x00007ff88c8d3000 	C:\WINDOWS\SYSTEM32\IPHLPAPI.DLL
0x00007ff88f7f0000 - 0x00007ff88f7fa000 	C:\WINDOWS\System32\NSI.dll
0x00007ff879c80000 - 0x00007ff879c89000 	C:\Users\Prova\.antigravity-ide\extensions\redhat.java-1.55.0-win32-x64\jre\21.0.11-win32-x86_64\bin\extnet.dll
0x00007ff880460000 - 0x00007ff88046e000 	C:\Users\Prova\.antigravity-ide\extensions\redhat.java-1.55.0-win32-x64\jre\21.0.11-win32-x86_64\bin\sunmscapi.dll
0x00007ff88e5c0000 - 0x00007ff88e738000 	C:\WINDOWS\System32\CRYPT32.dll
0x00007ff88d970000 - 0x00007ff88d9a0000 	C:\WINDOWS\SYSTEM32\ncrypt.dll
0x00007ff88d920000 - 0x00007ff88d95f000 	C:\WINDOWS\SYSTEM32\NTASN1.dll
0x00007ff869250000 - 0x00007ff869258000 	C:\WINDOWS\system32\wshunix.dll
0x00007ff88c940000 - 0x00007ff88ca95000 	C:\WINDOWS\SYSTEM32\DNSAPI.dll
0x00007ff88d210000 - 0x00007ff88d21d000 	C:\WINDOWS\SYSTEM32\DSPARSE.dll
0x00007ff884780000 - 0x00007ff88478b000 	C:\Windows\System32\rasadhlp.dll
0x00007ff87efc0000 - 0x00007ff87f046000 	C:\WINDOWS\System32\fwpuclnt.dll

JVMTI agents:
C:\Users\Prova\.gradle\wrapper\dists\gradle-8.9-bin\90cnw93cvbtalezasaz0blq0a\gradle-8.9\lib\agents\gradle-instrumentation-agent-8.9.jar path:C:\Users\Prova\.antigravity-ide\extensions\redhat.java-1.55.0-win32-x64\jre\21.0.11-win32-x86_64\bin\instrument.dll, loaded, initialized, instrumentlib options:none

dbghelp: loaded successfully - version: 4.0.5 - missing functions: none
symbol engine: initialized successfully - sym options: 0x614 - pdb path: .;C:\Users\Prova\.antigravity-ide\extensions\redhat.java-1.55.0-win32-x64\jre\21.0.11-win32-x86_64\bin;C:\WINDOWS\SYSTEM32;C:\WINDOWS\WinSxS\amd64_microsoft.windows.common-controls_6595b64144ccf1df_6.0.26100.8737_none_3e092eaee333b772;C:\Users\Prova\.antigravity-ide\extensions\redhat.java-1.55.0-win32-x64\jre\21.0.11-win32-x86_64\bin\server;C:\Users\Prova\.gradle\native\c067742578af261105cb4f569cf0c3c89f3d7b1fecec35dd04571415982c5e48\windows-amd64;C:\Users\Prova\.gradle\native\100fb08df4bc3b14c8652ba06237920a3bd2aa13389f12d3474272988ae205f9\windows-amd64

VM Arguments:
jvm_args: --add-opens=java.base/java.util=ALL-UNNAMED --add-opens=java.base/java.lang=ALL-UNNAMED --add-opens=java.base/java.lang.invoke=ALL-UNNAMED --add-opens=java.prefs/java.util.prefs=ALL-UNNAMED --add-exports=jdk.compiler/com.sun.tools.javac.api=ALL-UNNAMED --add-exports=jdk.compiler/com.sun.tools.javac.util=ALL-UNNAMED --add-opens=java.base/java.nio.charset=ALL-UNNAMED --add-opens=java.base/java.net=ALL-UNNAMED --add-opens=java.base/java.util.concurrent.atomic=ALL-UNNAMED -XX:MaxMetaspaceSize=384m -XX:+HeapDumpOnOutOfMemoryError -Xms256m -Xmx512m -Dfile.encoding=utf8 -Duser.country=US -Duser.language=en -Duser.variant -javaagent:C:\Users\Prova\.gradle\wrapper\dists\gradle-8.9-bin\90cnw93cvbtalezasaz0blq0a\gradle-8.9\lib\agents\gradle-instrumentation-agent-8.9.jar 
java_command: org.gradle.launcher.daemon.bootstrap.GradleDaemon 8.9
java_class_path (initial): C:\Users\Prova\.gradle\wrapper\dists\gradle-8.9-bin\90cnw93cvbtalezasaz0blq0a\gradle-8.9\lib\gradle-daemon-main-8.9.jar
Launcher Type: SUN_STANDARD

[Global flags]
     intx CICompilerCount                          = 4                                         {product} {ergonomic}
   size_t CompressedClassSpaceSize                 = 335544320                                 {product} {ergonomic}
     uint ConcGCThreads                            = 2                                         {product} {ergonomic}
     uint G1ConcRefinementThreads                  = 8                                         {product} {ergonomic}
   size_t G1HeapRegionSize                         = 1048576                                   {product} {ergonomic}
    uintx GCDrainStackTargetSize                   = 64                                        {product} {ergonomic}
     bool HeapDumpOnOutOfMemoryError               = true                                   {manageable} {command line}
   size_t InitialHeapSize                          = 268435456                                 {product} {command line}
   size_t MarkStackSize                            = 4194304                                   {product} {ergonomic}
   size_t MaxHeapSize                              = 536870912                                 {product} {command line}
   size_t MaxMetaspaceSize                         = 402653184                                 {product} {command line}
   size_t MaxNewSize                               = 321912832                                 {product} {ergonomic}
   size_t MinHeapDeltaBytes                        = 1048576                                   {product} {ergonomic}
   size_t MinHeapSize                              = 268435456                                 {product} {command line}
    uintx NonNMethodCodeHeapSize                   = 5839372                                {pd product} {ergonomic}
    uintx NonProfiledCodeHeapSize                  = 122909434                              {pd product} {ergonomic}
    uintx ProfiledCodeHeapSize                     = 122909434                              {pd product} {ergonomic}
    uintx ReservedCodeCacheSize                    = 251658240                              {pd product} {ergonomic}
     bool SegmentedCodeCache                       = true                                      {product} {ergonomic}
   size_t SoftMaxHeapSize                          = 536870912                              {manageable} {ergonomic}
     bool UseCompressedOops                        = true                           {product lp64_product} {ergonomic}
     bool UseG1GC                                  = true                                      {product} {ergonomic}
     bool UseLargePagesIndividualAllocation        = false                                  {pd product} {ergonomic}

Logging:
Log output configuration:
 #0: stdout all=warning uptime,level,tags foldmultilines=false
 #1: stderr all=off uptime,level,tags foldmultilines=false

Release file:
JAVA_VERSION="21.0.11" 
MODULES="java.base java.compiler java.datatransfer java.xml java.prefs java.desktop java.instrument java.logging java.management java.security.sasl java.naming java.rmi java.management.rmi java.net.http java.scripting java.security.jgss java.transaction.xa java.sql java.sql.rowset java.xml.crypto java.se java.smartcardio jdk.accessibility jdk.internal.jvmstat jdk.attach jdk.charsets jdk.internal.opt jdk.zipfs jdk.compiler jdk.crypto.ec jdk.crypto.cryptoki jdk.crypto.mscapi jdk.dynalink jdk.internal.ed jdk.editpad jdk.hotspot.agent jdk.httpserver jdk.internal.le jdk.internal.vm.ci jdk.internal.vm.compiler jdk.internal.vm.compiler.management jdk.jartool jdk.javadoc jdk.jcmd jdk.management jdk.management.agent jdk.jconsole jdk.jdeps jdk.jdwp.agent jdk.jdi jdk.jfr jdk.jshell jdk.jsobject jdk.jstatd jdk.localedata jdk.management.jfr jdk.naming.dns jdk.naming.rmi jdk.net jdk.nio.mapmode jdk.random jdk.sctp jdk.security.auth jdk.security.jgss jdk.unsupported jdk.unsupported.desktop jdk.xml.dom" 

Environment Variables:
JAVA_HOME=C:\Program Files\Eclipse Adoptium\jdk-17.0.19.10-hotspot
PATH=C:\Program Files\Eclipse Adoptium\jdk-17.0.19.10-hotspot\bin;C:\WINDOWS\system32;C:\WINDOWS;C:\WINDOWS\System32\Wbem;C:\WINDOWS\System32\WindowsPowerShell\v1.0\;C:\WINDOWS\System32\OpenSSH\;C:\Program Files\Intel\WiFi\bin\;C:\Program Files\Common Files\Intel\WirelessCommon\;C:\Program Files\dotnet\;C:\Program Files\Git\cmd;C:\Program Files\nodejs\;C:\Users\Prova\.local\bin;C:\Users\Prova\AppData\Local\Programs\Python\Launcher\;C:\Users\Prova\AppData\Local\Programs\Python\Python313\Scripts\;C:\Users\Prova\AppData\Local\Programs\Python\Python313\;C:\Users\Prova\AppData\Local\Microsoft\WindowsApps;C:\Users\Prova\AppData\Local\Programs\Microsoft VS Code\bin;C:\Program Files\Git\bin\git.exe;C:\Users\Prova\AppData\Roaming\npm;C:\Users\Prova\AppData\Local\Programs\Antigravity\bin;C:\Users\Prova\.cargo\bin;C:\Users\Prova\AppData\Local\Programs\Antigravity IDE\bin;C:\Users\Prova\AppData\Local\Android\Sdk\platform-tools;C:\Program Files\Eclipse Adoptium\jdk-17.0.19.10-hotspot\bin;C:\Users\Prova\AppData\Local\Android\Sdk\platform-tools;C:\Users\Prova\AppData\Local\Android\Sdk\cmdline-tools\latest\bin;C:\Users\Prova\AppData\Local\Android\Sdk\emulator;
USERNAME=Prova
OS=Windows_NT
PROCESSOR_IDENTIFIER=Intel64 Family 6 Model 142 Stepping 10, GenuineIntel
TMP=C:\Users\Prova\AppData\Local\Temp
TEMP=C:\Users\Prova\AppData\Local\Temp




Periodic native trim disabled

---------------  S Y S T E M  ---------------

OS:
 Windows 11 , 64 bit Build 26100 (10.0.26100.8737)
OS uptime: 1 days 5:41 hours

CPU: total 8 (initial active 8) (4 cores per cpu, 2 threads per core) family 6 model 142 stepping 10 microcode 0xf4, cx8, cmov, fxsr, ht, mmx, 3dnowpref, sse, sse2, sse3, ssse3, sse4.1, sse4.2, popcnt, lzcnt, tsc, tscinvbit, avx, avx2, aes, erms, clmul, bmi1, bmi2, rtm, adx, fma, vzeroupper, clflush, clflushopt, rdtscp, f16c
Processor Information for the first 8 processors :
  Max Mhz: 1896, Current Mhz: 1696, Mhz Limit: 1687

Memory: 4k page, system-wide physical 8066M (460M free)
TotalPageFile size 32642M (AvailPageFile size 1M)
current process WorkingSet (physical memory assigned to process): 396M, peak: 408M
current process commit charge ("private bytes"): 489M, peak: 500M

vm_info: OpenJDK 64-Bit Server VM (21.0.11+10-LTS) for windows-amd64 JRE (21.0.11+10-LTS), built on 2026-04-21T00:00:00Z by "admin" with MS VC++ 17.12 (VS2022)

END.
