#
# There is insufficient memory for the Java Runtime Environment to continue.
# Native memory allocation (malloc) failed to allocate 1285136 bytes. Error detail: Chunk::new
# Possible reasons:
#   The system is out of physical RAM or swap space
#   This process is running with CompressedOops enabled, and the Java Heap may be blocking the growth of the native heap
# Possible solutions:
#   Reduce memory load on the system
#   Increase physical memory or swap space
#   Check if swap backing store is full
#   Decrease Java heap size (-Xmx/-Xms)
#   Decrease number of Java threads
#   Decrease Java thread stack sizes (-Xss)
#   Set larger code cache with -XX:ReservedCodeCacheSize=
#   JVM is running with Unscaled Compressed Oops mode in which the Java heap is
#     placed in the first 4GB address space. The Java Heap base address is the
#     maximum limit for the native heap growth. Please use -XX:HeapBaseMinAddress
#     to set the Java Heap base and to place the Java Heap above 4GB virtual address.
# This output file may be truncated or incomplete.
#
#  Out of Memory Error (arena.cpp:168), pid=18476, tid=16012
#
# JRE version: OpenJDK Runtime Environment Temurin-21.0.11+10 (21.0.11+10) (build 21.0.11+10-LTS)
# Java VM: OpenJDK 64-Bit Server VM Temurin-21.0.11+10 (21.0.11+10-LTS, mixed mode, sharing, tiered, compressed oops, compressed class ptrs, g1 gc, windows-amd64)
# No core dump will be written. Minidumps are not enabled by default on client versions of Windows
#

---------------  S U M M A R Y ------------

Command Line: --add-opens=java.base/java.util=ALL-UNNAMED --add-opens=java.base/java.lang=ALL-UNNAMED --add-opens=java.base/java.lang.invoke=ALL-UNNAMED --add-opens=java.prefs/java.util.prefs=ALL-UNNAMED --add-exports=jdk.compiler/com.sun.tools.javac.api=ALL-UNNAMED --add-exports=jdk.compiler/com.sun.tools.javac.util=ALL-UNNAMED --add-opens=java.base/java.nio.charset=ALL-UNNAMED --add-opens=java.base/java.net=ALL-UNNAMED --add-opens=java.base/java.util.concurrent.atomic=ALL-UNNAMED -XX:MaxMetaspaceSize=384m -XX:+HeapDumpOnOutOfMemoryError -Xms256m -Xmx512m -Dfile.encoding=utf8 -Duser.country=US -Duser.language=en -Duser.variant -javaagent:C:\Users\Prova\.gradle\wrapper\dists\gradle-8.9-bin\90cnw93cvbtalezasaz0blq0a\gradle-8.9\lib\agents\gradle-instrumentation-agent-8.9.jar org.gradle.launcher.daemon.bootstrap.GradleDaemon 8.9

Host: Intel(R) Core(TM) i5-8350U CPU @ 1.70GHz, 8 cores, 7G,  Windows 11 , 64 bit Build 26100 (10.0.26100.8737)
Time: Tue Jul  7 13:55:48 2026 W. Central Africa Standard Time elapsed time: 44.711317 seconds (0d 0h 0m 44s)

---------------  T H R E A D  ---------------

Current thread (0x00000182f4c129f0):  JavaThread "C2 CompilerThread0" daemon [_thread_in_native, id=16012, stack(0x0000001f30d00000,0x0000001f30e00000) (1024K)]


Current CompileTask:
C2:44711 10084 %     4       org.gradle.internal.instantiation.generator.AbstractClassGenerator::inspectType @ 107 (560 bytes)

Stack: [0x0000001f30d00000,0x0000001f30e00000]
Native frames: (J=compiled Java code, j=interpreted, Vv=VM code, C=native code)
V  [jvm.dll+0x6d7e19]
V  [jvm.dll+0x8b5096]
V  [jvm.dll+0x8b764e]
V  [jvm.dll+0x8b7d33]
V  [jvm.dll+0x284596]
V  [jvm.dll+0xc685d]
V  [jvm.dll+0xc6da1]
V  [jvm.dll+0x2fb4ee]
V  [jvm.dll+0x5fe9a4]
V  [jvm.dll+0x255d67]
V  [jvm.dll+0x24e0f4]
V  [jvm.dll+0x24bbe6]
V  [jvm.dll+0x1cb4ae]
V  [jvm.dll+0x25baad]
V  [jvm.dll+0x25a03a]
V  [jvm.dll+0x3f868e]
V  [jvm.dll+0x85fb0d]
V  [jvm.dll+0x6d664d]
C  [ucrtbase.dll+0x2cd30]
C  [KERNEL32.DLL+0x2e957]
C  [ntdll.dll+0xaad6c]


---------------  P R O C E S S  ---------------

Threads class SMR info:
_java_thread_list=0x00000182fb5e8830, length=28, elements={
0x00000182df20fb90, 0x00000182f4c08060, 0x00000182f4c097e0, 0x00000182f4c0d1d0,
0x00000182f4c0dfc0, 0x00000182f4c0f9c0, 0x00000182f4c11270, 0x00000182f4c129f0,
0x00000182f4c23850, 0x00000182f4de0170, 0x00000182f4f29590, 0x00000182fa648bc0,
0x00000182fa6aa150, 0x00000182fa66bbb0, 0x00000182f97e0e00, 0x00000182f97df3c0,
0x00000182f97e0770, 0x00000182f97e1b20, 0x00000182f98f63c0, 0x00000182f98f6a50,
0x00000182f98f4980, 0x00000182f98f42f0, 0x00000182f98f91b0, 0x00000182f98f8490,
0x00000182fc4bd2f0, 0x00000182fe6aa690, 0x00000182fe6a92e0, 0x00000182fb6c05e0
}

Java Threads: ( => current thread )
  0x00000182df20fb90 JavaThread "main"                              [_thread_blocked, id=30732, stack(0x0000001f2ff00000,0x0000001f30000000) (1024K)]
  0x00000182f4c08060 JavaThread "Reference Handler"          daemon [_thread_blocked, id=29180, stack(0x0000001f30700000,0x0000001f30800000) (1024K)]
  0x00000182f4c097e0 JavaThread "Finalizer"                  daemon [_thread_blocked, id=30936, stack(0x0000001f30800000,0x0000001f30900000) (1024K)]
  0x00000182f4c0d1d0 JavaThread "Signal Dispatcher"          daemon [_thread_blocked, id=32484, stack(0x0000001f30900000,0x0000001f30a00000) (1024K)]
  0x00000182f4c0dfc0 JavaThread "Attach Listener"            daemon [_thread_blocked, id=14332, stack(0x0000001f30a00000,0x0000001f30b00000) (1024K)]
  0x00000182f4c0f9c0 JavaThread "Service Thread"             daemon [_thread_blocked, id=25196, stack(0x0000001f30b00000,0x0000001f30c00000) (1024K)]
  0x00000182f4c11270 JavaThread "Monitor Deflation Thread"   daemon [_thread_blocked, id=33896, stack(0x0000001f30c00000,0x0000001f30d00000) (1024K)]
=>0x00000182f4c129f0 JavaThread "C2 CompilerThread0"         daemon [_thread_in_native, id=16012, stack(0x0000001f30d00000,0x0000001f30e00000) (1024K)]
  0x00000182f4c23850 JavaThread "C1 CompilerThread0"         daemon [_thread_blocked, id=31020, stack(0x0000001f30e00000,0x0000001f30f00000) (1024K)]
  0x00000182f4de0170 JavaThread "Common-Cleaner"             daemon [_thread_blocked, id=1672, stack(0x0000001f30f00000,0x0000001f31000000) (1024K)]
  0x00000182f4f29590 JavaThread "Notification Thread"        daemon [_thread_blocked, id=27376, stack(0x0000001f31000000,0x0000001f31100000) (1024K)]
  0x00000182fa648bc0 JavaThread "Daemon health stats"               [_thread_blocked, id=31900, stack(0x0000001f31700000,0x0000001f31800000) (1024K)]
  0x00000182fa6aa150 JavaThread "Incoming local TCP Connector on port 59421"        [_thread_in_native, id=29188, stack(0x0000001f31800000,0x0000001f31900000) (1024K)]
  0x00000182fa66bbb0 JavaThread "Daemon periodic checks"            [_thread_blocked, id=25008, stack(0x0000001f31600000,0x0000001f31700000) (1024K)]
  0x00000182f97e0e00 JavaThread "Daemon"                            [_thread_blocked, id=30032, stack(0x0000001f31900000,0x0000001f31a00000) (1024K)]
  0x00000182f97df3c0 JavaThread "Daemon worker"                     [_thread_blocked, id=21016, stack(0x0000001f31c00000,0x0000001f31d00000) (1024K)]
  0x00000182f97e0770 JavaThread "Cache worker for journal cache (C:\Users\Prova\.gradle\caches\journal-1)"        [_thread_blocked, id=28416, stack(0x0000001f32000000,0x0000001f32100000) (1024K)]
  0x00000182f97e1b20 JavaThread "File lock request listener"        [_thread_in_native, id=27788, stack(0x0000001f32100000,0x0000001f32200000) (1024K)]
  0x00000182f98f63c0 JavaThread "Cache worker for file hash cache (C:\Users\Prova\.gradle\caches\8.9\fileHashes)"        [_thread_blocked, id=2764, stack(0x0000001f32200000,0x0000001f32300000) (1024K)]
  0x00000182f98f6a50 JavaThread "File watcher server"        daemon [_thread_in_native, id=13636, stack(0x0000001f32900000,0x0000001f32a00000) (1024K)]
  0x00000182f98f4980 JavaThread "File watcher consumer"      daemon [_thread_blocked, id=32284, stack(0x0000001f32a00000,0x0000001f32b00000) (1024K)]
  0x00000182f98f42f0 JavaThread "Cache worker for file content cache (C:\Users\Prova\.gradle\caches\8.9\fileContent)"        [_thread_blocked, id=26904, stack(0x0000001f32c00000,0x0000001f32d00000) (1024K)]
  0x00000182f98f91b0 JavaThread "jar transforms"                    [_thread_blocked, id=21748, stack(0x0000001f32300000,0x0000001f32400000) (1024K)]
  0x00000182f98f8490 JavaThread "jar transforms Thread 2"           [_thread_blocked, id=30028, stack(0x0000001f33000000,0x0000001f33100000) (1024K)]
  0x00000182fc4bd2f0 JavaThread "Memory manager"                    [_thread_blocked, id=30492, stack(0x0000001f34600000,0x0000001f34700000) (1024K)]
  0x00000182fe6aa690 JavaThread "included builds"                   [_thread_blocked, id=33556, stack(0x0000001f35d00000,0x0000001f35e00000) (1024K)]
  0x00000182fe6a92e0 JavaThread "VFS cleanup"                       [_thread_in_Java, id=28980, stack(0x0000001f31d00000,0x0000001f31e00000) (1024K)]
  0x00000182fb6c05e0 JavaThread "included builds"                   [_thread_blocked, id=32148, stack(0x0000001f35000000,0x0000001f35100000) (1024K)]
Total: 28

Other Threads:
  0x00000182f4be8df0 VMThread "VM Thread"                           [id=18668, stack(0x0000001f30600000,0x0000001f30700000) (1024K)]
  0x00000182f4bdaf90 WatcherThread "VM Periodic Task Thread"        [id=21600, stack(0x0000001f30500000,0x0000001f30600000) (1024K)]
  0x00000182df2399d0 WorkerThread "GC Thread#0"                     [id=27888, stack(0x0000001f30000000,0x0000001f30100000) (1024K)]
  0x00000182f967e2b0 WorkerThread "GC Thread#1"                     [id=32580, stack(0x0000001f31100000,0x0000001f31200000) (1024K)]
  0x00000182f9054870 WorkerThread "GC Thread#2"                     [id=30532, stack(0x0000001f31200000,0x0000001f31300000) (1024K)]
  0x00000182f9466230 WorkerThread "GC Thread#3"                     [id=21472, stack(0x0000001f31300000,0x0000001f31400000) (1024K)]
  0x00000182f9467850 WorkerThread "GC Thread#4"                     [id=34648, stack(0x0000001f31400000,0x0000001f31500000) (1024K)]
  0x00000182f94670f0 WorkerThread "GC Thread#5"                     [id=23748, stack(0x0000001f31500000,0x0000001f31600000) (1024K)]
  0x00000182fa7b2e80 WorkerThread "GC Thread#6"                     [id=12772, stack(0x0000001f32400000,0x0000001f32500000) (1024K)]
  0x00000182fa7b1100 WorkerThread "GC Thread#7"                     [id=2304, stack(0x0000001f32500000,0x0000001f32600000) (1024K)]
  0x00000182df2408f0 ConcurrentGCThread "G1 Main Marker"            [id=17564, stack(0x0000001f30100000,0x0000001f30200000) (1024K)]
  0x00000182df241310 WorkerThread "G1 Conc#0"                       [id=13776, stack(0x0000001f30200000,0x0000001f30300000) (1024K)]
  0x00000182fa7b2370 WorkerThread "G1 Conc#1"                       [id=34076, stack(0x0000001f32600000,0x0000001f32700000) (1024K)]
  0x00000182f4aab2f0 ConcurrentGCThread "G1 Refine#0"               [id=34316, stack(0x0000001f30300000,0x0000001f30400000) (1024K)]
  0x00000182f4aacc30 ConcurrentGCThread "G1 Service"                [id=18272, stack(0x0000001f30400000,0x0000001f30500000) (1024K)]
Total: 15

Threads with active compile tasks:
C2 CompilerThread0  44789 10084 %     4       org.gradle.internal.instantiation.generator.AbstractClassGenerator::inspectType @ 107 (560 bytes)
Total: 1

VM state: not at safepoint (normal execution)

VM Mutex/Monitor currently owned by a thread: None

Heap address: 0x00000000e0000000, size: 512 MB, Compressed Oops mode: 32-bit

CDS archive(s) mapped at: [0x0000018280000000-0x0000018280ba0000-0x0000018280ba0000), size 12189696, SharedBaseAddress: 0x0000018280000000, ArchiveRelocationMode: 1.
Compressed class space mapped at: 0x0000018281000000-0x0000018295000000, reserved size: 335544320
Narrow klass base: 0x0000018280000000, Narrow klass shift: 0, Narrow klass range: 0x100000000

GC Precious Log:
 CardTable entry size: 512
 Card Set container configuration: InlinePtr #cards 5 size 8 Array Of Cards #cards 12 size 40 Howl #buckets 4 coarsen threshold 1843 Howl Bitmap #cards 512 size 80 coarsen threshold 460 Card regions per heap region 1 cards per card region 2048
 CPUs: 8 total, 8 available
 Memory: 8066M
 Large Page Support: Disabled
 NUMA Support: Disabled
 Compressed Oops: Enabled (32-bit)
 Heap Region Size: 1M
 Heap Min Capacity: 256M
 Heap Initial Capacity: 256M
 Heap Max Capacity: 512M
 Pre-touch: Disabled
 Parallel Workers: 8
 Concurrent Workers: 2
 Concurrent Refinement Workers: 8
 Periodic GC: Disabled

Heap:
 garbage-first heap   total 262144K, used 176699K [0x00000000e0000000, 0x0000000100000000)
  region size 1024K, 129 young (132096K), 18 survivors (18432K)
 Metaspace       used 72235K, committed 74368K, reserved 393216K
  class space    used 10511K, committed 11584K, reserved 327680K

Heap Regions: E=young(eden), S=young(survivor), O=old, HS=humongous(starts), HC=humongous(continues), CS=collection set, F=free, TAMS=top-at-mark-start, PB=parsable bottom
|   0|0x00000000e0000000, 0x00000000e0100000, 0x00000000e0100000|100%|HS|  |TAMS 0x00000000e0000000| PB 0x00000000e0000000| Complete 
|   1|0x00000000e0100000, 0x00000000e0200000, 0x00000000e0200000|100%|HC|  |TAMS 0x00000000e0100000| PB 0x00000000e0100000| Complete 
|   2|0x00000000e0200000, 0x00000000e0300000, 0x00000000e0300000|100%|HC|  |TAMS 0x00000000e0200000| PB 0x00000000e0200000| Complete 
|   3|0x00000000e0300000, 0x00000000e0400000, 0x00000000e0400000|100%|HC|  |TAMS 0x00000000e0300000| PB 0x00000000e0300000| Complete 
|   4|0x00000000e0400000, 0x00000000e0500000, 0x00000000e0500000|100%| O|  |TAMS 0x00000000e0400000| PB 0x00000000e0400000| Untracked 
|   5|0x00000000e0500000, 0x00000000e0600000, 0x00000000e0600000|100%| O|  |TAMS 0x00000000e0500000| PB 0x00000000e0500000| Untracked 
|   6|0x00000000e0600000, 0x00000000e0700000, 0x00000000e0700000|100%| O|  |TAMS 0x00000000e0600000| PB 0x00000000e0600000| Untracked 
|   7|0x00000000e0700000, 0x00000000e0800000, 0x00000000e0800000|100%| O|  |TAMS 0x00000000e0700000| PB 0x00000000e0700000| Untracked 
|   8|0x00000000e0800000, 0x00000000e0900000, 0x00000000e0900000|100%| O|  |TAMS 0x00000000e0800000| PB 0x00000000e0800000| Untracked 
|   9|0x00000000e0900000, 0x00000000e0a00000, 0x00000000e0a00000|100%| O|  |TAMS 0x00000000e0900000| PB 0x00000000e0900000| Untracked 
|  10|0x00000000e0a00000, 0x00000000e0b00000, 0x00000000e0b00000|100%| O|  |TAMS 0x00000000e0a00000| PB 0x00000000e0a00000| Untracked 
|  11|0x00000000e0b00000, 0x00000000e0c00000, 0x00000000e0c00000|100%|HS|  |TAMS 0x00000000e0b00000| PB 0x00000000e0b00000| Complete 
|  12|0x00000000e0c00000, 0x00000000e0d00000, 0x00000000e0d00000|100%| O|  |TAMS 0x00000000e0c00000| PB 0x00000000e0c00000| Untracked 
|  13|0x00000000e0d00000, 0x00000000e0e00000, 0x00000000e0e00000|100%| O|  |TAMS 0x00000000e0d00000| PB 0x00000000e0d00000| Untracked 
|  14|0x00000000e0e00000, 0x00000000e0f00000, 0x00000000e0f00000|100%| O|  |TAMS 0x00000000e0e00000| PB 0x00000000e0e00000| Untracked 
|  15|0x00000000e0f00000, 0x00000000e1000000, 0x00000000e1000000|100%| O|  |TAMS 0x00000000e0f00000| PB 0x00000000e0f00000| Untracked 
|  16|0x00000000e1000000, 0x00000000e1100000, 0x00000000e1100000|100%| O|  |TAMS 0x00000000e1000000| PB 0x00000000e1000000| Untracked 
|  17|0x00000000e1100000, 0x00000000e1200000, 0x00000000e1200000|100%| O|  |TAMS 0x00000000e1100000| PB 0x00000000e1100000| Untracked 
|  18|0x00000000e1200000, 0x00000000e1300000, 0x00000000e1300000|100%| O|  |TAMS 0x00000000e1200000| PB 0x00000000e1200000| Untracked 
|  19|0x00000000e1300000, 0x00000000e1400000, 0x00000000e1400000|100%| O|  |TAMS 0x00000000e1300000| PB 0x00000000e1300000| Untracked 
|  20|0x00000000e1400000, 0x00000000e1500000, 0x00000000e1500000|100%| O|  |TAMS 0x00000000e1400000| PB 0x00000000e1400000| Untracked 
|  21|0x00000000e1500000, 0x00000000e1600000, 0x00000000e1600000|100%| O|  |TAMS 0x00000000e1500000| PB 0x00000000e1500000| Untracked 
|  22|0x00000000e1600000, 0x00000000e1700000, 0x00000000e1700000|100%| O|  |TAMS 0x00000000e1600000| PB 0x00000000e1600000| Untracked 
|  23|0x00000000e1700000, 0x00000000e1800000, 0x00000000e1800000|100%| O|  |TAMS 0x00000000e1700000| PB 0x00000000e1700000| Untracked 
|  24|0x00000000e1800000, 0x00000000e1900000, 0x00000000e1900000|100%| O|  |TAMS 0x00000000e1800000| PB 0x00000000e1800000| Untracked 
|  25|0x00000000e1900000, 0x00000000e1a00000, 0x00000000e1a00000|100%| O|Cm|TAMS 0x00000000e1900000| PB 0x00000000e1900000| Complete 
|  26|0x00000000e1a00000, 0x00000000e1b00000, 0x00000000e1b00000|100%|HS|  |TAMS 0x00000000e1a00000| PB 0x00000000e1a00000| Complete 
|  27|0x00000000e1b00000, 0x00000000e1c00000, 0x00000000e1c00000|100%|HC|  |TAMS 0x00000000e1b00000| PB 0x00000000e1b00000| Complete 
|  28|0x00000000e1c00000, 0x00000000e1d00000, 0x00000000e1d00000|100%|HC|  |TAMS 0x00000000e1c00000| PB 0x00000000e1c00000| Complete 
|  29|0x00000000e1d00000, 0x00000000e1e00000, 0x00000000e1e00000|100%|HS|  |TAMS 0x00000000e1d00000| PB 0x00000000e1d00000| Complete 
|  30|0x00000000e1e00000, 0x00000000e1f00000, 0x00000000e1f00000|100%|HC|  |TAMS 0x00000000e1e00000| PB 0x00000000e1e00000| Complete 
|  31|0x00000000e1f00000, 0x00000000e2000000, 0x00000000e2000000|100%|HC|  |TAMS 0x00000000e1f00000| PB 0x00000000e1f00000| Complete 
|  32|0x00000000e2000000, 0x00000000e2100000, 0x00000000e2100000|100%| O|  |TAMS 0x00000000e2000000| PB 0x00000000e2000000| Untracked 
|  33|0x00000000e2100000, 0x00000000e2200000, 0x00000000e2200000|100%| O|  |TAMS 0x00000000e2100000| PB 0x00000000e2100000| Untracked 
|  34|0x00000000e2200000, 0x00000000e2300000, 0x00000000e2300000|100%| O|  |TAMS 0x00000000e2200000| PB 0x00000000e2200000| Untracked 
|  35|0x00000000e2300000, 0x00000000e2400000, 0x00000000e2400000|100%| O|  |TAMS 0x00000000e2300000| PB 0x00000000e2300000| Untracked 
|  36|0x00000000e2400000, 0x00000000e2500000, 0x00000000e2500000|100%| O|  |TAMS 0x00000000e2400000| PB 0x00000000e2400000| Untracked 
|  37|0x00000000e2500000, 0x00000000e2600000, 0x00000000e2600000|100%| O|  |TAMS 0x00000000e2500000| PB 0x00000000e2500000| Untracked 
|  38|0x00000000e2600000, 0x00000000e2700000, 0x00000000e2700000|100%| O|  |TAMS 0x00000000e2600000| PB 0x00000000e2600000| Untracked 
|  39|0x00000000e2700000, 0x00000000e2800000, 0x00000000e2800000|100%| O|  |TAMS 0x00000000e2700000| PB 0x00000000e2700000| Untracked 
|  40|0x00000000e2800000, 0x00000000e2900000, 0x00000000e2900000|100%| O|  |TAMS 0x00000000e2800000| PB 0x00000000e2800000| Untracked 
|  41|0x00000000e2900000, 0x00000000e2a00000, 0x00000000e2a00000|100%| O|  |TAMS 0x00000000e2900000| PB 0x00000000e2900000| Untracked 
|  42|0x00000000e2a00000, 0x00000000e2b00000, 0x00000000e2b00000|100%| O|  |TAMS 0x00000000e2a00000| PB 0x00000000e2a00000| Untracked 
|  43|0x00000000e2b00000, 0x00000000e2c00000, 0x00000000e2c00000|100%| O|  |TAMS 0x00000000e2b00000| PB 0x00000000e2b00000| Untracked 
|  44|0x00000000e2c00000, 0x00000000e2c8f890, 0x00000000e2d00000| 56%| O|  |TAMS 0x00000000e2c00000| PB 0x00000000e2c00000| Untracked 
|  45|0x00000000e2d00000, 0x00000000e2d00000, 0x00000000e2e00000|  0%| F|  |TAMS 0x00000000e2d00000| PB 0x00000000e2d00000| Untracked 
|  46|0x00000000e2e00000, 0x00000000e2e00000, 0x00000000e2f00000|  0%| F|  |TAMS 0x00000000e2e00000| PB 0x00000000e2e00000| Untracked 
|  47|0x00000000e2f00000, 0x00000000e2f00000, 0x00000000e3000000|  0%| F|  |TAMS 0x00000000e2f00000| PB 0x00000000e2f00000| Untracked 
|  48|0x00000000e3000000, 0x00000000e3000000, 0x00000000e3100000|  0%| F|  |TAMS 0x00000000e3000000| PB 0x00000000e3000000| Untracked 
|  49|0x00000000e3100000, 0x00000000e3100000, 0x00000000e3200000|  0%| F|  |TAMS 0x00000000e3100000| PB 0x00000000e3100000| Untracked 
|  50|0x00000000e3200000, 0x00000000e3200000, 0x00000000e3300000|  0%| F|  |TAMS 0x00000000e3200000| PB 0x00000000e3200000| Untracked 
|  51|0x00000000e3300000, 0x00000000e3300000, 0x00000000e3400000|  0%| F|  |TAMS 0x00000000e3300000| PB 0x00000000e3300000| Untracked 
|  52|0x00000000e3400000, 0x00000000e3400000, 0x00000000e3500000|  0%| F|  |TAMS 0x00000000e3400000| PB 0x00000000e3400000| Untracked 
|  53|0x00000000e3500000, 0x00000000e3500000, 0x00000000e3600000|  0%| F|  |TAMS 0x00000000e3500000| PB 0x00000000e3500000| Untracked 
|  54|0x00000000e3600000, 0x00000000e3600000, 0x00000000e3700000|  0%| F|  |TAMS 0x00000000e3600000| PB 0x00000000e3600000| Untracked 
|  55|0x00000000e3700000, 0x00000000e3700000, 0x00000000e3800000|  0%| F|  |TAMS 0x00000000e3700000| PB 0x00000000e3700000| Untracked 
|  56|0x00000000e3800000, 0x00000000e3800000, 0x00000000e3900000|  0%| F|  |TAMS 0x00000000e3800000| PB 0x00000000e3800000| Untracked 
|  57|0x00000000e3900000, 0x00000000e3900000, 0x00000000e3a00000|  0%| F|  |TAMS 0x00000000e3900000| PB 0x00000000e3900000| Untracked 
|  58|0x00000000e3a00000, 0x00000000e3a00000, 0x00000000e3b00000|  0%| F|  |TAMS 0x00000000e3a00000| PB 0x00000000e3a00000| Untracked 
|  59|0x00000000e3b00000, 0x00000000e3b00000, 0x00000000e3c00000|  0%| F|  |TAMS 0x00000000e3b00000| PB 0x00000000e3b00000| Untracked 
|  60|0x00000000e3c00000, 0x00000000e3c00000, 0x00000000e3d00000|  0%| F|  |TAMS 0x00000000e3c00000| PB 0x00000000e3c00000| Untracked 
|  61|0x00000000e3d00000, 0x00000000e3d00000, 0x00000000e3e00000|  0%| F|  |TAMS 0x00000000e3d00000| PB 0x00000000e3d00000| Untracked 
|  62|0x00000000e3e00000, 0x00000000e3e00000, 0x00000000e3f00000|  0%| F|  |TAMS 0x00000000e3e00000| PB 0x00000000e3e00000| Untracked 
|  63|0x00000000e3f00000, 0x00000000e3f00000, 0x00000000e4000000|  0%| F|  |TAMS 0x00000000e3f00000| PB 0x00000000e3f00000| Untracked 
|  64|0x00000000e4000000, 0x00000000e4000000, 0x00000000e4100000|  0%| F|  |TAMS 0x00000000e4000000| PB 0x00000000e4000000| Untracked 
|  65|0x00000000e4100000, 0x00000000e4100000, 0x00000000e4200000|  0%| F|  |TAMS 0x00000000e4100000| PB 0x00000000e4100000| Untracked 
|  66|0x00000000e4200000, 0x00000000e4200000, 0x00000000e4300000|  0%| F|  |TAMS 0x00000000e4200000| PB 0x00000000e4200000| Untracked 
|  67|0x00000000e4300000, 0x00000000e4300000, 0x00000000e4400000|  0%| F|  |TAMS 0x00000000e4300000| PB 0x00000000e4300000| Untracked 
|  68|0x00000000e4400000, 0x00000000e4400000, 0x00000000e4500000|  0%| F|  |TAMS 0x00000000e4400000| PB 0x00000000e4400000| Untracked 
|  69|0x00000000e4500000, 0x00000000e4500000, 0x00000000e4600000|  0%| F|  |TAMS 0x00000000e4500000| PB 0x00000000e4500000| Untracked 
|  70|0x00000000e4600000, 0x00000000e4600000, 0x00000000e4700000|  0%| F|  |TAMS 0x00000000e4600000| PB 0x00000000e4600000| Untracked 
|  71|0x00000000e4700000, 0x00000000e4700000, 0x00000000e4800000|  0%| F|  |TAMS 0x00000000e4700000| PB 0x00000000e4700000| Untracked 
|  72|0x00000000e4800000, 0x00000000e4800000, 0x00000000e4900000|  0%| F|  |TAMS 0x00000000e4800000| PB 0x00000000e4800000| Untracked 
|  73|0x00000000e4900000, 0x00000000e4900000, 0x00000000e4a00000|  0%| F|  |TAMS 0x00000000e4900000| PB 0x00000000e4900000| Untracked 
|  74|0x00000000e4a00000, 0x00000000e4a00000, 0x00000000e4b00000|  0%| F|  |TAMS 0x00000000e4a00000| PB 0x00000000e4a00000| Untracked 
|  75|0x00000000e4b00000, 0x00000000e4b00000, 0x00000000e4c00000|  0%| F|  |TAMS 0x00000000e4b00000| PB 0x00000000e4b00000| Untracked 
|  76|0x00000000e4c00000, 0x00000000e4c00000, 0x00000000e4d00000|  0%| F|  |TAMS 0x00000000e4c00000| PB 0x00000000e4c00000| Untracked 
|  77|0x00000000e4d00000, 0x00000000e4d00000, 0x00000000e4e00000|  0%| F|  |TAMS 0x00000000e4d00000| PB 0x00000000e4d00000| Untracked 
|  78|0x00000000e4e00000, 0x00000000e4e00000, 0x00000000e4f00000|  0%| F|  |TAMS 0x00000000e4e00000| PB 0x00000000e4e00000| Untracked 
|  79|0x00000000e4f00000, 0x00000000e4f00000, 0x00000000e5000000|  0%| F|  |TAMS 0x00000000e4f00000| PB 0x00000000e4f00000| Untracked 
|  80|0x00000000e5000000, 0x00000000e5000000, 0x00000000e5100000|  0%| F|  |TAMS 0x00000000e5000000| PB 0x00000000e5000000| Untracked 
|  81|0x00000000e5100000, 0x00000000e5100000, 0x00000000e5200000|  0%| F|  |TAMS 0x00000000e5100000| PB 0x00000000e5100000| Untracked 
|  82|0x00000000e5200000, 0x00000000e5200000, 0x00000000e5300000|  0%| F|  |TAMS 0x00000000e5200000| PB 0x00000000e5200000| Untracked 
|  83|0x00000000e5300000, 0x00000000e5300000, 0x00000000e5400000|  0%| F|  |TAMS 0x00000000e5300000| PB 0x00000000e5300000| Untracked 
|  84|0x00000000e5400000, 0x00000000e5400000, 0x00000000e5500000|  0%| F|  |TAMS 0x00000000e5400000| PB 0x00000000e5400000| Untracked 
|  85|0x00000000e5500000, 0x00000000e55ff6c0, 0x00000000e5600000| 99%| S|CS|TAMS 0x00000000e5500000| PB 0x00000000e5500000| Complete 
|  86|0x00000000e5600000, 0x00000000e5700000, 0x00000000e5700000|100%| S|CS|TAMS 0x00000000e5600000| PB 0x00000000e5600000| Complete 
|  87|0x00000000e5700000, 0x00000000e5800000, 0x00000000e5800000|100%| S|CS|TAMS 0x00000000e5700000| PB 0x00000000e5700000| Complete 
|  88|0x00000000e5800000, 0x00000000e5900000, 0x00000000e5900000|100%| S|CS|TAMS 0x00000000e5800000| PB 0x00000000e5800000| Complete 
|  89|0x00000000e5900000, 0x00000000e5a00000, 0x00000000e5a00000|100%| S|CS|TAMS 0x00000000e5900000| PB 0x00000000e5900000| Complete 
|  90|0x00000000e5a00000, 0x00000000e5b00000, 0x00000000e5b00000|100%| S|CS|TAMS 0x00000000e5a00000| PB 0x00000000e5a00000| Complete 
|  91|0x00000000e5b00000, 0x00000000e5c00000, 0x00000000e5c00000|100%| S|CS|TAMS 0x00000000e5b00000| PB 0x00000000e5b00000| Complete 
|  92|0x00000000e5c00000, 0x00000000e5d00000, 0x00000000e5d00000|100%| S|CS|TAMS 0x00000000e5c00000| PB 0x00000000e5c00000| Complete 
|  93|0x00000000e5d00000, 0x00000000e5e00000, 0x00000000e5e00000|100%| S|CS|TAMS 0x00000000e5d00000| PB 0x00000000e5d00000| Complete 
|  94|0x00000000e5e00000, 0x00000000e5f00000, 0x00000000e5f00000|100%| S|CS|TAMS 0x00000000e5e00000| PB 0x00000000e5e00000| Complete 
|  95|0x00000000e5f00000, 0x00000000e6000000, 0x00000000e6000000|100%| S|CS|TAMS 0x00000000e5f00000| PB 0x00000000e5f00000| Complete 
|  96|0x00000000e6000000, 0x00000000e6100000, 0x00000000e6100000|100%| S|CS|TAMS 0x00000000e6000000| PB 0x00000000e6000000| Complete 
|  97|0x00000000e6100000, 0x00000000e6200000, 0x00000000e6200000|100%| S|CS|TAMS 0x00000000e6100000| PB 0x00000000e6100000| Complete 
|  98|0x00000000e6200000, 0x00000000e6300000, 0x00000000e6300000|100%| S|CS|TAMS 0x00000000e6200000| PB 0x00000000e6200000| Complete 
|  99|0x00000000e6300000, 0x00000000e6400000, 0x00000000e6400000|100%| S|CS|TAMS 0x00000000e6300000| PB 0x00000000e6300000| Complete 
| 100|0x00000000e6400000, 0x00000000e6500000, 0x00000000e6500000|100%| S|CS|TAMS 0x00000000e6400000| PB 0x00000000e6400000| Complete 
| 101|0x00000000e6500000, 0x00000000e6600000, 0x00000000e6600000|100%| S|CS|TAMS 0x00000000e6500000| PB 0x00000000e6500000| Complete 
| 102|0x00000000e6600000, 0x00000000e6700000, 0x00000000e6700000|100%| S|CS|TAMS 0x00000000e6600000| PB 0x00000000e6600000| Complete 
| 103|0x00000000e6700000, 0x00000000e6700000, 0x00000000e6800000|  0%| F|  |TAMS 0x00000000e6700000| PB 0x00000000e6700000| Untracked 
| 104|0x00000000e6800000, 0x00000000e6800000, 0x00000000e6900000|  0%| F|  |TAMS 0x00000000e6800000| PB 0x00000000e6800000| Untracked 
| 105|0x00000000e6900000, 0x00000000e6900000, 0x00000000e6a00000|  0%| F|  |TAMS 0x00000000e6900000| PB 0x00000000e6900000| Untracked 
| 106|0x00000000e6a00000, 0x00000000e6a00000, 0x00000000e6b00000|  0%| F|  |TAMS 0x00000000e6a00000| PB 0x00000000e6a00000| Untracked 
| 107|0x00000000e6b00000, 0x00000000e6b00000, 0x00000000e6c00000|  0%| F|  |TAMS 0x00000000e6b00000| PB 0x00000000e6b00000| Untracked 
| 108|0x00000000e6c00000, 0x00000000e6c00000, 0x00000000e6d00000|  0%| F|  |TAMS 0x00000000e6c00000| PB 0x00000000e6c00000| Untracked 
| 109|0x00000000e6d00000, 0x00000000e6d00000, 0x00000000e6e00000|  0%| F|  |TAMS 0x00000000e6d00000| PB 0x00000000e6d00000| Untracked 
| 110|0x00000000e6e00000, 0x00000000e6e00000, 0x00000000e6f00000|  0%| F|  |TAMS 0x00000000e6e00000| PB 0x00000000e6e00000| Untracked 
| 111|0x00000000e6f00000, 0x00000000e6f00000, 0x00000000e7000000|  0%| F|  |TAMS 0x00000000e6f00000| PB 0x00000000e6f00000| Untracked 
| 112|0x00000000e7000000, 0x00000000e7000000, 0x00000000e7100000|  0%| F|  |TAMS 0x00000000e7000000| PB 0x00000000e7000000| Untracked 
| 113|0x00000000e7100000, 0x00000000e7100000, 0x00000000e7200000|  0%| F|  |TAMS 0x00000000e7100000| PB 0x00000000e7100000| Untracked 
| 114|0x00000000e7200000, 0x00000000e7200000, 0x00000000e7300000|  0%| F|  |TAMS 0x00000000e7200000| PB 0x00000000e7200000| Untracked 
| 115|0x00000000e7300000, 0x00000000e7300000, 0x00000000e7400000|  0%| F|  |TAMS 0x00000000e7300000| PB 0x00000000e7300000| Untracked 
| 116|0x00000000e7400000, 0x00000000e7400000, 0x00000000e7500000|  0%| F|  |TAMS 0x00000000e7400000| PB 0x00000000e7400000| Untracked 
| 117|0x00000000e7500000, 0x00000000e7500000, 0x00000000e7600000|  0%| F|  |TAMS 0x00000000e7500000| PB 0x00000000e7500000| Untracked 
| 118|0x00000000e7600000, 0x00000000e7600000, 0x00000000e7700000|  0%| F|  |TAMS 0x00000000e7600000| PB 0x00000000e7600000| Untracked 
| 119|0x00000000e7700000, 0x00000000e7700000, 0x00000000e7800000|  0%| F|  |TAMS 0x00000000e7700000| PB 0x00000000e7700000| Untracked 
| 120|0x00000000e7800000, 0x00000000e7800000, 0x00000000e7900000|  0%| F|  |TAMS 0x00000000e7800000| PB 0x00000000e7800000| Untracked 
| 121|0x00000000e7900000, 0x00000000e7900000, 0x00000000e7a00000|  0%| F|  |TAMS 0x00000000e7900000| PB 0x00000000e7900000| Untracked 
| 122|0x00000000e7a00000, 0x00000000e7a00000, 0x00000000e7b00000|  0%| F|  |TAMS 0x00000000e7a00000| PB 0x00000000e7a00000| Untracked 
| 123|0x00000000e7b00000, 0x00000000e7b00000, 0x00000000e7c00000|  0%| F|  |TAMS 0x00000000e7b00000| PB 0x00000000e7b00000| Untracked 
| 124|0x00000000e7c00000, 0x00000000e7c00000, 0x00000000e7d00000|  0%| F|  |TAMS 0x00000000e7c00000| PB 0x00000000e7c00000| Untracked 
| 125|0x00000000e7d00000, 0x00000000e7d00000, 0x00000000e7e00000|  0%| F|  |TAMS 0x00000000e7d00000| PB 0x00000000e7d00000| Untracked 
| 126|0x00000000e7e00000, 0x00000000e7e00000, 0x00000000e7f00000|  0%| F|  |TAMS 0x00000000e7e00000| PB 0x00000000e7e00000| Untracked 
| 127|0x00000000e7f00000, 0x00000000e7f00000, 0x00000000e8000000|  0%| F|  |TAMS 0x00000000e7f00000| PB 0x00000000e7f00000| Untracked 
| 128|0x00000000e8000000, 0x00000000e8000000, 0x00000000e8100000|  0%| F|  |TAMS 0x00000000e8000000| PB 0x00000000e8000000| Untracked 
| 129|0x00000000e8100000, 0x00000000e8100000, 0x00000000e8200000|  0%| F|  |TAMS 0x00000000e8100000| PB 0x00000000e8100000| Untracked 
| 130|0x00000000e8200000, 0x00000000e8200000, 0x00000000e8300000|  0%| F|  |TAMS 0x00000000e8200000| PB 0x00000000e8200000| Untracked 
| 131|0x00000000e8300000, 0x00000000e8300000, 0x00000000e8400000|  0%| F|  |TAMS 0x00000000e8300000| PB 0x00000000e8300000| Untracked 
| 132|0x00000000e8400000, 0x00000000e8400000, 0x00000000e8500000|  0%| F|  |TAMS 0x00000000e8400000| PB 0x00000000e8400000| Untracked 
| 133|0x00000000e8500000, 0x00000000e8500000, 0x00000000e8600000|  0%| F|  |TAMS 0x00000000e8500000| PB 0x00000000e8500000| Untracked 
| 134|0x00000000e8600000, 0x00000000e8600000, 0x00000000e8700000|  0%| F|  |TAMS 0x00000000e8600000| PB 0x00000000e8600000| Untracked 
| 135|0x00000000e8700000, 0x00000000e8700000, 0x00000000e8800000|  0%| F|  |TAMS 0x00000000e8700000| PB 0x00000000e8700000| Untracked 
| 136|0x00000000e8800000, 0x00000000e8800000, 0x00000000e8900000|  0%| F|  |TAMS 0x00000000e8800000| PB 0x00000000e8800000| Untracked 
| 137|0x00000000e8900000, 0x00000000e8900000, 0x00000000e8a00000|  0%| F|  |TAMS 0x00000000e8900000| PB 0x00000000e8900000| Untracked 
| 138|0x00000000e8a00000, 0x00000000e8a00000, 0x00000000e8b00000|  0%| F|  |TAMS 0x00000000e8a00000| PB 0x00000000e8a00000| Untracked 
| 139|0x00000000e8b00000, 0x00000000e8b00000, 0x00000000e8c00000|  0%| F|  |TAMS 0x00000000e8b00000| PB 0x00000000e8b00000| Untracked 
| 140|0x00000000e8c00000, 0x00000000e8c00000, 0x00000000e8d00000|  0%| F|  |TAMS 0x00000000e8c00000| PB 0x00000000e8c00000| Untracked 
| 141|0x00000000e8d00000, 0x00000000e8d00000, 0x00000000e8e00000|  0%| F|  |TAMS 0x00000000e8d00000| PB 0x00000000e8d00000| Untracked 
| 142|0x00000000e8e00000, 0x00000000e8e00000, 0x00000000e8f00000|  0%| F|  |TAMS 0x00000000e8e00000| PB 0x00000000e8e00000| Untracked 
| 143|0x00000000e8f00000, 0x00000000e8f00000, 0x00000000e9000000|  0%| F|  |TAMS 0x00000000e8f00000| PB 0x00000000e8f00000| Untracked 
| 144|0x00000000e9000000, 0x00000000e9000000, 0x00000000e9100000|  0%| F|  |TAMS 0x00000000e9000000| PB 0x00000000e9000000| Untracked 
| 145|0x00000000e9100000, 0x00000000e91a3c30, 0x00000000e9200000| 63%| E|  |TAMS 0x00000000e9100000| PB 0x00000000e9100000| Complete 
| 146|0x00000000e9200000, 0x00000000e9300000, 0x00000000e9300000|100%| E|CS|TAMS 0x00000000e9200000| PB 0x00000000e9200000| Complete 
| 147|0x00000000e9300000, 0x00000000e9400000, 0x00000000e9400000|100%| E|CS|TAMS 0x00000000e9300000| PB 0x00000000e9300000| Complete 
| 148|0x00000000e9400000, 0x00000000e9500000, 0x00000000e9500000|100%| E|CS|TAMS 0x00000000e9400000| PB 0x00000000e9400000| Complete 
| 149|0x00000000e9500000, 0x00000000e9600000, 0x00000000e9600000|100%| E|CS|TAMS 0x00000000e9500000| PB 0x00000000e9500000| Complete 
| 150|0x00000000e9600000, 0x00000000e9700000, 0x00000000e9700000|100%| E|CS|TAMS 0x00000000e9600000| PB 0x00000000e9600000| Complete 
| 151|0x00000000e9700000, 0x00000000e9800000, 0x00000000e9800000|100%| E|CS|TAMS 0x00000000e9700000| PB 0x00000000e9700000| Complete 
| 152|0x00000000e9800000, 0x00000000e9900000, 0x00000000e9900000|100%| E|CS|TAMS 0x00000000e9800000| PB 0x00000000e9800000| Complete 
| 153|0x00000000e9900000, 0x00000000e9a00000, 0x00000000e9a00000|100%| E|CS|TAMS 0x00000000e9900000| PB 0x00000000e9900000| Complete 
| 154|0x00000000e9a00000, 0x00000000e9b00000, 0x00000000e9b00000|100%| E|CS|TAMS 0x00000000e9a00000| PB 0x00000000e9a00000| Complete 
| 155|0x00000000e9b00000, 0x00000000e9c00000, 0x00000000e9c00000|100%| E|CS|TAMS 0x00000000e9b00000| PB 0x00000000e9b00000| Complete 
| 156|0x00000000e9c00000, 0x00000000e9d00000, 0x00000000e9d00000|100%| E|CS|TAMS 0x00000000e9c00000| PB 0x00000000e9c00000| Complete 
| 157|0x00000000e9d00000, 0x00000000e9e00000, 0x00000000e9e00000|100%| E|CS|TAMS 0x00000000e9d00000| PB 0x00000000e9d00000| Complete 
| 158|0x00000000e9e00000, 0x00000000e9f00000, 0x00000000e9f00000|100%| E|CS|TAMS 0x00000000e9e00000| PB 0x00000000e9e00000| Complete 
| 159|0x00000000e9f00000, 0x00000000ea000000, 0x00000000ea000000|100%| E|CS|TAMS 0x00000000e9f00000| PB 0x00000000e9f00000| Complete 
| 160|0x00000000ea000000, 0x00000000ea100000, 0x00000000ea100000|100%| E|CS|TAMS 0x00000000ea000000| PB 0x00000000ea000000| Complete 
| 161|0x00000000ea100000, 0x00000000ea200000, 0x00000000ea200000|100%| E|CS|TAMS 0x00000000ea100000| PB 0x00000000ea100000| Complete 
| 162|0x00000000ea200000, 0x00000000ea300000, 0x00000000ea300000|100%| E|CS|TAMS 0x00000000ea200000| PB 0x00000000ea200000| Complete 
| 163|0x00000000ea300000, 0x00000000ea400000, 0x00000000ea400000|100%| E|CS|TAMS 0x00000000ea300000| PB 0x00000000ea300000| Complete 
| 164|0x00000000ea400000, 0x00000000ea500000, 0x00000000ea500000|100%| E|CS|TAMS 0x00000000ea400000| PB 0x00000000ea400000| Complete 
| 165|0x00000000ea500000, 0x00000000ea600000, 0x00000000ea600000|100%| E|CS|TAMS 0x00000000ea500000| PB 0x00000000ea500000| Complete 
| 166|0x00000000ea600000, 0x00000000ea700000, 0x00000000ea700000|100%| E|CS|TAMS 0x00000000ea600000| PB 0x00000000ea600000| Complete 
| 167|0x00000000ea700000, 0x00000000ea800000, 0x00000000ea800000|100%| E|CS|TAMS 0x00000000ea700000| PB 0x00000000ea700000| Complete 
| 168|0x00000000ea800000, 0x00000000ea900000, 0x00000000ea900000|100%| E|CS|TAMS 0x00000000ea800000| PB 0x00000000ea800000| Complete 
| 169|0x00000000ea900000, 0x00000000eaa00000, 0x00000000eaa00000|100%| E|CS|TAMS 0x00000000ea900000| PB 0x00000000ea900000| Complete 
| 170|0x00000000eaa00000, 0x00000000eab00000, 0x00000000eab00000|100%| E|CS|TAMS 0x00000000eaa00000| PB 0x00000000eaa00000| Complete 
| 171|0x00000000eab00000, 0x00000000eac00000, 0x00000000eac00000|100%| E|CS|TAMS 0x00000000eab00000| PB 0x00000000eab00000| Complete 
| 172|0x00000000eac00000, 0x00000000ead00000, 0x00000000ead00000|100%| E|CS|TAMS 0x00000000eac00000| PB 0x00000000eac00000| Complete 
| 173|0x00000000ead00000, 0x00000000eae00000, 0x00000000eae00000|100%| E|CS|TAMS 0x00000000ead00000| PB 0x00000000ead00000| Complete 
| 174|0x00000000eae00000, 0x00000000eaf00000, 0x00000000eaf00000|100%| E|CS|TAMS 0x00000000eae00000| PB 0x00000000eae00000| Complete 
| 175|0x00000000eaf00000, 0x00000000eb000000, 0x00000000eb000000|100%| E|CS|TAMS 0x00000000eaf00000| PB 0x00000000eaf00000| Complete 
| 176|0x00000000eb000000, 0x00000000eb100000, 0x00000000eb100000|100%| E|CS|TAMS 0x00000000eb000000| PB 0x00000000eb000000| Complete 
| 177|0x00000000eb100000, 0x00000000eb200000, 0x00000000eb200000|100%| E|CS|TAMS 0x00000000eb100000| PB 0x00000000eb100000| Complete 
| 178|0x00000000eb200000, 0x00000000eb300000, 0x00000000eb300000|100%| E|CS|TAMS 0x00000000eb200000| PB 0x00000000eb200000| Complete 
| 179|0x00000000eb300000, 0x00000000eb400000, 0x00000000eb400000|100%| E|CS|TAMS 0x00000000eb300000| PB 0x00000000eb300000| Complete 
| 180|0x00000000eb400000, 0x00000000eb500000, 0x00000000eb500000|100%| E|CS|TAMS 0x00000000eb400000| PB 0x00000000eb400000| Complete 
| 181|0x00000000eb500000, 0x00000000eb600000, 0x00000000eb600000|100%| E|CS|TAMS 0x00000000eb500000| PB 0x00000000eb500000| Complete 
| 182|0x00000000eb600000, 0x00000000eb700000, 0x00000000eb700000|100%| E|CS|TAMS 0x00000000eb600000| PB 0x00000000eb600000| Complete 
| 183|0x00000000eb700000, 0x00000000eb800000, 0x00000000eb800000|100%| E|CS|TAMS 0x00000000eb700000| PB 0x00000000eb700000| Complete 
| 184|0x00000000eb800000, 0x00000000eb900000, 0x00000000eb900000|100%| E|CS|TAMS 0x00000000eb800000| PB 0x00000000eb800000| Complete 
| 185|0x00000000eb900000, 0x00000000eba00000, 0x00000000eba00000|100%| E|CS|TAMS 0x00000000eb900000| PB 0x00000000eb900000| Complete 
| 186|0x00000000eba00000, 0x00000000ebb00000, 0x00000000ebb00000|100%| E|CS|TAMS 0x00000000eba00000| PB 0x00000000eba00000| Complete 
| 187|0x00000000ebb00000, 0x00000000ebc00000, 0x00000000ebc00000|100%| E|CS|TAMS 0x00000000ebb00000| PB 0x00000000ebb00000| Complete 
| 188|0x00000000ebc00000, 0x00000000ebd00000, 0x00000000ebd00000|100%| E|CS|TAMS 0x00000000ebc00000| PB 0x00000000ebc00000| Complete 
| 189|0x00000000ebd00000, 0x00000000ebe00000, 0x00000000ebe00000|100%| E|CS|TAMS 0x00000000ebd00000| PB 0x00000000ebd00000| Complete 
| 190|0x00000000ebe00000, 0x00000000ebf00000, 0x00000000ebf00000|100%| E|CS|TAMS 0x00000000ebe00000| PB 0x00000000ebe00000| Complete 
| 191|0x00000000ebf00000, 0x00000000ec000000, 0x00000000ec000000|100%| E|CS|TAMS 0x00000000ebf00000| PB 0x00000000ebf00000| Complete 
| 192|0x00000000ec000000, 0x00000000ec100000, 0x00000000ec100000|100%| E|CS|TAMS 0x00000000ec000000| PB 0x00000000ec000000| Complete 
| 193|0x00000000ec100000, 0x00000000ec200000, 0x00000000ec200000|100%| E|CS|TAMS 0x00000000ec100000| PB 0x00000000ec100000| Complete 
| 194|0x00000000ec200000, 0x00000000ec300000, 0x00000000ec300000|100%| E|CS|TAMS 0x00000000ec200000| PB 0x00000000ec200000| Complete 
| 195|0x00000000ec300000, 0x00000000ec400000, 0x00000000ec400000|100%| E|CS|TAMS 0x00000000ec300000| PB 0x00000000ec300000| Complete 
| 196|0x00000000ec400000, 0x00000000ec500000, 0x00000000ec500000|100%| E|CS|TAMS 0x00000000ec400000| PB 0x00000000ec400000| Complete 
| 197|0x00000000ec500000, 0x00000000ec600000, 0x00000000ec600000|100%| E|CS|TAMS 0x00000000ec500000| PB 0x00000000ec500000| Complete 
| 198|0x00000000ec600000, 0x00000000ec700000, 0x00000000ec700000|100%| E|CS|TAMS 0x00000000ec600000| PB 0x00000000ec600000| Complete 
| 199|0x00000000ec700000, 0x00000000ec800000, 0x00000000ec800000|100%| E|CS|TAMS 0x00000000ec700000| PB 0x00000000ec700000| Complete 
| 200|0x00000000ec800000, 0x00000000ec900000, 0x00000000ec900000|100%| E|CS|TAMS 0x00000000ec800000| PB 0x00000000ec800000| Complete 
| 201|0x00000000ec900000, 0x00000000eca00000, 0x00000000eca00000|100%| E|CS|TAMS 0x00000000ec900000| PB 0x00000000ec900000| Complete 
| 202|0x00000000eca00000, 0x00000000ecb00000, 0x00000000ecb00000|100%| E|CS|TAMS 0x00000000eca00000| PB 0x00000000eca00000| Complete 
| 203|0x00000000ecb00000, 0x00000000ecc00000, 0x00000000ecc00000|100%| E|CS|TAMS 0x00000000ecb00000| PB 0x00000000ecb00000| Complete 
| 204|0x00000000ecc00000, 0x00000000ecd00000, 0x00000000ecd00000|100%| E|CS|TAMS 0x00000000ecc00000| PB 0x00000000ecc00000| Complete 
| 205|0x00000000ecd00000, 0x00000000ece00000, 0x00000000ece00000|100%| E|CS|TAMS 0x00000000ecd00000| PB 0x00000000ecd00000| Complete 
| 206|0x00000000ece00000, 0x00000000ecf00000, 0x00000000ecf00000|100%| E|CS|TAMS 0x00000000ece00000| PB 0x00000000ece00000| Complete 
| 207|0x00000000ecf00000, 0x00000000ed000000, 0x00000000ed000000|100%| E|CS|TAMS 0x00000000ecf00000| PB 0x00000000ecf00000| Complete 
| 208|0x00000000ed000000, 0x00000000ed100000, 0x00000000ed100000|100%| E|CS|TAMS 0x00000000ed000000| PB 0x00000000ed000000| Complete 
| 209|0x00000000ed100000, 0x00000000ed200000, 0x00000000ed200000|100%| E|CS|TAMS 0x00000000ed100000| PB 0x00000000ed100000| Complete 
| 210|0x00000000ed200000, 0x00000000ed300000, 0x00000000ed300000|100%| E|CS|TAMS 0x00000000ed200000| PB 0x00000000ed200000| Complete 
| 211|0x00000000ed300000, 0x00000000ed400000, 0x00000000ed400000|100%| E|CS|TAMS 0x00000000ed300000| PB 0x00000000ed300000| Complete 
| 212|0x00000000ed400000, 0x00000000ed500000, 0x00000000ed500000|100%| E|CS|TAMS 0x00000000ed400000| PB 0x00000000ed400000| Complete 
| 213|0x00000000ed500000, 0x00000000ed600000, 0x00000000ed600000|100%| E|CS|TAMS 0x00000000ed500000| PB 0x00000000ed500000| Complete 
| 214|0x00000000ed600000, 0x00000000ed700000, 0x00000000ed700000|100%| E|CS|TAMS 0x00000000ed600000| PB 0x00000000ed600000| Complete 
| 215|0x00000000ed700000, 0x00000000ed800000, 0x00000000ed800000|100%| E|CS|TAMS 0x00000000ed700000| PB 0x00000000ed700000| Complete 
| 216|0x00000000ed800000, 0x00000000ed900000, 0x00000000ed900000|100%| E|CS|TAMS 0x00000000ed800000| PB 0x00000000ed800000| Complete 
| 217|0x00000000ed900000, 0x00000000eda00000, 0x00000000eda00000|100%| E|CS|TAMS 0x00000000ed900000| PB 0x00000000ed900000| Complete 
| 218|0x00000000eda00000, 0x00000000edb00000, 0x00000000edb00000|100%| E|CS|TAMS 0x00000000eda00000| PB 0x00000000eda00000| Complete 
| 219|0x00000000edb00000, 0x00000000edc00000, 0x00000000edc00000|100%| E|CS|TAMS 0x00000000edb00000| PB 0x00000000edb00000| Complete 
| 220|0x00000000edc00000, 0x00000000edd00000, 0x00000000edd00000|100%| E|CS|TAMS 0x00000000edc00000| PB 0x00000000edc00000| Complete 
| 221|0x00000000edd00000, 0x00000000ede00000, 0x00000000ede00000|100%| E|CS|TAMS 0x00000000edd00000| PB 0x00000000edd00000| Complete 
| 222|0x00000000ede00000, 0x00000000edf00000, 0x00000000edf00000|100%| E|CS|TAMS 0x00000000ede00000| PB 0x00000000ede00000| Complete 
| 223|0x00000000edf00000, 0x00000000ee000000, 0x00000000ee000000|100%| E|CS|TAMS 0x00000000edf00000| PB 0x00000000edf00000| Complete 
| 224|0x00000000ee000000, 0x00000000ee100000, 0x00000000ee100000|100%| E|CS|TAMS 0x00000000ee000000| PB 0x00000000ee000000| Complete 
| 225|0x00000000ee100000, 0x00000000ee200000, 0x00000000ee200000|100%| E|CS|TAMS 0x00000000ee100000| PB 0x00000000ee100000| Complete 
| 226|0x00000000ee200000, 0x00000000ee300000, 0x00000000ee300000|100%| E|CS|TAMS 0x00000000ee200000| PB 0x00000000ee200000| Complete 
| 227|0x00000000ee300000, 0x00000000ee400000, 0x00000000ee400000|100%| E|CS|TAMS 0x00000000ee300000| PB 0x00000000ee300000| Complete 
| 228|0x00000000ee400000, 0x00000000ee500000, 0x00000000ee500000|100%| E|CS|TAMS 0x00000000ee400000| PB 0x00000000ee400000| Complete 
| 229|0x00000000ee500000, 0x00000000ee600000, 0x00000000ee600000|100%| E|CS|TAMS 0x00000000ee500000| PB 0x00000000ee500000| Complete 
| 230|0x00000000ee600000, 0x00000000ee700000, 0x00000000ee700000|100%| E|CS|TAMS 0x00000000ee600000| PB 0x00000000ee600000| Complete 
| 231|0x00000000ee700000, 0x00000000ee800000, 0x00000000ee800000|100%| E|CS|TAMS 0x00000000ee700000| PB 0x00000000ee700000| Complete 
| 232|0x00000000ee800000, 0x00000000ee900000, 0x00000000ee900000|100%| E|CS|TAMS 0x00000000ee800000| PB 0x00000000ee800000| Complete 
| 233|0x00000000ee900000, 0x00000000eea00000, 0x00000000eea00000|100%| E|CS|TAMS 0x00000000ee900000| PB 0x00000000ee900000| Complete 
| 234|0x00000000eea00000, 0x00000000eeb00000, 0x00000000eeb00000|100%| E|CS|TAMS 0x00000000eea00000| PB 0x00000000eea00000| Complete 
| 235|0x00000000eeb00000, 0x00000000eec00000, 0x00000000eec00000|100%| E|CS|TAMS 0x00000000eeb00000| PB 0x00000000eeb00000| Complete 
| 236|0x00000000eec00000, 0x00000000eed00000, 0x00000000eed00000|100%| E|CS|TAMS 0x00000000eec00000| PB 0x00000000eec00000| Complete 
| 237|0x00000000eed00000, 0x00000000eee00000, 0x00000000eee00000|100%| E|CS|TAMS 0x00000000eed00000| PB 0x00000000eed00000| Complete 
| 238|0x00000000eee00000, 0x00000000eef00000, 0x00000000eef00000|100%| E|CS|TAMS 0x00000000eee00000| PB 0x00000000eee00000| Complete 
| 239|0x00000000eef00000, 0x00000000ef000000, 0x00000000ef000000|100%| E|CS|TAMS 0x00000000eef00000| PB 0x00000000eef00000| Complete 
| 240|0x00000000ef000000, 0x00000000ef100000, 0x00000000ef100000|100%| E|CS|TAMS 0x00000000ef000000| PB 0x00000000ef000000| Complete 
| 241|0x00000000ef100000, 0x00000000ef200000, 0x00000000ef200000|100%| E|CS|TAMS 0x00000000ef100000| PB 0x00000000ef100000| Complete 
| 242|0x00000000ef200000, 0x00000000ef300000, 0x00000000ef300000|100%| E|CS|TAMS 0x00000000ef200000| PB 0x00000000ef200000| Complete 
| 243|0x00000000ef300000, 0x00000000ef400000, 0x00000000ef400000|100%| E|CS|TAMS 0x00000000ef300000| PB 0x00000000ef300000| Complete 
| 244|0x00000000ef400000, 0x00000000ef500000, 0x00000000ef500000|100%| E|CS|TAMS 0x00000000ef400000| PB 0x00000000ef400000| Complete 
| 245|0x00000000ef500000, 0x00000000ef600000, 0x00000000ef600000|100%| E|CS|TAMS 0x00000000ef500000| PB 0x00000000ef500000| Complete 
| 246|0x00000000ef600000, 0x00000000ef700000, 0x00000000ef700000|100%| E|CS|TAMS 0x00000000ef600000| PB 0x00000000ef600000| Complete 
| 247|0x00000000ef700000, 0x00000000ef800000, 0x00000000ef800000|100%| E|CS|TAMS 0x00000000ef700000| PB 0x00000000ef700000| Complete 
| 248|0x00000000ef800000, 0x00000000ef900000, 0x00000000ef900000|100%| E|CS|TAMS 0x00000000ef800000| PB 0x00000000ef800000| Complete 
| 249|0x00000000ef900000, 0x00000000efa00000, 0x00000000efa00000|100%| E|CS|TAMS 0x00000000ef900000| PB 0x00000000ef900000| Complete 
| 250|0x00000000efa00000, 0x00000000efb00000, 0x00000000efb00000|100%| E|CS|TAMS 0x00000000efa00000| PB 0x00000000efa00000| Complete 
| 251|0x00000000efb00000, 0x00000000efc00000, 0x00000000efc00000|100%| E|CS|TAMS 0x00000000efb00000| PB 0x00000000efb00000| Complete 
| 252|0x00000000efc00000, 0x00000000efd00000, 0x00000000efd00000|100%| E|CS|TAMS 0x00000000efc00000| PB 0x00000000efc00000| Complete 
| 253|0x00000000efd00000, 0x00000000efe00000, 0x00000000efe00000|100%| E|CS|TAMS 0x00000000efd00000| PB 0x00000000efd00000| Complete 
| 254|0x00000000efe00000, 0x00000000eff00000, 0x00000000eff00000|100%| E|CS|TAMS 0x00000000efe00000| PB 0x00000000efe00000| Complete 
| 255|0x00000000eff00000, 0x00000000f0000000, 0x00000000f0000000|100%| E|CS|TAMS 0x00000000eff00000| PB 0x00000000eff00000| Complete 

Card table byte_map: [0x00000182f1840000,0x00000182f1940000] _byte_map_base: 0x00000182f1140000

Marking Bits: (CMBitMap*) 0x00000182df23c010
 Bits: [0x00000182f1940000, 0x00000182f2140000)

Polling page: 0x00000182dcf60000

Metaspace:

Usage:
  Non-class:     60.28 MB used.
      Class:     10.26 MB used.
       Both:     70.54 MB used.

Virtual space:
  Non-class space:       64.00 MB reserved,      61.31 MB ( 96%) committed,  1 nodes.
      Class space:      320.00 MB reserved,      11.31 MB (  4%) committed,  1 nodes.
             Both:      384.00 MB reserved,      72.62 MB ( 19%) committed. 

Chunk freelists:
   Non-Class:  2.52 MB
       Class:  4.72 MB
        Both:  7.23 MB

MaxMetaspaceSize: 384.00 MB
CompressedClassSpaceSize: 320.00 MB
Initial GC threshold: 21.00 MB
Current GC threshold: 100.88 MB
CDS: on
 - commit_granule_bytes: 65536.
 - commit_granule_words: 8192.
 - virtual_space_node_default_size: 8388608.
 - enlarge_chunks_in_place: 1.
 - use_allocation_guard: 0.


Internal statistics:

num_allocs_failed_limit: 18.
num_arena_births: 3772.
num_arena_deaths: 0.
num_vsnodes_births: 2.
num_vsnodes_deaths: 0.
num_space_committed: 1162.
num_space_uncommitted: 0.
num_chunks_returned_to_freelist: 18.
num_chunks_taken_from_freelist: 7274.
num_chunk_merges: 9.
num_chunk_splits: 4683.
num_chunks_enlarged: 2829.
num_inconsistent_stats: 0.

CodeHeap 'non-profiled nmethods': size=120000Kb used=5451Kb max_used=5451Kb free=114548Kb
 bounds [0x00000182e9ee0000, 0x00000182ea440000, 0x00000182f1410000]
CodeHeap 'profiled nmethods': size=120000Kb used=18085Kb max_used=18085Kb free=101915Kb
 bounds [0x00000182e2410000, 0x00000182e35c0000, 0x00000182e9940000]
CodeHeap 'non-nmethods': size=5760Kb used=2666Kb max_used=2757Kb free=3093Kb
 bounds [0x00000182e9940000, 0x00000182e9c10000, 0x00000182e9ee0000]
CodeCache: size=245760Kb, used=26202Kb, max_used=26293Kb, free=219556Kb
 total_blobs=10366, nmethods=9438, adapters=832, full_count=0
Compilation: enabled, stopped_count=0, restarted_count=0

Compilation events (20 events):
Event: 43.224 Thread 0x00000182f4c23850 10156       3       kotlin.internal.ProgressionUtilKt::mod (16 bytes)
Event: 43.224 Thread 0x00000182f4c23850 nmethod 10156 0x00000182e35ac390 code [0x00000182e35ac520, 0x00000182e35ac678]
Event: 43.295 Thread 0x00000182f4c129f0 nmethod 9899 0x00000182ea424b10 code [0x00000182ea425320, 0x00000182ea42e1d8]
Event: 43.303 Thread 0x00000182f4c129f0 10084 %     4       org.gradle.internal.instantiation.generator.AbstractClassGenerator::inspectType @ 107 (560 bytes)
Event: 44.314 Thread 0x00000182f4c23850 10158       3       org.gradle.internal.operations.CurrentBuildOperationRef::instance (4 bytes)
Event: 44.314 Thread 0x00000182f4c23850 nmethod 10158 0x00000182e35ac710 code [0x00000182e35ac8a0, 0x00000182e35ac998]
Event: 44.314 Thread 0x00000182f4c23850 10159       3       org.gradle.internal.logging.console.BuildLogLevelFilterRenderer::onOutput (53 bytes)
Event: 44.315 Thread 0x00000182f4c23850 nmethod 10159 0x00000182e35aca10 code [0x00000182e35acc20, 0x00000182e35ad310]
Event: 44.315 Thread 0x00000182f4c23850 10160       3       org.gradle.internal.logging.sink.ProgressLogEventGenerator::onOutput (72 bytes)
Event: 44.315 Thread 0x00000182f4c23850 nmethod 10160 0x00000182e35ad490 code [0x00000182e35ad6e0, 0x00000182e35ae160]
Event: 44.316 Thread 0x00000182f4c23850 10161       3       org.gradle.internal.snapshot.EmptyChildMap::stream (4 bytes)
Event: 44.316 Thread 0x00000182f4c23850 nmethod 10161 0x00000182e35ae310 code [0x00000182e35ae4c0, 0x00000182e35ae6c8]
Event: 44.326 Thread 0x00000182f4c23850 10164       3       java.util.concurrent.CopyOnWriteArrayList::indexOfRange (63 bytes)
Event: 44.327 Thread 0x00000182f4c23850 nmethod 10164 0x00000182e35ae790 code [0x00000182e35ae980, 0x00000182e35aedf8]
Event: 44.329 Thread 0x00000182f4c23850 10165       1       org.gradle.cache.internal.filelock.FileLockOutcome$3::isLockWasAcquired (2 bytes)
Event: 44.329 Thread 0x00000182f4c23850 nmethod 10165 0x00000182ea431d10 code [0x00000182ea431ea0, 0x00000182ea431f68]
Event: 44.330 Thread 0x00000182f4c23850 10166       3       java.util.concurrent.ThreadPoolExecutor$Worker::tryAcquire (20 bytes)
Event: 44.330 Thread 0x00000182f4c23850 nmethod 10166 0x00000182e35af010 code [0x00000182e35af1c0, 0x00000182e35af400]
Event: 44.330 Thread 0x00000182f4c23850 10167       3       java.util.concurrent.ThreadPoolExecutor::isRunning (10 bytes)
Event: 44.330 Thread 0x00000182f4c23850 nmethod 10167 0x00000182e35af490 code [0x00000182e35af620, 0x00000182e35af760]

GC Heap History (20 events):
Event: 1.906 GC heap before
{Heap before GC invocations=0 (full 0):
 garbage-first heap   total 262144K, used 26624K [0x00000000e0000000, 0x0000000100000000)
  region size 1024K, 23 young (23552K), 0 survivors (0K)
 Metaspace       used 1127K, committed 1280K, reserved 393216K
  class space    used 81K, committed 128K, reserved 327680K
}
Event: 1.915 GC heap after
{Heap after GC invocations=1 (full 0):
 garbage-first heap   total 262144K, used 10325K [0x00000000e0000000, 0x0000000100000000)
  region size 1024K, 3 young (3072K), 3 survivors (3072K)
 Metaspace       used 1127K, committed 1280K, reserved 393216K
  class space    used 81K, committed 128K, reserved 327680K
}
Event: 5.282 GC heap before
{Heap before GC invocations=1 (full 0):
 garbage-first heap   total 262144K, used 41045K [0x00000000e0000000, 0x0000000100000000)
  region size 1024K, 33 young (33792K), 3 survivors (3072K)
 Metaspace       used 4285K, committed 4480K, reserved 393216K
  class space    used 546K, committed 640K, reserved 327680K
}
Event: 5.289 GC heap after
{Heap after GC invocations=2 (full 0):
 garbage-first heap   total 262144K, used 12128K [0x00000000e0000000, 0x0000000100000000)
  region size 1024K, 2 young (2048K), 2 survivors (2048K)
 Metaspace       used 4285K, committed 4480K, reserved 393216K
  class space    used 546K, committed 640K, reserved 327680K
}
Event: 17.380 GC heap before
{Heap before GC invocations=2 (full 0):
 garbage-first heap   total 262144K, used 144224K [0x00000000e0000000, 0x0000000100000000)
  region size 1024K, 130 young (133120K), 2 survivors (2048K)
 Metaspace       used 20736K, committed 21504K, reserved 393216K
  class space    used 3066K, committed 3456K, reserved 327680K
}
Event: 17.400 GC heap after
{Heap after GC invocations=3 (full 0):
 garbage-first heap   total 262144K, used 24772K [0x00000000e0000000, 0x0000000100000000)
  region size 1024K, 13 young (13312K), 13 survivors (13312K)
 Metaspace       used 20736K, committed 21504K, reserved 393216K
  class space    used 3066K, committed 3456K, reserved 327680K
}
Event: 22.056 GC heap before
{Heap before GC invocations=4 (full 0):
 garbage-first heap   total 262144K, used 117956K [0x00000000e0000000, 0x0000000100000000)
  region size 1024K, 106 young (108544K), 13 survivors (13312K)
 Metaspace       used 34761K, committed 35968K, reserved 393216K
  class space    used 5170K, committed 5760K, reserved 327680K
}
Event: 22.082 GC heap after
{Heap after GC invocations=5 (full 0):
 garbage-first heap   total 262144K, used 32364K [0x00000000e0000000, 0x0000000100000000)
  region size 1024K, 8 young (8192K), 8 survivors (8192K)
 Metaspace       used 34761K, committed 35968K, reserved 393216K
  class space    used 5170K, committed 5760K, reserved 327680K
}
Event: 22.129 GC heap before
{Heap before GC invocations=5 (full 0):
 garbage-first heap   total 262144K, used 32364K [0x00000000e0000000, 0x0000000100000000)
  region size 1024K, 9 young (9216K), 8 survivors (8192K)
 Metaspace       used 34990K, committed 36288K, reserved 393216K
  class space    used 5180K, committed 5824K, reserved 327680K
}
Event: 22.139 GC heap after
{Heap after GC invocations=6 (full 0):
 garbage-first heap   total 262144K, used 32768K [0x00000000e0000000, 0x0000000100000000)
  region size 1024K, 7 young (7168K), 7 survivors (7168K)
 Metaspace       used 34990K, committed 36288K, reserved 393216K
  class space    used 5180K, committed 5824K, reserved 327680K
}
Event: 22.395 GC heap before
{Heap before GC invocations=6 (full 0):
 garbage-first heap   total 262144K, used 36864K [0x00000000e0000000, 0x0000000100000000)
  region size 1024K, 12 young (12288K), 7 survivors (7168K)
 Metaspace       used 35379K, committed 36608K, reserved 393216K
  class space    used 5222K, committed 5824K, reserved 327680K
}
Event: 22.405 GC heap after
{Heap after GC invocations=7 (full 0):
 garbage-first heap   total 262144K, used 33240K [0x00000000e0000000, 0x0000000100000000)
  region size 1024K, 8 young (8192K), 8 survivors (8192K)
 Metaspace       used 35379K, committed 36608K, reserved 393216K
  class space    used 5222K, committed 5824K, reserved 327680K
}
Event: 27.286 GC heap before
{Heap before GC invocations=8 (full 0):
 garbage-first heap   total 262144K, used 187864K [0x00000000e0000000, 0x0000000100000000)
  region size 1024K, 153 young (156672K), 8 survivors (8192K)
 Metaspace       used 49851K, committed 51520K, reserved 393216K
  class space    used 7249K, committed 8064K, reserved 327680K
}
Event: 27.313 GC heap after
{Heap after GC invocations=9 (full 0):
 garbage-first heap   total 262144K, used 41286K [0x00000000e0000000, 0x0000000100000000)
  region size 1024K, 16 young (16384K), 16 survivors (16384K)
 Metaspace       used 49851K, committed 51520K, reserved 393216K
  class space    used 7249K, committed 8064K, reserved 327680K
}
Event: 31.982 GC heap before
{Heap before GC invocations=9 (full 0):
 garbage-first heap   total 262144K, used 156998K [0x00000000e0000000, 0x0000000100000000)
  region size 1024K, 124 young (126976K), 16 survivors (16384K)
 Metaspace       used 59505K, committed 61376K, reserved 393216K
  class space    used 8711K, committed 9600K, reserved 327680K
}
Event: 32.014 GC heap after
{Heap after GC invocations=10 (full 0):
 garbage-first heap   total 262144K, used 54430K [0x00000000e0000000, 0x0000000100000000)
  region size 1024K, 17 young (17408K), 17 survivors (17408K)
 Metaspace       used 59505K, committed 61376K, reserved 393216K
  class space    used 8711K, committed 9600K, reserved 327680K
}
Event: 32.117 GC heap before
{Heap before GC invocations=10 (full 0):
 garbage-first heap   total 262144K, used 56478K [0x00000000e0000000, 0x0000000100000000)
  region size 1024K, 20 young (20480K), 17 survivors (17408K)
 Metaspace       used 59830K, committed 61696K, reserved 393216K
  class space    used 8745K, committed 9664K, reserved 327680K
}
Event: 32.138 GC heap after
{Heap after GC invocations=11 (full 0):
 garbage-first heap   total 262144K, used 56242K [0x00000000e0000000, 0x0000000100000000)
  region size 1024K, 11 young (11264K), 11 survivors (11264K)
 Metaspace       used 59830K, committed 61696K, reserved 393216K
  class space    used 8745K, committed 9664K, reserved 327680K
}
Event: 37.084 GC heap before
{Heap before GC invocations=12 (full 0):
 garbage-first heap   total 262144K, used 200626K [0x00000000e0000000, 0x0000000100000000)
  region size 1024K, 153 young (156672K), 11 survivors (11264K)
 Metaspace       used 69189K, committed 71296K, reserved 393216K
  class space    used 10098K, committed 11136K, reserved 327680K
}
Event: 37.110 GC heap after
{Heap after GC invocations=13 (full 0):
 garbage-first heap   total 262144K, used 64059K [0x00000000e0000000, 0x0000000100000000)
  region size 1024K, 18 young (18432K), 18 survivors (18432K)
 Metaspace       used 69189K, committed 71296K, reserved 393216K
  class space    used 10098K, committed 11136K, reserved 327680K
}

Dll operation events (14 events):
Event: 0.040 Loaded shared library C:\Users\Prova\.antigravity-ide\extensions\redhat.java-1.55.0-win32-x64\jre\21.0.11-win32-x86_64\bin\java.dll
Event: 0.230 Loaded shared library C:\Users\Prova\.antigravity-ide\extensions\redhat.java-1.55.0-win32-x64\jre\21.0.11-win32-x86_64\bin\zip.dll
Event: 0.293 Loaded shared library C:\Users\Prova\.antigravity-ide\extensions\redhat.java-1.55.0-win32-x64\jre\21.0.11-win32-x86_64\bin\instrument.dll
Event: 0.308 Loaded shared library C:\Users\Prova\.antigravity-ide\extensions\redhat.java-1.55.0-win32-x64\jre\21.0.11-win32-x86_64\bin\net.dll
Event: 0.314 Loaded shared library C:\Users\Prova\.antigravity-ide\extensions\redhat.java-1.55.0-win32-x64\jre\21.0.11-win32-x86_64\bin\nio.dll
Event: 0.322 Loaded shared library C:\Users\Prova\.antigravity-ide\extensions\redhat.java-1.55.0-win32-x64\jre\21.0.11-win32-x86_64\bin\zip.dll
Event: 1.208 Loaded shared library C:\Users\Prova\.antigravity-ide\extensions\redhat.java-1.55.0-win32-x64\jre\21.0.11-win32-x86_64\bin\jimage.dll
Event: 1.944 Loaded shared library C:\Users\Prova\.antigravity-ide\extensions\redhat.java-1.55.0-win32-x64\jre\21.0.11-win32-x86_64\bin\verify.dll
Event: 2.383 Loaded shared library C:\Users\Prova\.gradle\native\c067742578af261105cb4f569cf0c3c89f3d7b1fecec35dd04571415982c5e48\windows-amd64\native-platform.dll
Event: 2.410 Loaded shared library C:\Users\Prova\.gradle\native\100fb08df4bc3b14c8652ba06237920a3bd2aa13389f12d3474272988ae205f9\windows-amd64\native-platform-file-events.dll
Event: 8.184 Loaded shared library C:\Users\Prova\.antigravity-ide\extensions\redhat.java-1.55.0-win32-x64\jre\21.0.11-win32-x86_64\bin\management.dll
Event: 8.191 Loaded shared library C:\Users\Prova\.antigravity-ide\extensions\redhat.java-1.55.0-win32-x64\jre\21.0.11-win32-x86_64\bin\management_ext.dll
Event: 8.649 Loaded shared library C:\Users\Prova\.antigravity-ide\extensions\redhat.java-1.55.0-win32-x64\jre\21.0.11-win32-x86_64\bin\extnet.dll
Event: 13.988 Loaded shared library C:\Users\Prova\.antigravity-ide\extensions\redhat.java-1.55.0-win32-x64\jre\21.0.11-win32-x86_64\bin\sunmscapi.dll

Deoptimization events (20 events):
Event: 42.325 Thread 0x00000182fb6c4780 Uncommon trap: trap_request=0xffffffd6 fr.pc=0x00000182ea40962c relative=0x0000000000000b4c
Event: 42.325 Thread 0x00000182fb6c4780 Uncommon trap: reason=array_check action=maybe_recompile pc=0x00000182ea40962c method=com.google.common.collect.RegularImmutableMap.fromEntryArrayCheckingBucketOverflow(I[Ljava/util/Map$Entry;Z)Lcom/google/common/collect/ImmutableMap; @ 220 c2
Event: 42.326 Thread 0x00000182fb6c4780 DEOPT PACKING pc=0x00000182ea40962c sp=0x0000001f352f8360
Event: 42.326 Thread 0x00000182fb6c4780 DEOPT UNPACKING pc=0x00000182e9994422 sp=0x0000001f352f8308 mode 2
Event: 42.743 Thread 0x00000182fb6c4780 Uncommon trap: trap_request=0xffffff45 fr.pc=0x00000182ea3fe814 relative=0x0000000000000074
Event: 42.743 Thread 0x00000182fb6c4780 Uncommon trap: reason=unstable_if action=reinterpret pc=0x00000182ea3fe814 method=com.esotericsoftware.kryo.io.Output.require(I)Z @ 10 c2
Event: 42.743 Thread 0x00000182fb6c4780 DEOPT PACKING pc=0x00000182ea3fe814 sp=0x0000001f352f8e30
Event: 42.743 Thread 0x00000182fb6c4780 DEOPT UNPACKING pc=0x00000182e9994422 sp=0x0000001f352f8db0 mode 2
Event: 43.098 Thread 0x00000182fb6c4780 Uncommon trap: trap_request=0xffffffd6 fr.pc=0x00000182ea40e220 relative=0x0000000000001fa0
Event: 43.098 Thread 0x00000182fb6c4780 Uncommon trap: reason=array_check action=maybe_recompile pc=0x00000182ea40e220 method=com.google.common.collect.RegularImmutableMap.fromEntryArrayCheckingBucketOverflow(I[Ljava/util/Map$Entry;Z)Lcom/google/common/collect/ImmutableMap; @ 220 c2
Event: 43.098 Thread 0x00000182fb6c4780 DEOPT PACKING pc=0x00000182ea40e220 sp=0x0000001f352f9c40
Event: 43.098 Thread 0x00000182fb6c4780 DEOPT UNPACKING pc=0x00000182e9994422 sp=0x0000001f352f9920 mode 2
Event: 43.214 Thread 0x00000182fb6c4780 Uncommon trap: trap_request=0xffffffc6 fr.pc=0x00000182ea2bbbc8 relative=0x0000000000000068
Event: 43.214 Thread 0x00000182fb6c4780 Uncommon trap: reason=bimorphic_or_optimized_type_check action=maybe_recompile pc=0x00000182ea2bbbc8 method=java.util.AbstractQueue.add(Ljava/lang/Object;)Z @ 2 c2
Event: 43.214 Thread 0x00000182fb6c4780 DEOPT PACKING pc=0x00000182ea2bbbc8 sp=0x0000001f352fe790
Event: 43.214 Thread 0x00000182fb6c4780 DEOPT UNPACKING pc=0x00000182e9994422 sp=0x0000001f352fe758 mode 2
Event: 43.216 Thread 0x00000182f97df3c0 Uncommon trap: trap_request=0xffffffc6 fr.pc=0x00000182ea2bbbc8 relative=0x0000000000000068
Event: 43.216 Thread 0x00000182f97df3c0 Uncommon trap: reason=bimorphic_or_optimized_type_check action=maybe_recompile pc=0x00000182ea2bbbc8 method=java.util.AbstractQueue.add(Ljava/lang/Object;)Z @ 2 c2
Event: 43.216 Thread 0x00000182f97df3c0 DEOPT PACKING pc=0x00000182ea2bbbc8 sp=0x0000001f31cfaa20
Event: 43.216 Thread 0x00000182f97df3c0 DEOPT UNPACKING pc=0x00000182e9994422 sp=0x0000001f31cfa9e8 mode 2

Classes loaded (20 events):
Event: 38.609 Loading class java/lang/StringBeanInfo
Event: 38.609 Loading class java/lang/StringBeanInfo done
Event: 38.609 Loading class java/lang/StringBeanInfo
Event: 38.609 Loading class java/lang/StringBeanInfo done
Event: 38.609 Loading class java/lang/StringCustomizer
Event: 38.609 Loading class java/lang/StringCustomizer done
Event: 38.610 Loading class java/lang/StringCustomizer
Event: 38.610 Loading class java/lang/StringCustomizer done
Event: 38.884 Loading class java/util/concurrent/ConcurrentLinkedQueue$Itr
Event: 38.884 Loading class java/util/concurrent/ConcurrentLinkedQueue$Itr done
Event: 38.934 Loading class sun/reflect/misc/MethodUtil
Event: 38.934 Loading class sun/reflect/misc/MethodUtil done
Event: 38.935 Loading class sun/reflect/misc/MethodUtil$1
Event: 38.935 Loading class sun/reflect/misc/MethodUtil$1 done
Event: 39.932 Loading class java/time/Instant$1
Event: 39.932 Loading class java/time/Instant$1 done
Event: 40.033 Loading class java/util/concurrent/CompletableFuture$AsyncRun
Event: 40.033 Loading class java/util/concurrent/CompletableFuture$AsyncRun done
Event: 40.166 Loading class jdk/internal/math/FormattedFPDecimal
Event: 40.166 Loading class jdk/internal/math/FormattedFPDecimal done

Classes unloaded (0 events):
No events

Classes redefined (0 events):
No events

Internal exceptions (20 events):
Event: 38.713 Thread 0x00000182fe6aa690 Exception <a 'java/lang/ClassNotFoundException'{0x00000000edbf82d0}: org/gradle/api/internal/file/DefaultSourceDirectorySetBeanInfo> (0x00000000edbf82d0) 
thrown [s\src\hotspot\share\classfile\systemDictionary.cpp, line 313]
Event: 38.714 Thread 0x00000182fe6aa690 Exception <a 'java/lang/ClassNotFoundException'{0x00000000eda09db8}: org/gradle/api/internal/file/CompositeFileTreeBeanInfo> (0x00000000eda09db8) 
thrown [s\src\hotspot\share\classfile\systemDictionary.cpp, line 313]
Event: 38.715 Thread 0x00000182fe6aa690 Exception <a 'java/lang/ClassNotFoundException'{0x00000000eda1bd30}: org/gradle/api/internal/file/CompositeFileCollectionBeanInfo> (0x00000000eda1bd30) 
thrown [s\src\hotspot\share\classfile\systemDictionary.cpp, line 313]
Event: 38.717 Thread 0x00000182fe6aa690 Exception <a 'java/lang/ClassNotFoundException'{0x00000000eda2da28}: org/gradle/api/internal/file/CompositeFileCollectionCustomizer> (0x00000000eda2da28) 
thrown [s\src\hotspot\share\classfile\systemDictionary.cpp, line 313]
Event: 38.721 Thread 0x00000182fe6aa690 Exception <a 'java/lang/ClassNotFoundException'{0x00000000eda47940}: org/gradle/api/internal/file/CompositeFileTreeCustomizer> (0x00000000eda47940) 
thrown [s\src\hotspot\share\classfile\systemDictionary.cpp, line 313]
Event: 38.724 Thread 0x00000182fe6aa690 Exception <a 'java/lang/ClassNotFoundException'{0x00000000eda78df0}: org/gradle/api/internal/file/DefaultSourceDirectorySetCustomizer> (0x00000000eda78df0) 
thrown [s\src\hotspot\share\classfile\systemDictionary.cpp, line 313]
Event: 38.727 Thread 0x00000182fe6aa690 Exception <a 'java/lang/ClassNotFoundException'{0x00000000edab17e0}: org/gradle/api/internal/file/DefaultSourceDirectorySet_DecoratedCustomizer> (0x00000000edab17e0) 
thrown [s\src\hotspot\share\classfile\systemDictionary.cpp, line 313]
Event: 38.741 Thread 0x00000182fe6aa690 Exception <a 'java/lang/NoSuchMethodError'{0x00000000ed909160}: 'int java.lang.invoke.DirectMethodHandle$Holder.invokeSpecialIFC(java.lang.Object, java.lang.Object, java.lang.Object, java.lang.Object, java.lang.Object)'> (0x00000000ed909160) 
thrown [s\src\hotspot\share\interpreter\linkResolver.cpp, line 773]
Event: 38.936 Thread 0x00000182f97df3c0 Implicit null exception at 0x00000182e9fd8788 to 0x00000182e9fd880c
Event: 38.939 Thread 0x00000182f97df3c0 Exception <a 'java/lang/NoSuchMethodError'{0x00000000ed641fc8}: 'long java.lang.invoke.DelegatingMethodHandle$Holder.reinvoke_L(java.lang.Object, java.lang.Object)'> (0x00000000ed641fc8) 
thrown [s\src\hotspot\share\interpreter\linkResolver.cpp, line 773]
Event: 39.840 Thread 0x00000182f97df3c0 Exception <a 'java/lang/NoSuchMethodError'{0x00000000ed5c5e10}: 'void java.lang.invoke.DirectMethodHandle$Holder.invokeInterface(java.lang.Object, java.lang.Object, java.lang.Object, int)'> (0x00000000ed5c5e10) 
thrown [s\src\hotspot\share\interpreter\linkResolver.cpp, line 773]
Event: 39.841 Thread 0x00000182f97df3c0 Exception <a 'java/lang/IncompatibleClassChangeError'{0x00000000ed5c9950}: Found class java.lang.Object, but interface was expected> (0x00000000ed5c9950) 
thrown [s\src\hotspot\share\interpreter\linkResolver.cpp, line 840]
Event: 39.841 Thread 0x00000182f97df3c0 Exception <a 'java/lang/NoSuchMethodError'{0x00000000ed5ce008}: 'void java.lang.invoke.DelegatingMethodHandle$Holder.reinvoke_L(java.lang.Object, java.lang.Object, java.lang.Object, int)'> (0x00000000ed5ce008) 
thrown [s\src\hotspot\share\interpreter\linkResolver.cpp, line 773]
Event: 39.884 Thread 0x00000182f97df3c0 Exception <a 'java/lang/IncompatibleClassChangeError'{0x00000000ed4efbb8}: Found class java.lang.Object, but interface was expected> (0x00000000ed4efbb8) 
thrown [s\src\hotspot\share\interpreter\linkResolver.cpp, line 840]
Event: 39.918 Thread 0x00000182f97df3c0 Exception <a 'java/lang/IncompatibleClassChangeError'{0x00000000ed3a3280}: Found class java.lang.Object, but interface was expected> (0x00000000ed3a3280) 
thrown [s\src\hotspot\share\interpreter\linkResolver.cpp, line 840]
Event: 40.299 Thread 0x00000182f97df3c0 Exception <a 'sun/nio/fs/WindowsException'{0x00000000ec774f38}> (0x00000000ec774f38) 
thrown [s\src\hotspot\share\prims\jni.cpp, line 520]
Event: 40.300 Thread 0x00000182f97df3c0 Exception <a 'sun/nio/fs/WindowsException'{0x00000000ec776418}> (0x00000000ec776418) 
thrown [s\src\hotspot\share\prims\jni.cpp, line 520]
Event: 40.301 Thread 0x00000182f97df3c0 Exception <a 'sun/nio/fs/WindowsException'{0x00000000ec7778e8}> (0x00000000ec7778e8) 
thrown [s\src\hotspot\share\prims\jni.cpp, line 520]
Event: 40.303 Thread 0x00000182f97df3c0 Exception <a 'sun/nio/fs/WindowsException'{0x00000000ec778d98}> (0x00000000ec778d98) 
thrown [s\src\hotspot\share\prims\jni.cpp, line 520]
Event: 41.366 Thread 0x00000182fb6c4780 Exception <a 'java/lang/NoSuchMethodError'{0x00000000ea1273b0}: 'void java.lang.invoke.DirectMethodHandle$Holder.invokeStatic(java.lang.Object, java.lang.Object, java.lang.Object, java.lang.Object, java.lang.Object, java.lang.Object, java.lang.Object, java.lang.Object)'> (0x00000000ea1273b0) 
thrown [s\src\hotspot\share\interpreter\linkResolver.cpp, line 773]

ZGC Phase Switch (0 events):
No events

VM Operations (20 events):
Event: 38.110 Executing safepoint VM operation: Cleanup
Event: 38.110 Executing safepoint VM operation: Cleanup done
Event: 39.119 Executing safepoint VM operation: Cleanup
Event: 39.119 Executing safepoint VM operation: Cleanup done
Event: 39.849 Executing non-safepoint VM operation: HandshakeAllThreads (Deoptimize)
Event: 39.849 Executing non-safepoint VM operation: HandshakeAllThreads (Deoptimize) done
Event: 40.580 Executing safepoint VM operation: ICBufferFull
Event: 40.580 Executing safepoint VM operation: ICBufferFull done
Event: 41.081 Executing safepoint VM operation: ICBufferFull
Event: 41.081 Executing safepoint VM operation: ICBufferFull done
Event: 41.563 Executing safepoint VM operation: ICBufferFull
Event: 41.563 Executing safepoint VM operation: ICBufferFull done
Event: 42.031 Executing non-safepoint VM operation: HandshakeAllThreads (Deoptimize)
Event: 42.032 Executing non-safepoint VM operation: HandshakeAllThreads (Deoptimize) done
Event: 42.925 Executing non-safepoint VM operation: HandshakeAllThreads (Deoptimize)
Event: 42.925 Executing non-safepoint VM operation: HandshakeAllThreads (Deoptimize) done
Event: 42.925 Executing safepoint VM operation: Cleanup
Event: 42.925 Executing safepoint VM operation: Cleanup done
Event: 43.940 Executing safepoint VM operation: Cleanup
Event: 43.940 Executing safepoint VM operation: Cleanup done

Memory protections (0 events):
No events

Nmethod flushes (20 events):
Event: 32.234 Thread 0x00000182f4be8df0 flushing  nmethod 0x00000182e2788b90
Event: 32.234 Thread 0x00000182f4be8df0 flushing  nmethod 0x00000182e278c110
Event: 32.234 Thread 0x00000182f4be8df0 flushing  nmethod 0x00000182e278e090
Event: 32.234 Thread 0x00000182f4be8df0 flushing  nmethod 0x00000182e278e910
Event: 32.234 Thread 0x00000182f4be8df0 flushing  nmethod 0x00000182e27c5a90
Event: 32.234 Thread 0x00000182f4be8df0 flushing  nmethod 0x00000182e27c6390
Event: 32.234 Thread 0x00000182f4be8df0 flushing  nmethod 0x00000182e27e9d10
Event: 32.234 Thread 0x00000182f4be8df0 flushing  nmethod 0x00000182e28cba10
Event: 32.234 Thread 0x00000182f4be8df0 flushing  nmethod 0x00000182e28cbf10
Event: 32.234 Thread 0x00000182f4be8df0 flushing  nmethod 0x00000182e28d7e10
Event: 32.234 Thread 0x00000182f4be8df0 flushing  nmethod 0x00000182e28daa10
Event: 32.234 Thread 0x00000182f4be8df0 flushing  nmethod 0x00000182e28dce90
Event: 32.234 Thread 0x00000182f4be8df0 flushing  nmethod 0x00000182e28dd610
Event: 32.234 Thread 0x00000182f4be8df0 flushing  nmethod 0x00000182e29ae990
Event: 32.234 Thread 0x00000182f4be8df0 flushing  nmethod 0x00000182e29e9490
Event: 32.234 Thread 0x00000182f4be8df0 flushing  nmethod 0x00000182e2a8e810
Event: 32.234 Thread 0x00000182f4be8df0 flushing  nmethod 0x00000182e2b9b810
Event: 32.234 Thread 0x00000182f4be8df0 flushing  nmethod 0x00000182e2ba1890
Event: 32.234 Thread 0x00000182f4be8df0 flushing  nmethod 0x00000182e2bb5a10
Event: 32.234 Thread 0x00000182f4be8df0 flushing  nmethod 0x00000182e2bb5d90

Events (20 events):
Event: 40.991 Thread 0x00000182f97df3c0 Thread added: 0x00000182fad2e1c0
Event: 40.992 Thread 0x00000182f97df3c0 Thread added: 0x00000182fb6bf230
Event: 40.993 Thread 0x00000182f97df3c0 Thread added: 0x00000182fb6bff50
Event: 40.993 Thread 0x00000182f97df3c0 Thread added: 0x00000182fb6c2d40
Event: 40.994 Thread 0x00000182f97df3c0 Thread added: 0x00000182fb6bf8c0
Event: 40.995 Thread 0x00000182f97df3c0 Thread added: 0x00000182fb6c33d0
Event: 40.995 Thread 0x00000182f97df3c0 Thread added: 0x00000182fb6c3a60
Event: 41.304 Thread 0x00000182f97df3c0 Thread added: 0x00000182fb6c05e0
Event: 41.306 Thread 0x00000182fb6c05e0 Thread added: 0x00000182fb6c40f0
Event: 41.307 Thread 0x00000182fb6c05e0 Thread added: 0x00000182fb6c4780
Event: 41.308 Thread 0x00000182fb6c05e0 Thread added: 0x00000182fb6c54a0
Event: 41.308 Thread 0x00000182fb6c05e0 Thread added: 0x00000182fb6c4e10
Event: 41.308 Thread 0x00000182fb6c05e0 Thread added: 0x00000182fb6c61c0
Event: 41.309 Thread 0x00000182fb6c05e0 Thread added: 0x00000182fb6c5b30
Event: 41.309 Thread 0x00000182fb6c05e0 Thread added: 0x00000182fb6c6850
Event: 41.310 Thread 0x00000182fb6c4780 Thread added: 0x00000182f98f5010
Event: 42.616 Thread 0x00000182fb1a0fe0 Thread exited: 0x00000182fb1a0fe0
Event: 43.216 Thread 0x00000182fad285e0 Thread exited: 0x00000182fad285e0
Event: 44.324 Thread 0x00000182fe6a8c50 Thread exited: 0x00000182fe6a8c50
Event: 44.326 Thread 0x00000182fe6ab3b0 Thread exited: 0x00000182fe6ab3b0


Dynamic libraries:
0x00007ff74d900000 - 0x00007ff74d90e000 	C:\Users\Prova\.antigravity-ide\extensions\redhat.java-1.55.0-win32-x64\jre\21.0.11-win32-x86_64\bin\java.exe
0x00007ff890f80000 - 0x00007ff8911e6000 	C:\WINDOWS\SYSTEM32\ntdll.dll
0x00007ff8900f0000 - 0x00007ff8901b9000 	C:\WINDOWS\System32\KERNEL32.DLL
0x00007ff88e740000 - 0x00007ff88eb40000 	C:\WINDOWS\System32\KERNELBASE.dll
0x00007ff88e2f0000 - 0x00007ff88e43c000 	C:\WINDOWS\System32\ucrtbase.dll
0x00007ff81ee20000 - 0x00007ff81ee38000 	C:\Users\Prova\.antigravity-ide\extensions\redhat.java-1.55.0-win32-x64\jre\21.0.11-win32-x86_64\bin\jli.dll
0x00007ff88ff20000 - 0x00007ff8900e7000 	C:\WINDOWS\System32\USER32.dll
0x00007ff820290000 - 0x00007ff8202ae000 	C:\Users\Prova\.antigravity-ide\extensions\redhat.java-1.55.0-win32-x64\jre\21.0.11-win32-x86_64\bin\VCRUNTIME140.dll
0x00007ff88ec80000 - 0x00007ff88eca7000 	C:\WINDOWS\System32\win32u.dll
0x00007ff890da0000 - 0x00007ff890dcb000 	C:\WINDOWS\System32\GDI32.dll
0x00007ff879230000 - 0x00007ff8794c2000 	C:\WINDOWS\WinSxS\amd64_microsoft.windows.common-controls_6595b64144ccf1df_6.0.26100.8737_none_3e092eaee333b772\COMCTL32.dll
0x00007ff88eb50000 - 0x00007ff88ec79000 	C:\WINDOWS\System32\gdi32full.dll
0x00007ff88f3b0000 - 0x00007ff88f459000 	C:\WINDOWS\System32\msvcrt.dll
0x00007ff88e450000 - 0x00007ff88e4f3000 	C:\WINDOWS\System32\msvcp_win.dll
0x00007ff88f370000 - 0x00007ff88f3a2000 	C:\WINDOWS\System32\IMM32.DLL
0x00007ff873a80000 - 0x00007ff873a8c000 	C:\Users\Prova\.antigravity-ide\extensions\redhat.java-1.55.0-win32-x64\jre\21.0.11-win32-x86_64\bin\vcruntime140_1.dll
0x00007ff81ec90000 - 0x00007ff81ed1d000 	C:\Users\Prova\.antigravity-ide\extensions\redhat.java-1.55.0-win32-x64\jre\21.0.11-win32-x86_64\bin\msvcp140.dll
0x00007fffa71a0000 - 0x00007fffa7f42000 	C:\Users\Prova\.antigravity-ide\extensions\redhat.java-1.55.0-win32-x64\jre\21.0.11-win32-x86_64\bin\server\jvm.dll
0x00007ff890ae0000 - 0x00007ff890b97000 	C:\WINDOWS\System32\ADVAPI32.dll
0x00007ff890ba0000 - 0x00007ff890c4a000 	C:\WINDOWS\System32\sechost.dll
0x00007ff890df0000 - 0x00007ff890f08000 	C:\WINDOWS\System32\RPCRT4.dll
0x00007ff88f2d0000 - 0x00007ff88f350000 	C:\WINDOWS\System32\WS2_32.dll
0x00007ff87ac60000 - 0x00007ff87ac96000 	C:\WINDOWS\SYSTEM32\WINMM.dll
0x00007ff884750000 - 0x00007ff88475b000 	C:\WINDOWS\SYSTEM32\VERSION.dll
0x00007ff88e000000 - 0x00007ff88e05e000 	C:\WINDOWS\SYSTEM32\POWRPROF.dll
0x00007ff88dfe0000 - 0x00007ff88dff4000 	C:\WINDOWS\SYSTEM32\UMPDC.dll
0x00007ff88ce80000 - 0x00007ff88ce9b000 	C:\WINDOWS\SYSTEM32\kernel.appcore.dll
0x00007ff86f2b0000 - 0x00007ff86f2ba000 	C:\Users\Prova\.antigravity-ide\extensions\redhat.java-1.55.0-win32-x64\jre\21.0.11-win32-x86_64\bin\jimage.dll
0x00007ff88b7d0000 - 0x00007ff88ba12000 	C:\WINDOWS\SYSTEM32\DBGHELP.DLL
0x00007ff88f460000 - 0x00007ff88f7e3000 	C:\WINDOWS\System32\combase.dll
0x00007ff88fe40000 - 0x00007ff88ff19000 	C:\WINDOWS\System32\OLEAUT32.dll
0x00007ff87ba90000 - 0x00007ff87bacb000 	C:\WINDOWS\SYSTEM32\dbgcore.DLL
0x00007ff88e230000 - 0x00007ff88e2dc000 	C:\WINDOWS\System32\bcryptPrimitives.dll
0x00007ff879c70000 - 0x00007ff879c7f000 	C:\Users\Prova\.antigravity-ide\extensions\redhat.java-1.55.0-win32-x64\jre\21.0.11-win32-x86_64\bin\instrument.dll
0x00007ff81ee00000 - 0x00007ff81ee20000 	C:\Users\Prova\.antigravity-ide\extensions\redhat.java-1.55.0-win32-x64\jre\21.0.11-win32-x86_64\bin\java.dll
0x00007ff8901c0000 - 0x00007ff890952000 	C:\WINDOWS\System32\SHELL32.dll
0x00007ff88bc80000 - 0x00007ff88c512000 	C:\WINDOWS\SYSTEM32\windows.storage.dll
0x00007ff8909e0000 - 0x00007ff890ad7000 	C:\WINDOWS\System32\SHCORE.dll
0x00007ff88ecb0000 - 0x00007ff88ed17000 	C:\WINDOWS\System32\shlwapi.dll
0x00007ff88e0c0000 - 0x00007ff88e0e9000 	C:\WINDOWS\SYSTEM32\profapi.dll
0x00007ff86d840000 - 0x00007ff86d858000 	C:\Users\Prova\.antigravity-ide\extensions\redhat.java-1.55.0-win32-x64\jre\21.0.11-win32-x86_64\bin\zip.dll
0x00007ff86d780000 - 0x00007ff86d790000 	C:\Users\Prova\.antigravity-ide\extensions\redhat.java-1.55.0-win32-x64\jre\21.0.11-win32-x86_64\bin\net.dll
0x00007ff8804e0000 - 0x00007ff880609000 	C:\WINDOWS\SYSTEM32\WINHTTP.dll
0x00007ff88d430000 - 0x00007ff88d49c000 	C:\WINDOWS\system32\mswsock.dll
0x00007ff84e580000 - 0x00007ff84e596000 	C:\Users\Prova\.antigravity-ide\extensions\redhat.java-1.55.0-win32-x64\jre\21.0.11-win32-x86_64\bin\nio.dll
0x00007ff879c10000 - 0x00007ff879c20000 	C:\Users\Prova\.antigravity-ide\extensions\redhat.java-1.55.0-win32-x64\jre\21.0.11-win32-x86_64\bin\verify.dll
0x00007ff879b80000 - 0x00007ff879ba7000 	C:\Users\Prova\.gradle\native\c067742578af261105cb4f569cf0c3c89f3d7b1fecec35dd04571415982c5e48\windows-amd64\native-platform.dll
0x00007ff8282f0000 - 0x00007ff828434000 	C:\Users\Prova\.gradle\native\100fb08df4bc3b14c8652ba06237920a3bd2aa13389f12d3474272988ae205f9\windows-amd64\native-platform-file-events.dll
0x00007ff87ee00000 - 0x00007ff87ee0a000 	C:\Users\Prova\.antigravity-ide\extensions\redhat.java-1.55.0-win32-x64\jre\21.0.11-win32-x86_64\bin\management.dll
0x00007ff8804b0000 - 0x00007ff8804bc000 	C:\Users\Prova\.antigravity-ide\extensions\redhat.java-1.55.0-win32-x64\jre\21.0.11-win32-x86_64\bin\management_ext.dll
0x00007ff88f210000 - 0x00007ff88f218000 	C:\WINDOWS\System32\PSAPI.DLL
0x00007ff88d730000 - 0x00007ff88d74b000 	C:\WINDOWS\SYSTEM32\CRYPTSP.dll
0x00007ff88cde0000 - 0x00007ff88ce19000 	C:\WINDOWS\system32\rsaenh.dll
0x00007ff88d4f0000 - 0x00007ff88d522000 	C:\WINDOWS\SYSTEM32\USERENV.dll
0x00007ff88e090000 - 0x00007ff88e0ba000 	C:\WINDOWS\SYSTEM32\bcrypt.dll
0x00007ff88d750000 - 0x00007ff88d75c000 	C:\WINDOWS\SYSTEM32\CRYPTBASE.dll
0x00007ff88c8a0000 - 0x00007ff88c8d3000 	C:\WINDOWS\SYSTEM32\IPHLPAPI.DLL
0x00007ff88f7f0000 - 0x00007ff88f7fa000 	C:\WINDOWS\System32\NSI.dll
0x00007ff879c80000 - 0x00007ff879c89000 	C:\Users\Prova\.antigravity-ide\extensions\redhat.java-1.55.0-win32-x64\jre\21.0.11-win32-x86_64\bin\extnet.dll
0x00007ff880460000 - 0x00007ff88046e000 	C:\Users\Prova\.antigravity-ide\extensions\redhat.java-1.55.0-win32-x64\jre\21.0.11-win32-x86_64\bin\sunmscapi.dll
0x00007ff88e5c0000 - 0x00007ff88e738000 	C:\WINDOWS\System32\CRYPT32.dll
0x00007ff88d970000 - 0x00007ff88d9a0000 	C:\WINDOWS\SYSTEM32\ncrypt.dll
0x00007ff88d920000 - 0x00007ff88d95f000 	C:\WINDOWS\SYSTEM32\NTASN1.dll
0x00007ff869250000 - 0x00007ff869258000 	C:\WINDOWS\system32\wshunix.dll

JVMTI agents:
C:\Users\Prova\.gradle\wrapper\dists\gradle-8.9-bin\90cnw93cvbtalezasaz0blq0a\gradle-8.9\lib\agents\gradle-instrumentation-agent-8.9.jar path:C:\Users\Prova\.antigravity-ide\extensions\redhat.java-1.55.0-win32-x64\jre\21.0.11-win32-x86_64\bin\instrument.dll, loaded, initialized, instrumentlib options:none

dbghelp: loaded successfully - version: 4.0.5 - missing functions: none
symbol engine: initialized successfully - sym options: 0x614 - pdb path: .;C:\Users\Prova\.antigravity-ide\extensions\redhat.java-1.55.0-win32-x64\jre\21.0.11-win32-x86_64\bin;C:\WINDOWS\SYSTEM32;C:\WINDOWS\WinSxS\amd64_microsoft.windows.common-controls_6595b64144ccf1df_6.0.26100.8737_none_3e092eaee333b772;C:\Users\Prova\.antigravity-ide\extensions\redhat.java-1.55.0-win32-x64\jre\21.0.11-win32-x86_64\bin\server;C:\Users\Prova\.gradle\native\c067742578af261105cb4f569cf0c3c89f3d7b1fecec35dd04571415982c5e48\windows-amd64;C:\Users\Prova\.gradle\native\100fb08df4bc3b14c8652ba06237920a3bd2aa13389f12d3474272988ae205f9\windows-amd64

VM Arguments:
jvm_args: --add-opens=java.base/java.util=ALL-UNNAMED --add-opens=java.base/java.lang=ALL-UNNAMED --add-opens=java.base/java.lang.invoke=ALL-UNNAMED --add-opens=java.prefs/java.util.prefs=ALL-UNNAMED --add-exports=jdk.compiler/com.sun.tools.javac.api=ALL-UNNAMED --add-exports=jdk.compiler/com.sun.tools.javac.util=ALL-UNNAMED --add-opens=java.base/java.nio.charset=ALL-UNNAMED --add-opens=java.base/java.net=ALL-UNNAMED --add-opens=java.base/java.util.concurrent.atomic=ALL-UNNAMED -XX:MaxMetaspaceSize=384m -XX:+HeapDumpOnOutOfMemoryError -Xms256m -Xmx512m -Dfile.encoding=utf8 -Duser.country=US -Duser.language=en -Duser.variant -javaagent:C:\Users\Prova\.gradle\wrapper\dists\gradle-8.9-bin\90cnw93cvbtalezasaz0blq0a\gradle-8.9\lib\agents\gradle-instrumentation-agent-8.9.jar 
java_command: org.gradle.launcher.daemon.bootstrap.GradleDaemon 8.9
java_class_path (initial): C:\Users\Prova\.gradle\wrapper\dists\gradle-8.9-bin\90cnw93cvbtalezasaz0blq0a\gradle-8.9\lib\gradle-daemon-main-8.9.jar
Launcher Type: SUN_STANDARD

[Global flags]
     intx CICompilerCount                          = 4                                         {product} {ergonomic}
   size_t CompressedClassSpaceSize                 = 335544320                                 {product} {ergonomic}
     uint ConcGCThreads                            = 2                                         {product} {ergonomic}
     uint G1ConcRefinementThreads                  = 8                                         {product} {ergonomic}
   size_t G1HeapRegionSize                         = 1048576                                   {product} {ergonomic}
    uintx GCDrainStackTargetSize                   = 64                                        {product} {ergonomic}
     bool HeapDumpOnOutOfMemoryError               = true                                   {manageable} {command line}
   size_t InitialHeapSize                          = 268435456                                 {product} {command line}
   size_t MarkStackSize                            = 4194304                                   {product} {ergonomic}
   size_t MaxHeapSize                              = 536870912                                 {product} {command line}
   size_t MaxMetaspaceSize                         = 402653184                                 {product} {command line}
   size_t MaxNewSize                               = 321912832                                 {product} {ergonomic}
   size_t MinHeapDeltaBytes                        = 1048576                                   {product} {ergonomic}
   size_t MinHeapSize                              = 268435456                                 {product} {command line}
    uintx NonNMethodCodeHeapSize                   = 5839372                                {pd product} {ergonomic}
    uintx NonProfiledCodeHeapSize                  = 122909434                              {pd product} {ergonomic}
    uintx ProfiledCodeHeapSize                     = 122909434                              {pd product} {ergonomic}
    uintx ReservedCodeCacheSize                    = 251658240                              {pd product} {ergonomic}
     bool SegmentedCodeCache                       = true                                      {product} {ergonomic}
   size_t SoftMaxHeapSize                          = 536870912                              {manageable} {ergonomic}
     bool UseCompressedOops                        = true                           {product lp64_product} {ergonomic}
     bool UseG1GC                                  = true                                      {product} {ergonomic}
     bool UseLargePagesIndividualAllocation        = false                                  {pd product} {ergonomic}

Logging:
Log output configuration:
 #0: stdout all=warning uptime,level,tags foldmultilines=false
 #1: stderr all=off uptime,level,tags foldmultilines=false

Release file:
JAVA_VERSION="21.0.11" 
MODULES="java.base java.compiler java.datatransfer java.xml java.prefs java.desktop java.instrument java.logging java.management java.security.sasl java.naming java.rmi java.management.rmi java.net.http java.scripting java.security.jgss java.transaction.xa java.sql java.sql.rowset java.xml.crypto java.se java.smartcardio jdk.accessibility jdk.internal.jvmstat jdk.attach jdk.charsets jdk.internal.opt jdk.zipfs jdk.compiler jdk.crypto.ec jdk.crypto.cryptoki jdk.crypto.mscapi jdk.dynalink jdk.internal.ed jdk.editpad jdk.hotspot.agent jdk.httpserver jdk.internal.le jdk.internal.vm.ci jdk.internal.vm.compiler jdk.internal.vm.compiler.management jdk.jartool jdk.javadoc jdk.jcmd jdk.management jdk.management.agent jdk.jconsole jdk.jdeps jdk.jdwp.agent jdk.jdi jdk.jfr jdk.jshell jdk.jsobject jdk.jstatd jdk.localedata jdk.management.jfr jdk.naming.dns jdk.naming.rmi jdk.net jdk.nio.mapmode jdk.random jdk.sctp jdk.security.auth jdk.security.jgss jdk.unsupported jdk.unsupported.desktop jdk.xml.dom" 

Environment Variables:
JAVA_HOME=C:\Program Files\Eclipse Adoptium\jdk-17.0.19.10-hotspot
PATH=C:\Program Files\Eclipse Adoptium\jdk-17.0.19.10-hotspot\bin;C:\WINDOWS\system32;C:\WINDOWS;C:\WINDOWS\System32\Wbem;C:\WINDOWS\System32\WindowsPowerShell\v1.0\;C:\WINDOWS\System32\OpenSSH\;C:\Program Files\Intel\WiFi\bin\;C:\Program Files\Common Files\Intel\WirelessCommon\;C:\Program Files\dotnet\;C:\Program Files\Git\cmd;C:\Program Files\nodejs\;C:\Users\Prova\.local\bin;C:\Users\Prova\AppData\Local\Programs\Python\Launcher\;C:\Users\Prova\AppData\Local\Programs\Python\Python313\Scripts\;C:\Users\Prova\AppData\Local\Programs\Python\Python313\;C:\Users\Prova\AppData\Local\Microsoft\WindowsApps;C:\Users\Prova\AppData\Local\Programs\Microsoft VS Code\bin;C:\Program Files\Git\bin\git.exe;C:\Users\Prova\AppData\Roaming\npm;C:\Users\Prova\AppData\Local\Programs\Antigravity\bin;C:\Users\Prova\.cargo\bin;C:\Users\Prova\AppData\Local\Programs\Antigravity IDE\bin;C:\Users\Prova\AppData\Local\Android\Sdk\platform-tools;C:\Program Files\Eclipse Adoptium\jdk-17.0.19.10-hotspot\bin;C:\Users\Prova\AppData\Local\Android\Sdk\platform-tools;C:\Users\Prova\AppData\Local\Android\Sdk\cmdline-tools\latest\bin;C:\Users\Prova\AppData\Local\Android\Sdk\emulator;
USERNAME=Prova
OS=Windows_NT
PROCESSOR_IDENTIFIER=Intel64 Family 6 Model 142 Stepping 10, GenuineIntel
TMP=C:\Users\Prova\AppData\Local\Temp
TEMP=C:\Users\Prova\AppData\Local\Temp




Periodic native trim disabled

---------------  S Y S T E M  ---------------

OS:
 Windows 11 , 64 bit Build 26100 (10.0.26100.8737)
OS uptime: 1 days 5:40 hours

CPU: total 8 (initial active 8) (4 cores per cpu, 2 threads per core) family 6 model 142 stepping 10 microcode 0xf4, cx8, cmov, fxsr, ht, mmx, 3dnowpref, sse, sse2, sse3, ssse3, sse4.1, sse4.2, popcnt, lzcnt, tsc, tscinvbit, avx, avx2, aes, erms, clmul, bmi1, bmi2, rtm, adx, fma, vzeroupper, clflush, clflushopt, rdtscp, f16c
Processor Information for the first 8 processors :
  Max Mhz: 1896, Current Mhz: 1696, Mhz Limit: 1687

Memory: 4k page, system-wide physical 8066M (391M free)
TotalPageFile size 32642M (AvailPageFile size 9M)
current process WorkingSet (physical memory assigned to process): 445M, peak: 464M
current process commit charge ("private bytes"): 523M, peak: 542M

vm_info: OpenJDK 64-Bit Server VM (21.0.11+10-LTS) for windows-amd64 JRE (21.0.11+10-LTS), built on 2026-04-21T00:00:00Z by "admin" with MS VC++ 17.12 (VS2022)

END.
