#
# There is insufficient memory for the Java Runtime Environment to continue.
# Native memory allocation (malloc) failed to allocate 1078576 bytes. Error detail: Chunk::new
# Possible reasons:
#   The system is out of physical RAM or swap space
#   This process is running with CompressedOops enabled, and the Java Heap may be blocking the growth of the native heap
# Possible solutions:
#   Reduce memory load on the system
#   Increase physical memory or swap space
#   Check if swap backing store is full
#   Decrease Java heap size (-Xmx/-Xms)
#   Decrease number of Java threads
#   Decrease Java thread stack sizes (-Xss)
#   Set larger code cache with -XX:ReservedCodeCacheSize=
#   JVM is running with Unscaled Compressed Oops mode in which the Java heap is
#     placed in the first 4GB address space. The Java Heap base address is the
#     maximum limit for the native heap growth. Please use -XX:HeapBaseMinAddress
#     to set the Java Heap base and to place the Java Heap above 4GB virtual address.
# This output file may be truncated or incomplete.
#
#  Out of Memory Error (arena.cpp:168), pid=30228, tid=33832
#
# JRE version: OpenJDK Runtime Environment Temurin-21.0.11+10 (21.0.11+10) (build 21.0.11+10-LTS)
# Java VM: OpenJDK 64-Bit Server VM Temurin-21.0.11+10 (21.0.11+10-LTS, mixed mode, sharing, tiered, compressed oops, compressed class ptrs, g1 gc, windows-amd64)
# No core dump will be written. Minidumps are not enabled by default on client versions of Windows
#

---------------  S U M M A R Y ------------

Command Line: --add-opens=java.base/java.util=ALL-UNNAMED --add-opens=java.base/java.lang=ALL-UNNAMED --add-opens=java.base/java.lang.invoke=ALL-UNNAMED --add-opens=java.prefs/java.util.prefs=ALL-UNNAMED --add-exports=jdk.compiler/com.sun.tools.javac.api=ALL-UNNAMED --add-exports=jdk.compiler/com.sun.tools.javac.util=ALL-UNNAMED --add-opens=java.base/java.nio.charset=ALL-UNNAMED --add-opens=java.base/java.net=ALL-UNNAMED --add-opens=java.base/java.util.concurrent.atomic=ALL-UNNAMED -XX:MaxMetaspaceSize=384m -XX:+HeapDumpOnOutOfMemoryError -Xms256m -Xmx512m -Dfile.encoding=utf8 -Duser.country=US -Duser.language=en -Duser.variant -javaagent:C:\Users\Prova\.gradle\wrapper\dists\gradle-8.9-bin\90cnw93cvbtalezasaz0blq0a\gradle-8.9\lib\agents\gradle-instrumentation-agent-8.9.jar org.gradle.launcher.daemon.bootstrap.GradleDaemon 8.9

Host: Intel(R) Core(TM) i5-8350U CPU @ 1.70GHz, 8 cores, 7G,  Windows 11 , 64 bit Build 26100 (10.0.26100.8737)
Time: Tue Jul  7 14:01:03 2026 W. Central Africa Standard Time elapsed time: 231.388889 seconds (0d 0h 3m 51s)

---------------  T H R E A D  ---------------

Current thread (0x000002120f76ebd0):  JavaThread "C2 CompilerThread0" daemon [_thread_in_native, id=33832, stack(0x00000026ea100000,0x00000026ea200000) (1024K)]


Current CompileTask:
C2:231395 13639       4       org.gradle.internal.execution.steps.IdentifyStep::lambda$createIdentityContext$0 (34 bytes)

Stack: [0x00000026ea100000,0x00000026ea200000]
Native frames: (J=compiled Java code, j=interpreted, Vv=VM code, C=native code)
V  [jvm.dll+0x6d7e19]
V  [jvm.dll+0x8b5096]
V  [jvm.dll+0x8b764e]
V  [jvm.dll+0x8b7d33]
V  [jvm.dll+0x284596]
V  [jvm.dll+0xc685d]
V  [jvm.dll+0xc6da1]
V  [jvm.dll+0x2fb4ee]
V  [jvm.dll+0x5fe9a4]
V  [jvm.dll+0x255d67]
V  [jvm.dll+0x24e0f4]
V  [jvm.dll+0x24bbe6]
V  [jvm.dll+0x1cb4ae]
V  [jvm.dll+0x25baad]
V  [jvm.dll+0x25a03a]
V  [jvm.dll+0x3f868e]
V  [jvm.dll+0x85fb0d]
V  [jvm.dll+0x6d664d]
C  [ucrtbase.dll+0x2cd30]
C  [KERNEL32.DLL+0x2e957]
C  [ntdll.dll+0xaad6c]


---------------  P R O C E S S  ---------------

Threads class SMR info:
_java_thread_list=0x0000021234216030, length=62, elements={
0x0000021279cedd20, 0x000002120f7437a0, 0x000002120f744f20, 0x000002120f764090,
0x000002120f767c80, 0x000002120f7664b0, 0x000002120f769c20, 0x000002120f76ebd0,
0x000002120f7723a0, 0x000002120f9b4a40, 0x000002120f9b1f10, 0x000002120fb48d40,
0x0000021229cb71e0, 0x000002120fafbb10, 0x000002122a613600, 0x000002122a610ea0,
0x000002122a6128e0, 0x000002122bd17cb0, 0x000002122bd19060, 0x000002122bd16900,
0x000002122ce9f880, 0x000002122cea0c30, 0x000002122ce9ff10, 0x000002122b46fac0,
0x000002122b471500, 0x000002122b46eda0, 0x000002122bd15be0, 0x000002122e076ba0,
0x000002122b5fcf10, 0x000002122e071650, 0x000002122e0702a0, 0x000002122bd16270,
0x000002122b5fa7b0, 0x000002122bd18340, 0x000002122bd16f90, 0x000002122bd17620,
0x000002122e073090, 0x000002122e073db0, 0x000002122e070930, 0x000002122e070fc0,
0x000002122b5fefe0, 0x000002122b5fe950, 0x000002122b5ff670, 0x000002122b6010b0,
0x000002122b600390, 0x000002122b5fe2c0, 0x000002122b5ffd00, 0x000002122b600a20,
0x000002122b601740, 0x000002122b601dd0, 0x000002122a611bc0, 0x000002122a612f70,
0x000002122a610180, 0x000002122a610810, 0x000002122f069620, 0x000002122f06bd80,
0x000002122f06c410, 0x000002122f068f90, 0x000002122f06b6f0, 0x000002122f06caa0,
0x000002122f06b060, 0x000002122d8cc600
}

Java Threads: ( => current thread )
  0x0000021279cedd20 JavaThread "main"                              [_thread_blocked, id=33528, stack(0x00000026e9300000,0x00000026e9400000) (1024K)]
  0x000002120f7437a0 JavaThread "Reference Handler"          daemon [_thread_blocked, id=28500, stack(0x00000026e9b00000,0x00000026e9c00000) (1024K)]
  0x000002120f744f20 JavaThread "Finalizer"                  daemon [_thread_blocked, id=30104, stack(0x00000026e9c00000,0x00000026e9d00000) (1024K)]
  0x000002120f764090 JavaThread "Signal Dispatcher"          daemon [_thread_blocked, id=32648, stack(0x00000026e9d00000,0x00000026e9e00000) (1024K)]
  0x000002120f767c80 JavaThread "Attach Listener"            daemon [_thread_blocked, id=22836, stack(0x00000026e9e00000,0x00000026e9f00000) (1024K)]
  0x000002120f7664b0 JavaThread "Service Thread"             daemon [_thread_blocked, id=29164, stack(0x00000026e9f00000,0x00000026ea000000) (1024K)]
  0x000002120f769c20 JavaThread "Monitor Deflation Thread"   daemon [_thread_blocked, id=22944, stack(0x00000026ea000000,0x00000026ea100000) (1024K)]
=>0x000002120f76ebd0 JavaThread "C2 CompilerThread0"         daemon [_thread_in_native, id=33832, stack(0x00000026ea100000,0x00000026ea200000) (1024K)]
  0x000002120f7723a0 JavaThread "C1 CompilerThread0"         daemon [_thread_blocked, id=32832, stack(0x00000026ea200000,0x00000026ea300000) (1024K)]
  0x000002120f9b4a40 JavaThread "Common-Cleaner"             daemon [_thread_blocked, id=33840, stack(0x00000026ea400000,0x00000026ea500000) (1024K)]
  0x000002120f9b1f10 JavaThread "Notification Thread"        daemon [_thread_blocked, id=23700, stack(0x00000026ea500000,0x00000026ea600000) (1024K)]
  0x000002120fb48d40 JavaThread "Daemon health stats"               [_thread_blocked, id=9248, stack(0x00000026eac00000,0x00000026ead00000) (1024K)]
  0x0000021229cb71e0 JavaThread "Incoming local TCP Connector on port 53181"        [_thread_in_native, id=19888, stack(0x00000026ead00000,0x00000026eae00000) (1024K)]
  0x000002120fafbb10 JavaThread "Daemon periodic checks"            [_thread_blocked, id=29360, stack(0x00000026eae00000,0x00000026eaf00000) (1024K)]
  0x000002122a613600 JavaThread "Cache worker for journal cache (C:\Users\Prova\.gradle\caches\journal-1)"        [_thread_blocked, id=33264, stack(0x00000026eb500000,0x00000026eb600000) (1024K)]
  0x000002122a610ea0 JavaThread "File lock request listener"        [_thread_in_native, id=17584, stack(0x00000026eb600000,0x00000026eb700000) (1024K)]
  0x000002122a6128e0 JavaThread "Cache worker for file hash cache (C:\Users\Prova\.gradle\caches\8.9\fileHashes)"        [_thread_blocked, id=5084, stack(0x00000026eb700000,0x00000026eb800000) (1024K)]
  0x000002122bd17cb0 JavaThread "File watcher server"        daemon [_thread_in_native, id=22864, stack(0x00000026ebe00000,0x00000026ebf00000) (1024K)]
  0x000002122bd19060 JavaThread "File watcher consumer"      daemon [_thread_blocked, id=30300, stack(0x00000026ebf00000,0x00000026ec000000) (1024K)]
  0x000002122bd16900 JavaThread "Cache worker for file content cache (C:\Users\Prova\.gradle\caches\8.9\fileContent)"        [_thread_blocked, id=26188, stack(0x00000026ec100000,0x00000026ec200000) (1024K)]
  0x000002122ce9f880 JavaThread "jar transforms"                    [_thread_blocked, id=20592, stack(0x00000026ec400000,0x00000026ec500000) (1024K)]
  0x000002122cea0c30 JavaThread "jar transforms Thread 2"           [_thread_blocked, id=31808, stack(0x00000026ec500000,0x00000026ec600000) (1024K)]
  0x000002122ce9ff10 JavaThread "jar transforms Thread 3"           [_thread_blocked, id=32264, stack(0x00000026eb800000,0x00000026eb900000) (1024K)]
  0x000002122b46fac0 JavaThread "jar transforms Thread 4"           [_thread_blocked, id=29580, stack(0x00000026ec700000,0x00000026ec800000) (1024K)]
  0x000002122b471500 JavaThread "jar transforms Thread 5"           [_thread_blocked, id=33928, stack(0x00000026ec800000,0x00000026ec900000) (1024K)]
  0x000002122b46eda0 JavaThread "jar transforms Thread 6"           [_thread_blocked, id=26388, stack(0x00000026ec900000,0x00000026eca00000) (1024K)]
  0x000002122bd15be0 JavaThread "jar transforms Thread 7"           [_thread_blocked, id=30112, stack(0x00000026eca00000,0x00000026ecb00000) (1024K)]
  0x000002122e076ba0 JavaThread "jar transforms Thread 8"           [_thread_blocked, id=11472, stack(0x00000026ee000000,0x00000026ee100000) (1024K)]
  0x000002122b5fcf10 JavaThread "Memory manager"                    [_thread_blocked, id=34084, stack(0x00000026ee300000,0x00000026ee400000) (1024K)]
  0x000002122e071650 JavaThread "Daemon Thread 2"                   [_thread_blocked, id=17188, stack(0x00000026e9000000,0x00000026e9100000) (1024K)]
  0x000002122e0702a0 JavaThread "Daemon worker Thread 2"            [_thread_in_Java, id=32948, stack(0x00000026eab00000,0x00000026eac00000) (1024K)]
  0x000002122bd16270 JavaThread "included builds"                   [_thread_blocked, id=19288, stack(0x00000026ede00000,0x00000026edf00000) (1024K)]
  0x000002122b5fa7b0 JavaThread "VFS cleanup Thread 2"              [_thread_blocked, id=7416, stack(0x00000026eaf00000,0x00000026eb000000) (1024K)]
  0x000002122bd18340 JavaThread "Handler for socket connection from /127.0.0.1:53181 to /127.0.0.1:54601"        [_thread_in_native, id=12348, stack(0x00000026e9100000,0x00000026e9200000) (1024K)]
  0x000002122bd16f90 JavaThread "Cancel handler"                    [_thread_blocked, id=34060, stack(0x00000026e9200000,0x00000026e9300000) (1024K)]
  0x000002122bd17620 JavaThread "Asynchronous log dispatcher for DefaultDaemonConnection: socket connection from /127.0.0.1:53181 to /127.0.0.1:54601"        [_thread_blocked, id=9808, stack(0x00000026ea300000,0x00000026ea400000) (1024K)]
  0x000002122e073090 JavaThread "Stdin handler"                     [_thread_blocked, id=26680, stack(0x00000026eb000000,0x00000026eb100000) (1024K)]
  0x000002122e073db0 JavaThread "Daemon client event forwarder"        [_thread_blocked, id=19036, stack(0x00000026eb100000,0x00000026eb200000) (1024K)]
  0x000002122e070930 JavaThread "Cache worker for file hash cache (C:\Users\Prova\Videos\Fixam\app\node_modules\react-native-vector-icons\android\.gradle\8.9\fileHashes)"        [_thread_blocked, id=23244, stack(0x00000026eb200000,0x00000026eb300000) (1024K)]
  0x000002122e070fc0 JavaThread "Cache worker for checksums cache (C:\Users\Prova\Videos\Fixam\app\node_modules\react-native-vector-icons\android\.gradle\8.9\checksums)"        [_thread_blocked, id=29676, stack(0x00000026eb400000,0x00000026eb500000) (1024K)]
  0x000002122b5fefe0 JavaThread "Unconstrained build operations"        [_thread_blocked, id=30956, stack(0x00000026ec000000,0x00000026ec100000) (1024K)]
  0x000002122b5fe950 JavaThread "Unconstrained build operations Thread 2"        [_thread_blocked, id=19852, stack(0x00000026ec200000,0x00000026ec300000) (1024K)]
  0x000002122b5ff670 JavaThread "Unconstrained build operations Thread 3"        [_thread_blocked, id=30108, stack(0x00000026ec300000,0x00000026ec400000) (1024K)]
  0x000002122b6010b0 JavaThread "Unconstrained build operations Thread 4"        [_thread_blocked, id=21792, stack(0x00000026ec600000,0x00000026ec700000) (1024K)]
  0x000002122b600390 JavaThread "Unconstrained build operations Thread 5"        [_thread_blocked, id=20572, stack(0x00000026ecc00000,0x00000026ecd00000) (1024K)]
  0x000002122b5fe2c0 JavaThread "Unconstrained build operations Thread 6"        [_thread_blocked, id=32292, stack(0x00000026ecd00000,0x00000026ece00000) (1024K)]
  0x000002122b5ffd00 JavaThread "Unconstrained build operations Thread 7"        [_thread_blocked, id=30364, stack(0x00000026ece00000,0x00000026ecf00000) (1024K)]
  0x000002122b600a20 JavaThread "Unconstrained build operations Thread 8"        [_thread_blocked, id=32808, stack(0x00000026ecf00000,0x00000026ed000000) (1024K)]
  0x000002122b601740 JavaThread "Unconstrained build operations Thread 9"        [_thread_blocked, id=28240, stack(0x00000026ed000000,0x00000026ed100000) (1024K)]
  0x000002122b601dd0 JavaThread "Unconstrained build operations Thread 10"        [_thread_blocked, id=27404, stack(0x00000026ed100000,0x00000026ed200000) (1024K)]
  0x000002122a611bc0 JavaThread "Unconstrained build operations Thread 11"        [_thread_blocked, id=31768, stack(0x00000026ed200000,0x00000026ed300000) (1024K)]
  0x000002122a612f70 JavaThread "Unconstrained build operations Thread 12"        [_thread_blocked, id=34692, stack(0x00000026ed300000,0x00000026ed400000) (1024K)]
  0x000002122a610180 JavaThread "Unconstrained build operations Thread 13"        [_thread_blocked, id=28784, stack(0x00000026ed400000,0x00000026ed500000) (1024K)]
  0x000002122a610810 JavaThread "Unconstrained build operations Thread 14"        [_thread_blocked, id=31820, stack(0x00000026ed500000,0x00000026ed600000) (1024K)]
  0x000002122f069620 JavaThread "Unconstrained build operations Thread 15"        [_thread_blocked, id=8088, stack(0x00000026ed600000,0x00000026ed700000) (1024K)]
  0x000002122f06bd80 JavaThread "Unconstrained build operations Thread 16"        [_thread_blocked, id=22016, stack(0x00000026ed700000,0x00000026ed800000) (1024K)]
  0x000002122f06c410 JavaThread "Unconstrained build operations Thread 17"        [_thread_blocked, id=33892, stack(0x00000026ed800000,0x00000026ed900000) (1024K)]
  0x000002122f068f90 JavaThread "Unconstrained build operations Thread 18"        [_thread_in_vm, id=33932, stack(0x00000026ed900000,0x00000026eda00000) (1024K)]
  0x000002122f06b6f0 JavaThread "Unconstrained build operations Thread 19"        [_thread_blocked, id=34736, stack(0x00000026eda00000,0x00000026edb00000) (1024K)]
  0x000002122f06caa0 JavaThread "Unconstrained build operations Thread 20"        [_thread_blocked, id=23460, stack(0x00000026edb00000,0x00000026edc00000) (1024K)]
  0x000002122f06b060 JavaThread "Unconstrained build operations Thread 21"        [_thread_in_vm, id=25568, stack(0x00000026edc00000,0x00000026edd00000) (1024K)]
  0x000002122d8cc600 JavaThread "C2 CompilerThread1"         daemon [_thread_in_native, id=24136, stack(0x00000026edd00000,0x00000026ede00000) (1024K)]
Total: 62

Other Threads:
  0x000002120f7273a0 VMThread "VM Thread"                           [id=6072, stack(0x00000026e9a00000,0x00000026e9b00000) (1024K)]
  0x000002120f719430 WatcherThread "VM Periodic Task Thread"        [id=34400, stack(0x00000026e9900000,0x00000026e9a00000) (1024K)]
  0x0000021279d178e0 WorkerThread "GC Thread#0"                     [id=34344, stack(0x00000026e9400000,0x00000026e9500000) (1024K)]
  0x000002120fa88710 WorkerThread "GC Thread#1"                     [id=23096, stack(0x00000026ea600000,0x00000026ea700000) (1024K)]
  0x000002120fb5c790 WorkerThread "GC Thread#2"                     [id=25388, stack(0x00000026ea700000,0x00000026ea800000) (1024K)]
  0x000002120fb5cb40 WorkerThread "GC Thread#3"                     [id=16796, stack(0x00000026ea800000,0x00000026ea900000) (1024K)]
  0x00000212294ee000 WorkerThread "GC Thread#4"                     [id=13592, stack(0x00000026ea900000,0x00000026eaa00000) (1024K)]
  0x00000212298ab750 WorkerThread "GC Thread#5"                     [id=13472, stack(0x00000026eaa00000,0x00000026eab00000) (1024K)]
  0x000002122a9b0b30 WorkerThread "GC Thread#6"                     [id=18988, stack(0x00000026eba00000,0x00000026ebb00000) (1024K)]
  0x000002122d53c760 WorkerThread "GC Thread#7"                     [id=24164, stack(0x00000026ebb00000,0x00000026ebc00000) (1024K)]
  0x0000021279d1ec00 ConcurrentGCThread "G1 Main Marker"            [id=536, stack(0x00000026e9500000,0x00000026e9600000) (1024K)]
  0x0000021279d1fe30 WorkerThread "G1 Conc#0"                       [id=12032, stack(0x00000026e9600000,0x00000026e9700000) (1024K)]
  0x000002122d53b140 WorkerThread "G1 Conc#1"                       [id=29112, stack(0x00000026ebc00000,0x00000026ebd00000) (1024K)]
  0x000002120f5e9610 ConcurrentGCThread "G1 Refine#0"               [id=32108, stack(0x00000026e9700000,0x00000026e9800000) (1024K)]
  0x000002120f5eae50 ConcurrentGCThread "G1 Service"                [id=24240, stack(0x00000026e9800000,0x00000026e9900000) (1024K)]
Total: 15

Threads with active compile tasks:
C2 CompilerThread0  231610 13639       4       org.gradle.internal.execution.steps.IdentifyStep::lambda$createIdentityContext$0 (34 bytes)
C2 CompilerThread1  231610 13691   !   4       java.io.ObjectOutputStream::writeObject0 (620 bytes)
Total: 2

VM state: not at safepoint (normal execution)

VM Mutex/Monitor currently owned by a thread: None

Heap address: 0x00000000e0000000, size: 512 MB, Compressed Oops mode: 32-bit

CDS archive(s) mapped at: [0x0000021210000000-0x0000021210ba0000-0x0000021210ba0000), size 12189696, SharedBaseAddress: 0x0000021210000000, ArchiveRelocationMode: 1.
Compressed class space mapped at: 0x0000021211000000-0x0000021225000000, reserved size: 335544320
Narrow klass base: 0x0000021210000000, Narrow klass shift: 0, Narrow klass range: 0x100000000

GC Precious Log:
 CardTable entry size: 512
 Card Set container configuration: InlinePtr #cards 5 size 8 Array Of Cards #cards 12 size 40 Howl #buckets 4 coarsen threshold 1843 Howl Bitmap #cards 512 size 80 coarsen threshold 460 Card regions per heap region 1 cards per card region 2048
 CPUs: 8 total, 8 available
 Memory: 8066M
 Large Page Support: Disabled
 NUMA Support: Disabled
 Compressed Oops: Enabled (32-bit)
 Heap Region Size: 1M
 Heap Min Capacity: 256M
 Heap Initial Capacity: 256M
 Heap Max Capacity: 512M
 Pre-touch: Disabled
 Parallel Workers: 8
 Concurrent Workers: 2
 Concurrent Refinement Workers: 8
 Periodic GC: Disabled

Heap:
 garbage-first heap   total 271360K, used 190161K [0x00000000e0000000, 0x0000000100000000)
  region size 1024K, 52 young (53248K), 6 survivors (6144K)
 Metaspace       used 81209K, committed 83392K, reserved 458752K
  class space    used 11359K, committed 12416K, reserved 327680K

Heap Regions: E=young(eden), S=young(survivor), O=old, HS=humongous(starts), HC=humongous(continues), CS=collection set, F=free, TAMS=top-at-mark-start, PB=parsable bottom
|   0|0x00000000e0000000, 0x00000000e0100000, 0x00000000e0100000|100%|HS|  |TAMS 0x00000000e0000000| PB 0x00000000e0000000| Complete 
|   1|0x00000000e0100000, 0x00000000e0200000, 0x00000000e0200000|100%|HC|  |TAMS 0x00000000e0100000| PB 0x00000000e0100000| Complete 
|   2|0x00000000e0200000, 0x00000000e0300000, 0x00000000e0300000|100%|HC|  |TAMS 0x00000000e0200000| PB 0x00000000e0200000| Complete 
|   3|0x00000000e0300000, 0x00000000e0400000, 0x00000000e0400000|100%|HC|  |TAMS 0x00000000e0300000| PB 0x00000000e0300000| Complete 
|   4|0x00000000e0400000, 0x00000000e0500000, 0x00000000e0500000|100%| O|  |TAMS 0x00000000e0400000| PB 0x00000000e0400000| Untracked 
|   5|0x00000000e0500000, 0x00000000e0600000, 0x00000000e0600000|100%| O|  |TAMS 0x00000000e0500000| PB 0x00000000e0500000| Untracked 
|   6|0x00000000e0600000, 0x00000000e0700000, 0x00000000e0700000|100%| O|  |TAMS 0x00000000e0600000| PB 0x00000000e0600000| Untracked 
|   7|0x00000000e0700000, 0x00000000e0800000, 0x00000000e0800000|100%| O|  |TAMS 0x00000000e0700000| PB 0x00000000e0700000| Untracked 
|   8|0x00000000e0800000, 0x00000000e0900000, 0x00000000e0900000|100%| O|  |TAMS 0x00000000e0800000| PB 0x00000000e0800000| Untracked 
|   9|0x00000000e0900000, 0x00000000e0a00000, 0x00000000e0a00000|100%| O|  |TAMS 0x00000000e0900000| PB 0x00000000e0900000| Untracked 
|  10|0x00000000e0a00000, 0x00000000e0b00000, 0x00000000e0b00000|100%|HS|  |TAMS 0x00000000e0a00000| PB 0x00000000e0a00000| Complete 
|  11|0x00000000e0b00000, 0x00000000e0c00000, 0x00000000e0c00000|100%| O|  |TAMS 0x00000000e0b00000| PB 0x00000000e0b00000| Untracked 
|  12|0x00000000e0c00000, 0x00000000e0d00000, 0x00000000e0d00000|100%| O|  |TAMS 0x00000000e0c00000| PB 0x00000000e0c00000| Untracked 
|  13|0x00000000e0d00000, 0x00000000e0e00000, 0x00000000e0e00000|100%| O|  |TAMS 0x00000000e0d00000| PB 0x00000000e0d00000| Untracked 
|  14|0x00000000e0e00000, 0x00000000e0f00000, 0x00000000e0f00000|100%| O|  |TAMS 0x00000000e0e00000| PB 0x00000000e0e00000| Untracked 
|  15|0x00000000e0f00000, 0x00000000e1000000, 0x00000000e1000000|100%| O|  |TAMS 0x00000000e0f00000| PB 0x00000000e0f00000| Untracked 
|  16|0x00000000e1000000, 0x00000000e1100000, 0x00000000e1100000|100%| O|  |TAMS 0x00000000e1000000| PB 0x00000000e1000000| Untracked 
|  17|0x00000000e1100000, 0x00000000e1200000, 0x00000000e1200000|100%| O|  |TAMS 0x00000000e1100000| PB 0x00000000e1100000| Untracked 
|  18|0x00000000e1200000, 0x00000000e1300000, 0x00000000e1300000|100%| O|  |TAMS 0x00000000e1200000| PB 0x00000000e1200000| Untracked 
|  19|0x00000000e1300000, 0x00000000e1400000, 0x00000000e1400000|100%| O|  |TAMS 0x00000000e1300000| PB 0x00000000e1300000| Untracked 
|  20|0x00000000e1400000, 0x00000000e1500000, 0x00000000e1500000|100%| O|  |TAMS 0x00000000e1400000| PB 0x00000000e1400000| Untracked 
|  21|0x00000000e1500000, 0x00000000e1600000, 0x00000000e1600000|100%| O|  |TAMS 0x00000000e1500000| PB 0x00000000e1500000| Untracked 
|  22|0x00000000e1600000, 0x00000000e1700000, 0x00000000e1700000|100%| O|  |TAMS 0x00000000e1600000| PB 0x00000000e1600000| Untracked 
|  23|0x00000000e1700000, 0x00000000e1800000, 0x00000000e1800000|100%| O|  |TAMS 0x00000000e1700000| PB 0x00000000e1700000| Untracked 
|  24|0x00000000e1800000, 0x00000000e1900000, 0x00000000e1900000|100%| O|  |TAMS 0x00000000e1800000| PB 0x00000000e1800000| Untracked 
|  25|0x00000000e1900000, 0x00000000e1a00000, 0x00000000e1a00000|100%| O|  |TAMS 0x00000000e1900000| PB 0x00000000e1900000| Untracked 
|  26|0x00000000e1a00000, 0x00000000e1b00000, 0x00000000e1b00000|100%| O|  |TAMS 0x00000000e1a00000| PB 0x00000000e1a00000| Untracked 
|  27|0x00000000e1b00000, 0x00000000e1c00000, 0x00000000e1c00000|100%| O|  |TAMS 0x00000000e1b00000| PB 0x00000000e1b00000| Untracked 
|  28|0x00000000e1c00000, 0x00000000e1d00000, 0x00000000e1d00000|100%| O|  |TAMS 0x00000000e1c00000| PB 0x00000000e1c00000| Untracked 
|  29|0x00000000e1d00000, 0x00000000e1e00000, 0x00000000e1e00000|100%| O|  |TAMS 0x00000000e1d00000| PB 0x00000000e1d00000| Untracked 
|  30|0x00000000e1e00000, 0x00000000e1f00000, 0x00000000e1f00000|100%| O|  |TAMS 0x00000000e1e00000| PB 0x00000000e1e00000| Untracked 
|  31|0x00000000e1f00000, 0x00000000e2000000, 0x00000000e2000000|100%| O|  |TAMS 0x00000000e1f00000| PB 0x00000000e1f00000| Untracked 
|  32|0x00000000e2000000, 0x00000000e2100000, 0x00000000e2100000|100%| O|  |TAMS 0x00000000e2000000| PB 0x00000000e2000000| Untracked 
|  33|0x00000000e2100000, 0x00000000e2200000, 0x00000000e2200000|100%| O|  |TAMS 0x00000000e2100000| PB 0x00000000e2100000| Untracked 
|  34|0x00000000e2200000, 0x00000000e2300000, 0x00000000e2300000|100%| O|  |TAMS 0x00000000e2200000| PB 0x00000000e2200000| Untracked 
|  35|0x00000000e2300000, 0x00000000e2400000, 0x00000000e2400000|100%| O|  |TAMS 0x00000000e2300000| PB 0x00000000e2300000| Untracked 
|  36|0x00000000e2400000, 0x00000000e2500000, 0x00000000e2500000|100%| O|  |TAMS 0x00000000e2400000| PB 0x00000000e2400000| Untracked 
|  37|0x00000000e2500000, 0x00000000e2600000, 0x00000000e2600000|100%| O|  |TAMS 0x00000000e2500000| PB 0x00000000e2500000| Untracked 
|  38|0x00000000e2600000, 0x00000000e2700000, 0x00000000e2700000|100%| O|Cm|TAMS 0x00000000e2600000| PB 0x00000000e2600000| Complete 
|  39|0x00000000e2700000, 0x00000000e2800000, 0x00000000e2800000|100%| O|  |TAMS 0x00000000e2700000| PB 0x00000000e2700000| Untracked 
|  40|0x00000000e2800000, 0x00000000e2900000, 0x00000000e2900000|100%| O|  |TAMS 0x00000000e2800000| PB 0x00000000e2800000| Untracked 
|  41|0x00000000e2900000, 0x00000000e2a00000, 0x00000000e2a00000|100%|HS|  |TAMS 0x00000000e2900000| PB 0x00000000e2900000| Complete 
|  42|0x00000000e2a00000, 0x00000000e2b00000, 0x00000000e2b00000|100%|HC|  |TAMS 0x00000000e2a00000| PB 0x00000000e2a00000| Complete 
|  43|0x00000000e2b00000, 0x00000000e2c00000, 0x00000000e2c00000|100%|HS|  |TAMS 0x00000000e2b00000| PB 0x00000000e2b00000| Complete 
|  44|0x00000000e2c00000, 0x00000000e2d00000, 0x00000000e2d00000|100%|HC|  |TAMS 0x00000000e2c00000| PB 0x00000000e2c00000| Complete 
|  45|0x00000000e2d00000, 0x00000000e2e00000, 0x00000000e2e00000|100%|HC|  |TAMS 0x00000000e2d00000| PB 0x00000000e2d00000| Complete 
|  46|0x00000000e2e00000, 0x00000000e2f00000, 0x00000000e2f00000|100%|HC|  |TAMS 0x00000000e2e00000| PB 0x00000000e2e00000| Complete 
|  47|0x00000000e2f00000, 0x00000000e3000000, 0x00000000e3000000|100%| O|  |TAMS 0x00000000e2f00000| PB 0x00000000e2f00000| Untracked 
|  48|0x00000000e3000000, 0x00000000e3100000, 0x00000000e3100000|100%| O|  |TAMS 0x00000000e3000000| PB 0x00000000e3000000| Untracked 
|  49|0x00000000e3100000, 0x00000000e3200000, 0x00000000e3200000|100%| O|  |TAMS 0x00000000e3100000| PB 0x00000000e3100000| Untracked 
|  50|0x00000000e3200000, 0x00000000e3300000, 0x00000000e3300000|100%| O|  |TAMS 0x00000000e3200000| PB 0x00000000e3200000| Untracked 
|  51|0x00000000e3300000, 0x00000000e3400000, 0x00000000e3400000|100%| O|  |TAMS 0x00000000e3300000| PB 0x00000000e3300000| Untracked 
|  52|0x00000000e3400000, 0x00000000e3500000, 0x00000000e3500000|100%| O|  |TAMS 0x00000000e3400000| PB 0x00000000e3400000| Untracked 
|  53|0x00000000e3500000, 0x00000000e3600000, 0x00000000e3600000|100%| O|  |TAMS 0x00000000e3500000| PB 0x00000000e3500000| Untracked 
|  54|0x00000000e3600000, 0x00000000e3700000, 0x00000000e3700000|100%| O|  |TAMS 0x00000000e3600000| PB 0x00000000e3600000| Untracked 
|  55|0x00000000e3700000, 0x00000000e3800000, 0x00000000e3800000|100%| O|  |TAMS 0x00000000e3700000| PB 0x00000000e3700000| Untracked 
|  56|0x00000000e3800000, 0x00000000e3900000, 0x00000000e3900000|100%| O|  |TAMS 0x00000000e3800000| PB 0x00000000e3800000| Untracked 
|  57|0x00000000e3900000, 0x00000000e3a00000, 0x00000000e3a00000|100%| O|  |TAMS 0x00000000e3900000| PB 0x00000000e3900000| Untracked 
|  58|0x00000000e3a00000, 0x00000000e3b00000, 0x00000000e3b00000|100%| O|  |TAMS 0x00000000e3a00000| PB 0x00000000e3a00000| Untracked 
|  59|0x00000000e3b00000, 0x00000000e3c00000, 0x00000000e3c00000|100%| O|  |TAMS 0x00000000e3b00000| PB 0x00000000e3b00000| Untracked 
|  60|0x00000000e3c00000, 0x00000000e3d00000, 0x00000000e3d00000|100%| O|  |TAMS 0x00000000e3c00000| PB 0x00000000e3c00000| Untracked 
|  61|0x00000000e3d00000, 0x00000000e3e00000, 0x00000000e3e00000|100%| O|  |TAMS 0x00000000e3d00000| PB 0x00000000e3d00000| Untracked 
|  62|0x00000000e3e00000, 0x00000000e3f00000, 0x00000000e3f00000|100%| O|  |TAMS 0x00000000e3e00000| PB 0x00000000e3e00000| Untracked 
|  63|0x00000000e3f00000, 0x00000000e4000000, 0x00000000e4000000|100%| O|Cm|TAMS 0x00000000e3f00000| PB 0x00000000e3f00000| Complete 
|  64|0x00000000e4000000, 0x00000000e4100000, 0x00000000e4100000|100%| O|  |TAMS 0x00000000e4000000| PB 0x00000000e4000000| Untracked 
|  65|0x00000000e4100000, 0x00000000e4200000, 0x00000000e4200000|100%|HS|  |TAMS 0x00000000e4100000| PB 0x00000000e4100000| Complete 
|  66|0x00000000e4200000, 0x00000000e4300000, 0x00000000e4300000|100%|HS|  |TAMS 0x00000000e4200000| PB 0x00000000e4200000| Complete 
|  67|0x00000000e4300000, 0x00000000e4400000, 0x00000000e4400000|100%|HS|  |TAMS 0x00000000e4300000| PB 0x00000000e4300000| Complete 
|  68|0x00000000e4400000, 0x00000000e4500000, 0x00000000e4500000|100%|HS|  |TAMS 0x00000000e4400000| PB 0x00000000e4400000| Complete 
|  69|0x00000000e4500000, 0x00000000e4600000, 0x00000000e4600000|100%| O|  |TAMS 0x00000000e4500000| PB 0x00000000e4500000| Untracked 
|  70|0x00000000e4600000, 0x00000000e4700000, 0x00000000e4700000|100%|HS|  |TAMS 0x00000000e4600000| PB 0x00000000e4600000| Complete 
|  71|0x00000000e4700000, 0x00000000e4800000, 0x00000000e4800000|100%|HS|  |TAMS 0x00000000e4700000| PB 0x00000000e4700000| Complete 
|  72|0x00000000e4800000, 0x00000000e4900000, 0x00000000e4900000|100%| O|  |TAMS 0x00000000e4800000| PB 0x00000000e4800000| Untracked 
|  73|0x00000000e4900000, 0x00000000e4a00000, 0x00000000e4a00000|100%| O|  |TAMS 0x00000000e4900000| PB 0x00000000e4900000| Untracked 
|  74|0x00000000e4a00000, 0x00000000e4b00000, 0x00000000e4b00000|100%| O|Cm|TAMS 0x00000000e4a00000| PB 0x00000000e4a00000| Complete 
|  75|0x00000000e4b00000, 0x00000000e4c00000, 0x00000000e4c00000|100%|HS|  |TAMS 0x00000000e4b00000| PB 0x00000000e4b00000| Complete 
|  76|0x00000000e4c00000, 0x00000000e4d00000, 0x00000000e4d00000|100%| O|  |TAMS 0x00000000e4c00000| PB 0x00000000e4c00000| Untracked 
|  77|0x00000000e4d00000, 0x00000000e4e00000, 0x00000000e4e00000|100%| O|  |TAMS 0x00000000e4d00000| PB 0x00000000e4d00000| Untracked 
|  78|0x00000000e4e00000, 0x00000000e4f00000, 0x00000000e4f00000|100%| O|  |TAMS 0x00000000e4e00000| PB 0x00000000e4e00000| Untracked 
|  79|0x00000000e4f00000, 0x00000000e5000000, 0x00000000e5000000|100%| O|  |TAMS 0x00000000e4f00000| PB 0x00000000e4f00000| Untracked 
|  80|0x00000000e5000000, 0x00000000e5100000, 0x00000000e5100000|100%| O|Cm|TAMS 0x00000000e5000000| PB 0x00000000e5000000| Complete 
|  81|0x00000000e5100000, 0x00000000e5200000, 0x00000000e5200000|100%| O|Cm|TAMS 0x00000000e5100000| PB 0x00000000e5100000| Complete 
|  82|0x00000000e5200000, 0x00000000e5300000, 0x00000000e5300000|100%| O|  |TAMS 0x00000000e5200000| PB 0x00000000e5200000| Untracked 
|  83|0x00000000e5300000, 0x00000000e5400000, 0x00000000e5400000|100%| O|  |TAMS 0x00000000e5300000| PB 0x00000000e5300000| Untracked 
|  84|0x00000000e5400000, 0x00000000e5500000, 0x00000000e5500000|100%| O|  |TAMS 0x00000000e5400000| PB 0x00000000e5400000| Untracked 
|  85|0x00000000e5500000, 0x00000000e5600000, 0x00000000e5600000|100%| O|  |TAMS 0x00000000e5500000| PB 0x00000000e5500000| Untracked 
|  86|0x00000000e5600000, 0x00000000e5700000, 0x00000000e5700000|100%| O|  |TAMS 0x00000000e5600000| PB 0x00000000e5600000| Untracked 
|  87|0x00000000e5700000, 0x00000000e5800000, 0x00000000e5800000|100%|HS|  |TAMS 0x00000000e5700000| PB 0x00000000e5700000| Complete 
|  88|0x00000000e5800000, 0x00000000e5900000, 0x00000000e5900000|100%|HS|  |TAMS 0x00000000e5800000| PB 0x00000000e5800000| Complete 
|  89|0x00000000e5900000, 0x00000000e5a00000, 0x00000000e5a00000|100%|HS|  |TAMS 0x00000000e5900000| PB 0x00000000e5900000| Complete 
|  90|0x00000000e5a00000, 0x00000000e5b00000, 0x00000000e5b00000|100%| O|  |TAMS 0x00000000e5a00000| PB 0x00000000e5a00000| Untracked 
|  91|0x00000000e5b00000, 0x00000000e5c00000, 0x00000000e5c00000|100%| O|  |TAMS 0x00000000e5b00000| PB 0x00000000e5b00000| Untracked 
|  92|0x00000000e5c00000, 0x00000000e5d00000, 0x00000000e5d00000|100%| O|  |TAMS 0x00000000e5c00000| PB 0x00000000e5c00000| Untracked 
|  93|0x00000000e5d00000, 0x00000000e5e00000, 0x00000000e5e00000|100%| O|Cm|TAMS 0x00000000e5d00000| PB 0x00000000e5d00000| Complete 
|  94|0x00000000e5e00000, 0x00000000e5f00000, 0x00000000e5f00000|100%| O|  |TAMS 0x00000000e5e00000| PB 0x00000000e5e00000| Untracked 
|  95|0x00000000e5f00000, 0x00000000e6000000, 0x00000000e6000000|100%| O|  |TAMS 0x00000000e5f00000| PB 0x00000000e5f00000| Untracked 
|  96|0x00000000e6000000, 0x00000000e6100000, 0x00000000e6100000|100%| O|  |TAMS 0x00000000e6000000| PB 0x00000000e6000000| Untracked 
|  97|0x00000000e6100000, 0x00000000e6200000, 0x00000000e6200000|100%| O|  |TAMS 0x00000000e6100000| PB 0x00000000e6100000| Untracked 
|  98|0x00000000e6200000, 0x00000000e6300000, 0x00000000e6300000|100%| O|  |TAMS 0x00000000e6200000| PB 0x00000000e6200000| Untracked 
|  99|0x00000000e6300000, 0x00000000e6400000, 0x00000000e6400000|100%| O|Cm|TAMS 0x00000000e6300000| PB 0x00000000e6300000| Complete 
| 100|0x00000000e6400000, 0x00000000e6500000, 0x00000000e6500000|100%| O|Cm|TAMS 0x00000000e6400000| PB 0x00000000e6400000| Complete 
| 101|0x00000000e6500000, 0x00000000e6600000, 0x00000000e6600000|100%| O|Cm|TAMS 0x00000000e6500000| PB 0x00000000e6500000| Complete 
| 102|0x00000000e6600000, 0x00000000e6700000, 0x00000000e6700000|100%| O|  |TAMS 0x00000000e6600000| PB 0x00000000e6600000| Untracked 
| 103|0x00000000e6700000, 0x00000000e6800000, 0x00000000e6800000|100%| O|  |TAMS 0x00000000e6700000| PB 0x00000000e6700000| Untracked 
| 104|0x00000000e6800000, 0x00000000e6900000, 0x00000000e6900000|100%| O|  |TAMS 0x00000000e6800000| PB 0x00000000e6800000| Untracked 
| 105|0x00000000e6900000, 0x00000000e6a00000, 0x00000000e6a00000|100%| O|  |TAMS 0x00000000e6900000| PB 0x00000000e6900000| Untracked 
| 106|0x00000000e6a00000, 0x00000000e6b00000, 0x00000000e6b00000|100%| O|  |TAMS 0x00000000e6a00000| PB 0x00000000e6a00000| Untracked 
| 107|0x00000000e6b00000, 0x00000000e6c00000, 0x00000000e6c00000|100%| O|  |TAMS 0x00000000e6b00000| PB 0x00000000e6b00000| Untracked 
| 108|0x00000000e6c00000, 0x00000000e6d00000, 0x00000000e6d00000|100%| O|  |TAMS 0x00000000e6c00000| PB 0x00000000e6c00000| Untracked 
| 109|0x00000000e6d00000, 0x00000000e6e00000, 0x00000000e6e00000|100%| O|  |TAMS 0x00000000e6d00000| PB 0x00000000e6d00000| Untracked 
| 110|0x00000000e6e00000, 0x00000000e6f00000, 0x00000000e6f00000|100%|HS|  |TAMS 0x00000000e6e00000| PB 0x00000000e6e00000| Complete 
| 111|0x00000000e6f00000, 0x00000000e7000000, 0x00000000e7000000|100%|HC|  |TAMS 0x00000000e6f00000| PB 0x00000000e6f00000| Complete 
| 112|0x00000000e7000000, 0x00000000e7100000, 0x00000000e7100000|100%|HC|  |TAMS 0x00000000e7000000| PB 0x00000000e7000000| Complete 
| 113|0x00000000e7100000, 0x00000000e7200000, 0x00000000e7200000|100%|HS|  |TAMS 0x00000000e7100000| PB 0x00000000e7100000| Complete 
| 114|0x00000000e7200000, 0x00000000e7300000, 0x00000000e7300000|100%|HC|  |TAMS 0x00000000e7200000| PB 0x00000000e7200000| Complete 
| 115|0x00000000e7300000, 0x00000000e7400000, 0x00000000e7400000|100%| O|  |TAMS 0x00000000e7300000| PB 0x00000000e7300000| Untracked 
| 116|0x00000000e7400000, 0x00000000e7500000, 0x00000000e7500000|100%| O|  |TAMS 0x00000000e7400000| PB 0x00000000e7400000| Untracked 
| 117|0x00000000e7500000, 0x00000000e7600000, 0x00000000e7600000|100%| O|  |TAMS 0x00000000e7500000| PB 0x00000000e7500000| Untracked 
| 118|0x00000000e7600000, 0x00000000e7700000, 0x00000000e7700000|100%| O|  |TAMS 0x00000000e7600000| PB 0x00000000e7600000| Untracked 
| 119|0x00000000e7700000, 0x00000000e7800000, 0x00000000e7800000|100%| O|  |TAMS 0x00000000e7700000| PB 0x00000000e7700000| Untracked 
| 120|0x00000000e7800000, 0x00000000e7900000, 0x00000000e7900000|100%| O|  |TAMS 0x00000000e7800000| PB 0x00000000e7800000| Untracked 
| 121|0x00000000e7900000, 0x00000000e79fc580, 0x00000000e7a00000| 98%| O|  |TAMS 0x00000000e7900000| PB 0x00000000e7900000| Untracked 
| 122|0x00000000e7a00000, 0x00000000e7a00000, 0x00000000e7b00000|  0%| F|  |TAMS 0x00000000e7a00000| PB 0x00000000e7a00000| Untracked 
| 123|0x00000000e7b00000, 0x00000000e7b00000, 0x00000000e7c00000|  0%| F|  |TAMS 0x00000000e7b00000| PB 0x00000000e7b00000| Untracked 
| 124|0x00000000e7c00000, 0x00000000e7d00000, 0x00000000e7d00000|100%| O|  |TAMS 0x00000000e7c00000| PB 0x00000000e7c00000| Untracked 
| 125|0x00000000e7d00000, 0x00000000e7e00000, 0x00000000e7e00000|100%| O|  |TAMS 0x00000000e7d00000| PB 0x00000000e7d00000| Untracked 
| 126|0x00000000e7e00000, 0x00000000e7f00000, 0x00000000e7f00000|100%| O|  |TAMS 0x00000000e7e00000| PB 0x00000000e7e00000| Untracked 
| 127|0x00000000e7f00000, 0x00000000e8000000, 0x00000000e8000000|100%| O|  |TAMS 0x00000000e7f00000| PB 0x00000000e7f00000| Untracked 
| 128|0x00000000e8000000, 0x00000000e8100000, 0x00000000e8100000|100%| O|  |TAMS 0x00000000e8000000| PB 0x00000000e8000000| Untracked 
| 129|0x00000000e8100000, 0x00000000e8200000, 0x00000000e8200000|100%| O|  |TAMS 0x00000000e8100000| PB 0x00000000e8100000| Untracked 
| 130|0x00000000e8200000, 0x00000000e8300000, 0x00000000e8300000|100%| O|  |TAMS 0x00000000e8200000| PB 0x00000000e8200000| Untracked 
| 131|0x00000000e8300000, 0x00000000e8300000, 0x00000000e8400000|  0%| F|  |TAMS 0x00000000e8300000| PB 0x00000000e8300000| Untracked 
| 132|0x00000000e8400000, 0x00000000e8400000, 0x00000000e8500000|  0%| F|  |TAMS 0x00000000e8400000| PB 0x00000000e8400000| Untracked 
| 133|0x00000000e8500000, 0x00000000e8500000, 0x00000000e8600000|  0%| F|  |TAMS 0x00000000e8500000| PB 0x00000000e8500000| Untracked 
| 134|0x00000000e8600000, 0x00000000e8600000, 0x00000000e8700000|  0%| F|  |TAMS 0x00000000e8600000| PB 0x00000000e8600000| Untracked 
| 135|0x00000000e8700000, 0x00000000e8700000, 0x00000000e8800000|  0%| F|  |TAMS 0x00000000e8700000| PB 0x00000000e8700000| Untracked 
| 136|0x00000000e8800000, 0x00000000e8800000, 0x00000000e8900000|  0%| F|  |TAMS 0x00000000e8800000| PB 0x00000000e8800000| Untracked 
| 137|0x00000000e8900000, 0x00000000e8900000, 0x00000000e8a00000|  0%| F|  |TAMS 0x00000000e8900000| PB 0x00000000e8900000| Untracked 
| 138|0x00000000e8a00000, 0x00000000e8a00000, 0x00000000e8b00000|  0%| F|  |TAMS 0x00000000e8a00000| PB 0x00000000e8a00000| Untracked 
| 139|0x00000000e8b00000, 0x00000000e8b00000, 0x00000000e8c00000|  0%| F|  |TAMS 0x00000000e8b00000| PB 0x00000000e8b00000| Untracked 
| 140|0x00000000e8c00000, 0x00000000e8c00000, 0x00000000e8d00000|  0%| F|  |TAMS 0x00000000e8c00000| PB 0x00000000e8c00000| Untracked 
| 141|0x00000000e8d00000, 0x00000000e8d00000, 0x00000000e8e00000|  0%| F|  |TAMS 0x00000000e8d00000| PB 0x00000000e8d00000| Untracked 
| 142|0x00000000e8e00000, 0x00000000e8e00000, 0x00000000e8f00000|  0%| F|  |TAMS 0x00000000e8e00000| PB 0x00000000e8e00000| Untracked 
| 143|0x00000000e8f00000, 0x00000000e8f00000, 0x00000000e9000000|  0%| F|  |TAMS 0x00000000e8f00000| PB 0x00000000e8f00000| Untracked 
| 144|0x00000000e9000000, 0x00000000e9000000, 0x00000000e9100000|  0%| F|  |TAMS 0x00000000e9000000| PB 0x00000000e9000000| Untracked 
| 145|0x00000000e9100000, 0x00000000e9100000, 0x00000000e9200000|  0%| F|  |TAMS 0x00000000e9100000| PB 0x00000000e9100000| Untracked 
| 146|0x00000000e9200000, 0x00000000e9200000, 0x00000000e9300000|  0%| F|  |TAMS 0x00000000e9200000| PB 0x00000000e9200000| Untracked 
| 147|0x00000000e9300000, 0x00000000e9300000, 0x00000000e9400000|  0%| F|  |TAMS 0x00000000e9300000| PB 0x00000000e9300000| Untracked 
| 148|0x00000000e9400000, 0x00000000e9400000, 0x00000000e9500000|  0%| F|  |TAMS 0x00000000e9400000| PB 0x00000000e9400000| Untracked 
| 149|0x00000000e9500000, 0x00000000e9500000, 0x00000000e9600000|  0%| F|  |TAMS 0x00000000e9500000| PB 0x00000000e9500000| Untracked 
| 150|0x00000000e9600000, 0x00000000e9600000, 0x00000000e9700000|  0%| F|  |TAMS 0x00000000e9600000| PB 0x00000000e9600000| Untracked 
| 151|0x00000000e9700000, 0x00000000e9700000, 0x00000000e9800000|  0%| F|  |TAMS 0x00000000e9700000| PB 0x00000000e9700000| Untracked 
| 152|0x00000000e9800000, 0x00000000e9800000, 0x00000000e9900000|  0%| F|  |TAMS 0x00000000e9800000| PB 0x00000000e9800000| Untracked 
| 153|0x00000000e9900000, 0x00000000e9900000, 0x00000000e9a00000|  0%| F|  |TAMS 0x00000000e9900000| PB 0x00000000e9900000| Untracked 
| 154|0x00000000e9a00000, 0x00000000e9a00000, 0x00000000e9b00000|  0%| F|  |TAMS 0x00000000e9a00000| PB 0x00000000e9a00000| Untracked 
| 155|0x00000000e9b00000, 0x00000000e9b00000, 0x00000000e9c00000|  0%| F|  |TAMS 0x00000000e9b00000| PB 0x00000000e9b00000| Untracked 
| 156|0x00000000e9c00000, 0x00000000e9c00000, 0x00000000e9d00000|  0%| F|  |TAMS 0x00000000e9c00000| PB 0x00000000e9c00000| Untracked 
| 157|0x00000000e9d00000, 0x00000000e9db8020, 0x00000000e9e00000| 71%| S|CS|TAMS 0x00000000e9d00000| PB 0x00000000e9d00000| Complete 
| 158|0x00000000e9e00000, 0x00000000e9f00000, 0x00000000e9f00000|100%| S|CS|TAMS 0x00000000e9e00000| PB 0x00000000e9e00000| Complete 
| 159|0x00000000e9f00000, 0x00000000ea000000, 0x00000000ea000000|100%| S|CS|TAMS 0x00000000e9f00000| PB 0x00000000e9f00000| Complete 
| 160|0x00000000ea000000, 0x00000000ea100000, 0x00000000ea100000|100%| S|CS|TAMS 0x00000000ea000000| PB 0x00000000ea000000| Complete 
| 161|0x00000000ea100000, 0x00000000ea200000, 0x00000000ea200000|100%| S|CS|TAMS 0x00000000ea100000| PB 0x00000000ea100000| Complete 
| 162|0x00000000ea200000, 0x00000000ea300000, 0x00000000ea300000|100%| S|CS|TAMS 0x00000000ea200000| PB 0x00000000ea200000| Complete 
| 163|0x00000000ea300000, 0x00000000ea300000, 0x00000000ea400000|  0%| F|  |TAMS 0x00000000ea300000| PB 0x00000000ea300000| Untracked 
| 164|0x00000000ea400000, 0x00000000ea400000, 0x00000000ea500000|  0%| F|  |TAMS 0x00000000ea400000| PB 0x00000000ea400000| Untracked 
| 165|0x00000000ea500000, 0x00000000ea500000, 0x00000000ea600000|  0%| F|  |TAMS 0x00000000ea500000| PB 0x00000000ea500000| Untracked 
| 166|0x00000000ea600000, 0x00000000ea600000, 0x00000000ea700000|  0%| F|  |TAMS 0x00000000ea600000| PB 0x00000000ea600000| Untracked 
| 167|0x00000000ea700000, 0x00000000ea700000, 0x00000000ea800000|  0%| F|  |TAMS 0x00000000ea700000| PB 0x00000000ea700000| Untracked 
| 168|0x00000000ea800000, 0x00000000ea800000, 0x00000000ea900000|  0%| F|  |TAMS 0x00000000ea800000| PB 0x00000000ea800000| Untracked 
| 169|0x00000000ea900000, 0x00000000ea900000, 0x00000000eaa00000|  0%| F|  |TAMS 0x00000000ea900000| PB 0x00000000ea900000| Untracked 
| 170|0x00000000eaa00000, 0x00000000eaa00000, 0x00000000eab00000|  0%| F|  |TAMS 0x00000000eaa00000| PB 0x00000000eaa00000| Untracked 
| 171|0x00000000eab00000, 0x00000000eab00000, 0x00000000eac00000|  0%| F|  |TAMS 0x00000000eab00000| PB 0x00000000eab00000| Untracked 
| 172|0x00000000eac00000, 0x00000000eac00000, 0x00000000ead00000|  0%| F|  |TAMS 0x00000000eac00000| PB 0x00000000eac00000| Untracked 
| 173|0x00000000ead00000, 0x00000000ead00000, 0x00000000eae00000|  0%| F|  |TAMS 0x00000000ead00000| PB 0x00000000ead00000| Untracked 
| 174|0x00000000eae00000, 0x00000000eae00000, 0x00000000eaf00000|  0%| F|  |TAMS 0x00000000eae00000| PB 0x00000000eae00000| Untracked 
| 175|0x00000000eaf00000, 0x00000000eaf00000, 0x00000000eb000000|  0%| F|  |TAMS 0x00000000eaf00000| PB 0x00000000eaf00000| Untracked 
| 176|0x00000000eb000000, 0x00000000eb000000, 0x00000000eb100000|  0%| F|  |TAMS 0x00000000eb000000| PB 0x00000000eb000000| Untracked 
| 177|0x00000000eb100000, 0x00000000eb100000, 0x00000000eb200000|  0%| F|  |TAMS 0x00000000eb100000| PB 0x00000000eb100000| Untracked 
| 178|0x00000000eb200000, 0x00000000eb200000, 0x00000000eb300000|  0%| F|  |TAMS 0x00000000eb200000| PB 0x00000000eb200000| Untracked 
| 179|0x00000000eb300000, 0x00000000eb300000, 0x00000000eb400000|  0%| F|  |TAMS 0x00000000eb300000| PB 0x00000000eb300000| Untracked 
| 180|0x00000000eb400000, 0x00000000eb400000, 0x00000000eb500000|  0%| F|  |TAMS 0x00000000eb400000| PB 0x00000000eb400000| Untracked 
| 181|0x00000000eb500000, 0x00000000eb500000, 0x00000000eb600000|  0%| F|  |TAMS 0x00000000eb500000| PB 0x00000000eb500000| Untracked 
| 182|0x00000000eb600000, 0x00000000eb600000, 0x00000000eb700000|  0%| F|  |TAMS 0x00000000eb600000| PB 0x00000000eb600000| Untracked 
| 183|0x00000000eb700000, 0x00000000eb700000, 0x00000000eb800000|  0%| F|  |TAMS 0x00000000eb700000| PB 0x00000000eb700000| Untracked 
| 184|0x00000000eb800000, 0x00000000eb800000, 0x00000000eb900000|  0%| F|  |TAMS 0x00000000eb800000| PB 0x00000000eb800000| Untracked 
| 185|0x00000000eb900000, 0x00000000eb900000, 0x00000000eba00000|  0%| F|  |TAMS 0x00000000eb900000| PB 0x00000000eb900000| Untracked 
| 186|0x00000000eba00000, 0x00000000eba00000, 0x00000000ebb00000|  0%| F|  |TAMS 0x00000000eba00000| PB 0x00000000eba00000| Untracked 
| 187|0x00000000ebb00000, 0x00000000ebb00000, 0x00000000ebc00000|  0%| F|  |TAMS 0x00000000ebb00000| PB 0x00000000ebb00000| Untracked 
| 188|0x00000000ebc00000, 0x00000000ebc00000, 0x00000000ebd00000|  0%| F|  |TAMS 0x00000000ebc00000| PB 0x00000000ebc00000| Untracked 
| 189|0x00000000ebd00000, 0x00000000ebd00000, 0x00000000ebe00000|  0%| F|  |TAMS 0x00000000ebd00000| PB 0x00000000ebd00000| Untracked 
| 190|0x00000000ebe00000, 0x00000000ebe00000, 0x00000000ebf00000|  0%| F|  |TAMS 0x00000000ebe00000| PB 0x00000000ebe00000| Untracked 
| 191|0x00000000ebf00000, 0x00000000ebf00000, 0x00000000ec000000|  0%| F|  |TAMS 0x00000000ebf00000| PB 0x00000000ebf00000| Untracked 
| 192|0x00000000ec000000, 0x00000000ec000000, 0x00000000ec100000|  0%| F|  |TAMS 0x00000000ec000000| PB 0x00000000ec000000| Untracked 
| 193|0x00000000ec100000, 0x00000000ec100000, 0x00000000ec200000|  0%| F|  |TAMS 0x00000000ec100000| PB 0x00000000ec100000| Untracked 
| 194|0x00000000ec200000, 0x00000000ec200000, 0x00000000ec300000|  0%| F|  |TAMS 0x00000000ec200000| PB 0x00000000ec200000| Untracked 
| 195|0x00000000ec300000, 0x00000000ec300000, 0x00000000ec400000|  0%| F|  |TAMS 0x00000000ec300000| PB 0x00000000ec300000| Untracked 
| 196|0x00000000ec400000, 0x00000000ec400000, 0x00000000ec500000|  0%| F|  |TAMS 0x00000000ec400000| PB 0x00000000ec400000| Untracked 
| 197|0x00000000ec500000, 0x00000000ec500000, 0x00000000ec600000|  0%| F|  |TAMS 0x00000000ec500000| PB 0x00000000ec500000| Untracked 
| 198|0x00000000ec600000, 0x00000000ec600000, 0x00000000ec700000|  0%| F|  |TAMS 0x00000000ec600000| PB 0x00000000ec600000| Untracked 
| 199|0x00000000ec700000, 0x00000000ec700000, 0x00000000ec800000|  0%| F|  |TAMS 0x00000000ec700000| PB 0x00000000ec700000| Untracked 
| 200|0x00000000ec800000, 0x00000000ec800000, 0x00000000ec900000|  0%| F|  |TAMS 0x00000000ec800000| PB 0x00000000ec800000| Untracked 
| 201|0x00000000ec900000, 0x00000000ec900000, 0x00000000eca00000|  0%| F|  |TAMS 0x00000000ec900000| PB 0x00000000ec900000| Untracked 
| 202|0x00000000eca00000, 0x00000000eca00000, 0x00000000ecb00000|  0%| F|  |TAMS 0x00000000eca00000| PB 0x00000000eca00000| Untracked 
| 203|0x00000000ecb00000, 0x00000000ecb00000, 0x00000000ecc00000|  0%| F|  |TAMS 0x00000000ecb00000| PB 0x00000000ecb00000| Untracked 
| 204|0x00000000ecc00000, 0x00000000ecc00000, 0x00000000ecd00000|  0%| F|  |TAMS 0x00000000ecc00000| PB 0x00000000ecc00000| Untracked 
| 205|0x00000000ecd00000, 0x00000000ecd00000, 0x00000000ece00000|  0%| F|  |TAMS 0x00000000ecd00000| PB 0x00000000ecd00000| Untracked 
| 206|0x00000000ece00000, 0x00000000ece00000, 0x00000000ecf00000|  0%| F|  |TAMS 0x00000000ece00000| PB 0x00000000ece00000| Untracked 
| 207|0x00000000ecf00000, 0x00000000ecf00000, 0x00000000ed000000|  0%| F|  |TAMS 0x00000000ecf00000| PB 0x00000000ecf00000| Untracked 
| 208|0x00000000ed000000, 0x00000000ed000000, 0x00000000ed100000|  0%| F|  |TAMS 0x00000000ed000000| PB 0x00000000ed000000| Untracked 
| 209|0x00000000ed100000, 0x00000000ed100000, 0x00000000ed200000|  0%| F|  |TAMS 0x00000000ed100000| PB 0x00000000ed100000| Untracked 
| 210|0x00000000ed200000, 0x00000000ed200000, 0x00000000ed300000|  0%| F|  |TAMS 0x00000000ed200000| PB 0x00000000ed200000| Untracked 
| 211|0x00000000ed300000, 0x00000000ed300000, 0x00000000ed400000|  0%| F|  |TAMS 0x00000000ed300000| PB 0x00000000ed300000| Untracked 
| 212|0x00000000ed400000, 0x00000000ed4e9e30, 0x00000000ed500000| 91%| E|  |TAMS 0x00000000ed400000| PB 0x00000000ed400000| Complete 
| 213|0x00000000ed500000, 0x00000000ed600000, 0x00000000ed600000|100%| E|CS|TAMS 0x00000000ed500000| PB 0x00000000ed500000| Complete 
| 214|0x00000000ed600000, 0x00000000ed700000, 0x00000000ed700000|100%| E|CS|TAMS 0x00000000ed600000| PB 0x00000000ed600000| Complete 
| 215|0x00000000ed700000, 0x00000000ed800000, 0x00000000ed800000|100%| E|CS|TAMS 0x00000000ed700000| PB 0x00000000ed700000| Complete 
| 216|0x00000000ed800000, 0x00000000ed900000, 0x00000000ed900000|100%| E|CS|TAMS 0x00000000ed800000| PB 0x00000000ed800000| Complete 
| 217|0x00000000ed900000, 0x00000000eda00000, 0x00000000eda00000|100%| E|CS|TAMS 0x00000000ed900000| PB 0x00000000ed900000| Complete 
| 218|0x00000000eda00000, 0x00000000edb00000, 0x00000000edb00000|100%| E|CS|TAMS 0x00000000eda00000| PB 0x00000000eda00000| Complete 
| 219|0x00000000edb00000, 0x00000000edc00000, 0x00000000edc00000|100%| E|CS|TAMS 0x00000000edb00000| PB 0x00000000edb00000| Complete 
| 220|0x00000000edc00000, 0x00000000edd00000, 0x00000000edd00000|100%| E|CS|TAMS 0x00000000edc00000| PB 0x00000000edc00000| Complete 
| 221|0x00000000edd00000, 0x00000000ede00000, 0x00000000ede00000|100%| E|CS|TAMS 0x00000000edd00000| PB 0x00000000edd00000| Complete 
| 222|0x00000000ede00000, 0x00000000edf00000, 0x00000000edf00000|100%| E|CS|TAMS 0x00000000ede00000| PB 0x00000000ede00000| Complete 
| 223|0x00000000edf00000, 0x00000000ee000000, 0x00000000ee000000|100%| E|CS|TAMS 0x00000000edf00000| PB 0x00000000edf00000| Complete 
| 224|0x00000000ee000000, 0x00000000ee100000, 0x00000000ee100000|100%| E|CS|TAMS 0x00000000ee000000| PB 0x00000000ee000000| Complete 
| 225|0x00000000ee100000, 0x00000000ee200000, 0x00000000ee200000|100%| E|CS|TAMS 0x00000000ee100000| PB 0x00000000ee100000| Complete 
| 226|0x00000000ee200000, 0x00000000ee300000, 0x00000000ee300000|100%| E|CS|TAMS 0x00000000ee200000| PB 0x00000000ee200000| Complete 
| 227|0x00000000ee300000, 0x00000000ee400000, 0x00000000ee400000|100%| E|CS|TAMS 0x00000000ee300000| PB 0x00000000ee300000| Complete 
| 228|0x00000000ee400000, 0x00000000ee500000, 0x00000000ee500000|100%| E|CS|TAMS 0x00000000ee400000| PB 0x00000000ee400000| Complete 
| 229|0x00000000ee500000, 0x00000000ee600000, 0x00000000ee600000|100%| E|CS|TAMS 0x00000000ee500000| PB 0x00000000ee500000| Complete 
| 230|0x00000000ee600000, 0x00000000ee700000, 0x00000000ee700000|100%| E|CS|TAMS 0x00000000ee600000| PB 0x00000000ee600000| Complete 
| 231|0x00000000ee700000, 0x00000000ee800000, 0x00000000ee800000|100%| E|CS|TAMS 0x00000000ee700000| PB 0x00000000ee700000| Complete 
| 232|0x00000000ee800000, 0x00000000ee900000, 0x00000000ee900000|100%| E|CS|TAMS 0x00000000ee800000| PB 0x00000000ee800000| Complete 
| 233|0x00000000ee900000, 0x00000000eea00000, 0x00000000eea00000|100%| E|CS|TAMS 0x00000000ee900000| PB 0x00000000ee900000| Complete 
| 234|0x00000000eea00000, 0x00000000eeb00000, 0x00000000eeb00000|100%| E|CS|TAMS 0x00000000eea00000| PB 0x00000000eea00000| Complete 
| 235|0x00000000eeb00000, 0x00000000eec00000, 0x00000000eec00000|100%| E|CS|TAMS 0x00000000eeb00000| PB 0x00000000eeb00000| Complete 
| 236|0x00000000eec00000, 0x00000000eed00000, 0x00000000eed00000|100%| E|CS|TAMS 0x00000000eec00000| PB 0x00000000eec00000| Complete 
| 237|0x00000000eed00000, 0x00000000eee00000, 0x00000000eee00000|100%| E|CS|TAMS 0x00000000eed00000| PB 0x00000000eed00000| Complete 
| 238|0x00000000eee00000, 0x00000000eef00000, 0x00000000eef00000|100%| E|CS|TAMS 0x00000000eee00000| PB 0x00000000eee00000| Complete 
| 239|0x00000000eef00000, 0x00000000ef000000, 0x00000000ef000000|100%| E|CS|TAMS 0x00000000eef00000| PB 0x00000000eef00000| Complete 
| 240|0x00000000ef000000, 0x00000000ef100000, 0x00000000ef100000|100%| E|CS|TAMS 0x00000000ef000000| PB 0x00000000ef000000| Complete 
| 241|0x00000000ef100000, 0x00000000ef200000, 0x00000000ef200000|100%| E|CS|TAMS 0x00000000ef100000| PB 0x00000000ef100000| Complete 
| 242|0x00000000ef200000, 0x00000000ef300000, 0x00000000ef300000|100%| E|CS|TAMS 0x00000000ef200000| PB 0x00000000ef200000| Complete 
| 243|0x00000000ef300000, 0x00000000ef400000, 0x00000000ef400000|100%| E|CS|TAMS 0x00000000ef300000| PB 0x00000000ef300000| Complete 
| 244|0x00000000ef400000, 0x00000000ef500000, 0x00000000ef500000|100%| E|CS|TAMS 0x00000000ef400000| PB 0x00000000ef400000| Complete 
| 245|0x00000000ef500000, 0x00000000ef600000, 0x00000000ef600000|100%| E|CS|TAMS 0x00000000ef500000| PB 0x00000000ef500000| Complete 
| 246|0x00000000ef600000, 0x00000000ef700000, 0x00000000ef700000|100%| E|CS|TAMS 0x00000000ef600000| PB 0x00000000ef600000| Complete 
| 247|0x00000000ef700000, 0x00000000ef800000, 0x00000000ef800000|100%| E|CS|TAMS 0x00000000ef700000| PB 0x00000000ef700000| Complete 
| 248|0x00000000ef800000, 0x00000000ef900000, 0x00000000ef900000|100%| E|CS|TAMS 0x00000000ef800000| PB 0x00000000ef800000| Complete 
| 249|0x00000000ef900000, 0x00000000efa00000, 0x00000000efa00000|100%| E|CS|TAMS 0x00000000ef900000| PB 0x00000000ef900000| Complete 
| 250|0x00000000efa00000, 0x00000000efb00000, 0x00000000efb00000|100%| E|CS|TAMS 0x00000000efa00000| PB 0x00000000efa00000| Complete 
| 251|0x00000000efb00000, 0x00000000efc00000, 0x00000000efc00000|100%| E|CS|TAMS 0x00000000efb00000| PB 0x00000000efb00000| Complete 
| 252|0x00000000efc00000, 0x00000000efd00000, 0x00000000efd00000|100%| E|CS|TAMS 0x00000000efc00000| PB 0x00000000efc00000| Complete 
| 253|0x00000000efd00000, 0x00000000efe00000, 0x00000000efe00000|100%| E|CS|TAMS 0x00000000efd00000| PB 0x00000000efd00000| Complete 
| 254|0x00000000efe00000, 0x00000000eff00000, 0x00000000eff00000|100%| E|CS|TAMS 0x00000000efe00000| PB 0x00000000efe00000| Complete 
| 255|0x00000000eff00000, 0x00000000f0000000, 0x00000000f0000000|100%| E|CS|TAMS 0x00000000eff00000| PB 0x00000000eff00000| Complete 
| 256|0x00000000f0000000, 0x00000000f0100000, 0x00000000f0100000|100%| E|CS|TAMS 0x00000000f0000000| PB 0x00000000f0000000| Complete 
| 257|0x00000000f0100000, 0x00000000f0200000, 0x00000000f0200000|100%| E|CS|TAMS 0x00000000f0100000| PB 0x00000000f0100000| Complete 
| 258|0x00000000f0200000, 0x00000000f0300000, 0x00000000f0300000|100%| E|CS|TAMS 0x00000000f0200000| PB 0x00000000f0200000| Complete 
| 506|0x00000000ffa00000, 0x00000000ffb00000, 0x00000000ffb00000|100%| O|  |TAMS 0x00000000ffa00000| PB 0x00000000ffa00000| Untracked 
| 507|0x00000000ffb00000, 0x00000000ffc00000, 0x00000000ffc00000|100%| O|  |TAMS 0x00000000ffb00000| PB 0x00000000ffb00000| Untracked 
| 508|0x00000000ffc00000, 0x00000000ffd00000, 0x00000000ffd00000|100%| O|  |TAMS 0x00000000ffc00000| PB 0x00000000ffc00000| Untracked 
| 509|0x00000000ffd00000, 0x00000000ffe00000, 0x00000000ffe00000|100%| O|  |TAMS 0x00000000ffd00000| PB 0x00000000ffd00000| Untracked 
| 510|0x00000000ffe00000, 0x00000000fff00000, 0x00000000fff00000|100%| O|  |TAMS 0x00000000ffe00000| PB 0x00000000ffe00000| Untracked 
| 511|0x00000000fff00000, 0x0000000100000000, 0x0000000100000000|100%| O|  |TAMS 0x00000000fff00000| PB 0x00000000fff00000| Untracked 

Card table byte_map: [0x000002127d320000,0x000002127d420000] _byte_map_base: 0x000002127cc20000

Marking Bits: (CMBitMap*) 0x0000021279d1a320
 Bits: [0x000002127d420000, 0x000002127dc20000)

Polling page: 0x0000021277ca0000

Metaspace:

Usage:
  Non-class:     68.21 MB used.
      Class:     11.09 MB used.
       Both:     79.31 MB used.

Virtual space:
  Non-class space:      128.00 MB reserved,      69.31 MB ( 54%) committed,  2 nodes.
      Class space:      320.00 MB reserved,      12.12 MB (  4%) committed,  1 nodes.
             Both:      448.00 MB reserved,      81.44 MB ( 18%) committed. 

Chunk freelists:
   Non-Class:  10.56 MB
       Class:  3.91 MB
        Both:  14.47 MB

MaxMetaspaceSize: 384.00 MB
CompressedClassSpaceSize: 320.00 MB
Initial GC threshold: 21.00 MB
Current GC threshold: 135.62 MB
CDS: on
 - commit_granule_bytes: 65536.
 - commit_granule_words: 8192.
 - virtual_space_node_default_size: 8388608.
 - enlarge_chunks_in_place: 1.
 - use_allocation_guard: 0.


Internal statistics:

num_allocs_failed_limit: 9.
num_arena_births: 3658.
num_arena_deaths: 0.
num_vsnodes_births: 3.
num_vsnodes_deaths: 0.
num_space_committed: 1303.
num_space_uncommitted: 0.
num_chunks_returned_to_freelist: 9.
num_chunks_taken_from_freelist: 7400.
num_chunk_merges: 9.
num_chunk_splits: 4735.
num_chunks_enlarged: 2926.
num_inconsistent_stats: 0.

CodeHeap 'non-profiled nmethods': size=120000Kb used=8751Kb max_used=9572Kb free=111248Kb
 bounds [0x0000021207ad0000, 0x0000021208430000, 0x000002120f000000]
CodeHeap 'profiled nmethods': size=120000Kb used=22767Kb max_used=24997Kb free=97232Kb
 bounds [0x0000021200000000, 0x0000021201870000, 0x0000021207530000]
CodeHeap 'non-nmethods': size=5760Kb used=2708Kb max_used=2799Kb free=3051Kb
 bounds [0x0000021207530000, 0x0000021207820000, 0x0000021207ad0000]
CodeCache: size=245760Kb, used=34226Kb, max_used=37368Kb, free=211531Kb
 total_blobs=12992, nmethods=12026, adapters=870, full_count=0
Compilation: enabled, stopped_count=0, restarted_count=0

Compilation events (20 events):
Event: 230.054 Thread 0x000002120f7723a0 13633       3       java.lang.Thread::<init> (311 bytes)
Event: 230.058 Thread 0x000002120f7723a0 nmethod 13633 0x00000212007cc590 code [0x00000212007cc9c0, 0x00000212007ceba0]
Event: 230.058 Thread 0x000002120f7723a0 13634       3       java.lang.Thread$FieldHolder::<init> (36 bytes)
Event: 230.058 Thread 0x000002120f7723a0 nmethod 13634 0x000002120008f010 code [0x000002120008f1c0, 0x000002120008f428]
Event: 230.064 Thread 0x000002120f76ebd0 nmethod 13619 0x0000021207db2d10 code [0x0000021207db3040, 0x0000021207db4b88]
Event: 230.064 Thread 0x000002120f76ebd0 13630       4       java.util.concurrent.locks.ReentrantLock::<init> (16 bytes)
Event: 230.068 Thread 0x000002120f76ebd0 nmethod 13630 0x0000021207b93710 code [0x0000021207b938a0, 0x0000021207b93a70]
Event: 230.068 Thread 0x000002120f76ebd0 13620       4       com.google.common.collect.IndexedImmutableSet::iterator (8 bytes)
Event: 230.076 Thread 0x000002120f76ebd0 nmethod 13620 0x0000021207b65e90 code [0x0000021207b66040, 0x0000021207b663d0]
Event: 230.076 Thread 0x000002120f76ebd0 13621       4       org.gradle.api.internal.attributes.DefaultImmutableAttributes::findEntry (30 bytes)
Event: 230.087 Thread 0x000002120f76ebd0 nmethod 13621 0x0000021207af8710 code [0x0000021207af88e0, 0x0000021207af8d68]
Event: 230.087 Thread 0x000002120f76ebd0 13635       4       org.gradle.internal.snapshot.MerkleDirectorySnapshotBuilder$Directory::<init> (43 bytes)
Event: 230.095 Thread 0x000002120f7723a0 13637       3       java.lang.ThreadLocal::getCarrierThreadLocal (29 bytes)
Event: 230.096 Thread 0x000002120f7723a0 nmethod 13637 0x00000212000bf890 code [0x00000212000bfa40, 0x00000212000bfba8]
Event: 230.102 Thread 0x000002120f76ebd0 nmethod 13635 0x0000021207f8af90 code [0x0000021207f8b140, 0x0000021207f8b830]
Event: 230.103 Thread 0x000002120f76ebd0 13636       4       org.gradle.internal.snapshot.MerkleDirectorySnapshotBuilder::enterDirectory (23 bytes)
Event: 230.113 Thread 0x000002120f76ebd0 nmethod 13636 0x0000021207b59010 code [0x0000021207b591e0, 0x0000021207b59740]
Event: 230.176 Thread 0x000002120f76ebd0 13638       4       org.gradle.internal.operations.DefaultBuildOperationListenerManager$ProgressShieldingBuildOperationListener::progress (25 bytes)
Event: 230.187 Thread 0x000002120f76ebd0 nmethod 13638 0x0000021207ec8190 code [0x0000021207ec8360, 0x0000021207ec8748]
Event: 230.187 Thread 0x000002120f76ebd0 13639       4       org.gradle.internal.execution.steps.IdentifyStep::lambda$createIdentityContext$0 (34 bytes)

GC Heap History (20 events):
Event: 23.791 GC heap before
{Heap before GC invocations=7 (full 0):
 garbage-first heap   total 262144K, used 180975K [0x00000000e0000000, 0x0000000100000000)
  region size 1024K, 153 young (156672K), 18 survivors (18432K)
 Metaspace       used 51043K, committed 52672K, reserved 393216K
  class space    used 7542K, committed 8320K, reserved 327680K
}
Event: 23.826 GC heap after
{Heap after GC invocations=8 (full 0):
 garbage-first heap   total 262144K, used 46437K [0x00000000e0000000, 0x0000000100000000)
  region size 1024K, 5 young (5120K), 5 survivors (5120K)
 Metaspace       used 51043K, committed 52672K, reserved 393216K
  class space    used 7542K, committed 8320K, reserved 327680K
}
Event: 24.667 GC heap before
{Heap before GC invocations=8 (full 0):
 garbage-first heap   total 262144K, used 197989K [0x00000000e0000000, 0x0000000100000000)
  region size 1024K, 153 young (156672K), 5 survivors (5120K)
 Metaspace       used 51133K, committed 52736K, reserved 393216K
  class space    used 7542K, committed 8320K, reserved 327680K
}
Event: 24.681 GC heap after
{Heap after GC invocations=9 (full 0):
 garbage-first heap   total 262144K, used 48959K [0x00000000e0000000, 0x0000000100000000)
  region size 1024K, 8 young (8192K), 8 survivors (8192K)
 Metaspace       used 51133K, committed 52736K, reserved 393216K
  class space    used 7542K, committed 8320K, reserved 327680K
}
Event: 34.007 GC heap before
{Heap before GC invocations=9 (full 0):
 garbage-first heap   total 262144K, used 202559K [0x00000000e0000000, 0x0000000100000000)
  region size 1024K, 153 young (156672K), 8 survivors (8192K)
 Metaspace       used 56111K, committed 57920K, reserved 393216K
  class space    used 8112K, committed 8960K, reserved 327680K
}
Event: 34.035 GC heap after
{Heap after GC invocations=10 (full 0):
 garbage-first heap   total 262144K, used 66215K [0x00000000e0000000, 0x0000000100000000)
  region size 1024K, 18 young (18432K), 18 survivors (18432K)
 Metaspace       used 56111K, committed 57920K, reserved 393216K
  class space    used 8112K, committed 8960K, reserved 327680K
}
Event: 34.877 GC heap before
{Heap before GC invocations=10 (full 0):
 garbage-first heap   total 262144K, used 80551K [0x00000000e0000000, 0x0000000100000000)
  region size 1024K, 34 young (34816K), 18 survivors (18432K)
 Metaspace       used 58379K, committed 60160K, reserved 393216K
  class space    used 8390K, committed 9216K, reserved 327680K
}
Event: 34.913 GC heap after
{Heap after GC invocations=11 (full 0):
 garbage-first heap   total 262144K, used 69790K [0x00000000e0000000, 0x0000000100000000)
  region size 1024K, 4 young (4096K), 4 survivors (4096K)
 Metaspace       used 58379K, committed 60160K, reserved 393216K
  class space    used 8390K, committed 9216K, reserved 327680K
}
Event: 79.978 GC heap before
{Heap before GC invocations=12 (full 0):
 garbage-first heap   total 262144K, used 228510K [0x00000000e0000000, 0x0000000100000000)
  region size 1024K, 153 young (156672K), 4 survivors (4096K)
 Metaspace       used 63040K, committed 64896K, reserved 393216K
  class space    used 8953K, committed 9856K, reserved 327680K
}
Event: 79.996 GC heap after
{Heap after GC invocations=13 (full 0):
 garbage-first heap   total 262144K, used 87700K [0x00000000e0000000, 0x0000000100000000)
  region size 1024K, 16 young (16384K), 16 survivors (16384K)
 Metaspace       used 63040K, committed 64896K, reserved 393216K
  class space    used 8953K, committed 9856K, reserved 327680K
}
Event: 84.366 GC heap before
{Heap before GC invocations=13 (full 0):
 garbage-first heap   total 262144K, used 233108K [0x00000000e0000000, 0x0000000100000000)
  region size 1024K, 153 young (156672K), 16 survivors (16384K)
 Metaspace       used 74962K, committed 76992K, reserved 458752K
  class space    used 10442K, committed 11392K, reserved 327680K
}
Event: 84.401 GC heap after
{Heap after GC invocations=14 (full 0):
 garbage-first heap   total 262144K, used 97469K [0x00000000e0000000, 0x0000000100000000)
  region size 1024K, 9 young (9216K), 9 survivors (9216K)
 Metaspace       used 74962K, committed 76992K, reserved 458752K
  class space    used 10442K, committed 11392K, reserved 327680K
}
Event: 207.506 GC heap before
{Heap before GC invocations=14 (full 0):
 garbage-first heap   total 262144K, used 231613K [0x00000000e0000000, 0x0000000100000000)
  region size 1024K, 141 young (144384K), 9 survivors (9216K)
 Metaspace       used 78057K, committed 80192K, reserved 458752K
  class space    used 10837K, committed 11840K, reserved 327680K
}
Event: 207.654 GC heap after
{Heap after GC invocations=15 (full 0):
 garbage-first heap   total 262144K, used 112616K [0x00000000e0000000, 0x0000000100000000)
  region size 1024K, 18 young (18432K), 18 survivors (18432K)
 Metaspace       used 78057K, committed 80192K, reserved 458752K
  class space    used 10837K, committed 11840K, reserved 327680K
}
Event: 216.375 GC heap before
{Heap before GC invocations=15 (full 0):
 garbage-first heap   total 262144K, used 238568K [0x00000000e0000000, 0x0000000100000000)
  region size 1024K, 133 young (136192K), 18 survivors (18432K)
 Metaspace       used 78111K, committed 80192K, reserved 458752K
  class space    used 10839K, committed 11840K, reserved 327680K
}
Event: 216.416 GC heap after
{Heap after GC invocations=16 (full 0):
 garbage-first heap   total 271360K, used 133354K [0x00000000e0000000, 0x0000000100000000)
  region size 1024K, 13 young (13312K), 13 survivors (13312K)
 Metaspace       used 78111K, committed 80192K, reserved 458752K
  class space    used 10839K, committed 11840K, reserved 327680K
}
Event: 222.912 GC heap before
{Heap before GC invocations=16 (full 0):
 garbage-first heap   total 271360K, used 237802K [0x00000000e0000000, 0x0000000100000000)
  region size 1024K, 116 young (118784K), 13 survivors (13312K)
 Metaspace       used 80975K, committed 83136K, reserved 458752K
  class space    used 11339K, committed 12352K, reserved 327680K
}
Event: 222.929 GC heap after
{Heap after GC invocations=17 (full 0):
 garbage-first heap   total 271360K, used 142809K [0x00000000e0000000, 0x0000000100000000)
  region size 1024K, 11 young (11264K), 11 survivors (11264K)
 Metaspace       used 80975K, committed 83136K, reserved 458752K
  class space    used 11339K, committed 12352K, reserved 327680K
}
Event: 227.801 GC heap before
{Heap before GC invocations=17 (full 0):
 garbage-first heap   total 271360K, used 240089K [0x00000000e0000000, 0x0000000100000000)
  region size 1024K, 107 young (109568K), 11 survivors (11264K)
 Metaspace       used 81100K, committed 83328K, reserved 458752K
  class space    used 11349K, committed 12416K, reserved 327680K
}
Event: 227.866 GC heap after
{Heap after GC invocations=18 (full 0):
 garbage-first heap   total 271360K, used 144081K [0x00000000e0000000, 0x0000000100000000)
  region size 1024K, 6 young (6144K), 6 survivors (6144K)
 Metaspace       used 81100K, committed 83328K, reserved 458752K
  class space    used 11349K, committed 12416K, reserved 327680K
}

Dll operation events (14 events):
Event: 0.041 Loaded shared library C:\Users\Prova\.antigravity-ide\extensions\redhat.java-1.55.0-win32-x64\jre\21.0.11-win32-x86_64\bin\java.dll
Event: 0.227 Loaded shared library C:\Users\Prova\.antigravity-ide\extensions\redhat.java-1.55.0-win32-x64\jre\21.0.11-win32-x86_64\bin\zip.dll
Event: 0.316 Loaded shared library C:\Users\Prova\.antigravity-ide\extensions\redhat.java-1.55.0-win32-x64\jre\21.0.11-win32-x86_64\bin\instrument.dll
Event: 0.339 Loaded shared library C:\Users\Prova\.antigravity-ide\extensions\redhat.java-1.55.0-win32-x64\jre\21.0.11-win32-x86_64\bin\net.dll
Event: 0.351 Loaded shared library C:\Users\Prova\.antigravity-ide\extensions\redhat.java-1.55.0-win32-x64\jre\21.0.11-win32-x86_64\bin\nio.dll
Event: 0.363 Loaded shared library C:\Users\Prova\.antigravity-ide\extensions\redhat.java-1.55.0-win32-x64\jre\21.0.11-win32-x86_64\bin\zip.dll
Event: 1.136 Loaded shared library C:\Users\Prova\.antigravity-ide\extensions\redhat.java-1.55.0-win32-x64\jre\21.0.11-win32-x86_64\bin\jimage.dll
Event: 1.509 Loaded shared library C:\Users\Prova\.antigravity-ide\extensions\redhat.java-1.55.0-win32-x64\jre\21.0.11-win32-x86_64\bin\verify.dll
Event: 1.840 Loaded shared library C:\Users\Prova\.gradle\native\c067742578af261105cb4f569cf0c3c89f3d7b1fecec35dd04571415982c5e48\windows-amd64\native-platform.dll
Event: 1.853 Loaded shared library C:\Users\Prova\.gradle\native\100fb08df4bc3b14c8652ba06237920a3bd2aa13389f12d3474272988ae205f9\windows-amd64\native-platform-file-events.dll
Event: 5.714 Loaded shared library C:\Users\Prova\.antigravity-ide\extensions\redhat.java-1.55.0-win32-x64\jre\21.0.11-win32-x86_64\bin\management.dll
Event: 5.719 Loaded shared library C:\Users\Prova\.antigravity-ide\extensions\redhat.java-1.55.0-win32-x64\jre\21.0.11-win32-x86_64\bin\management_ext.dll
Event: 6.217 Loaded shared library C:\Users\Prova\.antigravity-ide\extensions\redhat.java-1.55.0-win32-x64\jre\21.0.11-win32-x86_64\bin\extnet.dll
Event: 6.612 Loaded shared library C:\Users\Prova\.antigravity-ide\extensions\redhat.java-1.55.0-win32-x64\jre\21.0.11-win32-x86_64\bin\sunmscapi.dll

Deoptimization events (20 events):
Event: 221.067 Thread 0x000002122e0702a0 Uncommon trap: trap_request=0xffffffc6 fr.pc=0x00000212082c3574 relative=0x0000000000000954
Event: 221.067 Thread 0x000002122e0702a0 Uncommon trap: reason=bimorphic_or_optimized_type_check action=maybe_recompile pc=0x00000212082c3574 method=org.gradle.internal.operations.DefaultBuildOperationListenerManager$ProgressShieldingBuildOperationListener.progress(Lorg/gradle/internal/operation
Event: 221.068 Thread 0x000002122e0702a0 DEOPT PACKING pc=0x00000212082c3574 sp=0x00000026eabf59d0
Event: 221.068 Thread 0x000002122e0702a0 DEOPT UNPACKING pc=0x0000021207584422 sp=0x00000026eabf5828 mode 2
Event: 227.132 Thread 0x000002122e0702a0 Uncommon trap: trap_request=0xffffff76 fr.pc=0x00000212083894ec relative=0x000000000000024c
Event: 227.132 Thread 0x000002122e0702a0 Uncommon trap: reason=predicate action=maybe_recompile pc=0x00000212083894ec method=java.util.HashMap.keysToArray([Ljava/lang/Object;)[Ljava/lang/Object; @ 48 c2
Event: 227.132 Thread 0x000002122e0702a0 DEOPT PACKING pc=0x00000212083894ec sp=0x00000026eabfd390
Event: 227.132 Thread 0x000002122e0702a0 DEOPT UNPACKING pc=0x0000021207584422 sp=0x00000026eabfd338 mode 2
Event: 228.793 Thread 0x000002120f744f20 Uncommon trap: trap_request=0xffffff45 fr.pc=0x0000021207f22d74 relative=0x0000000000000134
Event: 228.793 Thread 0x000002120f744f20 Uncommon trap: reason=unstable_if action=reinterpret pc=0x0000021207f22d74 method=java.lang.ThreadLocal.get(Ljava/lang/Thread;)Ljava/lang/Object; @ 7 c2
Event: 228.793 Thread 0x000002120f744f20 DEOPT PACKING pc=0x0000021207f22d74 sp=0x00000026e9cfec70
Event: 228.793 Thread 0x000002120f744f20 DEOPT UNPACKING pc=0x0000021207584422 sp=0x00000026e9cfeb98 mode 2
Event: 228.793 Thread 0x000002120f744f20 Uncommon trap: trap_request=0xffffff45 fr.pc=0x00000212082528f4 relative=0x0000000000000854
Event: 228.793 Thread 0x000002120f744f20 Uncommon trap: reason=unstable_if action=reinterpret pc=0x00000212082528f4 method=java.lang.ThreadLocal.setInitialValue(Ljava/lang/Thread;)Ljava/lang/Object; @ 12 c2
Event: 228.793 Thread 0x000002120f744f20 DEOPT PACKING pc=0x00000212082528f4 sp=0x00000026e9cfeb30
Event: 228.793 Thread 0x000002120f744f20 DEOPT UNPACKING pc=0x0000021207584422 sp=0x00000026e9cfeb10 mode 2
Event: 229.985 Thread 0x000002122b5fe950 Uncommon trap: trap_request=0xffffffcc fr.pc=0x0000021208423fc4 relative=0x0000000000002024
Event: 229.985 Thread 0x000002122b5fe950 Uncommon trap: reason=intrinsic_or_type_checked_inlining action=make_not_entrant pc=0x0000021208423fc4 method=java.util.ArrayList$SubList.toArray([Ljava/lang/Object;)[Ljava/lang/Object; @ 58 c2
Event: 229.985 Thread 0x000002122b5fe950 DEOPT PACKING pc=0x0000021208423fc4 sp=0x00000026ec2fddb0
Event: 229.985 Thread 0x000002122b5fe950 DEOPT UNPACKING pc=0x0000021207584422 sp=0x00000026ec2fdc50 mode 2

Classes loaded (20 events):
Event: 217.739 Loading class java/util/AbstractSetCustomizer
Event: 217.739 Loading class java/util/AbstractSetCustomizer done
Event: 217.739 Loading class java/util/AbstractSetCustomizer
Event: 217.739 Loading class java/util/AbstractSetCustomizer done
Event: 217.744 Loading class java/util/HashSetCustomizer
Event: 217.744 Loading class java/util/HashSetCustomizer done
Event: 217.744 Loading class java/util/HashSetCustomizer
Event: 217.744 Loading class java/util/HashSetCustomizer done
Event: 217.747 Loading class java/util/LinkedHashSetCustomizer
Event: 217.747 Loading class java/util/LinkedHashSetCustomizer done
Event: 217.747 Loading class java/util/LinkedHashSetCustomizer
Event: 217.747 Loading class java/util/LinkedHashSetCustomizer done
Event: 217.929 Loading class sun/security/rsa/RSASignature$SHA384withRSA
Event: 217.930 Loading class sun/security/rsa/RSASignature$SHA384withRSA done
Event: 228.780 Loading class sun/security/ssl/Alert
Event: 228.781 Loading class sun/security/ssl/Alert done
Event: 228.782 Loading class sun/security/ssl/Alert$AlertConsumer
Event: 228.784 Loading class sun/security/ssl/Alert$AlertConsumer done
Event: 228.784 Loading class sun/security/ssl/Alert$Level
Event: 228.785 Loading class sun/security/ssl/Alert$Level done

Classes unloaded (0 events):
No events

Classes redefined (0 events):
No events

Internal exceptions (20 events):
Event: 218.540 Thread 0x000002122e0702a0 Exception <a 'sun/nio/fs/WindowsException'{0x00000000ed40ae58}> (0x00000000ed40ae58) 
thrown [s\src\hotspot\share\prims\jni.cpp, line 520]
Event: 218.541 Thread 0x000002122e0702a0 Exception <a 'sun/nio/fs/WindowsException'{0x00000000ed40c328}> (0x00000000ed40c328) 
thrown [s\src\hotspot\share\prims\jni.cpp, line 520]
Event: 218.541 Thread 0x000002122e0702a0 Exception <a 'sun/nio/fs/WindowsException'{0x00000000ed40d7e8}> (0x00000000ed40d7e8) 
thrown [s\src\hotspot\share\prims\jni.cpp, line 520]
Event: 218.542 Thread 0x000002122e0702a0 Exception <a 'sun/nio/fs/WindowsException'{0x00000000ed40ec88}> (0x00000000ed40ec88) 
thrown [s\src\hotspot\share\prims\jni.cpp, line 520]
Event: 218.620 Thread 0x000002122e0702a0 Exception <a 'java/lang/ClassNotFoundException'{0x00000000ed39cd88}: build_10ibg0fi9jhg9eetyo234vce0BeanInfo> (0x00000000ed39cd88) 
thrown [s\src\hotspot\share\classfile\systemDictionary.cpp, line 313]
Event: 218.620 Thread 0x000002122e0702a0 Exception <a 'java/lang/ClassNotFoundException'{0x00000000ed3a3770}: build_10ibg0fi9jhg9eetyo234vce0Customizer> (0x00000000ed3a3770) 
thrown [s\src\hotspot\share\classfile\systemDictionary.cpp, line 313]
Event: 218.772 Thread 0x000002122e0702a0 Exception <a 'java/lang/ClassNotFoundException'{0x00000000ed215888}: build_10ibg0fi9jhg9eetyo234vce0$_run_closure1BeanInfo> (0x00000000ed215888) 
thrown [s\src\hotspot\share\classfile\systemDictionary.cpp, line 313]
Event: 218.773 Thread 0x000002122e0702a0 Exception <a 'java/lang/ClassNotFoundException'{0x00000000ed21cc18}: build_10ibg0fi9jhg9eetyo234vce0$_run_closure1Customizer> (0x00000000ed21cc18) 
thrown [s\src\hotspot\share\classfile\systemDictionary.cpp, line 313]
Event: 226.737 Thread 0x000002122e0702a0 Exception <a 'java/lang/ClassNotFoundException'{0x00000000eb37d0b0}: build_10ibg0fi9jhg9eetyo234vce0BeanInfo> (0x00000000eb37d0b0) 
thrown [s\src\hotspot\share\classfile\systemDictionary.cpp, line 313]
Event: 226.737 Thread 0x000002122e0702a0 Exception <a 'java/lang/ClassNotFoundException'{0x00000000eb383a30}: build_10ibg0fi9jhg9eetyo234vce0Customizer> (0x00000000eb383a30) 
thrown [s\src\hotspot\share\classfile\systemDictionary.cpp, line 313]
Event: 226.750 Thread 0x000002122e0702a0 Exception <a 'java/io/FileNotFoundException'{0x00000000eb3acab8}> (0x00000000eb3acab8) 
thrown [s\src\hotspot\share\prims\jni.cpp, line 520]
Event: 227.318 Thread 0x000002122e0702a0 Exception <a 'sun/nio/fs/WindowsException'{0x00000000ea57d270}> (0x00000000ea57d270) 
thrown [s\src\hotspot\share\prims\jni.cpp, line 520]
Event: 227.323 Thread 0x000002122e0702a0 Exception <a 'sun/nio/fs/WindowsException'{0x00000000ea57e740}> (0x00000000ea57e740) 
thrown [s\src\hotspot\share\prims\jni.cpp, line 520]
Event: 227.324 Thread 0x000002122e0702a0 Exception <a 'sun/nio/fs/WindowsException'{0x00000000ea5af880}> (0x00000000ea5af880) 
thrown [s\src\hotspot\share\prims\jni.cpp, line 520]
Event: 227.335 Thread 0x000002122e0702a0 Exception <a 'sun/nio/fs/WindowsException'{0x00000000ea5b0d20}> (0x00000000ea5b0d20) 
thrown [s\src\hotspot\share\prims\jni.cpp, line 520]
Event: 227.417 Thread 0x000002122e0702a0 Exception <a 'java/lang/ClassNotFoundException'{0x00000000ea472450}: build_3rzr9p6dmt9h5sqgpbqc8oalwBeanInfo> (0x00000000ea472450) 
thrown [s\src\hotspot\share\classfile\systemDictionary.cpp, line 313]
Event: 227.418 Thread 0x000002122e0702a0 Exception <a 'java/lang/ClassNotFoundException'{0x00000000ea478e38}: build_3rzr9p6dmt9h5sqgpbqc8oalwCustomizer> (0x00000000ea478e38) 
thrown [s\src\hotspot\share\classfile\systemDictionary.cpp, line 313]
Event: 228.793 Thread 0x000002120f744f20 Implicit null exception at 0x0000021207f22c8b to 0x0000021207f22d5c
Event: 228.793 Thread 0x000002120f744f20 Implicit null exception at 0x000002120825210e to 0x00000212082528e0
Event: 230.249 Thread 0x000002122e0702a0 Exception <a 'java/io/IOException'{0x00000000ef1382c0}> (0x00000000ef1382c0) 
thrown [s\src\hotspot\share\prims\jni.cpp, line 520]

ZGC Phase Switch (0 events):
No events

VM Operations (20 events):
Event: 222.821 Executing safepoint VM operation: Cleanup
Event: 222.821 Executing safepoint VM operation: Cleanup done
Event: 222.912 Executing safepoint VM operation: G1CollectForAllocation (G1 Evacuation Pause)
Event: 222.929 Executing safepoint VM operation: G1CollectForAllocation (G1 Evacuation Pause) done
Event: 223.937 Executing safepoint VM operation: Cleanup
Event: 223.937 Executing safepoint VM operation: Cleanup done
Event: 224.951 Executing safepoint VM operation: Cleanup
Event: 224.951 Executing safepoint VM operation: Cleanup done
Event: 226.978 Executing safepoint VM operation: Cleanup
Event: 226.978 Executing safepoint VM operation: Cleanup done
Event: 227.801 Executing safepoint VM operation: G1CollectForAllocation (G1 Evacuation Pause)
Event: 227.866 Executing safepoint VM operation: G1CollectForAllocation (G1 Evacuation Pause) done
Event: 228.667 Executing safepoint VM operation: G1PauseRemark
Event: 228.763 Executing safepoint VM operation: G1PauseRemark done
Event: 228.874 Executing safepoint VM operation: G1PauseCleanup
Event: 228.875 Executing safepoint VM operation: G1PauseCleanup done
Event: 229.890 Executing safepoint VM operation: Cleanup
Event: 229.890 Executing safepoint VM operation: Cleanup done
Event: 230.902 Executing safepoint VM operation: Cleanup
Event: 230.902 Executing safepoint VM operation: Cleanup done

Memory protections (0 events):
No events

Nmethod flushes (20 events):
Event: 228.718 Thread 0x000002120f7273a0 flushing  nmethod 0x000002120099ab90
Event: 228.718 Thread 0x000002120f7273a0 flushing  nmethod 0x000002120099b590
Event: 228.718 Thread 0x000002120f7273a0 flushing  nmethod 0x000002120099c110
Event: 228.718 Thread 0x000002120f7273a0 flushing  nmethod 0x00000212009c9e90
Event: 228.718 Thread 0x000002120f7273a0 flushing  nmethod 0x00000212009ce090
Event: 228.718 Thread 0x000002120f7273a0 flushing  nmethod 0x00000212009d3210
Event: 228.718 Thread 0x000002120f7273a0 flushing  nmethod 0x00000212009d4510
Event: 228.718 Thread 0x000002120f7273a0 flushing  nmethod 0x0000021200ad1210
Event: 228.718 Thread 0x000002120f7273a0 flushing  nmethod 0x0000021200ad4a90
Event: 228.718 Thread 0x000002120f7273a0 flushing  nmethod 0x0000021200ad5a10
Event: 228.718 Thread 0x000002120f7273a0 flushing  nmethod 0x0000021200cdc210
Event: 228.718 Thread 0x000002120f7273a0 flushing  nmethod 0x0000021200d09c90
Event: 228.718 Thread 0x000002120f7273a0 flushing  nmethod 0x0000021200d0a610
Event: 228.718 Thread 0x000002120f7273a0 flushing  nmethod 0x0000021200d3c810
Event: 228.718 Thread 0x000002120f7273a0 flushing  nmethod 0x0000021200d3ff90
Event: 228.718 Thread 0x000002120f7273a0 flushing  nmethod 0x0000021200e7f390
Event: 228.718 Thread 0x000002120f7273a0 flushing  nmethod 0x0000021200f62390
Event: 228.719 Thread 0x000002120f7273a0 flushing  nmethod 0x0000021200fba690
Event: 228.719 Thread 0x000002120f7273a0 flushing  nmethod 0x0000021200fbaa10
Event: 228.719 Thread 0x000002120f7273a0 flushing  nmethod 0x0000021200fbaf90

Events (20 events):
Event: 227.131 Thread 0x000002122e0702a0 Thread added: 0x000002122e073db0
Event: 227.147 Thread 0x000002122e0702a0 Thread added: 0x000002122e070930
Event: 227.190 Thread 0x000002122e0702a0 Thread added: 0x000002122e074440
Event: 227.268 Thread 0x000002122e0702a0 Thread added: 0x000002122e070fc0
Event: 227.291 Thread 0x000002122e0702a0 Thread added: 0x000002122e074ad0
Event: 227.299 Thread 0x000002122e0702a0 Thread added: 0x000002122e071ce0
Event: 229.983 Thread 0x000002122e0702a0 Thread added: 0x000002122b5fefe0
Event: 229.984 Thread 0x000002122e0702a0 Thread added: 0x000002122b5fe950
Event: 229.984 Thread 0x000002122e0702a0 Thread added: 0x000002122b5ff670
Event: 229.984 Thread 0x000002122e0702a0 Thread added: 0x000002122b6010b0
Event: 229.984 Thread 0x000002122e0702a0 Thread added: 0x000002122b600390
Event: 229.985 Thread 0x000002122e0702a0 Thread added: 0x000002122b5fe2c0
Event: 229.986 Thread 0x000002122e0702a0 Thread added: 0x000002122b5ffd00
Event: 230.051 Thread 0x000002122e0702a0 Thread added: 0x000002122b600a20
Event: 230.052 Thread 0x000002122e0702a0 Thread added: 0x000002122b601740
Event: 230.053 Thread 0x000002122e0702a0 Thread added: 0x000002122b601dd0
Event: 230.054 Thread 0x000002122e0702a0 Thread added: 0x000002122a611bc0
Event: 230.059 Thread 0x000002122e0702a0 Thread added: 0x000002122a612f70
Event: 230.060 Thread 0x000002122e0702a0 Thread added: 0x000002122a610180
Event: 230.061 Thread 0x000002122e0702a0 Thread added: 0x000002122a610810


Dynamic libraries:
0x00007ff74d900000 - 0x00007ff74d90e000 	C:\Users\Prova\.antigravity-ide\extensions\redhat.java-1.55.0-win32-x64\jre\21.0.11-win32-x86_64\bin\java.exe
0x00007ff890f80000 - 0x00007ff8911e6000 	C:\WINDOWS\SYSTEM32\ntdll.dll
0x00007ff8900f0000 - 0x00007ff8901b9000 	C:\WINDOWS\System32\KERNEL32.DLL
0x00007ff88e740000 - 0x00007ff88eb40000 	C:\WINDOWS\System32\KERNELBASE.dll
0x00007ff88e2f0000 - 0x00007ff88e43c000 	C:\WINDOWS\System32\ucrtbase.dll
0x00007ff820290000 - 0x00007ff8202ae000 	C:\Users\Prova\.antigravity-ide\extensions\redhat.java-1.55.0-win32-x64\jre\21.0.11-win32-x86_64\bin\VCRUNTIME140.dll
0x00007ff81ee20000 - 0x00007ff81ee38000 	C:\Users\Prova\.antigravity-ide\extensions\redhat.java-1.55.0-win32-x64\jre\21.0.11-win32-x86_64\bin\jli.dll
0x00007ff879230000 - 0x00007ff8794c2000 	C:\WINDOWS\WinSxS\amd64_microsoft.windows.common-controls_6595b64144ccf1df_6.0.26100.8737_none_3e092eaee333b772\COMCTL32.dll
0x00007ff88ff20000 - 0x00007ff8900e7000 	C:\WINDOWS\System32\USER32.dll
0x00007ff88f3b0000 - 0x00007ff88f459000 	C:\WINDOWS\System32\msvcrt.dll
0x00007ff88ec80000 - 0x00007ff88eca7000 	C:\WINDOWS\System32\win32u.dll
0x00007ff890da0000 - 0x00007ff890dcb000 	C:\WINDOWS\System32\GDI32.dll
0x00007ff88eb50000 - 0x00007ff88ec79000 	C:\WINDOWS\System32\gdi32full.dll
0x00007ff88e450000 - 0x00007ff88e4f3000 	C:\WINDOWS\System32\msvcp_win.dll
0x00007ff88f370000 - 0x00007ff88f3a2000 	C:\WINDOWS\System32\IMM32.DLL
0x00007ff873a80000 - 0x00007ff873a8c000 	C:\Users\Prova\.antigravity-ide\extensions\redhat.java-1.55.0-win32-x64\jre\21.0.11-win32-x86_64\bin\vcruntime140_1.dll
0x00007ff81ec90000 - 0x00007ff81ed1d000 	C:\Users\Prova\.antigravity-ide\extensions\redhat.java-1.55.0-win32-x64\jre\21.0.11-win32-x86_64\bin\msvcp140.dll
0x00007fffa71a0000 - 0x00007fffa7f42000 	C:\Users\Prova\.antigravity-ide\extensions\redhat.java-1.55.0-win32-x64\jre\21.0.11-win32-x86_64\bin\server\jvm.dll
0x00007ff890ae0000 - 0x00007ff890b97000 	C:\WINDOWS\System32\ADVAPI32.dll
0x00007ff890ba0000 - 0x00007ff890c4a000 	C:\WINDOWS\System32\sechost.dll
0x00007ff890df0000 - 0x00007ff890f08000 	C:\WINDOWS\System32\RPCRT4.dll
0x00007ff88f2d0000 - 0x00007ff88f350000 	C:\WINDOWS\System32\WS2_32.dll
0x00007ff88e000000 - 0x00007ff88e05e000 	C:\WINDOWS\SYSTEM32\POWRPROF.dll
0x00007ff87ac60000 - 0x00007ff87ac96000 	C:\WINDOWS\SYSTEM32\WINMM.dll
0x00007ff884750000 - 0x00007ff88475b000 	C:\WINDOWS\SYSTEM32\VERSION.dll
0x00007ff88dfe0000 - 0x00007ff88dff4000 	C:\WINDOWS\SYSTEM32\UMPDC.dll
0x00007ff88ce80000 - 0x00007ff88ce9b000 	C:\WINDOWS\SYSTEM32\kernel.appcore.dll
0x00007ff86f2b0000 - 0x00007ff86f2ba000 	C:\Users\Prova\.antigravity-ide\extensions\redhat.java-1.55.0-win32-x64\jre\21.0.11-win32-x86_64\bin\jimage.dll
0x00007ff88b7d0000 - 0x00007ff88ba12000 	C:\WINDOWS\SYSTEM32\DBGHELP.DLL
0x00007ff88f460000 - 0x00007ff88f7e3000 	C:\WINDOWS\System32\combase.dll
0x00007ff88fe40000 - 0x00007ff88ff19000 	C:\WINDOWS\System32\OLEAUT32.dll
0x00007ff87ba90000 - 0x00007ff87bacb000 	C:\WINDOWS\SYSTEM32\dbgcore.DLL
0x00007ff88e230000 - 0x00007ff88e2dc000 	C:\WINDOWS\System32\bcryptPrimitives.dll
0x00007ff879c70000 - 0x00007ff879c7f000 	C:\Users\Prova\.antigravity-ide\extensions\redhat.java-1.55.0-win32-x64\jre\21.0.11-win32-x86_64\bin\instrument.dll
0x00007ff81ee00000 - 0x00007ff81ee20000 	C:\Users\Prova\.antigravity-ide\extensions\redhat.java-1.55.0-win32-x64\jre\21.0.11-win32-x86_64\bin\java.dll
0x00007ff8901c0000 - 0x00007ff890952000 	C:\WINDOWS\System32\SHELL32.dll
0x00007ff88bc80000 - 0x00007ff88c512000 	C:\WINDOWS\SYSTEM32\windows.storage.dll
0x00007ff8909e0000 - 0x00007ff890ad7000 	C:\WINDOWS\System32\SHCORE.dll
0x00007ff88ecb0000 - 0x00007ff88ed17000 	C:\WINDOWS\System32\shlwapi.dll
0x00007ff88e0c0000 - 0x00007ff88e0e9000 	C:\WINDOWS\SYSTEM32\profapi.dll
0x00007ff86d840000 - 0x00007ff86d858000 	C:\Users\Prova\.antigravity-ide\extensions\redhat.java-1.55.0-win32-x64\jre\21.0.11-win32-x86_64\bin\zip.dll
0x00007ff86d780000 - 0x00007ff86d790000 	C:\Users\Prova\.antigravity-ide\extensions\redhat.java-1.55.0-win32-x64\jre\21.0.11-win32-x86_64\bin\net.dll
0x00007ff8804e0000 - 0x00007ff880609000 	C:\WINDOWS\SYSTEM32\WINHTTP.dll
0x00007ff88d430000 - 0x00007ff88d49c000 	C:\WINDOWS\system32\mswsock.dll
0x00007ff84e580000 - 0x00007ff84e596000 	C:\Users\Prova\.antigravity-ide\extensions\redhat.java-1.55.0-win32-x64\jre\21.0.11-win32-x86_64\bin\nio.dll
0x00007ff879c10000 - 0x00007ff879c20000 	C:\Users\Prova\.antigravity-ide\extensions\redhat.java-1.55.0-win32-x64\jre\21.0.11-win32-x86_64\bin\verify.dll
0x00007ff879b80000 - 0x00007ff879ba7000 	C:\Users\Prova\.gradle\native\c067742578af261105cb4f569cf0c3c89f3d7b1fecec35dd04571415982c5e48\windows-amd64\native-platform.dll
0x00007ff8282f0000 - 0x00007ff828434000 	C:\Users\Prova\.gradle\native\100fb08df4bc3b14c8652ba06237920a3bd2aa13389f12d3474272988ae205f9\windows-amd64\native-platform-file-events.dll
0x00007ff87ee00000 - 0x00007ff87ee0a000 	C:\Users\Prova\.antigravity-ide\extensions\redhat.java-1.55.0-win32-x64\jre\21.0.11-win32-x86_64\bin\management.dll
0x00007ff8804b0000 - 0x00007ff8804bc000 	C:\Users\Prova\.antigravity-ide\extensions\redhat.java-1.55.0-win32-x64\jre\21.0.11-win32-x86_64\bin\management_ext.dll
0x00007ff88f210000 - 0x00007ff88f218000 	C:\WINDOWS\System32\PSAPI.DLL
0x00007ff88d730000 - 0x00007ff88d74b000 	C:\WINDOWS\SYSTEM32\CRYPTSP.dll
0x00007ff88cde0000 - 0x00007ff88ce19000 	C:\WINDOWS\system32\rsaenh.dll
0x00007ff88d4f0000 - 0x00007ff88d522000 	C:\WINDOWS\SYSTEM32\USERENV.dll
0x00007ff88e090000 - 0x00007ff88e0ba000 	C:\WINDOWS\SYSTEM32\bcrypt.dll
0x00007ff88d750000 - 0x00007ff88d75c000 	C:\WINDOWS\SYSTEM32\CRYPTBASE.dll
0x00007ff88c8a0000 - 0x00007ff88c8d3000 	C:\WINDOWS\SYSTEM32\IPHLPAPI.DLL
0x00007ff88f7f0000 - 0x00007ff88f7fa000 	C:\WINDOWS\System32\NSI.dll
0x00007ff879c80000 - 0x00007ff879c89000 	C:\Users\Prova\.antigravity-ide\extensions\redhat.java-1.55.0-win32-x64\jre\21.0.11-win32-x86_64\bin\extnet.dll
0x00007ff880460000 - 0x00007ff88046e000 	C:\Users\Prova\.antigravity-ide\extensions\redhat.java-1.55.0-win32-x64\jre\21.0.11-win32-x86_64\bin\sunmscapi.dll
0x00007ff88e5c0000 - 0x00007ff88e738000 	C:\WINDOWS\System32\CRYPT32.dll
0x00007ff88d970000 - 0x00007ff88d9a0000 	C:\WINDOWS\SYSTEM32\ncrypt.dll
0x00007ff88d920000 - 0x00007ff88d95f000 	C:\WINDOWS\SYSTEM32\NTASN1.dll
0x00007ff869250000 - 0x00007ff869258000 	C:\WINDOWS\system32\wshunix.dll
0x00007ff88c940000 - 0x00007ff88ca95000 	C:\WINDOWS\SYSTEM32\DNSAPI.dll
0x00007ff88d210000 - 0x00007ff88d21d000 	C:\WINDOWS\SYSTEM32\DSPARSE.dll
0x00007ff884780000 - 0x00007ff88478b000 	C:\Windows\System32\rasadhlp.dll
0x00007ff87efc0000 - 0x00007ff87f046000 	C:\WINDOWS\System32\fwpuclnt.dll

JVMTI agents:
C:\Users\Prova\.gradle\wrapper\dists\gradle-8.9-bin\90cnw93cvbtalezasaz0blq0a\gradle-8.9\lib\agents\gradle-instrumentation-agent-8.9.jar path:C:\Users\Prova\.antigravity-ide\extensions\redhat.java-1.55.0-win32-x64\jre\21.0.11-win32-x86_64\bin\instrument.dll, loaded, initialized, instrumentlib options:none

dbghelp: loaded successfully - version: 4.0.5 - missing functions: none
symbol engine: initialized successfully - sym options: 0x614 - pdb path: .;C:\Users\Prova\.antigravity-ide\extensions\redhat.java-1.55.0-win32-x64\jre\21.0.11-win32-x86_64\bin;C:\WINDOWS\SYSTEM32;C:\WINDOWS\WinSxS\amd64_microsoft.windows.common-controls_6595b64144ccf1df_6.0.26100.8737_none_3e092eaee333b772;C:\Users\Prova\.antigravity-ide\extensions\redhat.java-1.55.0-win32-x64\jre\21.0.11-win32-x86_64\bin\server;C:\Users\Prova\.gradle\native\c067742578af261105cb4f569cf0c3c89f3d7b1fecec35dd04571415982c5e48\windows-amd64;C:\Users\Prova\.gradle\native\100fb08df4bc3b14c8652ba06237920a3bd2aa13389f12d3474272988ae205f9\windows-amd64

VM Arguments:
jvm_args: --add-opens=java.base/java.util=ALL-UNNAMED --add-opens=java.base/java.lang=ALL-UNNAMED --add-opens=java.base/java.lang.invoke=ALL-UNNAMED --add-opens=java.prefs/java.util.prefs=ALL-UNNAMED --add-exports=jdk.compiler/com.sun.tools.javac.api=ALL-UNNAMED --add-exports=jdk.compiler/com.sun.tools.javac.util=ALL-UNNAMED --add-opens=java.base/java.nio.charset=ALL-UNNAMED --add-opens=java.base/java.net=ALL-UNNAMED --add-opens=java.base/java.util.concurrent.atomic=ALL-UNNAMED -XX:MaxMetaspaceSize=384m -XX:+HeapDumpOnOutOfMemoryError -Xms256m -Xmx512m -Dfile.encoding=utf8 -Duser.country=US -Duser.language=en -Duser.variant -javaagent:C:\Users\Prova\.gradle\wrapper\dists\gradle-8.9-bin\90cnw93cvbtalezasaz0blq0a\gradle-8.9\lib\agents\gradle-instrumentation-agent-8.9.jar 
java_command: org.gradle.launcher.daemon.bootstrap.GradleDaemon 8.9
java_class_path (initial): C:\Users\Prova\.gradle\wrapper\dists\gradle-8.9-bin\90cnw93cvbtalezasaz0blq0a\gradle-8.9\lib\gradle-daemon-main-8.9.jar
Launcher Type: SUN_STANDARD

[Global flags]
     intx CICompilerCount                          = 4                                         {product} {ergonomic}
   size_t CompressedClassSpaceSize                 = 335544320                                 {product} {ergonomic}
     uint ConcGCThreads                            = 2                                         {product} {ergonomic}
     uint G1ConcRefinementThreads                  = 8                                         {product} {ergonomic}
   size_t G1HeapRegionSize                         = 1048576                                   {product} {ergonomic}
    uintx GCDrainStackTargetSize                   = 64                                        {product} {ergonomic}
     bool HeapDumpOnOutOfMemoryError               = true                                   {manageable} {command line}
   size_t InitialHeapSize                          = 268435456                                 {product} {command line}
   size_t MarkStackSize                            = 4194304                                   {product} {ergonomic}
   size_t MaxHeapSize                              = 536870912                                 {product} {command line}
   size_t MaxMetaspaceSize                         = 402653184                                 {product} {command line}
   size_t MaxNewSize                               = 321912832                                 {product} {ergonomic}
   size_t MinHeapDeltaBytes                        = 1048576                                   {product} {ergonomic}
   size_t MinHeapSize                              = 268435456                                 {product} {command line}
    uintx NonNMethodCodeHeapSize                   = 5839372                                {pd product} {ergonomic}
    uintx NonProfiledCodeHeapSize                  = 122909434                              {pd product} {ergonomic}
    uintx ProfiledCodeHeapSize                     = 122909434                              {pd product} {ergonomic}
    uintx ReservedCodeCacheSize                    = 251658240                              {pd product} {ergonomic}
     bool SegmentedCodeCache                       = true                                      {product} {ergonomic}
   size_t SoftMaxHeapSize                          = 536870912                              {manageable} {ergonomic}
     bool UseCompressedOops                        = true                           {product lp64_product} {ergonomic}
     bool UseG1GC                                  = true                                      {product} {ergonomic}
     bool UseLargePagesIndividualAllocation        = false                                  {pd product} {ergonomic}

Logging:
Log output configuration:
 #0: stdout all=warning uptime,level,tags foldmultilines=false
 #1: stderr all=off uptime,level,tags foldmultilines=false

Release file:
JAVA_VERSION="21.0.11" 
MODULES="java.base java.compiler java.datatransfer java.xml java.prefs java.desktop java.instrument java.logging java.management java.security.sasl java.naming java.rmi java.management.rmi java.net.http java.scripting java.security.jgss java.transaction.xa java.sql java.sql.rowset java.xml.crypto java.se java.smartcardio jdk.accessibility jdk.internal.jvmstat jdk.attach jdk.charsets jdk.internal.opt jdk.zipfs jdk.compiler jdk.crypto.ec jdk.crypto.cryptoki jdk.crypto.mscapi jdk.dynalink jdk.internal.ed jdk.editpad jdk.hotspot.agent jdk.httpserver jdk.internal.le jdk.internal.vm.ci jdk.internal.vm.compiler jdk.internal.vm.compiler.management jdk.jartool jdk.javadoc jdk.jcmd jdk.management jdk.management.agent jdk.jconsole jdk.jdeps jdk.jdwp.agent jdk.jdi jdk.jfr jdk.jshell jdk.jsobject jdk.jstatd jdk.localedata jdk.management.jfr jdk.naming.dns jdk.naming.rmi jdk.net jdk.nio.mapmode jdk.random jdk.sctp jdk.security.auth jdk.security.jgss jdk.unsupported jdk.unsupported.desktop jdk.xml.dom" 

Environment Variables:
JAVA_HOME=C:\Program Files\Eclipse Adoptium\jdk-17.0.19.10-hotspot
PATH=C:\Program Files\Eclipse Adoptium\jdk-17.0.19.10-hotspot\bin;C:\WINDOWS\system32;C:\WINDOWS;C:\WINDOWS\System32\Wbem;C:\WINDOWS\System32\WindowsPowerShell\v1.0\;C:\WINDOWS\System32\OpenSSH\;C:\Program Files\Intel\WiFi\bin\;C:\Program Files\Common Files\Intel\WirelessCommon\;C:\Program Files\dotnet\;C:\Program Files\Git\cmd;C:\Program Files\nodejs\;C:\Users\Prova\.local\bin;C:\Users\Prova\AppData\Local\Programs\Python\Launcher\;C:\Users\Prova\AppData\Local\Programs\Python\Python313\Scripts\;C:\Users\Prova\AppData\Local\Programs\Python\Python313\;C:\Users\Prova\AppData\Local\Microsoft\WindowsApps;C:\Users\Prova\AppData\Local\Programs\Microsoft VS Code\bin;C:\Program Files\Git\bin\git.exe;C:\Users\Prova\AppData\Roaming\npm;C:\Users\Prova\AppData\Local\Programs\Antigravity\bin;C:\Users\Prova\.cargo\bin;C:\Users\Prova\AppData\Local\Programs\Antigravity IDE\bin;C:\Users\Prova\AppData\Local\Android\Sdk\platform-tools;C:\Program Files\Eclipse Adoptium\jdk-17.0.19.10-hotspot\bin;C:\Users\Prova\AppData\Local\Android\Sdk\platform-tools;C:\Users\Prova\AppData\Local\Android\Sdk\cmdline-tools\latest\bin;C:\Users\Prova\AppData\Local\Android\Sdk\emulator;
USERNAME=Prova
OS=Windows_NT
PROCESSOR_IDENTIFIER=Intel64 Family 6 Model 142 Stepping 10, GenuineIntel
TMP=C:\Users\Prova\AppData\Local\Temp
TEMP=C:\Users\Prova\AppData\Local\Temp




Periodic native trim disabled

---------------  S Y S T E M  ---------------

OS:
 Windows 11 , 64 bit Build 26100 (10.0.26100.8737)
OS uptime: 1 days 5:45 hours

CPU: total 8 (initial active 8) (4 cores per cpu, 2 threads per core) family 6 model 142 stepping 10 microcode 0xf4, cx8, cmov, fxsr, ht, mmx, 3dnowpref, sse, sse2, sse3, ssse3, sse4.1, sse4.2, popcnt, lzcnt, tsc, tscinvbit, avx, avx2, aes, erms, clmul, bmi1, bmi2, rtm, adx, fma, vzeroupper, clflush, clflushopt, rdtscp, f16c
Processor Information for the first 8 processors :
  Max Mhz: 1896, Current Mhz: 1696, Mhz Limit: 1687

Memory: 4k page, system-wide physical 8066M (396M free)
TotalPageFile size 32642M (AvailPageFile size 10M)
current process WorkingSet (physical memory assigned to process): 420M, peak: 441M
current process commit charge ("private bytes"): 565M, peak: 570M

vm_info: OpenJDK 64-Bit Server VM (21.0.11+10-LTS) for windows-amd64 JRE (21.0.11+10-LTS), built on 2026-04-21T00:00:00Z by "admin" with MS VC++ 17.12 (VS2022)

END.
